<?xml version="1.0" encoding="UTF-8"?>
<feed xmlns="http://www.w3.org/2005/Atom" xml:lang="en">
  <id>tag:theregister.com,2005:feed/theregister.com/</id>
  <title>The Register</title>
  <link rel="self" type="application/atom+xml" href="https://www.theregister.com/headlines.atom"/>
  <link rel="alternate" type="text/html" href="https://www.theregister.com/"/>
  <rights>Copyright © 2022, Situation Publishing</rights>
  <author>
    <name>Team Register</name>
    <email>webmaster@theregister.co.uk</email>
    <uri>https://www.theregister.com/odds/about/contact/</uri>
  </author>
  <icon>https://www.theregister.com/Design/graphics/icons/favicon.png</icon>
  <subtitle>Biting the hand that feeds IT — Enterprise Technology News and Analysis</subtitle>
  <logo>https://www.theregister.com/Design/graphics/Reg_default/The_Register_r.png</logo>
  <updated>2022-10-31T20:20:02Z</updated>
  <entry>
    <id>tag':theregister.com,2005:story224436</id>
    <updated>2022-10-31T19:30:12Z</updated>
    <author>
      <name>Dan Robinson</name>
      <uri>https://search.theregister.com/?author=Dan%20Robinson</uri>
    </author>
    <link rel="alternate" type="text/html" href="https://go.theregister.com/feed/www.theregister.com/2022/10/31/quantum_motion_spin_qubit/"/>
    <title type="html">Quantum startup demos spin qubits fabbed with existing tech</title>
    <summary type="html" xml:base="https://www.theregister.com/">&lt;h4&gt;Quantum Motion demo based on 300mm wafers, targeting feasible 'fault tolerant' quantum computers&lt;/h4&gt; &lt;p&gt;Startup Quantum Motion is joining the silicon spin qubit gang with its own technology that can fit thousands of quantum dots onto a single silicon chip fabricated in a commercial semiconductor foundry. The move marks another small step along the road to building full-scale fault-tolerant quantum systems.…&lt;/p&gt;</summary>
  </entry>
  <entry>
    <id>tag:theregister.com,2005:story224443</id>
    <updated>2022-10-31T18:30:13Z</updated>
    <author>
      <name>Dan Robinson</name>
      <uri>https://search.theregister.com/?author=Dan%20Robinson</uri>
    </author>
    <link rel="alternate" type="text/html" href="https://go.theregister.com/feed/www.theregister.com/2022/10/31/meta_to_save_water_/"/>
    <title type="html">Meta thirsts for desert conditions in datacenter water quest</title>
    <summary type="html" xml:base="https://www.theregister.com/">&lt;h4&gt;Finally testing out the honesty of that one engineer who always says: 'It's not the heat, it's the humidity'&lt;/h4&gt; &lt;p&gt;Facebook parent Meta is aiming to cut the volume of water used in its datacenters by operating servers at higher temperatures but lower humidity, as part of a commitment to become “water positive” by 2030.…&lt;/p&gt;</summary>
  </entry>
  <entry>
    <id>tag:theregister.com,2005:story224444</id>
    <updated>2022-10-31T17:30:09Z</updated>
    <author>
      <name>Brandon Vigliarolo</name>
      <uri>https://search.theregister.com/?author=Brandon%20Vigliarolo</uri>
    </author>
    <link rel="alternate" type="text/html" href="https://go.theregister.com/feed/www.theregister.com/2022/10/31/white_house_ransomware_summit/"/>
    <title type="html">The White House's global ransomware summit couldn't come at a better time</title>
    <summary type="html" xml:base="https://www.theregister.com/">&lt;h4&gt;As cyber threats ramp up, businesses and organizations will be hoping for more than platitudes&lt;/h4&gt; &lt;p&gt;The White House has begun its second annual International Counter Ransomware Summit in which Biden administration officials will convene with representatives of three dozen nations, the EU, and private business to discuss the growing threat posed by data-destroying cyber attacks.…&lt;/p&gt;</summary>
  </entry>
  <entry>
    <id>tag:theregister.com,2005:story224442</id>
    <updated>2022-10-31T16:30:08Z</updated>
    <author>
      <name>Jeff Burt</name>
      <uri>https://search.theregiste'r.com/?author=Jeff%20Burt</uri>
    </author>
    <link rel="alternate" type="text/html" href="https://go.theregister.com/feed/www.theregister.com/2022/10/31/cranefly_microsoft_iis_symantec/"/>
    <title type="html">Ordinary web access request or command to malware?</title>
    <summary type="html" xml:base="https://www.theregister.com/">&lt;h4&gt;Cranefly group unleashes nasty little technique using Microsoft Internet Information Services (IIS) logs&lt;/h4&gt; &lt;p&gt;A threat group that targets corporate emails is delivering dropper malware through a novel technique that uses Microsoft Internet Information Services (IIS) logs to send commands disguised as web access requests.…&lt;/p&gt; &lt;p&gt;&lt;!--#include virtual='/data_centre/_whitepaper_textlinks_top.html' --&gt;&lt;/p&gt;</summary>
  </entry>
  <entry>
    <id>tag:theregister.com,2005:story224437</id>
    <updated>2022-10-31T15:45:13Z</updated>
    <author>
      <name>Jude Karabus</name>
      <uri>https://search.theregister.com/?author=Jude%20Karabus</uri>
    </author>
    <link rel="alternate" type="text/html" href="https://go.theregister.com/feed/www.theregister.com/2022/10/31/car_battery_cartel_proposal/"/>
    <title type="html">Never mind the Saudis: Here's a new OPEC for EV battery metals</title>
    <summary type="html" xml:base="https://www.theregister.com/">&lt;h4&gt;Countries propose grouping in cartel as demand for EVs continues to rise&lt;/h4&gt; &lt;p&gt;Indonesia is looking to use its position as the nickel capital of the world to set up a cartel with other like-minded mining empires, similar to the way OPEC joins forces to control the global crude oil market.…&lt;/p&gt;</summary>
  </entry>
  <entry>
    <id>tag:theregister.com,2005:story224441</id>
    <updated>2022-10-31T15:13:31Z</updated>
    <author>
      <name>Brandon Vigliarolo</name>
      <uri>https://search.theregister.com/?author=Brandon%20Vigliarolo</uri>
    </author>
    <link rel="alternate" type="text/html" href="https://go.theregister.com/feed/www.theregister.com/2022/10/31/northern_mars_ocean/"/>
    <title type="html">Signs of sediment-rich ocean lend direction to Mars life search</title>
    <summary type="html" xml:base="https://www.theregister.com/">&lt;h4&gt;3D models and maps show similarities in how the planet and Earth share sediment strategies&lt;/h4&gt; &lt;p&gt;If new 3D models of Mars's surface are accurate, we finally possess the most convincing evidence to date that much of the northern hemisphere of Mars was once an ocean.…&lt;/p&gt;</summary>
  </entry>
  <entry>
    <id>tag:theregister.com,2005:story224439</id>
    <updated>2022-10-31T14:15:10Z</updated>
    <author>
      <name>Liam Proven</name>
      <uri>https://search.theregister.com/?author=Liam%20Proven</uri>
    </author>
    <link rel="alternate" type="text/html" href="https://go.theregister.com/feed/www.theregister.com/2022/10/31/jpeg_xl_axed_chrome/"/>
    <title type="html">Google kills forthcoming JPEG XL image format from Chromium</title>
    <summary type="html" xml:base="https://'www.theregister.com/">&lt;h4&gt;And just for balance kills off version 2 of its own format, WebP, as well&lt;/h4&gt; &lt;p&gt;A note on Google's bug tracker for the Chromium browser specifies that version 110 won't get JPEG XL support after all.…&lt;/p&gt;</summary>
  </entry>
  <entry>
    <id>tag:theregister.com,2005:story224438</id>
    <updated>2022-10-31T13:36:28Z</updated>
    <author>
      <name>Paul Kunert</name>
      <uri>https://search.theregister.com/?author=Paul%20Kunert</uri>
    </author>
    <link rel="alternate" type="text/html" href="https://go.theregister.com/feed/www.theregister.com/2022/10/31/rain_wind_or_global_recession/"/>
    <title type="html">Economic headwinds be damned, cloud migrations 'not stopping'</title>
    <summary type="html" xml:base="https://www.theregister.com/">&lt;h4&gt;Don't listen to the claims of slowing growth – Gartner has the lowdown&lt;/h4&gt; &lt;p&gt;Despite global economic concerns that are taking a bite out of confidence across much of the tech industry, mystics at Gartner say "cloud migration is not stopping."…&lt;/p&gt;</summary>
  </entry>
  <entry>
    <id>tag:theregister.com,2005:story224421</id>
    <updated>2022-10-31T13:00:42Z</updated>
    <author>
      <name>Tobias Mann</name>
      <uri>https://search.theregister.com/?author=Tobias%20Mann</uri>
    </author>
    <link rel="alternate" type="text/html" href="https://go.theregister.com/feed/www.theregister.com/2022/10/31/gamers_datacenter_cooling/"/>
    <title type="html">Can gamers teach us anything about datacenter cooling? Lenovo seems to think so</title>
    <summary type="html" xml:base="https://www.theregister.com/">&lt;h4&gt;Taming high heat in compact form factors is old hat in the gaming community&lt;/h4&gt; &lt;p&gt;&lt;strong&gt;Analysis&lt;/strong&gt;  It's no secret that CPUs and GPUs are getting hotter. The thermal design power (TPD) for these components is already approaching 300W for mainstream CPUs, and next-gen datacenter GPUs will suck down anywhere from 600W-700W when they arrive later this year.…&lt;/p&gt; &lt;p&gt;&lt;!--#include virtual='/data_centre/_whitepaper_textlinks_top.html' --&gt;&lt;/p&gt;</summary>
  </entry>
  <entry>
    <id>tag:theregister.com,2005:story224435</id>
    <updated>2022-10-31T12:30:08Z</updated>
    <author>
      <name>Laura Dobberstein</name>
      <uri>https://search.theregister.com/?author=Laura%20Dobberstein</uri>
    </author>
    <link rel="alternate" type="text/html" href="https://go.theregister.com/feed/www.theregister.com/2022/10/31/hong_kong_virtual_asset_hub_plan/"/>
    <title type="html">Hong Kong wants to be the world’s home for virtual assets</title>
    <summary type="html" xml:base="https://www.theregister.com/">&lt;h4&gt;The Capital of VA? Virtual assets have to live somewhere and HK thinks it has the regulation for it&lt;/h4&gt; &lt;p&gt;Hong Kong is trying to push its vision of a local virtual asset (VA) industry in the hopes of developing a new revenue stream for the country.…&lt;/p&gt;</summary>
  </entry>
  <entry>
    '<id>tag:theregister.com,2005:story224426</id>
    <updated>2022-10-31T11:33:05Z</updated>
    <author>
      <name>Katyanna Quach</name>
      <uri>https://search.theregister.com/?author=Katyanna%20Quach</uri>
    </author>
    <link rel="alternate" type="text/html" href="https://go.theregister.com/feed/www.theregister.com/2022/10/31/in_brief_ai/"/>
    <title type="html">Bumble open sources AI code to automatically blur NSFW photos</title>
    <summary type="html" xml:base="https://www.theregister.com/">&lt;h4&gt;Plus: Why some manga and anime fans hate AI-generated art, and ex-Google boss funds AI students&lt;/h4&gt; &lt;p&gt;&lt;strong&gt;In brief&lt;/strong&gt;  Bumble has open sourced an AI image classifier model designed to automatically blur nude pictures sent on its dating app.…&lt;/p&gt;</summary>
  </entry>
  <entry>
    <id>tag:theregister.com,2005:story224419</id>
    <updated>2022-10-31T10:34:05Z</updated>
    <author>
      <name>Brandon Vigliarolo</name>
      <uri>https://search.theregister.com/?author=Brandon%20Vigliarolo</uri>
    </author>
    <link rel="alternate" type="text/html" href="https://go.theregister.com/feed/www.theregister.com/2022/10/31/pillars_of_creation_nasa/"/>
    <title type="html">Spooky Pillars of Creation snap reveals a dark side</title>
    <summary type="html" xml:base="https://www.theregister.com/">&lt;h4&gt;Latest James Webb Space Telescope photo looks positively haunting&lt;/h4&gt; &lt;p&gt;The James Webb Space Telescope team has released its latest snap of the Pillars of Creation that strikes a perfect eerie, dusty tone for Halloween. …&lt;/p&gt;</summary>
  </entry>
  <entry>
    <id>tag:theregister.com,2005:story224409</id>
    <updated>2022-10-31T09:31:09Z</updated>
    <author>
      <name>Dan Robinson</name>
      <uri>https://search.theregister.com/?author=Dan%20Robinson</uri>
    </author>
    <link rel="alternate" type="text/html" href="https://go.theregister.com/feed/www.theregister.com/2022/10/31/deloitte_ai_enterprise/"/>
    <title type="html">Enterprises are rolling out more AI – to 'middling results'</title>
    <summary type="html" xml:base="https://www.theregister.com/">&lt;h4&gt;Businesses that achieve full-scale deployment don't always get the outcomes they hoped for, says Deloitte&lt;/h4&gt; &lt;p&gt;Many organizations are struggling with artificial intelligence deployments despite believing that AI will be critical to business success over the next five years, according to a report by Deloitte.…&lt;/p&gt; &lt;p&gt;&lt;!--#include virtual='/data_centre/_whitepaper_textlinks_top.html' --&gt;&lt;/p&gt;</summary>
  </entry>
  <entry>
    <id>tag:theregister.com,2005:story224407</id>
    <updated>2022-10-31T08:30:10Z</updated>
    <author>
      <name>Rupert Goodwins</name>
      <uri>https://search.theregister.com/?author=Rupert%20Goodwins</uri>
    </author>
    <link rel="alternate" type="text/html" href="https://go.theregister.com/feed/www.theregister.com/2022/10/31/opinion_column_relevance_in_business/"/>
    <title type="html">Open source's' totally non-secret weapon big tech dares not use: Staying relevant</title>
    <summary type="html" xml:base="https://www.theregister.com/">&lt;h4&gt;Detachment from users' lived reality is how corporates shoot themselves in the foot&lt;/h4&gt; &lt;p&gt;&lt;strong&gt;Opinion&lt;/strong&gt;  Last week, one fundamental problem for IT cropped up in three very different stories. One story was Google's parent Alphabet doing an internal audit of all its products on the back of falling profits. One was a highly critical look at Meta's efforts to put business into VR. And one was Linus Torvalds getting cranky that the i486 architecture was still in Linux's first-class lounge when it should be packed off to the Old Codes' Home.…&lt;/p&gt;</summary>
  </entry>
  <entry>
    <id>tag:theregister.com,2005:story224422</id>
    <updated>2022-10-31T07:32:10Z</updated>
    <author>
      <name>Brandon Vigliarolo</name>
      <uri>https://search.theregister.com/?author=Brandon%20Vigliarolo</uri>
    </author>
    <link rel="alternate" type="text/html" href="https://go.theregister.com/feed/www.theregister.com/2022/10/31/apple_patches_activelyexploited_iphone_ipad/"/>
    <title type="html">Apple patches actively exploited iPhone, iPad kernel vulns</title>
    <summary type="html" xml:base="https://www.theregister.com/">&lt;h4&gt;Plus: Misconfigured server leaks Thomson Reuters data; VMware patches critical flaw in retired software; MalwareBytes apologies for a hoodie&lt;/h4&gt; &lt;p&gt;&lt;strong&gt;In brief&lt;/strong&gt;  Apple has patched an iOS and iPad OS vulnerability that's already been exploited.…&lt;/p&gt;</summary>
  </entry>
  <entry>
    <id>tag:theregister.com,2005:story224434</id>
    <updated>2022-10-31T06:58:07Z</updated>
    <author>
      <name>Simon Sharwood</name>
      <uri>https://search.theregister.com/?author=Simon%20Sharwood</uri>
    </author>
    <link rel="alternate" type="text/html" href="https://go.theregister.com/feed/www.theregister.com/2022/10/31/who_me/"/>
    <title type="html">The boss worked in a fishbowl, so office tricks were a treat</title>
    <summary type="html" xml:base="https://www.theregister.com/">&lt;h4&gt;Phones weren't made to fly&lt;/h4&gt; &lt;p&gt;&lt;strong&gt;Who, Me?&lt;/strong&gt;  Welcome once more to Who, Me? &lt;i&gt;The Register&lt;/i&gt;'s weekly walk-through of readers being just a little bit bad … but mostly getting away with it!…&lt;/p&gt;</summary>
  </entry>
  <entry>
    <id>tag:theregister.com,2005:story224433</id>
    <updated>2022-10-31T06:29:07Z</updated>
    <author>
      <name>Simon Sharwood</name>
      <uri>https://search.theregister.com/?author=Simon%20Sharwood</uri>
    </author>
    <link rel="alternate" type="text/html" href="https://go.theregister.com/feed/www.theregister.com/2022/10/31/zoom_minimum_client_update/"/>
    <title type="html">Zoom to mandate client updates every ninety days, starting Nov 1</title>
    <summary type="html" xml:base="https://www.theregister.com/">&lt;h4&gt;Oh great. Now you get to be &lt;i&gt;that person&lt;/i&gt;' logging on to vid confs a couple of minutes late&lt;/h4&gt; &lt;p&gt;Video conferencing outfit Zoom has revealed it will require users to update their client apps at least every ninety days and introduce a "minimum client version" requirement.…&lt;/p&gt;</summary>
  </entry>
  <entry>
    <id>tag:theregister.com,2005:story224432</id>
    <updated>2022-10-31T05:32:08Z</updated>
    <author>
      <name>Laura Dobberstein</name>
      <uri>https://search.theregister.com/?author=Laura%20Dobberstein</uri>
    </author>
    <link rel="alternate" type="text/html" href="https://go.theregister.com/feed/www.theregister.com/2022/10/31/irish_government_risky_vendor_ban/"/>
    <title type="html">Irish government seeks power to bar 'high risk vendors' from telecoms networks</title>
    <summary type="html" xml:base="https://www.theregister.com/">&lt;h4&gt;Amendment to bill doesn’t name Chinese companies ... but is eerily similar to regs that target Huawei and ZTE&lt;/h4&gt; &lt;p&gt;The Irish government has amended its Communications Regulations Bill 2022 with clauses that will allow it to blacklist networking equipment vendors on national security grounds.…&lt;/p&gt; &lt;p&gt;&lt;!--#include virtual='/data_centre/_whitepaper_textlinks_top.html' --&gt;&lt;/p&gt;</summary>
  </entry>
  <entry>
    <id>tag:theregister.com,2005:story224431</id>
    <updated>2022-10-31T03:59:12Z</updated>
    <author>
      <name>Simon Sharwood</name>
      <uri>https://search.theregister.com/?author=Simon%20Sharwood</uri>
    </author>
    <link rel="alternate" type="text/html" href="https://go.theregister.com/feed/www.theregister.com/2022/10/31/elon_musk_chief_twit_acts/"/>
    <title type="html">Elon Musk shows what being Chief Twit is all about across weird weekend</title>
    <summary type="html" xml:base="https://www.theregister.com/">&lt;h4&gt;Shares misinformation, re-litigates takeover trial, complains about on-boarding process, and more&lt;/h4&gt; &lt;p&gt;Chief Twit Elon Musk has taken control of Twitter and shown he is well and truly up to the job title he gave himself after paying $44 billion for the micro-blogging platform.…&lt;/p&gt;</summary>
  </entry>
  <entry>
    <id>tag:theregister.com,2005:story224430</id>
    <updated>2022-10-31T02:15:14Z</updated>
    <author>
      <name>Simon Sharwood</name>
      <uri>https://search.theregister.com/?author=Simon%20Sharwood</uri>
    </author>
    <link rel="alternate" type="text/html" href="https://go.theregister.com/feed/www.theregister.com/2022/10/31/china_government_big_data_system/"/>
    <title type="html">China outlines plan for National Integrated Government Affairs Big Data System</title>
    <summary type="html" xml:base="https://www.theregister.com/">&lt;h4&gt;Three million datasets to be thoroughly integrated in the name of efficiency, e-government, and surveillance&lt;/h4&gt; &lt;p&gt;China's State Council has outlined a plan to create a National Integrated Government Affairs Big Data System that, by the year 2025, is expected to make millions of government data sets av'ailable from one place.…&lt;/p&gt;</summary>
  </entry>
  <entry>
    <id>tag:theregister.com,2005:story224392</id>
    <updated>2022-10-30T23:52:08Z</updated>
    <author>
      <name>Brandon Vigliarolo</name>
      <uri>https://search.theregister.com/?author=Brandon%20Vigliarolo</uri>
    </author>
    <link rel="alternate" type="text/html" href="https://go.theregister.com/feed/www.theregister.com/2022/10/30/nasa_methane_iss/"/>
    <title type="html">NASA uses space station dust sensor to map 50 methane 'super-emitters' on Earth</title>
    <summary type="html" xml:base="https://www.theregister.com/">&lt;h4&gt;Oh, we don't think we needed science to pinpoint biggest windbags&lt;/h4&gt; &lt;p&gt;Instruments installed on the International Space Station to examine Earth's atmospheric dust have been found to have another useful purpose: detecting airborne methane plumes contributing to greenhouse gas emissions.…&lt;/p&gt;</summary>
  </entry>
  <entry>
    <id>tag:theregister.com,2005:story224429</id>
    <updated>2022-10-30T23:32:24Z</updated>
    <author>
      <name>Laura Dobberstein</name>
      <uri>https://search.theregister.com/?author=Laura%20Dobberstein</uri>
    </author>
    <link rel="alternate" type="text/html" href="https://go.theregister.com/feed/www.theregister.com/2022/10/30/asia_in_brief/"/>
    <title type="html">Indian government creates body with power to order social media content takedowns</title>
    <summary type="html" xml:base="https://www.theregister.com/">&lt;h4&gt;PLUS: China’s digital currency surges; Infosys tax portals wobble again; Singapore crypto protections; and more&lt;/h4&gt; &lt;p&gt;&lt;strong&gt;Asia In Brief&lt;/strong&gt;  India's government has given itself the power to compel social networks to take down content.…&lt;/p&gt; &lt;p&gt;&lt;!--#include virtual='/data_centre/_whitepaper_textlinks_top.html' --&gt;&lt;/p&gt;</summary>
  </entry>
  <entry>
    <id>tag:theregister.com,2005:story224423</id>
    <updated>2022-10-29T14:23:05Z</updated>
    <author>
      <name>Katyanna Quach</name>
      <uri>https://search.theregister.com/?author=Katyanna%20Quach</uri>
    </author>
    <link rel="alternate" type="text/html" href="https://go.theregister.com/feed/www.theregister.com/2022/10/29/nasa_martian_sample_return/"/>
    <title type="html">NASA details totally doable, not science fiction plan for sending Mars rocks to Earth</title>
    <summary type="html" xml:base="https://www.theregister.com/">&lt;h4&gt;So crazy, it just might work&lt;/h4&gt; &lt;p&gt;A sample depot will be set up on Mars for NASA's Perseverance rover to stash Martian rock and gas specimens ahead of a lander arriving to return the material to Earth sometime in the 2030s ... hopefully.…&lt;/p&gt;</summary>
  </entry>
  <entry>
    <id>tag:theregister.com,2005:story224367</id>
    <updated>2022-10-29T10:37:11Z</updated>
    <author>
      <name>Katyanna Quach</name>
      <uri>https://search.theregister.com/?author=Katyanna%20Quach</uri>
    </author>
    <link rel="alternate" type="text/html" href="'https://go.theregister.com/feed/www.theregister.com/2022/10/29/data_privacy_ai_emotions/"/>
    <title type="html">Privacy watchdog urges companies drop emotional analysis AI software</title>
    <summary type="html" xml:base="https://www.theregister.com/">&lt;h4&gt;'They may not work yet, or indeed ever,' says ICO's deputy commissioner&lt;/h4&gt; &lt;p&gt;Companies should think twice before d'eploying AI-powered emotional analysis systems prone to systemic biases and other snafus, the UK's Information Commissioner's Office (ICO) warned this week.…&lt;/p&gt;</summary>
  </entry>
  <entry>
    <id>tag:theregister.com,2005:story224418</id>
    <updated>2022-10-29T08:09:05Z</updated>
    <author>
      <name>Liam Proven</name>
      <uri>https://search.theregister.com/?author=Liam%20Proven</uri>
    </author>
    <link rel="alternate" type="text/html" href="https://go.theregister.com/feed/www.theregister.com/2022/10/29/kathleen_booth_obit/"/>
    <title type="html">RIP: Kathleen Booth, the inventor of assembly language</title>
    <summary type="html" xml:base="https://www.theregister.com/">&lt;h4&gt;Builder and programmer of the ARC and SEC turned 100 this year&lt;/h4&gt; &lt;p&gt;&lt;strong&gt;Obituary&lt;/strong&gt;  Professor Kathleen Booth, one of the last of the early British computing pioneers, has died. She was 100.…&lt;/p&gt;</summary>
  </entry>
  <entry>
    <id>tag:theregister.com,2005:story224425</id>
    <updated>2022-10-29T00:26:30Z</updated>
    <author>
      <name>Dylan Martin</name>
      <uri>https://search.theregister.com/?author=Dylan%20Martin</uri>
    </author>
    <link rel="alternate" type="text/html" href="https://go.theregister.com/feed/www.theregister.com/2022/10/29/intel_dilemma/"/>
    <title type="html">For its big comeback, Intel needs to spend money – and it's making less and less of it</title>
    <summary type="html" xml:base="https://www.theregister.com/">&lt;h4&gt;The party's over and the pain begins&lt;/h4&gt; &lt;p&gt;&lt;strong&gt;Analysis&lt;/strong&gt;  For a company hoping to make a grand comeback in a few years, things are not looking great for Intel.…&lt;/p&gt;</summary>
  </entry>
  <entry>
    <id>tag:theregister.com,2005:story224424</id>
    <updated>2022-10-28T23:51:38Z</updated>
    <author>
      <name>Jessica Lyons Hardcastle</name>
      <uri>https://search.theregister.com/?author=Jessica%20Lyons%20Hardcastle</uri>
    </author>
    <link rel="alternate" type="text/html" href="https://go.theregister.com/feed/www.theregister.com/2022/10/28/meta_fined_246m_political_ads/"/>
    <title type="html">Meta fined record-breaking $24.6m for deliberately ignoring political ad law</title>
    <summary type="html" xml:base="https://www.theregister.com/">&lt;h4&gt;Pocket change for troubled Facebook giant, plus more US election news&lt;/h4&gt; &lt;p&gt;Despite warnings of Chinese and Russian mischief and manipulation ahead of the US midterm elections, it seems American companies and citizens are perfectly capable of denting democracy on their own.…&lt;/p&gt; &lt;p&gt;&lt;!--#include virtual='/data_centre/_whitepaper_textlinks_top.html' --&gt;&lt;/p&gt;</summary>
  </entry>
  <entry>
    <id>tag:theregister.com,2005:story224420</id>
    <updated>2022-10-28T22:11:04Z</updated>
    <author>
      <name>Jeff Burt</name>
      <uri>https://search.theregister.com/?author=Jeff%20Burt</uri>
    </author>
    <link rel="alternate" type="text/html" href="https://go.t'heregister.com/feed/www.theregister.com/2022/10/28/microsoft_raspberry_robin_malware/"/>
    <title type="html">This Windows worm evolved into slinging ransomware. Here's how to detect it</title>
    <summary type="html" xml:base="https://www.theregister.com/">&lt;h4&gt;Raspberry Robin hits 1,000 orgs in just one month&lt;/h4&gt; &lt;p&gt;Raspberry Robin, a worm that spreads through Windows systems via USB drives, has rapidly evolved: now backdoor access is being sold or offered to infected machines so that ransomware, among other code, can be installed by cybercriminals.…&lt;/p&gt;</summary>
  </entry>
  <entry>
    <id>tag:theregister.com,2005:story224417</id>
    <updated>2022-10-28T19:43:39Z</updated>
    <author>
      <name>Brandon Vigliarolo</name>
      <uri>https://search.theregister.com/?author=Brandon%20Vigliarolo</uri>
    </author>
    <link rel="alternate" type="text/html" href="https://go.theregister.com/feed/www.theregister.com/2022/10/28/russia_raises_possibility_commercial_sats_strike/"/>
    <title type="html">Russia says Starlink satellites could become military targets</title>
    <summary type="html" xml:base="https://www.theregister.com/">&lt;h4&gt;Urges peace in space, while also threatening to shoot western war zone internet out of the sky&lt;/h4&gt; &lt;p&gt;Russia has warned the United Nations that commercial space systems – like Starlink – risk becoming legitimate military targets if they continue to be used in places like Ukraine. …&lt;/p&gt;</summary>
  </entry>
  <entry>
    <id>tag:theregister.com,2005:story224393</id>
    <updated>2022-10-28T18:28:12Z</updated>
    <author>
      <name>Dylan Martin</name>
      <uri>https://search.theregister.com/?author=Dylan%20Martin</uri>
    </author>
    <link rel="alternate" type="text/html" href="https://go.theregister.com/feed/www.theregister.com/2022/10/28/tsmc_chiplet_3dfabric_alliance/"/>
    <title type="html">TSMC wants to unleash a flood of chiplet designs with 3DFabric Alliance</title>
    <summary type="html" xml:base="https://www.theregister.com/">&lt;h4&gt;Good for AMD and Apple? Now let's make it easier for everyone, Taiwanese chipmaker says&lt;/h4&gt; &lt;p&gt;AMD turned to advanced packaging to create chiplet designs and become a formidable CPU player again. Apple used the tech to beef up the power of its M1 Ultra chip. And Intel is pinning its future success on 2D and 3D multi-die packaging technologies as part of its ambitious comeback plan.…&lt;/p&gt;</summary>
  </entry>
  <entry>
    <id>tag:theregister.com,2005:story224410</id>
    <updated>2022-10-28T17:32:06Z</updated>
    <author>
      <name>Jude Karabus</name>
      <uri>https://search.theregister.com/?author=Jude%20Karabus</uri>
    </author>
    <link rel="alternate" type="text/html" href="https://go.theregister.com/feed/www.theregister.com/2022/10/28/federal_bans_china_law/"/>
    <title type="html">Federal bans aren't stopping US states from buying forbidden Chinese kit</title>
    <summary type="html" xml:base="https://www.theregister.com/">&lt;h4&gt;Rep'ort claims thousands of orgs are still happily writing checks&lt;/h4&gt; &lt;p&gt;Only a "handful" of US states have stopped buying Chinese technologies deemed by the government to pose security threats, according to a report from a Washington policy research group.…&lt;/p&gt;</summary>
  </entry>
  <entry>
    <id>tag:theregister.com,2005:story224414</id>
    <updated>2022-10-28T16:26:12Z</updated>
    <author>
      <name>Jeff Burt</name>
      <uri>https://search.theregister.com/?author=Jeff%20Burt</uri>
    </author>
    <link rel="alternate" type="text/html" href="https://go.theregister.com/feed/www.theregister.com/2022/10/28/microsoft_onedrive_update_crash/"/>
    <title type="html">Microsoft's Windows 10 Patch Tuesday update crashes OneDrive</title>
    <summary type="html" xml:base="https://www.theregister.com/">&lt;h4&gt;The software giant expects a fix, but not until at least next week&lt;/h4&gt; &lt;p&gt;An October Patch Tuesday update for Windows 10 is causing OneDrive and OneDrive for Business cloud storage services to crash, Microsoft has confirmed.…&lt;/p&gt; &lt;p&gt;&lt;!--#include virtual='/data_centre/_whitepaper_te'xtlinks_top.html' --&gt;&lt;/p&gt;</summary>
  </entry>
  <entry>
    <id>tag:theregister.com,2005:story224416</id>
    <updated>2022-10-28T15:36:14Z</updated>
    <author>
      <name>Lindsay Clark</name>
      <uri>https://search.theregister.com/?author=Lindsay%20Clark</uri>
    </author>
    <link rel="alternate" type="text/html" href="https://go.theregister.com/feed/www.theregister.com/2022/10/28/musk_twitter_takeover/"/>
    <title type="html">Elon Musk jettisons Twitter leadership, says takeover was 'to try to help humanity'</title>
    <summary type="html" xml:base="https://www.theregister.com/">&lt;h4&gt;Chief twit celebrates closing deal with characteristic humility&lt;/h4&gt; &lt;p&gt;&lt;strong&gt;Comment&lt;/strong&gt;  Famed cave rescue expert Elon Musk has realized his dreams and completed the acquisition of influential social media platform Twitter.…&lt;/p&gt;</summary>
  </entry>
  <entry>
    <id>tag:theregister.com,2005:story224413</id>
    <updated>2022-10-28T14:30:07Z</updated>
    <author>
      <name>Paul Kunert</name>
      <uri>https://search.theregister.com/?author=Paul%20Kunert</uri>
    </author>
    <link rel="alternate" type="text/html" href="https://go.theregister.com/feed/www.theregister.com/2022/10/28/macs_still_growing_like_weeds/"/>
    <title type="html">Macs still growing as Apple sidesteps dark clouds over big tech</title>
    <summary type="html" xml:base="https://www.theregister.com/">&lt;h4&gt;Ducks Zuck's bad luck as fanbois chuck bucks at M2 SoC... but CFO warns it's unlikely to last&lt;/h4&gt; &lt;p&gt;Apple bucked negative sentiments in a tough week for big technology businesses by meeting analysts’ revenue estimates for its latest quarter, yet it too is now warning of economic ripples ahead.…&lt;/p&gt;</summary>
  </entry>
  <entry>
    <id>tag:theregister.com,2005:story224412</id>
    <updated>2022-10-28T13:30:06Z</updated>
    <author>
      <name>Dan Robinson</name>
      <uri>https://search.theregister.com/?author=Dan%20Robinson</uri>
    </author>
    <link rel="alternate" type="text/html
3769
" href="https://go.theregister.com/feed/www.theregister.com/2022/10/28/singapore_hpe_supercomputer_weather/"/>
    <title type="html">HPE supercomputer to tell Singapore that it's hot, humid, probably going to rain</title>
    <summary type="html" xml:base="https://www.theregister.com/">&lt;h4&gt;Cray EX beast deployed to improve weather forecasting in country that has basically one season&lt;/h4&gt; &lt;p&gt;HPE has booked another supercomputer win, this time providing compute power for the Meteorological Service Singapore (MSS) to deliver improved weather forecasting and tropical climate research for Singapore and Southeast Asia.…&lt;/p&gt;</summary>
  </entry>
  <entry>
    <id>tag:theregister.com,2005:story224399</id>
    <updated>2022-10-28T12:45:08Z</updated>
    <author>
      <name>Paul Kunert</name>
      <uri>https://search.theregister.com/?author=Paul%20Kunert</uri>
    </author>
    <link rel="alternate" type="text/html" href="https://go.theregister.com/fe'ed/www.theregister.com/2022/10/28/microsoft_nadella_2022_pay_karma/"/>
    <title type="html">Microsoft boss Nadella's compensation pack swells 10% to $55m</title>
    <summary type="html" xml:base="https://www.theregister.com/">&lt;h4&gt;Karma, karma, karma, karma, karma, the median? Ratio to Redmond's average employee pay is 289 to 1&lt;/h4&gt; &lt;p&gt;Relying on the karmic forces of the universe is clearly working out for Microsoft chairman and CEO Satya Nadella, judging by his expanding compensation package.…&lt;/p&gt; &lt;p&gt;&lt;!--#include virtual='/data_centre/_whitepaper_textlinks_top.html' --&gt;&lt;/p&gt;</summary>
  </entry>
  <entry>
    <id>tag:theregister.com,2005:story224411</id>
    <updated>2022-10-28T12:00:09Z</updated>
    <author>
      <name>Lindsay Clark</name>
      <uri>https://search.theregister.com/?author=Lindsay%20Clark</uri>
    </author>
    <link rel="alternate" type="text/html" href="https://go.theregister.com/feed/www.theregister.com/2022/10/28/the_uk_government_has_awarded/"/>
    <title type="html">UK awards Fujitsu $60m contract amid calls to suspend it from government work</title>
    <summary type="html" xml:base="https://www.theregister.com/">&lt;h4&gt;It may be in the dock over Horizon software scandal, but it's still on UK.gov gravy train&lt;/h4&gt; &lt;p&gt;UK government has awarded Fujitsu a £52 million (c $60 million) contract in the same week political leaders called for all local deals with the company to be stopped while it is in the dock over the Post Office Horizon scandal.…&lt;/p&gt;</summary>
  </entry>
  <entry>
    <id>tag:theregister.com,2005:story224401</id>
    <updated>2022-10-28T11:15:05Z</updated>
    <author>
      <name>Thomas Claburn</name>
      <uri>https://search.theregister.com/?author=Thomas%20Claburn</uri>
    </author>
    <link rel="alternate" type="text/html" href="https://go.theregister.com/feed/www.theregister.com/2022/10/28/apple_boosts_bug_bounties_blogs/"/>
    <title type="html">Apple boosts bug bounties but may not fix some bugs in past operating systems</title>
    <summary type="html" xml:base="https://www.theregister.com/">&lt;h4&gt;Where's your spirit of Ventura?&lt;/h4&gt; &lt;p&gt;Apple has opened up a bit about its product security, though the iGiant's slightly chattier demeanor, via a new security blog, may be appreciated less than its bug bounty upgrade.…&lt;/p&gt;</summary>
  </entry>
  <entry>
    <id>tag:theregister.com,2005:story224391</id>
    <updated>2022-10-28T10:34:08Z</updated>
    <author>
      <name>Dan Robinson</name>
      <uri>https://search.theregister.com/?author=Dan%20Robinson</uri>
    </author>
    <link rel="alternate" type="text/html" href="https://go.theregister.com/feed/www.theregister.com/2022/10/28/5_point_5_g_network/"/>
    <title type="html">If you think 5G is overhyped, wait till you meet 5.5G</title>
    <summary type="html" xml:base="https://www.theregister.com/">&lt;h4&gt;Less than half of next gen networking users say it has improved speed or reliability for them&lt;/h4&gt; &lt;p&gt;Fewe'r than half of 5G users say they've experienced improvements in speed or reliability over 4G according to a new survey, but that is not going to stop some in telecoms pushing ahead with efforts to deliver an enhanced version branded 5.5G.…&lt;/p&gt;</summary>
  </entry>
  <entry>
    <id>tag:theregister.com,2005:story224379</id>
    <updated>2022-10-28T08:30:10Z</updated>
    <author>
      <name>Steven J. Vaughan-Nichols</name>
      <uri>https://search.theregister.com/?author=Steven%20J.%20Vaughan-Nichols</uri>
    </author>
    <link rel="alternate" type="text/html" href="https://go.theregister.com/feed/www.theregister.com/2022/10/28/column/"/>
    <title type="html">Why I love my Chromebook: Reason 1, it's a Linux desktop</title>
    <summary type="html" xml:base="https://www.theregister.com/">&lt;h4&gt;We appreciate power but sometimes it's about getting up and running sooner&lt;/h4&gt; &lt;p&gt;&lt;strong&gt;Column&lt;/strong&gt;  The fact that I like the Linux desktop will come as no surprise to anyone who reads my work. I mean, I was once the lead writer and editor for a long-gone publication called &lt;em&gt;Linux Desktop&lt;/em&gt;. So why is it as I sit at Kubecon North America in Detroit that I'm writing this on an HP Chromebook x360?…&lt;/p&gt; &lt;p&gt;&lt;!--#include virtual='/data_centre/_whitepaper_textlinks_top.html' --&gt;&lt;/p&gt;</summary>
  </entry>
  <entry>
    <id>tag:theregister.com,2005:story224403</id>
    <updated>2022-10-28T07:27:12Z</updated>
    <author>
      <name>Simon Sharwood</name>
      <uri>https://search.theregister.com/?author=Simon%20Sharwood</uri>
    </author>
    <link rel="alternate" type="text/html" href="https://go.theregister.com/feed/www.theregister.com/2022/10/28/on_call/"/>
    <title type="html">No, I will not pay the bill. Why? Because we pay you to fix things, not break them</title>
    <summary type="html" xml:base="https://www.theregister.com/">&lt;h4&gt;Just because the client touches a computer doesn’t make a mess their fault&lt;/h4&gt; &lt;p&gt;&lt;strong&gt;On Call&lt;/strong&gt;  As the holiday season nears, prepare for the smaller celebration that is the end of the week with another edition of On-Call, &lt;i&gt;The Register&lt;/i&gt;'s weekly walk through the worst of the world of work.…&lt;/p&gt;</summary>
  </entry>
  <entry>
    <id>tag:theregister.com,2005:story224406</id>
    <updated>2022-10-28T06:55:08Z</updated>
    <author>
      <name>Simon Sharwood</name>
      <uri>https://search.theregister.com/?author=Simon%20Sharwood</uri>
    </author>
    <link rel="alternate" type="text/html" href="https://go.theregister.com/feed/www.theregister.com/2022/10/28/counterpoint_reseatch_q3_smartphone_shipments/"/>
    <title type="html">Party like it's 2014, if you can – that's the last time smartphone sales were this low</title>
    <summary type="html" xml:base="https://www.theregister.com/">&lt;h4&gt;If not for Apple, this addition to this week's orgy of bad economic indicators would be even less pleasant&lt;/h4&gt; &lt;p&gt;Sorry to bring yo'u another item of news focusing on indicators of poor economic conditions, but analyst outfit Counterpoint Research has just revealed data that finds sales of smartphones have dipped to levels not seen since 2014.…&lt;/p&gt;</summary>
  </entry>
  <entry>
    <id>tag:theregister.com,2005:story224394</id>
    <updated>2022-10-28T06:26:12Z</updated>
    <author>
      <name>Tobias Mann</name>
      <uri>https://search.theregister.com/?author=Tobias%20Mann</uri>
    </author>
    <link rel="alternate" type="text/html" href="https://go.theregister.com/feed/www.theregister.com/2022/10/28/ubuntu_riscv_sbc/"/>
    <title type="html">Ubuntu continues expanding RISC-V support – now, the $17 Sipeed LicheeRV</title>
    <summary type="html" xml:base="https://www.theregister.com/">&lt;h4&gt;As progress revealed on Android port to the open ISA&lt;/h4&gt; &lt;p&gt;Canonical has brought its Ubuntu Linux operating system to another RISC-V system: this week, Sipeed's LicheeRV single board computer.…&lt;/p&gt;</summary>
  </entry>
  <entry>
    <id>tag:theregister.com,2005:story224405</id>
    <updated>2022-10-28T05:58:09Z</updated>
    <author>
      <name>Laura Dobberstein</name>
      <uri>https://search.theregister.com/?author=Laura%20Dobberstein</uri>
    </author>
    <link rel="alternate" type="text/html" href="https://go.theregister.com/feed/www.theregister.com/2022/10/28/marsquake_theory/"/>
    <title type="html">Origins of mysterious marsquake settled: It was a meteoroid what done it</title>
    <summary type="html" xml:base="https://www.theregister.com/">&lt;h4&gt;We've spotted the massive ice-hole it left behind&lt;/h4&gt; &lt;p&gt;Data collected from two Mars missions has been combined to explain why the red planet shook on Christmas Eve 2021.…&lt;/p&gt;</summary>
  </entry>
  <entry>
    <id>tag:theregister.com,2005:story224404</id>
    <updated>2022-10-28T04:44:11Z</updated>
    <author>
      <name>Simon Sharwood</name>
      <uri>https://search.theregister.com/?author=Simon%20Sharwood</uri>
    </author>
    <link rel="alternate" type="text/html" href="https://go.theregister.com/feed/www.theregister.com/2022/10/28/aws_q3_2022/"/>
    <title type="html">AWS warns of demand slowdown as customers seek to cut spend</title>
    <summary type="html" xml:base="https://www.theregister.com/">&lt;h4&gt;Amazon shares pummelled, but cloud operation thinks Graviton CPUs can save the day&lt;/h4&gt; &lt;p&gt;Amazon has joined other major tech players in offering a gloomy view of its financial future, earning itself a massive share price cut – and even its booming cloud business is not immune.…&lt;/p&gt; &lt;p&gt;&lt;!--#include virtual='/data_centre/_whitepaper_textlinks_top.html' --&gt;&lt;/p&gt;</summary>
  </entry>
  <entry>
    <id>tag:theregister.com,2005:story224402</id>
    <updated>2022-10-28T01:58:07Z</updated>
    <author>
      <name>Simon Sharwood</name>
      <uri>https://search.theregister.com/?author=Simon%20Sharwood</uri>
    </author>
    <link rel="alternate" type="text/html" href="https://go.theregist'er.com/feed/www.theregister.com/2022/10/28/your_new_career_plan_go/"/>
    <title type="html">Your new career plan: Go to jail for bribery, get busted taking drugs, be appointed chair of Samsung</title>
    <summary type="html" xml:base="https://www.theregister.com/">&lt;h4&gt;It worked for Lee Jae-yong, who now gets to handle a nasty profit plunge&lt;/h4&gt; &lt;p&gt;Here's an unconventional career plan for you to consider:…&lt;/p&gt;</summary>
  </entry>
  <entry>
    <id>tag:theregister.com,2005:story224400</id>
    <updated>2022-10-28T00:52:42Z</updated>
    <author>
      <name>Dylan Martin</name>
      <uri>https://search.theregister.com/?author=Dylan%20Martin</uri>
    </author>
    <link rel="alternate" type="text/html" href="https://go.theregister.com/feed/www.theregister.com/2022/10/28/intel_layoffs_results/"/>
    <title type="html">Gelsinger takes ax to Intel after chip sales slump, profit nosedives</title>
    <summary type="html" xml:base="https://www.theregister.com/">&lt;h4&gt;Staff, products on the chopping block to save billions annually&lt;/h4&gt; &lt;p&gt;Intel plans to lay off a "meaningful number" of employees and dump some products as part of a massive reduction in spending the chipmaker expects will reach up to $10 billion annually by 2025.…&lt;/p&gt;</summary>
  </entry>
  <entry>
    <id>tag:theregister.com,2005:story224398</id>
    <updated>2022-10-28T00:03:35Z</updated>
    <author>
      <name>Katyanna Quach</name>
  '    <uri>https://search.theregister.com/?author=Katyanna%20Quach</uri>
    </author>
    <link rel="alternate" type="text/html" href="https://go.theregister.com/feed/www.theregister.com/2022/10/28/amazon_jassy_nlrb_alu/"/>
    <title type="html">Amazon CEO accused of trampling labor laws with anti-union comments</title>
    <summary type="html" xml:base="https://www.theregister.com/">&lt;h4&gt;Surely staff organizing is Bias for Action and Think Big on those blasted leadership principles?&lt;/h4&gt; &lt;p&gt;Amazon CEO Andy Jassy has been accused of breaking US labor laws by spouting anti-union comments in the media.…&lt;/p&gt;</summary>
  </entry>
  <entry>
    <id>tag:theregister.com,2005:story224396</id>
    <updated>2022-10-27T22:36:31Z</updated>
    <author>
      <name>Jeff Burt</name>
      <uri>https://search.theregister.com/?author=Jeff%20Burt</uri>
    </author>
    <link rel="alternate" type="text/html" href="https://go.theregister.com/feed/www.theregister.com/2022/10/27/biden_chemical_cybersecurity_sprint/"/>
    <title type="html">Biden now wants to toughen up chemical sector's cybersecurity</title>
    <summary type="html" xml:base="https://www.theregister.com/">&lt;h4&gt;Control panels facing the internet? Data stolen? You gotta keep an ion this stuff&lt;/h4&gt; &lt;p&gt;The White House is adding the chemical sector to a program launched last year to improve cybersecurity capabilities within America's critical infrastructure industries.…&lt;/p&gt; &lt;p&gt;&lt;!--#include virtual='/data_centre/_whitepaper_textlinks_top.html' --&gt;&lt;/p&gt;</summary>
  </entry>
  <entry>
    <id>tag:theregister.com,2005:story224397</id>
    <updated>2022-10-27T21:15:33Z</updated>
    <author>
      <name>Thomas Claburn</name>
      <uri>https://search.theregister.com/?author=Thomas%20Claburn</uri>
    </author>
    <link rel="alternate" type="text/html" href="https://go.theregister.com/feed/www.theregister.com/2022/10/27/shipt_gig_lawsuit_dc/"/>
    <title type="html">You're Shipt outta luck: App sued for treating delivery workers as contractors</title>
    <summary type="html" xml:base="https://www.theregister.com/">&lt;h4&gt;'No, no, they're shoppers, not employees' ain't gonna fly with DC AG&lt;/h4&gt; &lt;p&gt;Shipt, a delivery service owned by Target, has been sued by the Attorney General of Washington DC for allegedly unlawfully misclassifying employees as independent contractors to avoid paying for worker benefits.…&lt;/p&gt;</summary>
  </entry>
</feed>
