DEBUG counter: 0

B: 1460, HF:0

==Body L:920
7dc0
<?xml version="1.0" encoding="UTF-8"?>
<feed xmlns="http://www.w3.org/2005/Atom" xml:lang="en">
  <id>tag:theregister.com,2005:feed/theregister.com/</id>
  <title>The Register</title>
  <link rel="self" type="application/atom+xml" href="https://www.theregister.com/headlines.atom"/>
  <link rel="alternate" type="text/html" href="https://www.theregister.com/"/>
  <rights>Copyright © 2022, Situation Publishing</rights>
  <author>
    <name>Team Register</name>
    <email>webmaster@theregister.co.uk</email>
    <uri>https://www.theregister.com/odds/about/contact/</uri>
  </author>
  <icon>https://www.theregister.com/Design/graphics/icons/favicon.png</icon>
  <subtitle>Biting the hand that feeds IT — Enterprise Technology News and Analysis</subtitle>
  <logo>https://www.theregister.com/Design/graphics/Reg_default/The_Register_r.png</logo>
  <updated>2022-11-04T19:15:11Z</updated>
  <entry>
    <id>tag,
==

==XML builded
7dc0
<?xml version="1.0" encoding="UTF-8"?>
<feed xmlns="http://www.w3.org/2005/Atom" xml:lang="en">
  <id>tag:theregister.com,2005:feed/theregister.com/</id>
  <title>The Register</title>
  <link rel="self" type="application/atom+xml" href="https://www.theregister.com/headlines.atom"/>
  <link rel="alternate" type="text/html" href="https://www.theregister.com/"/>
  <rights>Copyright © 2022, Situation Publishing</rights>
  <author>
    <name>Team Register</name>
    <email>webmaster@theregister.co.uk</email>
    <uri>https://www.theregister.com/odds/about/contact/</uri>
  </author>
  <icon>https://www.theregister.com/Design/graphics/icons/favicon.png</icon>
  <subtitle>Biting the hand that feeds IT — Enterprise Technology News and Analysis</subtitle>
  <logo>https://www.theregister.com/Design/graphics/Reg_default/The_Register_r.png</logo>
  <updated>2022-11-04T19:15:11Z</updated>
  <entry>
    <id>tag,

DEBUG counter: 1

B: 1536, HF:1
Builded XML size before: 920
Builded XML size after: 920

==Response L:1536
:theregister.com,2005:story224552</id>
    <updated>2022-11-04T19:15:11Z</updated>
    <author>
      <name>Brandon Vigliarolo</name>
      <uri>https://search.theregister.com/?author=Brandon%20Vigliarolo</uri>
    </author>
    <link rel="alternate" type="text/html" href="https://go.theregister.com/feed/www.theregister.com/2022/11/04/twitter_warn_act_lawsuit/"/>
    <title type="html">Twitter employees sue over lack of 60-day layoff notice</title>
    <summary type="html" xml:base="https://www.theregister.com/">&lt;h4&gt;Musk-owned companies have now faced 3 WARN Act lawsuits alleging the same thing&lt;/h4&gt; &lt;p&gt;The great Twitter cull of '22 is expected to begin today, but a group of tweeps have preempted the event by filing a class action lawsuit against Twitter for violating the WARN Act.…&lt;/p&gt;</summary>
  </entry>
  <entry>
    <id>tag:theregister.com,2005:story224550</id>
    <updated>2022-11-04T18:30:08Z</updated>
    <author>
      <name>Jeff Burt</name>
      <uri>https://search.theregister.com/?author=Jeff%20Burt</uri>
    </author>
    <link rel="alternate" type="text/html" href="https://go.theregister.com/feed/www.theregister.com/2022/11/04/crimson_kingsnake_bec_scam/"/>
    <title type="html">Double-check demand payment emails from law firms: Convincing fakes surface</title>
    <summary type="html" xml:base="https://www.theregister.com/">&lt;h4&gt;Crimson Kingsnake impersonates legit attorneys, fakes email threads from your colleagues in far-reaching BEC campaign&lt;/h4&gt; &lt;p&gt;A
==

==XML builded
7dc0
<?xml version="1.0" encoding="UTF-8"?>
<feed xmlns="http://www.w3.org/2005/Atom" xml:lang="en">
  <id>tag:theregister.com,2005:feed/theregister.com/</id>
  <title>The Register</title>
  <link rel="self" type="application/atom+xml" href="https://www.theregister.com/headlines.atom"/>
  <link rel="alternate" type="text/html" href="https://www.theregister.com/"/>
  <rights>Copyright © 2022, Situation Publishing</rights>
  <author>
    <name>Team Register</name>
    <email>webmaster@theregister.co.uk</email>
    <uri>https://www.theregister.com/odds/about/contact/</uri>
  </author>
  <icon>https://www.theregister.com/Design/graphics/icons/favicon.png</icon>
  <subtitle>Biting the hand that feeds IT — Enterprise Technology News and Analysis</subtitle>
  <logo>https://www.theregister.com/Design/graphics/Reg_default/The_Register_r.png</logo>
  <updated>2022-11-04T19:15:11Z</updated>
  <entry>
    <id>tag,:theregister.com,2005:story224552</id>
    <updated>2022-11-04T19:15:11Z</updated>
    <author>
      <name>Brandon Vigliarolo</name>
      <uri>https://search.theregister.com/?author=Brandon%20Vigliarolo</uri>
    </author>
    <link rel="alternate" type="text/html" href="https://go.theregister.com/feed/www.theregister.com/2022/11/04/twitter_warn_act_lawsuit/"/>
    <title type="html">Twitter employees sue over lack of 60-day layoff notice</title>
    <summary type="html" xml:base="https://www.theregister.com/">&lt;h4&gt;Musk-owned companies have now faced 3 WARN Act lawsuits alleging the same thing&lt;/h4&gt; &lt;p&gt;The great Twitter cull of '22 is expected to begin today, but a group of tweeps have preempted the event by filing a class action lawsuit against Twitter for violating the WARN Act.…&lt;/p&gt;</summary>
  </entry>
  <entry>
    <id>tag:theregister.com,2005:story224550</id>
    <updated>2022-11-04T18:30:08Z</updated>
    <author>
      <name>Jeff Burt</name>
      <uri>https://search.theregister.com/?author=Jeff%20Burt</uri>
    </author>
    <link rel="alternate" type="text/html" href="https://go.theregister.com/feed/www.theregister.com/2022/11/04/crimson_kingsnake_bec_scam/"/>
    <title type="html">Double-check demand payment emails from law firms: Convincing fakes surface</title>
    <summary type="html" xml:base="https://www.theregister.com/">&lt;h4&gt;Crimson Kingsnake impersonates legit attorneys, fakes email threads from your colleagues in far-reaching BEC campaign&lt;/h4&gt; &lt;p&gt;A

DEBUG counter: 2

B: 1384, HF:1
Builded XML size before: 2456
Builded XML size after: 2456

==Response L:1384
 new threat group called Crimson Kingsnake is impersonating real law companies and debt recovery services to intimidate businessess into paying bogus overdue invoices.…&lt;/p&gt; &lt;p&gt;&lt;!--#include virtual='/data_centre/_whitepaper_textlinks_top.html' --&gt;&lt;/p&gt;</summary>
  </entry>
  <entry>
    <id>tag:theregister.com,2005:story224547</id>
    <updated>2022-11-04T17:30:08Z</updated>
    <author>
      <name>Liam Proven</name>
      <uri>https://search.theregister.com/?author=Liam%20Proven</uri>
    </author>
    <link rel="alternate" type="text/html" href="https://go.theregister.com/feed/www.theregister.com/2022/11/04/mozilla_ventures/"/>
    <title type="html">Mozilla Foundation launches ethical venture capital fund</title>
    <summary type="html" xml:base="https://www.theregister.com/">&lt;h4&gt;An unexpected move, but we suspect that Carl Sagan might have approved&lt;/h4&gt; &lt;p&gt;Mozilla has announced the successor to the Mozilla Builders incubator: Mozilla Ventures.…&lt;/p&gt;</summary>
  </entry>
  <entry>
    <id>tag:theregister.com,2005:story224549</id>
    <updated>2022-11-04T16:15:25Z</updated>
    <author>
      <name>Brandon Vigliarolo</name>
      <uri>https://search.theregister.com/?author=Brandon%20Vigliarolo</uri>
    </author>
    <link rel="alternate" type="text/html" href="https://go.theregister.com/feed/www.theregister.c
==

==XML builded
7dc0
<?xml version="1.0" encoding="UTF-8"?>
<feed xmlns="http://www.w3.org/2005/Atom" xml:lang="en">
  <id>tag:theregister.com,2005:feed/theregister.com/</id>
  <title>The Register</title>
  <link rel="self" type="application/atom+xml" href="https://www.theregister.com/headlines.atom"/>
  <link rel="alternate" type="text/html" href="https://www.theregister.com/"/>
  <rights>Copyright © 2022, Situation Publishing</rights>
  <author>
    <name>Team Register</name>
    <email>webmaster@theregister.co.uk</email>
    <uri>https://www.theregister.com/odds/about/contact/</uri>
  </author>
  <icon>https://www.theregister.com/Design/graphics/icons/favicon.png</icon>
  <subtitle>Biting the hand that feeds IT — Enterprise Technology News and Analysis</subtitle>
  <logo>https://www.theregister.com/Design/graphics/Reg_default/The_Register_r.png</logo>
  <updated>2022-11-04T19:15:11Z</updated>
  <entry>
    <id>tag,:theregister.com,2005:story224552</id>
    <updated>2022-11-04T19:15:11Z</updated>
    <author>
      <name>Brandon Vigliarolo</name>
      <uri>https://search.theregister.com/?author=Brandon%20Vigliarolo</uri>
    </author>
    <link rel="alternate" type="text/html" href="https://go.theregister.com/feed/www.theregister.com/2022/11/04/twitter_warn_act_lawsuit/"/>
    <title type="html">Twitter employees sue over lack of 60-day layoff notice</title>
    <summary type="html" xml:base="https://www.theregister.com/">&lt;h4&gt;Musk-owned companies have now faced 3 WARN Act lawsuits alleging the same thing&lt;/h4&gt; &lt;p&gt;The great Twitter cull of '22 is expected to begin today, but a group of tweeps have preempted the event by filing a class action lawsuit against Twitter for violating the WARN Act.…&lt;/p&gt;</summary>
  </entry>
  <entry>
    <id>tag:theregister.com,2005:story224550</id>
    <updated>2022-11-04T18:30:08Z</updated>
    <author>
      <name>Jeff Burt</name>
      <uri>https://search.theregister.com/?author=Jeff%20Burt</uri>
    </author>
    <link rel="alternate" type="text/html" href="https://go.theregister.com/feed/www.theregister.com/2022/11/04/crimson_kingsnake_bec_scam/"/>
    <title type="html">Double-check demand payment emails from law firms: Convincing fakes surface</title>
    <summary type="html" xml:base="https://www.theregister.com/">&lt;h4&gt;Crimson Kingsnake impersonates legit attorneys, fakes email threads from your colleagues in far-reaching BEC campaign&lt;/h4&gt; &lt;p&gt;A new threat group called Crimson Kingsnake is impersonating real law companies and debt recovery services to intimidate businessess into paying bogus overdue invoices.…&lt;/p&gt; &lt;p&gt;&lt;!--#include virtual='/data_centre/_whitepaper_textlinks_top.html' --&gt;&lt;/p&gt;</summary>
  </entry>
  <entry>
    <id>tag:theregister.com,2005:story224547</id>
    <updated>2022-11-04T17:30:08Z</updated>
    <author>
      <name>Liam Proven</name>
      <uri>https://search.theregister.com/?author=Liam%20Proven</uri>
    </author>
    <link rel="alternate" type="text/html" href="https://go.theregister.com/feed/www.theregister.com/2022/11/04/mozilla_ventures/"/>
    <title type="html">Mozilla Foundation launches ethical venture capital fund</title>
    <summary type="html" xml:base="https://www.theregister.com/">&lt;h4&gt;An unexpected move, but we suspect that Carl Sagan might have approved&lt;/h4&gt; &lt;p&gt;Mozilla has announced the successor to the Mozilla Builders incubator: Mozilla Ventures.…&lt;/p&gt;</summary>
  </entry>
  <entry>
    <id>tag:theregister.com,2005:story224549</id>
    <updated>2022-11-04T16:15:25Z</updated>
    <author>
      <name>Brandon Vigliarolo</name>
      <uri>https://search.theregister.com/?author=Brandon%20Vigliarolo</uri>
    </author>
    <link rel="alternate" type="text/html" href="https://go.theregister.com/feed/www.theregister.c

DEBUG counter: 3

B: 1536, HF:1
Builded XML size before: 3840
Builded XML size after: 3840

==Response L:1536
om/2022/11/04/starliner_launch_delay/"/>
    <title type="html">Boeing's Starliner launch pushed back again... to April 2023</title>
    <summary type="html" xml:base="https://www.theregister.com/">&lt;h4&gt;The official word is 'scheduling conflicts,' but NASA's safety panel has expressed concerns too&lt;/h4&gt; &lt;p&gt;The first crewed launch of Boeing's Starliner has been delayed again, this time being pushed back to April 2023 from an earlier planned launch date of February.…&lt;/p&gt;</summary>
  </entry>
  <entry>
    <id>tag:theregister.com,2005:story224545</id>
    <updated>2022-11-04T15:15:12Z</updated>
    <author>
      <name>Lindsay Clark</name>
      <uri>https://search.theregister.com/?author=Lindsay%20Clark</uri>
    </author>
    <link rel="alternate" type="text/html" href="https://go.theregister.com/feed/www.theregister.com/2022/11/04/uk_governement_set_to_extract/"/>
    <title type="html">UK government set to extract hospital data to Palantir system without patient consent</title>
    <summary type="html" xml:base="https://www.theregister.com/">&lt;h4&gt;'You'll be hearing from us,' say privacy campaigners who previously forced the government to back down&lt;/h4&gt; &lt;p&gt;The UK government is set to extract patient-identifiable data from NHS hospital systems and share this with its data platform based on technology from Palantir, a move that seems set to provoke another legal challenge.…&lt;/p&gt;</summary>
  </entry>
  <entry>
    <id>tag:theregister.com,2005:story224548</id>
    <up
==

==XML builded
7dc0
<?xml version="1.0" encoding="UTF-8"?>
<feed xmlns="http://www.w3.org/2005/Atom" xml:lang="en">
  <id>tag:theregister.com,2005:feed/theregister.com/</id>
  <title>The Register</title>
  <link rel="self" type="application/atom+xml" href="https://www.theregister.com/headlines.atom"/>
  <link rel="alternate" type="text/html" href="https://www.theregister.com/"/>
  <rights>Copyright © 2022, Situation Publishing</rights>
  <author>
    <name>Team Register</name>
    <email>webmaster@theregister.co.uk</email>
    <uri>https://www.theregister.com/odds/about/contact/</uri>
  </author>
  <icon>https://www.theregister.com/Design/graphics/icons/favicon.png</icon>
  <subtitle>Biting the hand that feeds IT — Enterprise Technology News and Analysis</subtitle>
  <logo>https://www.theregister.com/Design/graphics/Reg_default/The_Register_r.png</logo>
  <updated>2022-11-04T19:15:11Z</updated>
  <entry>
    <id>tag,:theregister.com,2005:story224552</id>
    <updated>2022-11-04T19:15:11Z</updated>
    <author>
      <name>Brandon Vigliarolo</name>
      <uri>https://search.theregister.com/?author=Brandon%20Vigliarolo</uri>
    </author>
    <link rel="alternate" type="text/html" href="https://go.theregister.com/feed/www.theregister.com/2022/11/04/twitter_warn_act_lawsuit/"/>
    <title type="html">Twitter employees sue over lack of 60-day layoff notice</title>
    <summary type="html" xml:base="https://www.theregister.com/">&lt;h4&gt;Musk-owned companies have now faced 3 WARN Act lawsuits alleging the same thing&lt;/h4&gt; &lt;p&gt;The great Twitter cull of '22 is expected to begin today, but a group of tweeps have preempted the event by filing a class action lawsuit against Twitter for violating the WARN Act.…&lt;/p&gt;</summary>
  </entry>
  <entry>
    <id>tag:theregister.com,2005:story224550</id>
    <updated>2022-11-04T18:30:08Z</updated>
    <author>
      <name>Jeff Burt</name>
      <uri>https://search.theregister.com/?author=Jeff%20Burt</uri>
    </author>
    <link rel="alternate" type="text/html" href="https://go.theregister.com/feed/www.theregister.com/2022/11/04/crimson_kingsnake_bec_scam/"/>
    <title type="html">Double-check demand payment emails from law firms: Convincing fakes surface</title>
    <summary type="html" xml:base="https://www.theregister.com/">&lt;h4&gt;Crimson Kingsnake impersonates legit attorneys, fakes email threads from your colleagues in far-reaching BEC campaign&lt;/h4&gt; &lt;p&gt;A new threat group called Crimson Kingsnake is impersonating real law companies and debt recovery services to intimidate businessess into paying bogus overdue invoices.…&lt;/p&gt; &lt;p&gt;&lt;!--#include virtual='/data_centre/_whitepaper_textlinks_top.html' --&gt;&lt;/p&gt;</summary>
  </entry>
  <entry>
    <id>tag:theregister.com,2005:story224547</id>
    <updated>2022-11-04T17:30:08Z</updated>
    <author>
      <name>Liam Proven</name>
      <uri>https://search.theregister.com/?author=Liam%20Proven</uri>
    </author>
    <link rel="alternate" type="text/html" href="https://go.theregister.com/feed/www.theregister.com/2022/11/04/mozilla_ventures/"/>
    <title type="html">Mozilla Foundation launches ethical venture capital fund</title>
    <summary type="html" xml:base="https://www.theregister.com/">&lt;h4&gt;An unexpected move, but we suspect that Carl Sagan might have approved&lt;/h4&gt; &lt;p&gt;Mozilla has announced the successor to the Mozilla Builders incubator: Mozilla Ventures.…&lt;/p&gt;</summary>
  </entry>
  <entry>
    <id>tag:theregister.com,2005:story224549</id>
    <updated>2022-11-04T16:15:25Z</updated>
    <author>
      <name>Brandon Vigliarolo</name>
      <uri>https://search.theregister.com/?author=Brandon%20Vigliarolo</uri>
    </author>
    <link rel="alternate" type="text/html" href="https://go.theregister.com/feed/www.theregister.com/2022/11/04/starliner_launch_delay/"/>
    <title type="html">Boeing's Starliner launch pushed back again... to April 2023</title>
    <summary type="html" xml:base="https://www.theregister.com/">&lt;h4&gt;The official word is 'scheduling conflicts,' but NASA's safety panel has expressed concerns too&lt;/h4&gt; &lt;p&gt;The first crewed launch of Boeing's Starliner has been delayed again, this time being pushed back to April 2023 from an earlier planned launch date of February.…&lt;/p&gt;</summary>
  </entry>
  <entry>
    <id>tag:theregister.com,2005:story224545</id>
    <updated>2022-11-04T15:15:12Z</updated>
    <author>
      <name>Lindsay Clark</name>
      <uri>https://search.theregister.com/?author=Lindsay%20Clark</uri>
    </author>
    <link rel="alternate" type="text/html" href="https://go.theregister.com/feed/www.theregister.com/2022/11/04/uk_governement_set_to_extract/"/>
    <title type="html">UK government set to extract hospital data to Palantir system without patient consent</title>
    <summary type="html" xml:base="https://www.theregister.com/">&lt;h4&gt;'You'll be hearing from us,' say privacy campaigners who previously forced the government to back down&lt;/h4&gt; &lt;p&gt;The UK government is set to extract patient-identifiable data from NHS hospital systems and share this with its data platform based on technology from Palantir, a move that seems set to provoke another legal challenge.…&lt;/p&gt;</summary>
  </entry>
  <entry>
    <id>tag:theregister.com,2005:story224548</id>
    <up

DEBUG counter: 4

B: 1536, HF:1
Builded XML size before: 5376
Builded XML size after: 5376

==Response L:1536
dated>2022-11-04T14:15:35Z</updated>
    <author>
      <name>Dan Robinson</name>
      <uri>https://search.theregister.com/?author=Dan%20Robinson</uri>
    </author>
    <link rel="alternate" type="text/html" href="https://go.theregister.com/feed/www.theregister.com/2022/11/04/us_chip_industry_china_ban/"/>
    <title type="html">US chip industry worried it may lose out to rivals over China ban</title>
    <summary type="html" xml:base="https://www.theregister.com/">&lt;h4&gt;Just hang on while we convince the rest of the world, Commerce Sec tells makers&lt;/h4&gt; &lt;p&gt;US companies that build chipmaking equipment have been told to tough it out as they face a ban on selling to customers in China, while their rivals elsewhere in the world currently have no such restrictions.…&lt;/p&gt; &lt;p&gt;&lt;!--#include virtual='/data_centre/_whitepaper_textlinks_top.html' --&gt;&lt;/p&gt;</summary>
  </entry>
  <entry>
    <id>tag:theregister.com,2005:story224541</id>
    <updated>2022-11-04T13:30:42Z</updated>
    <author>
      <name>Jude Karabus</name>
      <uri>https://search.theregister.com/?author=Jude%20Karabus</uri>
    </author>
    <link rel="alternate" type="text/html" href="https://go.theregister.com/feed/www.theregister.com/2022/11/04/google_nlrb_complaint/"/>
    <title type="html">Google cut contractors off from online 'Share My Salary' spreadsheet, union claims</title>
    <summary type="html" xml:base="https://www.theregister.com/">&lt;h4&gt;Alphabet Workers Union says it's an illegal block of wo
==

==XML builded
7dc0
<?xml version="1.0" encoding="UTF-8"?>
<feed xmlns="http://www.w3.org/2005/Atom" xml:lang="en">
  <id>tag:theregister.com,2005:feed/theregister.com/</id>
  <title>The Register</title>
  <link rel="self" type="application/atom+xml" href="https://www.theregister.com/headlines.atom"/>
  <link rel="alternate" type="text/html" href="https://www.theregister.com/"/>
  <rights>Copyright © 2022, Situation Publishing</rights>
  <author>
    <name>Team Register</name>
    <email>webmaster@theregister.co.uk</email>
    <uri>https://www.theregister.com/odds/about/contact/</uri>
  </author>
  <icon>https://www.theregister.com/Design/graphics/icons/favicon.png</icon>
  <subtitle>Biting the hand that feeds IT — Enterprise Technology News and Analysis</subtitle>
  <logo>https://www.theregister.com/Design/graphics/Reg_default/The_Register_r.png</logo>
  <updated>2022-11-04T19:15:11Z</updated>
  <entry>
    <id>tag,:theregister.com,2005:story224552</id>
    <updated>2022-11-04T19:15:11Z</updated>
    <author>
      <name>Brandon Vigliarolo</name>
      <uri>https://search.theregister.com/?author=Brandon%20Vigliarolo</uri>
    </author>
    <link rel="alternate" type="text/html" href="https://go.theregister.com/feed/www.theregister.com/2022/11/04/twitter_warn_act_lawsuit/"/>
    <title type="html">Twitter employees sue over lack of 60-day layoff notice</title>
    <summary type="html" xml:base="https://www.theregister.com/">&lt;h4&gt;Musk-owned companies have now faced 3 WARN Act lawsuits alleging the same thing&lt;/h4&gt; &lt;p&gt;The great Twitter cull of '22 is expected to begin today, but a group of tweeps have preempted the event by filing a class action lawsuit against Twitter for violating the WARN Act.…&lt;/p&gt;</summary>
  </entry>
  <entry>
    <id>tag:theregister.com,2005:story224550</id>
    <updated>2022-11-04T18:30:08Z</updated>
    <author>
      <name>Jeff Burt</name>
      <uri>https://search.theregister.com/?author=Jeff%20Burt</uri>
    </author>
    <link rel="alternate" type="text/html" href="https://go.theregister.com/feed/www.theregister.com/2022/11/04/crimson_kingsnake_bec_scam/"/>
    <title type="html">Double-check demand payment emails from law firms: Convincing fakes surface</title>
    <summary type="html" xml:base="https://www.theregister.com/">&lt;h4&gt;Crimson Kingsnake impersonates legit attorneys, fakes email threads from your colleagues in far-reaching BEC campaign&lt;/h4&gt; &lt;p&gt;A new threat group called Crimson Kingsnake is impersonating real law companies and debt recovery services to intimidate businessess into paying bogus overdue invoices.…&lt;/p&gt; &lt;p&gt;&lt;!--#include virtual='/data_centre/_whitepaper_textlinks_top.html' --&gt;&lt;/p&gt;</summary>
  </entry>
  <entry>
    <id>tag:theregister.com,2005:story224547</id>
    <updated>2022-11-04T17:30:08Z</updated>
    <author>
      <name>Liam Proven</name>
      <uri>https://search.theregister.com/?author=Liam%20Proven</uri>
    </author>
    <link rel="alternate" type="text/html" href="https://go.theregister.com/feed/www.theregister.com/2022/11/04/mozilla_ventures/"/>
    <title type="html">Mozilla Foundation launches ethical venture capital fund</title>
    <summary type="html" xml:base="https://www.theregister.com/">&lt;h4&gt;An unexpected move, but we suspect that Carl Sagan might have approved&lt;/h4&gt; &lt;p&gt;Mozilla has announced the successor to the Mozilla Builders incubator: Mozilla Ventures.…&lt;/p&gt;</summary>
  </entry>
  <entry>
    <id>tag:theregister.com,2005:story224549</id>
    <updated>2022-11-04T16:15:25Z</updated>
    <author>
      <name>Brandon Vigliarolo</name>
      <uri>https://search.theregister.com/?author=Brandon%20Vigliarolo</uri>
    </author>
    <link rel="alternate" type="text/html" href="https://go.theregister.com/feed/www.theregister.com/2022/11/04/starliner_launch_delay/"/>
    <title type="html">Boeing's Starliner launch pushed back again... to April 2023</title>
    <summary type="html" xml:base="https://www.theregister.com/">&lt;h4&gt;The official word is 'scheduling conflicts,' but NASA's safety panel has expressed concerns too&lt;/h4&gt; &lt;p&gt;The first crewed launch of Boeing's Starliner has been delayed again, this time being pushed back to April 2023 from an earlier planned launch date of February.…&lt;/p&gt;</summary>
  </entry>
  <entry>
    <id>tag:theregister.com,2005:story224545</id>
    <updated>2022-11-04T15:15:12Z</updated>
    <author>
      <name>Lindsay Clark</name>
      <uri>https://search.theregister.com/?author=Lindsay%20Clark</uri>
    </author>
    <link rel="alternate" type="text/html" href="https://go.theregister.com/feed/www.theregister.com/2022/11/04/uk_governement_set_to_extract/"/>
    <title type="html">UK government set to extract hospital data to Palantir system without patient consent</title>
    <summary type="html" xml:base="https://www.theregister.com/">&lt;h4&gt;'You'll be hearing from us,' say privacy campaigners who previously forced the government to back down&lt;/h4&gt; &lt;p&gt;The UK government is set to extract patient-identifiable data from NHS hospital systems and share this with its data platform based on technology from Palantir, a move that seems set to provoke another legal challenge.…&lt;/p&gt;</summary>
  </entry>
  <entry>
    <id>tag:theregister.com,2005:story224548</id>
    <updated>2022-11-04T14:15:35Z</updated>
    <author>
      <name>Dan Robinson</name>
      <uri>https://search.theregister.com/?author=Dan%20Robinson</uri>
    </author>
    <link rel="alternate" type="text/html" href="https://go.theregister.com/feed/www.theregister.com/2022/11/04/us_chip_industry_china_ban/"/>
    <title type="html">US chip industry worried it may lose out to rivals over China ban</title>
    <summary type="html" xml:base="https://www.theregister.com/">&lt;h4&gt;Just hang on while we convince the rest of the world, Commerce Sec tells makers&lt;/h4&gt; &lt;p&gt;US companies that build chipmaking equipment have been told to tough it out as they face a ban on selling to customers in China, while their rivals elsewhere in the world currently have no such restrictions.…&lt;/p&gt; &lt;p&gt;&lt;!--#include virtual='/data_centre/_whitepaper_textlinks_top.html' --&gt;&lt;/p&gt;</summary>
  </entry>
  <entry>
    <id>tag:theregister.com,2005:story224541</id>
    <updated>2022-11-04T13:30:42Z</updated>
    <author>
      <name>Jude Karabus</name>
      <uri>https://search.theregister.com/?author=Jude%20Karabus</uri>
    </author>
    <link rel="alternate" type="text/html" href="https://go.theregister.com/feed/www.theregister.com/2022/11/04/google_nlrb_complaint/"/>
    <title type="html">Google cut contractors off from online 'Share My Salary' spreadsheet, union claims</title>
    <summary type="html" xml:base="https://www.theregister.com/">&lt;h4&gt;Alphabet Workers Union says it's an illegal block of wo

DEBUG counter: 5

B: 1536, HF:1
Builded XML size before: 6912
Builded XML size after: 6912

==Response L:1536
rkers' right to discuss pay&lt;/h4&gt; &lt;p&gt;The Alphabet Workers Union (AWU) claims the company blocked access to a shared spreadsheet in which it reckons "hundreds" of subcontracted workers had shared their salary details and "up to 50,000" of those staffers are now prevented from looking them up.…&lt;/p&gt;</summary>
  </entry>
  <entry>
    <id>tag:theregister.com,2005:story224543</id>
    <updated>2022-11-04T12:50:15Z</updated>
    <author>
      <name>Dan Robinson</name>
      <uri>https://search.theregister.com/?author=Dan%20Robinson</uri>
    </author>
    <link rel="alternate" type="text/html" href="https://go.theregister.com/feed/www.theregister.com/2022/11/04/dell_australia_consumer_court/"/>
    <title type="html">Dell hit with Oz court case for misleading prices on monitors</title>
    <summary type="html" xml:base="https://www.theregister.com/">&lt;h4&gt;Watchdog claims add-ons to computer purchases appeared to be discounted but did not reflect the standalone RRP&lt;/h4&gt; &lt;p&gt;Dell's Australian business is in trouble with the country's consumer watchdog for allegedly misleading buyers about the price of displays purchased as an add-on with its computers.…&lt;/p&gt;</summary>
  </entry>
  <entry>
    <id>tag:theregister.com,2005:story224544</id>
    <updated>2022-11-04T12:20:09Z</updated>
    <author>
      <name>Paul Kunert</name>
      <uri>https://search.theregister.com/?author=Paul%20Kunert</uri>
    </author>
    <link rel="alternate" type="text/html" href="https://go.theregister.
==

==XML builded
7dc0
<?xml version="1.0" encoding="UTF-8"?>
<feed xmlns="http://www.w3.org/2005/Atom" xml:lang="en">
  <id>tag:theregister.com,2005:feed/theregister.com/</id>
  <title>The Register</title>
  <link rel="self" type="application/atom+xml" href="https://www.theregister.com/headlines.atom"/>
  <link rel="alternate" type="text/html" href="https://www.theregister.com/"/>
  <rights>Copyright © 2022, Situation Publishing</rights>
  <author>
    <name>Team Register</name>
    <email>webmaster@theregister.co.uk</email>
    <uri>https://www.theregister.com/odds/about/contact/</uri>
  </author>
  <icon>https://www.theregister.com/Design/graphics/icons/favicon.png</icon>
  <subtitle>Biting the hand that feeds IT — Enterprise Technology News and Analysis</subtitle>
  <logo>https://www.theregister.com/Design/graphics/Reg_default/The_Register_r.png</logo>
  <updated>2022-11-04T19:15:11Z</updated>
  <entry>
    <id>tag,:theregister.com,2005:story224552</id>
    <updated>2022-11-04T19:15:11Z</updated>
    <author>
      <name>Brandon Vigliarolo</name>
      <uri>https://search.theregister.com/?author=Brandon%20Vigliarolo</uri>
    </author>
    <link rel="alternate" type="text/html" href="https://go.theregister.com/feed/www.theregister.com/2022/11/04/twitter_warn_act_lawsuit/"/>
    <title type="html">Twitter employees sue over lack of 60-day layoff notice</title>
    <summary type="html" xml:base="https://www.theregister.com/">&lt;h4&gt;Musk-owned companies have now faced 3 WARN Act lawsuits alleging the same thing&lt;/h4&gt; &lt;p&gt;The great Twitter cull of '22 is expected to begin today, but a group of tweeps have preempted the event by filing a class action lawsuit against Twitter for violating the WARN Act.…&lt;/p&gt;</summary>
  </entry>
  <entry>
    <id>tag:theregister.com,2005:story224550</id>
    <updated>2022-11-04T18:30:08Z</updated>
    <author>
      <name>Jeff Burt</name>
      <uri>https://search.theregister.com/?author=Jeff%20Burt</uri>
    </author>
    <link rel="alternate" type="text/html" href="https://go.theregister.com/feed/www.theregister.com/2022/11/04/crimson_kingsnake_bec_scam/"/>
    <title type="html">Double-check demand payment emails from law firms: Convincing fakes surface</title>
    <summary type="html" xml:base="https://www.theregister.com/">&lt;h4&gt;Crimson Kingsnake impersonates legit attorneys, fakes email threads from your colleagues in far-reaching BEC campaign&lt;/h4&gt; &lt;p&gt;A new threat group called Crimson Kingsnake is impersonating real law companies and debt recovery services to intimidate businessess into paying bogus overdue invoices.…&lt;/p&gt; &lt;p&gt;&lt;!--#include virtual='/data_centre/_whitepaper_textlinks_top.html' --&gt;&lt;/p&gt;</summary>
  </entry>
  <entry>
    <id>tag:theregister.com,2005:story224547</id>
    <updated>2022-11-04T17:30:08Z</updated>
    <author>
      <name>Liam Proven</name>
      <uri>https://search.theregister.com/?author=Liam%20Proven</uri>
    </author>
    <link rel="alternate" type="text/html" href="https://go.theregister.com/feed/www.theregister.com/2022/11/04/mozilla_ventures/"/>
    <title type="html">Mozilla Foundation launches ethical venture capital fund</title>
    <summary type="html" xml:base="https://www.theregister.com/">&lt;h4&gt;An unexpected move, but we suspect that Carl Sagan might have approved&lt;/h4&gt; &lt;p&gt;Mozilla has announced the successor to the Mozilla Builders incubator: Mozilla Ventures.…&lt;/p&gt;</summary>
  </entry>
  <entry>
    <id>tag:theregister.com,2005:story224549</id>
    <updated>2022-11-04T16:15:25Z</updated>
    <author>
      <name>Brandon Vigliarolo</name>
      <uri>https://search.theregister.com/?author=Brandon%20Vigliarolo</uri>
    </author>
    <link rel="alternate" type="text/html" href="https://go.theregister.com/feed/www.theregister.com/2022/11/04/starliner_launch_delay/"/>
    <title type="html">Boeing's Starliner launch pushed back again... to April 2023</title>
    <summary type="html" xml:base="https://www.theregister.com/">&lt;h4&gt;The official word is 'scheduling conflicts,' but NASA's safety panel has expressed concerns too&lt;/h4&gt; &lt;p&gt;The first crewed launch of Boeing's Starliner has been delayed again, this time being pushed back to April 2023 from an earlier planned launch date of February.…&lt;/p&gt;</summary>
  </entry>
  <entry>
    <id>tag:theregister.com,2005:story224545</id>
    <updated>2022-11-04T15:15:12Z</updated>
    <author>
      <name>Lindsay Clark</name>
      <uri>https://search.theregister.com/?author=Lindsay%20Clark</uri>
    </author>
    <link rel="alternate" type="text/html" href="https://go.theregister.com/feed/www.theregister.com/2022/11/04/uk_governement_set_to_extract/"/>
    <title type="html">UK government set to extract hospital data to Palantir system without patient consent</title>
    <summary type="html" xml:base="https://www.theregister.com/">&lt;h4&gt;'You'll be hearing from us,' say privacy campaigners who previously forced the government to back down&lt;/h4&gt; &lt;p&gt;The UK government is set to extract patient-identifiable data from NHS hospital systems and share this with its data platform based on technology from Palantir, a move that seems set to provoke another legal challenge.…&lt;/p&gt;</summary>
  </entry>
  <entry>
    <id>tag:theregister.com,2005:story224548</id>
    <updated>2022-11-04T14:15:35Z</updated>
    <author>
      <name>Dan Robinson</name>
      <uri>https://search.theregister.com/?author=Dan%20Robinson</uri>
    </author>
    <link rel="alternate" type="text/html" href="https://go.theregister.com/feed/www.theregister.com/2022/11/04/us_chip_industry_china_ban/"/>
    <title type="html">US chip industry worried it may lose out to rivals over China ban</title>
    <summary type="html" xml:base="https://www.theregister.com/">&lt;h4&gt;Just hang on while we convince the rest of the world, Commerce Sec tells makers&lt;/h4&gt; &lt;p&gt;US companies that build chipmaking equipment have been told to tough it out as they face a ban on selling to customers in China, while their rivals elsewhere in the world currently have no such restrictions.…&lt;/p&gt; &lt;p&gt;&lt;!--#include virtual='/data_centre/_whitepaper_textlinks_top.html' --&gt;&lt;/p&gt;</summary>
  </entry>
  <entry>
    <id>tag:theregister.com,2005:story224541</id>
    <updated>2022-11-04T13:30:42Z</updated>
    <author>
      <name>Jude Karabus</name>
      <uri>https://search.theregister.com/?author=Jude%20Karabus</uri>
    </author>
    <link rel="alternate" type="text/html" href="https://go.theregister.com/feed/www.theregister.com/2022/11/04/google_nlrb_complaint/"/>
    <title type="html">Google cut contractors off from online 'Share My Salary' spreadsheet, union claims</title>
    <summary type="html" xml:base="https://www.theregister.com/">&lt;h4&gt;Alphabet Workers Union says it's an illegal block of workers' right to discuss pay&lt;/h4&gt; &lt;p&gt;The Alphabet Workers Union (AWU) claims the company blocked access to a shared spreadsheet in which it reckons "hundreds" of subcontracted workers had shared their salary details and "up to 50,000" of those staffers are now prevented from looking them up.…&lt;/p&gt;</summary>
  </entry>
  <entry>
    <id>tag:theregister.com,2005:story224543</id>
    <updated>2022-11-04T12:50:15Z</updated>
    <author>
      <name>Dan Robinson</name>
      <uri>https://search.theregister.com/?author=Dan%20Robinson</uri>
    </author>
    <link rel="alternate" type="text/html" href="https://go.theregister.com/feed/www.theregister.com/2022/11/04/dell_australia_consumer_court/"/>
    <title type="html">Dell hit with Oz court case for misleading prices on monitors</title>
    <summary type="html" xml:base="https://www.theregister.com/">&lt;h4&gt;Watchdog claims add-ons to computer purchases appeared to be discounted but did not reflect the standalone RRP&lt;/h4&gt; &lt;p&gt;Dell's Australian business is in trouble with the country's consumer watchdog for allegedly misleading buyers about the price of displays purchased as an add-on with its computers.…&lt;/p&gt;</summary>
  </entry>
  <entry>
    <id>tag:theregister.com,2005:story224544</id>
    <updated>2022-11-04T12:20:09Z</updated>
    <author>
      <name>Paul Kunert</name>
      <uri>https://search.theregister.com/?author=Paul%20Kunert</uri>
    </author>
    <link rel="alternate" type="text/html" href="https://go.theregister.

DEBUG counter: 6

B: 1536, HF:1
Builded XML size before: 8448
Builded XML size after: 8448

==Response L:1536
com/feed/www.theregister.com/2022/11/04/bt_pay_talks_reopened_says_cwu/"/>
    <title type="html">BT re-enters pay talks to prevent further strikes, says union</title>
    <summary type="html" xml:base="https://www.theregister.com/">&lt;h4&gt;What forced the change in attitude? The impact on 40,000 broadband connections possibly&lt;/h4&gt; &lt;p&gt;The Communication Workers Unions (CWU) claims BT Group has agreed to re-enter negotiations to find a solution to the protracted pay dispute that has caused thousands of engineers and call center operators to strike.…&lt;/p&gt;</summary>
  </entry>
  <entry>
    <id>tag:theregister.com,2005:story224542</id>
    <updated>2022-11-04T11:03:13Z</updated>
    <author>
      <name>Richard Currie</name>
      <uri>https://search.theregister.com/?author=Richard%20Currie</uri>
    </author>
    <link rel="alternate" type="text/html" href="https://go.theregister.com/feed/www.theregister.com/2022/11/04/nft_vending_machine/"/>
    <title type="html">NFT vending machine appears in London</title>
    <summary type="html" xml:base="https://www.theregister.com/">&lt;h4&gt;Don't everyone rush at once&lt;/h4&gt; &lt;p&gt;NFTs are dead. And stupid. Don't just take our word for it – Bill Gates, widely considered a pretty smart guy, described them as "100 percent based on greater fool theory" and analyst Forrester recently said "most consumers aren't interested in NFT stunts."…&lt;/p&gt; &lt;p&gt;&lt;!--#include virtual='/data_centre/_whitepaper_textlinks_top.html' --&gt;&lt;/p&gt;<
==

==XML builded
7dc0
<?xml version="1.0" encoding="UTF-8"?>
<feed xmlns="http://www.w3.org/2005/Atom" xml:lang="en">
  <id>tag:theregister.com,2005:feed/theregister.com/</id>
  <title>The Register</title>
  <link rel="self" type="application/atom+xml" href="https://www.theregister.com/headlines.atom"/>
  <link rel="alternate" type="text/html" href="https://www.theregister.com/"/>
  <rights>Copyright © 2022, Situation Publishing</rights>
  <author>
    <name>Team Register</name>
    <email>webmaster@theregister.co.uk</email>
    <uri>https://www.theregister.com/odds/about/contact/</uri>
  </author>
  <icon>https://www.theregister.com/Design/graphics/icons/favicon.png</icon>
  <subtitle>Biting the hand that feeds IT — Enterprise Technology News and Analysis</subtitle>
  <logo>https://www.theregister.com/Design/graphics/Reg_default/The_Register_r.png</logo>
  <updated>2022-11-04T19:15:11Z</updated>
  <entry>
    <id>tag,:theregister.com,2005:story224552</id>
    <updated>2022-11-04T19:15:11Z</updated>
    <author>
      <name>Brandon Vigliarolo</name>
      <uri>https://search.theregister.com/?author=Brandon%20Vigliarolo</uri>
    </author>
    <link rel="alternate" type="text/html" href="https://go.theregister.com/feed/www.theregister.com/2022/11/04/twitter_warn_act_lawsuit/"/>
    <title type="html">Twitter employees sue over lack of 60-day layoff notice</title>
    <summary type="html" xml:base="https://www.theregister.com/">&lt;h4&gt;Musk-owned companies have now faced 3 WARN Act lawsuits alleging the same thing&lt;/h4&gt; &lt;p&gt;The great Twitter cull of '22 is expected to begin today, but a group of tweeps have preempted the event by filing a class action lawsuit against Twitter for violating the WARN Act.…&lt;/p&gt;</summary>
  </entry>
  <entry>
    <id>tag:theregister.com,2005:story224550</id>
    <updated>2022-11-04T18:30:08Z</updated>
    <author>
      <name>Jeff Burt</name>
      <uri>https://search.theregister.com/?author=Jeff%20Burt</uri>
    </author>
    <link rel="alternate" type="text/html" href="https://go.theregister.com/feed/www.theregister.com/2022/11/04/crimson_kingsnake_bec_scam/"/>
    <title type="html">Double-check demand payment emails from law firms: Convincing fakes surface</title>
    <summary type="html" xml:base="https://www.theregister.com/">&lt;h4&gt;Crimson Kingsnake impersonates legit attorneys, fakes email threads from your colleagues in far-reaching BEC campaign&lt;/h4&gt; &lt;p&gt;A new threat group called Crimson Kingsnake is impersonating real law companies and debt recovery services to intimidate businessess into paying bogus overdue invoices.…&lt;/p&gt; &lt;p&gt;&lt;!--#include virtual='/data_centre/_whitepaper_textlinks_top.html' --&gt;&lt;/p&gt;</summary>
  </entry>
  <entry>
    <id>tag:theregister.com,2005:story224547</id>
    <updated>2022-11-04T17:30:08Z</updated>
    <author>
      <name>Liam Proven</name>
      <uri>https://search.theregister.com/?author=Liam%20Proven</uri>
    </author>
    <link rel="alternate" type="text/html" href="https://go.theregister.com/feed/www.theregister.com/2022/11/04/mozilla_ventures/"/>
    <title type="html">Mozilla Foundation launches ethical venture capital fund</title>
    <summary type="html" xml:base="https://www.theregister.com/">&lt;h4&gt;An unexpected move, but we suspect that Carl Sagan might have approved&lt;/h4&gt; &lt;p&gt;Mozilla has announced the successor to the Mozilla Builders incubator: Mozilla Ventures.…&lt;/p&gt;</summary>
  </entry>
  <entry>
    <id>tag:theregister.com,2005:story224549</id>
    <updated>2022-11-04T16:15:25Z</updated>
    <author>
      <name>Brandon Vigliarolo</name>
      <uri>https://search.theregister.com/?author=Brandon%20Vigliarolo</uri>
    </author>
    <link rel="alternate" type="text/html" href="https://go.theregister.com/feed/www.theregister.com/2022/11/04/starliner_launch_delay/"/>
    <title type="html">Boeing's Starliner launch pushed back again... to April 2023</title>
    <summary type="html" xml:base="https://www.theregister.com/">&lt;h4&gt;The official word is 'scheduling conflicts,' but NASA's safety panel has expressed concerns too&lt;/h4&gt; &lt;p&gt;The first crewed launch of Boeing's Starliner has been delayed again, this time being pushed back to April 2023 from an earlier planned launch date of February.…&lt;/p&gt;</summary>
  </entry>
  <entry>
    <id>tag:theregister.com,2005:story224545</id>
    <updated>2022-11-04T15:15:12Z</updated>
    <author>
      <name>Lindsay Clark</name>
      <uri>https://search.theregister.com/?author=Lindsay%20Clark</uri>
    </author>
    <link rel="alternate" type="text/html" href="https://go.theregister.com/feed/www.theregister.com/2022/11/04/uk_governement_set_to_extract/"/>
    <title type="html">UK government set to extract hospital data to Palantir system without patient consent</title>
    <summary type="html" xml:base="https://www.theregister.com/">&lt;h4&gt;'You'll be hearing from us,' say privacy campaigners who previously forced the government to back down&lt;/h4&gt; &lt;p&gt;The UK government is set to extract patient-identifiable data from NHS hospital systems and share this with its data platform based on technology from Palantir, a move that seems set to provoke another legal challenge.…&lt;/p&gt;</summary>
  </entry>
  <entry>
    <id>tag:theregister.com,2005:story224548</id>
    <updated>2022-11-04T14:15:35Z</updated>
    <author>
      <name>Dan Robinson</name>
      <uri>https://search.theregister.com/?author=Dan%20Robinson</uri>
    </author>
    <link rel="alternate" type="text/html" href="https://go.theregister.com/feed/www.theregister.com/2022/11/04/us_chip_industry_china_ban/"/>
    <title type="html">US chip industry worried it may lose out to rivals over China ban</title>
    <summary type="html" xml:base="https://www.theregister.com/">&lt;h4&gt;Just hang on while we convince the rest of the world, Commerce Sec tells makers&lt;/h4&gt; &lt;p&gt;US companies that build chipmaking equipment have been told to tough it out as they face a ban on selling to customers in China, while their rivals elsewhere in the world currently have no such restrictions.…&lt;/p&gt; &lt;p&gt;&lt;!--#include virtual='/data_centre/_whitepaper_textlinks_top.html' --&gt;&lt;/p&gt;</summary>
  </entry>
  <entry>
    <id>tag:theregister.com,2005:story224541</id>
    <updated>2022-11-04T13:30:42Z</updated>
    <author>
      <name>Jude Karabus</name>
      <uri>https://search.theregister.com/?author=Jude%20Karabus</uri>
    </author>
    <link rel="alternate" type="text/html" href="https://go.theregister.com/feed/www.theregister.com/2022/11/04/google_nlrb_complaint/"/>
    <title type="html">Google cut contractors off from online 'Share My Salary' spreadsheet, union claims</title>
    <summary type="html" xml:base="https://www.theregister.com/">&lt;h4&gt;Alphabet Workers Union says it's an illegal block of workers' right to discuss pay&lt;/h4&gt; &lt;p&gt;The Alphabet Workers Union (AWU) claims the company blocked access to a shared spreadsheet in which it reckons "hundreds" of subcontracted workers had shared their salary details and "up to 50,000" of those staffers are now prevented from looking them up.…&lt;/p&gt;</summary>
  </entry>
  <entry>
    <id>tag:theregister.com,2005:story224543</id>
    <updated>2022-11-04T12:50:15Z</updated>
    <author>
      <name>Dan Robinson</name>
      <uri>https://search.theregister.com/?author=Dan%20Robinson</uri>
    </author>
    <link rel="alternate" type="text/html" href="https://go.theregister.com/feed/www.theregister.com/2022/11/04/dell_australia_consumer_court/"/>
    <title type="html">Dell hit with Oz court case for misleading prices on monitors</title>
    <summary type="html" xml:base="https://www.theregister.com/">&lt;h4&gt;Watchdog claims add-ons to computer purchases appeared to be discounted but did not reflect the standalone RRP&lt;/h4&gt; &lt;p&gt;Dell's Australian business is in trouble with the country's consumer watchdog for allegedly misleading buyers about the price of displays purchased as an add-on with its computers.…&lt;/p&gt;</summary>
  </entry>
  <entry>
    <id>tag:theregister.com,2005:story224544</id>
    <updated>2022-11-04T12:20:09Z</updated>
    <author>
      <name>Paul Kunert</name>
      <uri>https://search.theregister.com/?author=Paul%20Kunert</uri>
    </author>
    <link rel="alternate" type="text/html" href="https://go.theregister.com/feed/www.theregister.com/2022/11/04/bt_pay_talks_reopened_says_cwu/"/>
    <title type="html">BT re-enters pay talks to prevent further strikes, says union</title>
    <summary type="html" xml:base="https://www.theregister.com/">&lt;h4&gt;What forced the change in attitude? The impact on 40,000 broadband connections possibly&lt;/h4&gt; &lt;p&gt;The Communication Workers Unions (CWU) claims BT Group has agreed to re-enter negotiations to find a solution to the protracted pay dispute that has caused thousands of engineers and call center operators to strike.…&lt;/p&gt;</summary>
  </entry>
  <entry>
    <id>tag:theregister.com,2005:story224542</id>
    <updated>2022-11-04T11:03:13Z</updated>
    <author>
      <name>Richard Currie</name>
      <uri>https://search.theregister.com/?author=Richard%20Currie</uri>
    </author>
    <link rel="alternate" type="text/html" href="https://go.theregister.com/feed/www.theregister.com/2022/11/04/nft_vending_machine/"/>
    <title type="html">NFT vending machine appears in London</title>
    <summary type="html" xml:base="https://www.theregister.com/">&lt;h4&gt;Don't everyone rush at once&lt;/h4&gt; &lt;p&gt;NFTs are dead. And stupid. Don't just take our word for it – Bill Gates, widely considered a pretty smart guy, described them as "100 percent based on greater fool theory" and analyst Forrester recently said "most consumers aren't interested in NFT stunts."…&lt;/p&gt; &lt;p&gt;&lt;!--#include virtual='/data_centre/_whitepaper_textlinks_top.html' --&gt;&lt;/p&gt;<

DEBUG counter: 7

B: 1536, HF:1
Builded XML size before: 9984
Builded XML size after: 9984

==Response L:1536
/summary>
  </entry>
  <entry>
    <id>tag:theregister.com,2005:story224531</id>
    <updated>2022-11-04T09:34:13Z</updated>
    <author>
      <name>Jeff Burt</name>
      <uri>https://search.theregister.com/?author=Jeff%20Burt</uri>
    </author>
    <link rel="alternate" type="text/html" href="https://go.theregister.com/feed/www.theregister.com/2022/11/04/microsoft_ukraine_tech_support/"/>
    <title type="html">Microsoft gives away '$400m in cloud support' to Ukraine</title>
    <summary type="html" xml:base="https://www.theregister.com/">&lt;h4&gt;Freedom isn't free&lt;/h4&gt; &lt;p&gt;The Ukraine government will continue to be able to run its digital infrastructure through the Microsoft Cloud for free in 2023, the tech giant confirmed today.…&lt;/p&gt;</summary>
  </entry>
  <entry>
    <id>tag:theregister.com,2005:story224518</id>
    <updated>2022-11-04T08:30:14Z</updated>
    <author>
      <name>Richard Currie</name>
      <uri>https://search.theregister.com/?author=Richard%20Currie</uri>
    </author>
    <link rel="alternate" type="text/html" href="https://go.theregister.com/feed/www.theregister.com/2022/11/04/norths_align_britain/"/>
    <title type="html">All of the norths are about to align over Britain</title>
    <summary type="html" xml:base="https://www.theregister.com/">&lt;h4&gt;Magnetic north is on a walkabout, and your OCD will benefit&lt;/h4&gt; &lt;p&gt;UK map lords at the Ordnance Survey have some big news for people with obsessive compulsive personality disorder or otherwise like ev
==

==XML builded
7dc0
<?xml version="1.0" encoding="UTF-8"?>
<feed xmlns="http://www.w3.org/2005/Atom" xml:lang="en">
  <id>tag:theregister.com,2005:feed/theregister.com/</id>
  <title>The Register</title>
  <link rel="self" type="application/atom+xml" href="https://www.theregister.com/headlines.atom"/>
  <link rel="alternate" type="text/html" href="https://www.theregister.com/"/>
  <rights>Copyright © 2022, Situation Publishing</rights>
  <author>
    <name>Team Register</name>
    <email>webmaster@theregister.co.uk</email>
    <uri>https://www.theregister.com/odds/about/contact/</uri>
  </author>
  <icon>https://www.theregister.com/Design/graphics/icons/favicon.png</icon>
  <subtitle>Biting the hand that feeds IT — Enterprise Technology News and Analysis</subtitle>
  <logo>https://www.theregister.com/Design/graphics/Reg_default/The_Register_r.png</logo>
  <updated>2022-11-04T19:15:11Z</updated>
  <entry>
    <id>tag,:theregister.com,2005:story224552</id>
    <updated>2022-11-04T19:15:11Z</updated>
    <author>
      <name>Brandon Vigliarolo</name>
      <uri>https://search.theregister.com/?author=Brandon%20Vigliarolo</uri>
    </author>
    <link rel="alternate" type="text/html" href="https://go.theregister.com/feed/www.theregister.com/2022/11/04/twitter_warn_act_lawsuit/"/>
    <title type="html">Twitter employees sue over lack of 60-day layoff notice</title>
    <summary type="html" xml:base="https://www.theregister.com/">&lt;h4&gt;Musk-owned companies have now faced 3 WARN Act lawsuits alleging the same thing&lt;/h4&gt; &lt;p&gt;The great Twitter cull of '22 is expected to begin today, but a group of tweeps have preempted the event by filing a class action lawsuit against Twitter for violating the WARN Act.…&lt;/p&gt;</summary>
  </entry>
  <entry>
    <id>tag:theregister.com,2005:story224550</id>
    <updated>2022-11-04T18:30:08Z</updated>
    <author>
      <name>Jeff Burt</name>
      <uri>https://search.theregister.com/?author=Jeff%20Burt</uri>
    </author>
    <link rel="alternate" type="text/html" href="https://go.theregister.com/feed/www.theregister.com/2022/11/04/crimson_kingsnake_bec_scam/"/>
    <title type="html">Double-check demand payment emails from law firms: Convincing fakes surface</title>
    <summary type="html" xml:base="https://www.theregister.com/">&lt;h4&gt;Crimson Kingsnake impersonates legit attorneys, fakes email threads from your colleagues in far-reaching BEC campaign&lt;/h4&gt; &lt;p&gt;A new threat group called Crimson Kingsnake is impersonating real law companies and debt recovery services to intimidate businessess into paying bogus overdue invoices.…&lt;/p&gt; &lt;p&gt;&lt;!--#include virtual='/data_centre/_whitepaper_textlinks_top.html' --&gt;&lt;/p&gt;</summary>
  </entry>
  <entry>
    <id>tag:theregister.com,2005:story224547</id>
    <updated>2022-11-04T17:30:08Z</updated>
    <author>
      <name>Liam Proven</name>
      <uri>https://search.theregister.com/?author=Liam%20Proven</uri>
    </author>
    <link rel="alternate" type="text/html" href="https://go.theregister.com/feed/www.theregister.com/2022/11/04/mozilla_ventures/"/>
    <title type="html">Mozilla Foundation launches ethical venture capital fund</title>
    <summary type="html" xml:base="https://www.theregister.com/">&lt;h4&gt;An unexpected move, but we suspect that Carl Sagan might have approved&lt;/h4&gt; &lt;p&gt;Mozilla has announced the successor to the Mozilla Builders incubator: Mozilla Ventures.…&lt;/p&gt;</summary>
  </entry>
  <entry>
    <id>tag:theregister.com,2005:story224549</id>
    <updated>2022-11-04T16:15:25Z</updated>
    <author>
      <name>Brandon Vigliarolo</name>
      <uri>https://search.theregister.com/?author=Brandon%20Vigliarolo</uri>
    </author>
    <link rel="alternate" type="text/html" href="https://go.theregister.com/feed/www.theregister.com/2022/11/04/starliner_launch_delay/"/>
    <title type="html">Boeing's Starliner launch pushed back again... to April 2023</title>
    <summary type="html" xml:base="https://www.theregister.com/">&lt;h4&gt;The official word is 'scheduling conflicts,' but NASA's safety panel has expressed concerns too&lt;/h4&gt; &lt;p&gt;The first crewed launch of Boeing's Starliner has been delayed again, this time being pushed back to April 2023 from an earlier planned launch date of February.…&lt;/p&gt;</summary>
  </entry>
  <entry>
    <id>tag:theregister.com,2005:story224545</id>
    <updated>2022-11-04T15:15:12Z</updated>
    <author>
      <name>Lindsay Clark</name>
      <uri>https://search.theregister.com/?author=Lindsay%20Clark</uri>
    </author>
    <link rel="alternate" type="text/html" href="https://go.theregister.com/feed/www.theregister.com/2022/11/04/uk_governement_set_to_extract/"/>
    <title type="html">UK government set to extract hospital data to Palantir system without patient consent</title>
    <summary type="html" xml:base="https://www.theregister.com/">&lt;h4&gt;'You'll be hearing from us,' say privacy campaigners who previously forced the government to back down&lt;/h4&gt; &lt;p&gt;The UK government is set to extract patient-identifiable data from NHS hospital systems and share this with its data platform based on technology from Palantir, a move that seems set to provoke another legal challenge.…&lt;/p&gt;</summary>
  </entry>
  <entry>
    <id>tag:theregister.com,2005:story224548</id>
    <updated>2022-11-04T14:15:35Z</updated>
    <author>
      <name>Dan Robinson</name>
      <uri>https://search.theregister.com/?author=Dan%20Robinson</uri>
    </author>
    <link rel="alternate" type="text/html" href="https://go.theregister.com/feed/www.theregister.com/2022/11/04/us_chip_industry_china_ban/"/>
    <title type="html">US chip industry worried it may lose out to rivals over China ban</title>
    <summary type="html" xml:base="https://www.theregister.com/">&lt;h4&gt;Just hang on while we convince the rest of the world, Commerce Sec tells makers&lt;/h4&gt; &lt;p&gt;US companies that build chipmaking equipment have been told to tough it out as they face a ban on selling to customers in China, while their rivals elsewhere in the world currently have no such restrictions.…&lt;/p&gt; &lt;p&gt;&lt;!--#include virtual='/data_centre/_whitepaper_textlinks_top.html' --&gt;&lt;/p&gt;</summary>
  </entry>
  <entry>
    <id>tag:theregister.com,2005:story224541</id>
    <updated>2022-11-04T13:30:42Z</updated>
    <author>
      <name>Jude Karabus</name>
      <uri>https://search.theregister.com/?author=Jude%20Karabus</uri>
    </author>
    <link rel="alternate" type="text/html" href="https://go.theregister.com/feed/www.theregister.com/2022/11/04/google_nlrb_complaint/"/>
    <title type="html">Google cut contractors off from online 'Share My Salary' spreadsheet, union claims</title>
    <summary type="html" xml:base="https://www.theregister.com/">&lt;h4&gt;Alphabet Workers Union says it's an illegal block of workers' right to discuss pay&lt;/h4&gt; &lt;p&gt;The Alphabet Workers Union (AWU) claims the company blocked access to a shared spreadsheet in which it reckons "hundreds" of subcontracted workers had shared their salary details and "up to 50,000" of those staffers are now prevented from looking them up.…&lt;/p&gt;</summary>
  </entry>
  <entry>
    <id>tag:theregister.com,2005:story224543</id>
    <updated>2022-11-04T12:50:15Z</updated>
    <author>
      <name>Dan Robinson</name>
      <uri>https://search.theregister.com/?author=Dan%20Robinson</uri>
    </author>
    <link rel="alternate" type="text/html" href="https://go.theregister.com/feed/www.theregister.com/2022/11/04/dell_australia_consumer_court/"/>
    <title type="html">Dell hit with Oz court case for misleading prices on monitors</title>
    <summary type="html" xml:base="https://www.theregister.com/">&lt;h4&gt;Watchdog claims add-ons to computer purchases appeared to be discounted but did not reflect the standalone RRP&lt;/h4&gt; &lt;p&gt;Dell's Australian business is in trouble with the country's consumer watchdog for allegedly misleading buyers about the price of displays purchased as an add-on with its computers.…&lt;/p&gt;</summary>
  </entry>
  <entry>
    <id>tag:theregister.com,2005:story224544</id>
    <updated>2022-11-04T12:20:09Z</updated>
    <author>
      <name>Paul Kunert</name>
      <uri>https://search.theregister.com/?author=Paul%20Kunert</uri>
    </author>
    <link rel="alternate" type="text/html" href="https://go.theregister.com/feed/www.theregister.com/2022/11/04/bt_pay_talks_reopened_says_cwu/"/>
    <title type="html">BT re-enters pay talks to prevent further strikes, says union</title>
    <summary type="html" xml:base="https://www.theregister.com/">&lt;h4&gt;What forced the change in attitude? The impact on 40,000 broadband connections possibly&lt;/h4&gt; &lt;p&gt;The Communication Workers Unions (CWU) claims BT Group has agreed to re-enter negotiations to find a solution to the protracted pay dispute that has caused thousands of engineers and call center operators to strike.…&lt;/p&gt;</summary>
  </entry>
  <entry>
    <id>tag:theregister.com,2005:story224542</id>
    <updated>2022-11-04T11:03:13Z</updated>
    <author>
      <name>Richard Currie</name>
      <uri>https://search.theregister.com/?author=Richard%20Currie</uri>
    </author>
    <link rel="alternate" type="text/html" href="https://go.theregister.com/feed/www.theregister.com/2022/11/04/nft_vending_machine/"/>
    <title type="html">NFT vending machine appears in London</title>
    <summary type="html" xml:base="https://www.theregister.com/">&lt;h4&gt;Don't everyone rush at once&lt;/h4&gt; &lt;p&gt;NFTs are dead. And stupid. Don't just take our word for it – Bill Gates, widely considered a pretty smart guy, described them as "100 percent based on greater fool theory" and analyst Forrester recently said "most consumers aren't interested in NFT stunts."…&lt;/p&gt; &lt;p&gt;&lt;!--#include virtual='/data_centre/_whitepaper_textlinks_top.html' --&gt;&lt;/p&gt;</summary>
  </entry>
  <entry>
    <id>tag:theregister.com,2005:story224531</id>
    <updated>2022-11-04T09:34:13Z</updated>
    <author>
      <name>Jeff Burt</name>
      <uri>https://search.theregister.com/?author=Jeff%20Burt</uri>
    </author>
    <link rel="alternate" type="text/html" href="https://go.theregister.com/feed/www.theregister.com/2022/11/04/microsoft_ukraine_tech_support/"/>
    <title type="html">Microsoft gives away '$400m in cloud support' to Ukraine</title>
    <summary type="html" xml:base="https://www.theregister.com/">&lt;h4&gt;Freedom isn't free&lt;/h4&gt; &lt;p&gt;The Ukraine government will continue to be able to run its digital infrastructure through the Microsoft Cloud for free in 2023, the tech giant confirmed today.…&lt;/p&gt;</summary>
  </entry>
  <entry>
    <id>tag:theregister.com,2005:story224518</id>
    <updated>2022-11-04T08:30:14Z</updated>
    <author>
      <name>Richard Currie</name>
      <uri>https://search.theregister.com/?author=Richard%20Currie</uri>
    </author>
    <link rel="alternate" type="text/html" href="https://go.theregister.com/feed/www.theregister.com/2022/11/04/norths_align_britain/"/>
    <title type="html">All of the norths are about to align over Britain</title>
    <summary type="html" xml:base="https://www.theregister.com/">&lt;h4&gt;Magnetic north is on a walkabout, and your OCD will benefit&lt;/h4&gt; &lt;p&gt;UK map lords at the Ordnance Survey have some big news for people with obsessive compulsive personality disorder or otherwise like ev

DEBUG counter: 8

B: 1536, HF:1
Builded XML size before: 11520
Builded XML size after: 11520

==Response L:1536
erything to be neatly lined up.…&lt;/p&gt;</summary>
  </entry>
  <entry>
    <id>tag:theregister.com,2005:story224538</id>
    <updated>2022-11-04T07:32:08Z</updated>
    <author>
      <name>Simon Sharwood</name>
      <uri>https://search.theregister.com/?author=Simon%20Sharwood</uri>
    </author>
    <link rel="alternate" type="text/html" href="https://go.theregister.com/feed/www.theregister.com/2022/11/04/on_call/"/>
    <title type="html">Hot, sweaty builders hosed a server – literally – leaving support with an all-night RAID repair job</title>
    <summary type="html" xml:base="https://www.theregister.com/">&lt;h4&gt;Extension cords are good for power. Extension tubes? Not so good for air&lt;/h4&gt; &lt;p&gt;&lt;strong&gt;On Call&lt;/strong&gt;  As two precious days of free time loom, &lt;i&gt;The Register&lt;/i&gt; offers a two-minute taste of the energy-draining drama that makes weekends so important in another instalment of On-Call, our weekly reader-contributed tale of the messes IT people are asked to address.…&lt;/p&gt;</summary>
  </entry>
  <entry>
    <id>tag:theregister.com,2005:story224540</id>
    <updated>2022-11-04T06:58:13Z</updated>
    <author>
      <name>Simon Sharwood</name>
      <uri>https://search.theregister.com/?author=Simon%20Sharwood</uri>
    </author>
    <link rel="alternate" type="text/html" href="https://go.theregister.com/feed/www.theregister.com/2022/11/04/atlassian_q1_23/"/>
    <title type="html">You fire 'em, we'll hire 'em: Atlassian sees tech layoffs as HR 
==

==XML builded
7dc0
<?xml version="1.0" encoding="UTF-8"?>
<feed xmlns="http://www.w3.org/2005/Atom" xml:lang="en">
  <id>tag:theregister.com,2005:feed/theregister.com/</id>
  <title>The Register</title>
  <link rel="self" type="application/atom+xml" href="https://www.theregister.com/headlines.atom"/>
  <link rel="alternate" type="text/html" href="https://www.theregister.com/"/>
  <rights>Copyright © 2022, Situation Publishing</rights>
  <author>
    <name>Team Register</name>
    <email>webmaster@theregister.co.uk</email>
    <uri>https://www.theregister.com/odds/about/contact/</uri>
  </author>
  <icon>https://www.theregister.com/Design/graphics/icons/favicon.png</icon>
  <subtitle>Biting the hand that feeds IT — Enterprise Technology News and Analysis</subtitle>
  <logo>https://www.theregister.com/Design/graphics/Reg_default/The_Register_r.png</logo>
  <updated>2022-11-04T19:15:11Z</updated>
  <entry>
    <id>tag,:theregister.com,2005:story224552</id>
    <updated>2022-11-04T19:15:11Z</updated>
    <author>
      <name>Brandon Vigliarolo</name>
      <uri>https://search.theregister.com/?author=Brandon%20Vigliarolo</uri>
    </author>
    <link rel="alternate" type="text/html" href="https://go.theregister.com/feed/www.theregister.com/2022/11/04/twitter_warn_act_lawsuit/"/>
    <title type="html">Twitter employees sue over lack of 60-day layoff notice</title>
    <summary type="html" xml:base="https://www.theregister.com/">&lt;h4&gt;Musk-owned companies have now faced 3 WARN Act lawsuits alleging the same thing&lt;/h4&gt; &lt;p&gt;The great Twitter cull of '22 is expected to begin today, but a group of tweeps have preempted the event by filing a class action lawsuit against Twitter for violating the WARN Act.…&lt;/p&gt;</summary>
  </entry>
  <entry>
    <id>tag:theregister.com,2005:story224550</id>
    <updated>2022-11-04T18:30:08Z</updated>
    <author>
      <name>Jeff Burt</name>
      <uri>https://search.theregister.com/?author=Jeff%20Burt</uri>
    </author>
    <link rel="alternate" type="text/html" href="https://go.theregister.com/feed/www.theregister.com/2022/11/04/crimson_kingsnake_bec_scam/"/>
    <title type="html">Double-check demand payment emails from law firms: Convincing fakes surface</title>
    <summary type="html" xml:base="https://www.theregister.com/">&lt;h4&gt;Crimson Kingsnake impersonates legit attorneys, fakes email threads from your colleagues in far-reaching BEC campaign&lt;/h4&gt; &lt;p&gt;A new threat group called Crimson Kingsnake is impersonating real law companies and debt recovery services to intimidate businessess into paying bogus overdue invoices.…&lt;/p&gt; &lt;p&gt;&lt;!--#include virtual='/data_centre/_whitepaper_textlinks_top.html' --&gt;&lt;/p&gt;</summary>
  </entry>
  <entry>
    <id>tag:theregister.com,2005:story224547</id>
    <updated>2022-11-04T17:30:08Z</updated>
    <author>
      <name>Liam Proven</name>
      <uri>https://search.theregister.com/?author=Liam%20Proven</uri>
    </author>
    <link rel="alternate" type="text/html" href="https://go.theregister.com/feed/www.theregister.com/2022/11/04/mozilla_ventures/"/>
    <title type="html">Mozilla Foundation launches ethical venture capital fund</title>
    <summary type="html" xml:base="https://www.theregister.com/">&lt;h4&gt;An unexpected move, but we suspect that Carl Sagan might have approved&lt;/h4&gt; &lt;p&gt;Mozilla has announced the successor to the Mozilla Builders incubator: Mozilla Ventures.…&lt;/p&gt;</summary>
  </entry>
  <entry>
    <id>tag:theregister.com,2005:story224549</id>
    <updated>2022-11-04T16:15:25Z</updated>
    <author>
      <name>Brandon Vigliarolo</name>
      <uri>https://search.theregister.com/?author=Brandon%20Vigliarolo</uri>
    </author>
    <link rel="alternate" type="text/html" href="https://go.theregister.com/feed/www.theregister.com/2022/11/04/starliner_launch_delay/"/>
    <title type="html">Boeing's Starliner launch pushed back again... to April 2023</title>
    <summary type="html" xml:base="https://www.theregister.com/">&lt;h4&gt;The official word is 'scheduling conflicts,' but NASA's safety panel has expressed concerns too&lt;/h4&gt; &lt;p&gt;The first crewed launch of Boeing's Starliner has been delayed again, this time being pushed back to April 2023 from an earlier planned launch date of February.…&lt;/p&gt;</summary>
  </entry>
  <entry>
    <id>tag:theregister.com,2005:story224545</id>
    <updated>2022-11-04T15:15:12Z</updated>
    <author>
      <name>Lindsay Clark</name>
      <uri>https://search.theregister.com/?author=Lindsay%20Clark</uri>
    </author>
    <link rel="alternate" type="text/html" href="https://go.theregister.com/feed/www.theregister.com/2022/11/04/uk_governement_set_to_extract/"/>
    <title type="html">UK government set to extract hospital data to Palantir system without patient consent</title>
    <summary type="html" xml:base="https://www.theregister.com/">&lt;h4&gt;'You'll be hearing from us,' say privacy campaigners who previously forced the government to back down&lt;/h4&gt; &lt;p&gt;The UK government is set to extract patient-identifiable data from NHS hospital systems and share this with its data platform based on technology from Palantir, a move that seems set to provoke another legal challenge.…&lt;/p&gt;</summary>
  </entry>
  <entry>
    <id>tag:theregister.com,2005:story224548</id>
    <updated>2022-11-04T14:15:35Z</updated>
    <author>
      <name>Dan Robinson</name>
      <uri>https://search.theregister.com/?author=Dan%20Robinson</uri>
    </author>
    <link rel="alternate" type="text/html" href="https://go.theregister.com/feed/www.theregister.com/2022/11/04/us_chip_industry_china_ban/"/>
    <title type="html">US chip industry worried it may lose out to rivals over China ban</title>
    <summary type="html" xml:base="https://www.theregister.com/">&lt;h4&gt;Just hang on while we convince the rest of the world, Commerce Sec tells makers&lt;/h4&gt; &lt;p&gt;US companies that build chipmaking equipment have been told to tough it out as they face a ban on selling to customers in China, while their rivals elsewhere in the world currently have no such restrictions.…&lt;/p&gt; &lt;p&gt;&lt;!--#include virtual='/data_centre/_whitepaper_textlinks_top.html' --&gt;&lt;/p&gt;</summary>
  </entry>
  <entry>
    <id>tag:theregister.com,2005:story224541</id>
    <updated>2022-11-04T13:30:42Z</updated>
    <author>
      <name>Jude Karabus</name>
      <uri>https://search.theregister.com/?author=Jude%20Karabus</uri>
    </author>
    <link rel="alternate" type="text/html" href="https://go.theregister.com/feed/www.theregister.com/2022/11/04/google_nlrb_complaint/"/>
    <title type="html">Google cut contractors off from online 'Share My Salary' spreadsheet, union claims</title>
    <summary type="html" xml:base="https://www.theregister.com/">&lt;h4&gt;Alphabet Workers Union says it's an illegal block of workers' right to discuss pay&lt;/h4&gt; &lt;p&gt;The Alphabet Workers Union (AWU) claims the company blocked access to a shared spreadsheet in which it reckons "hundreds" of subcontracted workers had shared their salary details and "up to 50,000" of those staffers are now prevented from looking them up.…&lt;/p&gt;</summary>
  </entry>
  <entry>
    <id>tag:theregister.com,2005:story224543</id>
    <updated>2022-11-04T12:50:15Z</updated>
    <author>
      <name>Dan Robinson</name>
      <uri>https://search.theregister.com/?author=Dan%20Robinson</uri>
    </author>
    <link rel="alternate" type="text/html" href="https://go.theregister.com/feed/www.theregister.com/2022/11/04/dell_australia_consumer_court/"/>
    <title type="html">Dell hit with Oz court case for misleading prices on monitors</title>
    <summary type="html" xml:base="https://www.theregister.com/">&lt;h4&gt;Watchdog claims add-ons to computer purchases appeared to be discounted but did not reflect the standalone RRP&lt;/h4&gt; &lt;p&gt;Dell's Australian business is in trouble with the country's consumer watchdog for allegedly misleading buyers about the price of displays purchased as an add-on with its computers.…&lt;/p&gt;</summary>
  </entry>
  <entry>
    <id>tag:theregister.com,2005:story224544</id>
    <updated>2022-11-04T12:20:09Z</updated>
    <author>
      <name>Paul Kunert</name>
      <uri>https://search.theregister.com/?author=Paul%20Kunert</uri>
    </author>
    <link rel="alternate" type="text/html" href="https://go.theregister.com/feed/www.theregister.com/2022/11/04/bt_pay_talks_reopened_says_cwu/"/>
    <title type="html">BT re-enters pay talks to prevent further strikes, says union</title>
    <summary type="html" xml:base="https://www.theregister.com/">&lt;h4&gt;What forced the change in attitude? The impact on 40,000 broadband connections possibly&lt;/h4&gt; &lt;p&gt;The Communication Workers Unions (CWU) claims BT Group has agreed to re-enter negotiations to find a solution to the protracted pay dispute that has caused thousands of engineers and call center operators to strike.…&lt;/p&gt;</summary>
  </entry>
  <entry>
    <id>tag:theregister.com,2005:story224542</id>
    <updated>2022-11-04T11:03:13Z</updated>
    <author>
      <name>Richard Currie</name>
      <uri>https://search.theregister.com/?author=Richard%20Currie</uri>
    </author>
    <link rel="alternate" type="text/html" href="https://go.theregister.com/feed/www.theregister.com/2022/11/04/nft_vending_machine/"/>
    <title type="html">NFT vending machine appears in London</title>
    <summary type="html" xml:base="https://www.theregister.com/">&lt;h4&gt;Don't everyone rush at once&lt;/h4&gt; &lt;p&gt;NFTs are dead. And stupid. Don't just take our word for it – Bill Gates, widely considered a pretty smart guy, described them as "100 percent based on greater fool theory" and analyst Forrester recently said "most consumers aren't interested in NFT stunts."…&lt;/p&gt; &lt;p&gt;&lt;!--#include virtual='/data_centre/_whitepaper_textlinks_top.html' --&gt;&lt;/p&gt;</summary>
  </entry>
  <entry>
    <id>tag:theregister.com,2005:story224531</id>
    <updated>2022-11-04T09:34:13Z</updated>
    <author>
      <name>Jeff Burt</name>
      <uri>https://search.theregister.com/?author=Jeff%20Burt</uri>
    </author>
    <link rel="alternate" type="text/html" href="https://go.theregister.com/feed/www.theregister.com/2022/11/04/microsoft_ukraine_tech_support/"/>
    <title type="html">Microsoft gives away '$400m in cloud support' to Ukraine</title>
    <summary type="html" xml:base="https://www.theregister.com/">&lt;h4&gt;Freedom isn't free&lt;/h4&gt; &lt;p&gt;The Ukraine government will continue to be able to run its digital infrastructure through the Microsoft Cloud for free in 2023, the tech giant confirmed today.…&lt;/p&gt;</summary>
  </entry>
  <entry>
    <id>tag:theregister.com,2005:story224518</id>
    <updated>2022-11-04T08:30:14Z</updated>
    <author>
      <name>Richard Currie</name>
      <uri>https://search.theregister.com/?author=Richard%20Currie</uri>
    </author>
    <link rel="alternate" type="text/html" href="https://go.theregister.com/feed/www.theregister.com/2022/11/04/norths_align_britain/"/>
    <title type="html">All of the norths are about to align over Britain</title>
    <summary type="html" xml:base="https://www.theregister.com/">&lt;h4&gt;Magnetic north is on a walkabout, and your OCD will benefit&lt;/h4&gt; &lt;p&gt;UK map lords at the Ordnance Survey have some big news for people with obsessive compulsive personality disorder or otherwise like everything to be neatly lined up.…&lt;/p&gt;</summary>
  </entry>
  <entry>
    <id>tag:theregister.com,2005:story224538</id>
    <updated>2022-11-04T07:32:08Z</updated>
    <author>
      <name>Simon Sharwood</name>
      <uri>https://search.theregister.com/?author=Simon%20Sharwood</uri>
    </author>
    <link rel="alternate" type="text/html" href="https://go.theregister.com/feed/www.theregister.com/2022/11/04/on_call/"/>
    <title type="html">Hot, sweaty builders hosed a server – literally – leaving support with an all-night RAID repair job</title>
    <summary type="html" xml:base="https://www.theregister.com/">&lt;h4&gt;Extension cords are good for power. Extension tubes? Not so good for air&lt;/h4&gt; &lt;p&gt;&lt;strong&gt;On Call&lt;/strong&gt;  As two precious days of free time loom, &lt;i&gt;The Register&lt;/i&gt; offers a two-minute taste of the energy-draining drama that makes weekends so important in another instalment of On-Call, our weekly reader-contributed tale of the messes IT people are asked to address.…&lt;/p&gt;</summary>
  </entry>
  <entry>
    <id>tag:theregister.com,2005:story224540</id>
    <updated>2022-11-04T06:58:13Z</updated>
    <author>
      <name>Simon Sharwood</name>
      <uri>https://search.theregister.com/?author=Simon%20Sharwood</uri>
    </author>
    <link rel="alternate" type="text/html" href="https://go.theregister.com/feed/www.theregister.com/2022/11/04/atlassian_q1_23/"/>
    <title type="html">You fire 'em, we'll hire 'em: Atlassian sees tech layoffs as HR 

DEBUG counter: 9

B: 1536, HF:1
Builded XML size before: 13056
Builded XML size after: 13056

==Response L:1536
heaven</title>
    <summary type="html" xml:base="https://www.theregister.com/">&lt;h4&gt;But investors aren't impressed by losses and unpleasant outlook&lt;/h4&gt; &lt;p&gt;Atlassian sees the current round of layoffs and hiring freezes across the tech industry as an opportunity on which it hopes to capitalise – even as its own share price slumps.…&lt;/p&gt;</summary>
  </entry>
  <entry>
    <id>tag:theregister.com,2005:story224529</id>
    <updated>2022-11-04T06:22:06Z</updated>
    <author>
      <name>Jessica Lyons Hardcastle</name>
      <uri>https://search.theregister.com/?author=Jessica%20Lyons%20Hardcastle</uri>
    </author>
    <link rel="alternate" type="text/html" href="https://go.theregister.com/feed/www.theregister.com/2022/11/04/french_opera1er_group_ib/"/>
    <title type="html">French-speaking voleurs stole $30m in 15-country bank, telecoms cyber-heist spree</title>
    <summary type="html" xml:base="https://www.theregister.com/">&lt;h4&gt;Smooth 'OPERA1ER' hit orgs around the world over four or more years&lt;/h4&gt; &lt;p&gt;A French-speaking criminal group codenamed OPERA1ER has pulled off more than 30 cyber-heists against telecom organizations and banks across Africa, Asia, and Latin America, stealing upwards of $30 million over four years, according to security researchers.…&lt;/p&gt; &lt;p&gt;&lt;!--#include virtual='/data_centre/_whitepaper_textlinks_top.html' --&gt;&lt;/p&gt;</summary>
  </entry>
  <entry>
    <id>tag:theregister.com,2005:story224539</id>
    <updated>2022-11-04T05
==

==XML builded
7dc0
<?xml version="1.0" encoding="UTF-8"?>
<feed xmlns="http://www.w3.org/2005/Atom" xml:lang="en">
  <id>tag:theregister.com,2005:feed/theregister.com/</id>
  <title>The Register</title>
  <link rel="self" type="application/atom+xml" href="https://www.theregister.com/headlines.atom"/>
  <link rel="alternate" type="text/html" href="https://www.theregister.com/"/>
  <rights>Copyright © 2022, Situation Publishing</rights>
  <author>
    <name>Team Register</name>
    <email>webmaster@theregister.co.uk</email>
    <uri>https://www.theregister.com/odds/about/contact/</uri>
  </author>
  <icon>https://www.theregister.com/Design/graphics/icons/favicon.png</icon>
  <subtitle>Biting the hand that feeds IT — Enterprise Technology News and Analysis</subtitle>
  <logo>https://www.theregister.com/Design/graphics/Reg_default/The_Register_r.png</logo>
  <updated>2022-11-04T19:15:11Z</updated>
  <entry>
    <id>tag,:theregister.com,2005:story224552</id>
    <updated>2022-11-04T19:15:11Z</updated>
    <author>
      <name>Brandon Vigliarolo</name>
      <uri>https://search.theregister.com/?author=Brandon%20Vigliarolo</uri>
    </author>
    <link rel="alternate" type="text/html" href="https://go.theregister.com/feed/www.theregister.com/2022/11/04/twitter_warn_act_lawsuit/"/>
    <title type="html">Twitter employees sue over lack of 60-day layoff notice</title>
    <summary type="html" xml:base="https://www.theregister.com/">&lt;h4&gt;Musk-owned companies have now faced 3 WARN Act lawsuits alleging the same thing&lt;/h4&gt; &lt;p&gt;The great Twitter cull of '22 is expected to begin today, but a group of tweeps have preempted the event by filing a class action lawsuit against Twitter for violating the WARN Act.…&lt;/p&gt;</summary>
  </entry>
  <entry>
    <id>tag:theregister.com,2005:story224550</id>
    <updated>2022-11-04T18:30:08Z</updated>
    <author>
      <name>Jeff Burt</name>
      <uri>https://search.theregister.com/?author=Jeff%20Burt</uri>
    </author>
    <link rel="alternate" type="text/html" href="https://go.theregister.com/feed/www.theregister.com/2022/11/04/crimson_kingsnake_bec_scam/"/>
    <title type="html">Double-check demand payment emails from law firms: Convincing fakes surface</title>
    <summary type="html" xml:base="https://www.theregister.com/">&lt;h4&gt;Crimson Kingsnake impersonates legit attorneys, fakes email threads from your colleagues in far-reaching BEC campaign&lt;/h4&gt; &lt;p&gt;A new threat group called Crimson Kingsnake is impersonating real law companies and debt recovery services to intimidate businessess into paying bogus overdue invoices.…&lt;/p&gt; &lt;p&gt;&lt;!--#include virtual='/data_centre/_whitepaper_textlinks_top.html' --&gt;&lt;/p&gt;</summary>
  </entry>
  <entry>
    <id>tag:theregister.com,2005:story224547</id>
    <updated>2022-11-04T17:30:08Z</updated>
    <author>
      <name>Liam Proven</name>
      <uri>https://search.theregister.com/?author=Liam%20Proven</uri>
    </author>
    <link rel="alternate" type="text/html" href="https://go.theregister.com/feed/www.theregister.com/2022/11/04/mozilla_ventures/"/>
    <title type="html">Mozilla Foundation launches ethical venture capital fund</title>
    <summary type="html" xml:base="https://www.theregister.com/">&lt;h4&gt;An unexpected move, but we suspect that Carl Sagan might have approved&lt;/h4&gt; &lt;p&gt;Mozilla has announced the successor to the Mozilla Builders incubator: Mozilla Ventures.…&lt;/p&gt;</summary>
  </entry>
  <entry>
    <id>tag:theregister.com,2005:story224549</id>
    <updated>2022-11-04T16:15:25Z</updated>
    <author>
      <name>Brandon Vigliarolo</name>
      <uri>https://search.theregister.com/?author=Brandon%20Vigliarolo</uri>
    </author>
    <link rel="alternate" type="text/html" href="https://go.theregister.com/feed/www.theregister.com/2022/11/04/starliner_launch_delay/"/>
    <title type="html">Boeing's Starliner launch pushed back again... to April 2023</title>
    <summary type="html" xml:base="https://www.theregister.com/">&lt;h4&gt;The official word is 'scheduling conflicts,' but NASA's safety panel has expressed concerns too&lt;/h4&gt; &lt;p&gt;The first crewed launch of Boeing's Starliner has been delayed again, this time being pushed back to April 2023 from an earlier planned launch date of February.…&lt;/p&gt;</summary>
  </entry>
  <entry>
    <id>tag:theregister.com,2005:story224545</id>
    <updated>2022-11-04T15:15:12Z</updated>
    <author>
      <name>Lindsay Clark</name>
      <uri>https://search.theregister.com/?author=Lindsay%20Clark</uri>
    </author>
    <link rel="alternate" type="text/html" href="https://go.theregister.com/feed/www.theregister.com/2022/11/04/uk_governement_set_to_extract/"/>
    <title type="html">UK government set to extract hospital data to Palantir system without patient consent</title>
    <summary type="html" xml:base="https://www.theregister.com/">&lt;h4&gt;'You'll be hearing from us,' say privacy campaigners who previously forced the government to back down&lt;/h4&gt; &lt;p&gt;The UK government is set to extract patient-identifiable data from NHS hospital systems and share this with its data platform based on technology from Palantir, a move that seems set to provoke another legal challenge.…&lt;/p&gt;</summary>
  </entry>
  <entry>
    <id>tag:theregister.com,2005:story224548</id>
    <updated>2022-11-04T14:15:35Z</updated>
    <author>
      <name>Dan Robinson</name>
      <uri>https://search.theregister.com/?author=Dan%20Robinson</uri>
    </author>
    <link rel="alternate" type="text/html" href="https://go.theregister.com/feed/www.theregister.com/2022/11/04/us_chip_industry_china_ban/"/>
    <title type="html">US chip industry worried it may lose out to rivals over China ban</title>
    <summary type="html" xml:base="https://www.theregister.com/">&lt;h4&gt;Just hang on while we convince the rest of the world, Commerce Sec tells makers&lt;/h4&gt; &lt;p&gt;US companies that build chipmaking equipment have been told to tough it out as they face a ban on selling to customers in China, while their rivals elsewhere in the world currently have no such restrictions.…&lt;/p&gt; &lt;p&gt;&lt;!--#include virtual='/data_centre/_whitepaper_textlinks_top.html' --&gt;&lt;/p&gt;</summary>
  </entry>
  <entry>
    <id>tag:theregister.com,2005:story224541</id>
    <updated>2022-11-04T13:30:42Z</updated>
    <author>
      <name>Jude Karabus</name>
      <uri>https://search.theregister.com/?author=Jude%20Karabus</uri>
    </author>
    <link rel="alternate" type="text/html" href="https://go.theregister.com/feed/www.theregister.com/2022/11/04/google_nlrb_complaint/"/>
    <title type="html">Google cut contractors off from online 'Share My Salary' spreadsheet, union claims</title>
    <summary type="html" xml:base="https://www.theregister.com/">&lt;h4&gt;Alphabet Workers Union says it's an illegal block of workers' right to discuss pay&lt;/h4&gt; &lt;p&gt;The Alphabet Workers Union (AWU) claims the company blocked access to a shared spreadsheet in which it reckons "hundreds" of subcontracted workers had shared their salary details and "up to 50,000" of those staffers are now prevented from looking them up.…&lt;/p&gt;</summary>
  </entry>
  <entry>
    <id>tag:theregister.com,2005:story224543</id>
    <updated>2022-11-04T12:50:15Z</updated>
    <author>
      <name>Dan Robinson</name>
      <uri>https://search.theregister.com/?author=Dan%20Robinson</uri>
    </author>
    <link rel="alternate" type="text/html" href="https://go.theregister.com/feed/www.theregister.com/2022/11/04/dell_australia_consumer_court/"/>
    <title type="html">Dell hit with Oz court case for misleading prices on monitors</title>
    <summary type="html" xml:base="https://www.theregister.com/">&lt;h4&gt;Watchdog claims add-ons to computer purchases appeared to be discounted but did not reflect the standalone RRP&lt;/h4&gt; &lt;p&gt;Dell's Australian business is in trouble with the country's consumer watchdog for allegedly misleading buyers about the price of displays purchased as an add-on with its computers.…&lt;/p&gt;</summary>
  </entry>
  <entry>
    <id>tag:theregister.com,2005:story224544</id>
    <updated>2022-11-04T12:20:09Z</updated>
    <author>
      <name>Paul Kunert</name>
      <uri>https://search.theregister.com/?author=Paul%20Kunert</uri>
    </author>
    <link rel="alternate" type="text/html" href="https://go.theregister.com/feed/www.theregister.com/2022/11/04/bt_pay_talks_reopened_says_cwu/"/>
    <title type="html">BT re-enters pay talks to prevent further strikes, says union</title>
    <summary type="html" xml:base="https://www.theregister.com/">&lt;h4&gt;What forced the change in attitude? The impact on 40,000 broadband connections possibly&lt;/h4&gt; &lt;p&gt;The Communication Workers Unions (CWU) claims BT Group has agreed to re-enter negotiations to find a solution to the protracted pay dispute that has caused thousands of engineers and call center operators to strike.…&lt;/p&gt;</summary>
  </entry>
  <entry>
    <id>tag:theregister.com,2005:story224542</id>
    <updated>2022-11-04T11:03:13Z</updated>
    <author>
      <name>Richard Currie</name>
      <uri>https://search.theregister.com/?author=Richard%20Currie</uri>
    </author>
    <link rel="alternate" type="text/html" href="https://go.theregister.com/feed/www.theregister.com/2022/11/04/nft_vending_machine/"/>
    <title type="html">NFT vending machine appears in London</title>
    <summary type="html" xml:base="https://www.theregister.com/">&lt;h4&gt;Don't everyone rush at once&lt;/h4&gt; &lt;p&gt;NFTs are dead. And stupid. Don't just take our word for it – Bill Gates, widely considered a pretty smart guy, described them as "100 percent based on greater fool theory" and analyst Forrester recently said "most consumers aren't interested in NFT stunts."…&lt;/p&gt; &lt;p&gt;&lt;!--#include virtual='/data_centre/_whitepaper_textlinks_top.html' --&gt;&lt;/p&gt;</summary>
  </entry>
  <entry>
    <id>tag:theregister.com,2005:story224531</id>
    <updated>2022-11-04T09:34:13Z</updated>
    <author>
      <name>Jeff Burt</name>
      <uri>https://search.theregister.com/?author=Jeff%20Burt</uri>
    </author>
    <link rel="alternate" type="text/html" href="https://go.theregister.com/feed/www.theregister.com/2022/11/04/microsoft_ukraine_tech_support/"/>
    <title type="html">Microsoft gives away '$400m in cloud support' to Ukraine</title>
    <summary type="html" xml:base="https://www.theregister.com/">&lt;h4&gt;Freedom isn't free&lt;/h4&gt; &lt;p&gt;The Ukraine government will continue to be able to run its digital infrastructure through the Microsoft Cloud for free in 2023, the tech giant confirmed today.…&lt;/p&gt;</summary>
  </entry>
  <entry>
    <id>tag:theregister.com,2005:story224518</id>
    <updated>2022-11-04T08:30:14Z</updated>
    <author>
      <name>Richard Currie</name>
      <uri>https://search.theregister.com/?author=Richard%20Currie</uri>
    </author>
    <link rel="alternate" type="text/html" href="https://go.theregister.com/feed/www.theregister.com/2022/11/04/norths_align_britain/"/>
    <title type="html">All of the norths are about to align over Britain</title>
    <summary type="html" xml:base="https://www.theregister.com/">&lt;h4&gt;Magnetic north is on a walkabout, and your OCD will benefit&lt;/h4&gt; &lt;p&gt;UK map lords at the Ordnance Survey have some big news for people with obsessive compulsive personality disorder or otherwise like everything to be neatly lined up.…&lt;/p&gt;</summary>
  </entry>
  <entry>
    <id>tag:theregister.com,2005:story224538</id>
    <updated>2022-11-04T07:32:08Z</updated>
    <author>
      <name>Simon Sharwood</name>
      <uri>https://search.theregister.com/?author=Simon%20Sharwood</uri>
    </author>
    <link rel="alternate" type="text/html" href="https://go.theregister.com/feed/www.theregister.com/2022/11/04/on_call/"/>
    <title type="html">Hot, sweaty builders hosed a server – literally – leaving support with an all-night RAID repair job</title>
    <summary type="html" xml:base="https://www.theregister.com/">&lt;h4&gt;Extension cords are good for power. Extension tubes? Not so good for air&lt;/h4&gt; &lt;p&gt;&lt;strong&gt;On Call&lt;/strong&gt;  As two precious days of free time loom, &lt;i&gt;The Register&lt;/i&gt; offers a two-minute taste of the energy-draining drama that makes weekends so important in another instalment of On-Call, our weekly reader-contributed tale of the messes IT people are asked to address.…&lt;/p&gt;</summary>
  </entry>
  <entry>
    <id>tag:theregister.com,2005:story224540</id>
    <updated>2022-11-04T06:58:13Z</updated>
    <author>
      <name>Simon Sharwood</name>
      <uri>https://search.theregister.com/?author=Simon%20Sharwood</uri>
    </author>
    <link rel="alternate" type="text/html" href="https://go.theregister.com/feed/www.theregister.com/2022/11/04/atlassian_q1_23/"/>
    <title type="html">You fire 'em, we'll hire 'em: Atlassian sees tech layoffs as HR heaven</title>
    <summary type="html" xml:base="https://www.theregister.com/">&lt;h4&gt;But investors aren't impressed by losses and unpleasant outlook&lt;/h4&gt; &lt;p&gt;Atlassian sees the current round of layoffs and hiring freezes across the tech industry as an opportunity on which it hopes to capitalise – even as its own share price slumps.…&lt;/p&gt;</summary>
  </entry>
  <entry>
    <id>tag:theregister.com,2005:story224529</id>
    <updated>2022-11-04T06:22:06Z</updated>
    <author>
      <name>Jessica Lyons Hardcastle</name>
      <uri>https://search.theregister.com/?author=Jessica%20Lyons%20Hardcastle</uri>
    </author>
    <link rel="alternate" type="text/html" href="https://go.theregister.com/feed/www.theregister.com/2022/11/04/french_opera1er_group_ib/"/>
    <title type="html">French-speaking voleurs stole $30m in 15-country bank, telecoms cyber-heist spree</title>
    <summary type="html" xml:base="https://www.theregister.com/">&lt;h4&gt;Smooth 'OPERA1ER' hit orgs around the world over four or more years&lt;/h4&gt; &lt;p&gt;A French-speaking criminal group codenamed OPERA1ER has pulled off more than 30 cyber-heists against telecom organizations and banks across Africa, Asia, and Latin America, stealing upwards of $30 million over four years, according to security researchers.…&lt;/p&gt; &lt;p&gt;&lt;!--#include virtual='/data_centre/_whitepaper_textlinks_top.html' --&gt;&lt;/p&gt;</summary>
  </entry>
  <entry>
    <id>tag:theregister.com,2005:story224539</id>
    <updated>2022-11-04T05

DEBUG counter: 10

B: 1536, HF:1
Builded XML size before: 14592
Builded XML size after: 14592

==Response L:1536
:59:11Z</updated>
    <author>
      <name>Laura Dobberstein</name>
      <uri>https://search.theregister.com/?author=Laura%20Dobberstein</uri>
    </author>
    <link rel="alternate" type="text/html" href="https://go.theregister.com/feed/www.theregister.com/2022/11/04/xiaomi_concept_phone_with_mounted/"/>
    <title type="html">Xiaomi reveals bonkers phone with bolted-on Leica lens that will make you look like a dork</title>
    <summary type="html" xml:base="https://www.theregister.com/">&lt;h4&gt;A weighty lens, placed off-centre on a lightweight smartphone – what could possibly go wrong?&lt;/h4&gt; &lt;p&gt;Chinese smartphone darling has shown off a phone with a full camera lens bolted to its back – which looks very dorky, but thankfully is only a concept device.…&lt;/p&gt;</summary>
  </entry>
  <entry>
    <id>tag:theregister.com,2005:story224537</id>
    <updated>2022-11-04T04:58:05Z</updated>
    <author>
      <name>Simon Sharwood</name>
      <uri>https://search.theregister.com/?author=Simon%20Sharwood</uri>
    </author>
    <link rel="alternate" type="text/html" href="https://go.theregister.com/feed/www.theregister.com/2022/11/04/lenovo_isg_profitable_four_quarters/"/>
    <title type="html">After years of losses, Lenovo's infrastructure group posts 12 months of profits</title>
    <summary type="html" xml:base="https://www.theregister.com/">&lt;h4&gt;Execs say enterprise hardware biz is flying – don't mention the sub-one-percent profit&lt;/h4&gt; &lt;p&gt;In February 2022 Lenovo &lt;a targe
==

==XML builded
7dc0
<?xml version="1.0" encoding="UTF-8"?>
<feed xmlns="http://www.w3.org/2005/Atom" xml:lang="en">
  <id>tag:theregister.com,2005:feed/theregister.com/</id>
  <title>The Register</title>
  <link rel="self" type="application/atom+xml" href="https://www.theregister.com/headlines.atom"/>
  <link rel="alternate" type="text/html" href="https://www.theregister.com/"/>
  <rights>Copyright © 2022, Situation Publishing</rights>
  <author>
    <name>Team Register</name>
    <email>webmaster@theregister.co.uk</email>
    <uri>https://www.theregister.com/odds/about/contact/</uri>
  </author>
  <icon>https://www.theregister.com/Design/graphics/icons/favicon.png</icon>
  <subtitle>Biting the hand that feeds IT — Enterprise Technology News and Analysis</subtitle>
  <logo>https://www.theregister.com/Design/graphics/Reg_default/The_Register_r.png</logo>
  <updated>2022-11-04T19:15:11Z</updated>
  <entry>
    <id>tag,:theregister.com,2005:story224552</id>
    <updated>2022-11-04T19:15:11Z</updated>
    <author>
      <name>Brandon Vigliarolo</name>
      <uri>https://search.theregister.com/?author=Brandon%20Vigliarolo</uri>
    </author>
    <link rel="alternate" type="text/html" href="https://go.theregister.com/feed/www.theregister.com/2022/11/04/twitter_warn_act_lawsuit/"/>
    <title type="html">Twitter employees sue over lack of 60-day layoff notice</title>
    <summary type="html" xml:base="https://www.theregister.com/">&lt;h4&gt;Musk-owned companies have now faced 3 WARN Act lawsuits alleging the same thing&lt;/h4&gt; &lt;p&gt;The great Twitter cull of '22 is expected to begin today, but a group of tweeps have preempted the event by filing a class action lawsuit against Twitter for violating the WARN Act.…&lt;/p&gt;</summary>
  </entry>
  <entry>
    <id>tag:theregister.com,2005:story224550</id>
    <updated>2022-11-04T18:30:08Z</updated>
    <author>
      <name>Jeff Burt</name>
      <uri>https://search.theregister.com/?author=Jeff%20Burt</uri>
    </author>
    <link rel="alternate" type="text/html" href="https://go.theregister.com/feed/www.theregister.com/2022/11/04/crimson_kingsnake_bec_scam/"/>
    <title type="html">Double-check demand payment emails from law firms: Convincing fakes surface</title>
    <summary type="html" xml:base="https://www.theregister.com/">&lt;h4&gt;Crimson Kingsnake impersonates legit attorneys, fakes email threads from your colleagues in far-reaching BEC campaign&lt;/h4&gt; &lt;p&gt;A new threat group called Crimson Kingsnake is impersonating real law companies and debt recovery services to intimidate businessess into paying bogus overdue invoices.…&lt;/p&gt; &lt;p&gt;&lt;!--#include virtual='/data_centre/_whitepaper_textlinks_top.html' --&gt;&lt;/p&gt;</summary>
  </entry>
  <entry>
    <id>tag:theregister.com,2005:story224547</id>
    <updated>2022-11-04T17:30:08Z</updated>
    <author>
      <name>Liam Proven</name>
      <uri>https://search.theregister.com/?author=Liam%20Proven</uri>
    </author>
    <link rel="alternate" type="text/html" href="https://go.theregister.com/feed/www.theregister.com/2022/11/04/mozilla_ventures/"/>
    <title type="html">Mozilla Foundation launches ethical venture capital fund</title>
    <summary type="html" xml:base="https://www.theregister.com/">&lt;h4&gt;An unexpected move, but we suspect that Carl Sagan might have approved&lt;/h4&gt; &lt;p&gt;Mozilla has announced the successor to the Mozilla Builders incubator: Mozilla Ventures.…&lt;/p&gt;</summary>
  </entry>
  <entry>
    <id>tag:theregister.com,2005:story224549</id>
    <updated>2022-11-04T16:15:25Z</updated>
    <author>
      <name>Brandon Vigliarolo</name>
      <uri>https://search.theregister.com/?author=Brandon%20Vigliarolo</uri>
    </author>
    <link rel="alternate" type="text/html" href="https://go.theregister.com/feed/www.theregister.com/2022/11/04/starliner_launch_delay/"/>
    <title type="html">Boeing's Starliner launch pushed back again... to April 2023</title>
    <summary type="html" xml:base="https://www.theregister.com/">&lt;h4&gt;The official word is 'scheduling conflicts,' but NASA's safety panel has expressed concerns too&lt;/h4&gt; &lt;p&gt;The first crewed launch of Boeing's Starliner has been delayed again, this time being pushed back to April 2023 from an earlier planned launch date of February.…&lt;/p&gt;</summary>
  </entry>
  <entry>
    <id>tag:theregister.com,2005:story224545</id>
    <updated>2022-11-04T15:15:12Z</updated>
    <author>
      <name>Lindsay Clark</name>
      <uri>https://search.theregister.com/?author=Lindsay%20Clark</uri>
    </author>
    <link rel="alternate" type="text/html" href="https://go.theregister.com/feed/www.theregister.com/2022/11/04/uk_governement_set_to_extract/"/>
    <title type="html">UK government set to extract hospital data to Palantir system without patient consent</title>
    <summary type="html" xml:base="https://www.theregister.com/">&lt;h4&gt;'You'll be hearing from us,' say privacy campaigners who previously forced the government to back down&lt;/h4&gt; &lt;p&gt;The UK government is set to extract patient-identifiable data from NHS hospital systems and share this with its data platform based on technology from Palantir, a move that seems set to provoke another legal challenge.…&lt;/p&gt;</summary>
  </entry>
  <entry>
    <id>tag:theregister.com,2005:story224548</id>
    <updated>2022-11-04T14:15:35Z</updated>
    <author>
      <name>Dan Robinson</name>
      <uri>https://search.theregister.com/?author=Dan%20Robinson</uri>
    </author>
    <link rel="alternate" type="text/html" href="https://go.theregister.com/feed/www.theregister.com/2022/11/04/us_chip_industry_china_ban/"/>
    <title type="html">US chip industry worried it may lose out to rivals over China ban</title>
    <summary type="html" xml:base="https://www.theregister.com/">&lt;h4&gt;Just hang on while we convince the rest of the world, Commerce Sec tells makers&lt;/h4&gt; &lt;p&gt;US companies that build chipmaking equipment have been told to tough it out as they face a ban on selling to customers in China, while their rivals elsewhere in the world currently have no such restrictions.…&lt;/p&gt; &lt;p&gt;&lt;!--#include virtual='/data_centre/_whitepaper_textlinks_top.html' --&gt;&lt;/p&gt;</summary>
  </entry>
  <entry>
    <id>tag:theregister.com,2005:story224541</id>
    <updated>2022-11-04T13:30:42Z</updated>
    <author>
      <name>Jude Karabus</name>
      <uri>https://search.theregister.com/?author=Jude%20Karabus</uri>
    </author>
    <link rel="alternate" type="text/html" href="https://go.theregister.com/feed/www.theregister.com/2022/11/04/google_nlrb_complaint/"/>
    <title type="html">Google cut contractors off from online 'Share My Salary' spreadsheet, union claims</title>
    <summary type="html" xml:base="https://www.theregister.com/">&lt;h4&gt;Alphabet Workers Union says it's an illegal block of workers' right to discuss pay&lt;/h4&gt; &lt;p&gt;The Alphabet Workers Union (AWU) claims the company blocked access to a shared spreadsheet in which it reckons "hundreds" of subcontracted workers had shared their salary details and "up to 50,000" of those staffers are now prevented from looking them up.…&lt;/p&gt;</summary>
  </entry>
  <entry>
    <id>tag:theregister.com,2005:story224543</id>
    <updated>2022-11-04T12:50:15Z</updated>
    <author>
      <name>Dan Robinson</name>
      <uri>https://search.theregister.com/?author=Dan%20Robinson</uri>
    </author>
    <link rel="alternate" type="text/html" href="https://go.theregister.com/feed/www.theregister.com/2022/11/04/dell_australia_consumer_court/"/>
    <title type="html">Dell hit with Oz court case for misleading prices on monitors</title>
    <summary type="html" xml:base="https://www.theregister.com/">&lt;h4&gt;Watchdog claims add-ons to computer purchases appeared to be discounted but did not reflect the standalone RRP&lt;/h4&gt; &lt;p&gt;Dell's Australian business is in trouble with the country's consumer watchdog for allegedly misleading buyers about the price of displays purchased as an add-on with its computers.…&lt;/p&gt;</summary>
  </entry>
  <entry>
    <id>tag:theregister.com,2005:story224544</id>
    <updated>2022-11-04T12:20:09Z</updated>
    <author>
      <name>Paul Kunert</name>
      <uri>https://search.theregister.com/?author=Paul%20Kunert</uri>
    </author>
    <link rel="alternate" type="text/html" href="https://go.theregister.com/feed/www.theregister.com/2022/11/04/bt_pay_talks_reopened_says_cwu/"/>
    <title type="html">BT re-enters pay talks to prevent further strikes, says union</title>
    <summary type="html" xml:base="https://www.theregister.com/">&lt;h4&gt;What forced the change in attitude? The impact on 40,000 broadband connections possibly&lt;/h4&gt; &lt;p&gt;The Communication Workers Unions (CWU) claims BT Group has agreed to re-enter negotiations to find a solution to the protracted pay dispute that has caused thousands of engineers and call center operators to strike.…&lt;/p&gt;</summary>
  </entry>
  <entry>
    <id>tag:theregister.com,2005:story224542</id>
    <updated>2022-11-04T11:03:13Z</updated>
    <author>
      <name>Richard Currie</name>
      <uri>https://search.theregister.com/?author=Richard%20Currie</uri>
    </author>
    <link rel="alternate" type="text/html" href="https://go.theregister.com/feed/www.theregister.com/2022/11/04/nft_vending_machine/"/>
    <title type="html">NFT vending machine appears in London</title>
    <summary type="html" xml:base="https://www.theregister.com/">&lt;h4&gt;Don't everyone rush at once&lt;/h4&gt; &lt;p&gt;NFTs are dead. And stupid. Don't just take our word for it – Bill Gates, widely considered a pretty smart guy, described them as "100 percent based on greater fool theory" and analyst Forrester recently said "most consumers aren't interested in NFT stunts."…&lt;/p&gt; &lt;p&gt;&lt;!--#include virtual='/data_centre/_whitepaper_textlinks_top.html' --&gt;&lt;/p&gt;</summary>
  </entry>
  <entry>
    <id>tag:theregister.com,2005:story224531</id>
    <updated>2022-11-04T09:34:13Z</updated>
    <author>
      <name>Jeff Burt</name>
      <uri>https://search.theregister.com/?author=Jeff%20Burt</uri>
    </author>
    <link rel="alternate" type="text/html" href="https://go.theregister.com/feed/www.theregister.com/2022/11/04/microsoft_ukraine_tech_support/"/>
    <title type="html">Microsoft gives away '$400m in cloud support' to Ukraine</title>
    <summary type="html" xml:base="https://www.theregister.com/">&lt;h4&gt;Freedom isn't free&lt;/h4&gt; &lt;p&gt;The Ukraine government will continue to be able to run its digital infrastructure through the Microsoft Cloud for free in 2023, the tech giant confirmed today.…&lt;/p&gt;</summary>
  </entry>
  <entry>
    <id>tag:theregister.com,2005:story224518</id>
    <updated>2022-11-04T08:30:14Z</updated>
    <author>
      <name>Richard Currie</name>
      <uri>https://search.theregister.com/?author=Richard%20Currie</uri>
    </author>
    <link rel="alternate" type="text/html" href="https://go.theregister.com/feed/www.theregister.com/2022/11/04/norths_align_britain/"/>
    <title type="html">All of the norths are about to align over Britain</title>
    <summary type="html" xml:base="https://www.theregister.com/">&lt;h4&gt;Magnetic north is on a walkabout, and your OCD will benefit&lt;/h4&gt; &lt;p&gt;UK map lords at the Ordnance Survey have some big news for people with obsessive compulsive personality disorder or otherwise like everything to be neatly lined up.…&lt;/p&gt;</summary>
  </entry>
  <entry>
    <id>tag:theregister.com,2005:story224538</id>
    <updated>2022-11-04T07:32:08Z</updated>
    <author>
      <name>Simon Sharwood</name>
      <uri>https://search.theregister.com/?author=Simon%20Sharwood</uri>
    </author>
    <link rel="alternate" type="text/html" href="https://go.theregister.com/feed/www.theregister.com/2022/11/04/on_call/"/>
    <title type="html">Hot, sweaty builders hosed a server – literally – leaving support with an all-night RAID repair job</title>
    <summary type="html" xml:base="https://www.theregister.com/">&lt;h4&gt;Extension cords are good for power. Extension tubes? Not so good for air&lt;/h4&gt; &lt;p&gt;&lt;strong&gt;On Call&lt;/strong&gt;  As two precious days of free time loom, &lt;i&gt;The Register&lt;/i&gt; offers a two-minute taste of the energy-draining drama that makes weekends so important in another instalment of On-Call, our weekly reader-contributed tale of the messes IT people are asked to address.…&lt;/p&gt;</summary>
  </entry>
  <entry>
    <id>tag:theregister.com,2005:story224540</id>
    <updated>2022-11-04T06:58:13Z</updated>
    <author>
      <name>Simon Sharwood</name>
      <uri>https://search.theregister.com/?author=Simon%20Sharwood</uri>
    </author>
    <link rel="alternate" type="text/html" href="https://go.theregister.com/feed/www.theregister.com/2022/11/04/atlassian_q1_23/"/>
    <title type="html">You fire 'em, we'll hire 'em: Atlassian sees tech layoffs as HR heaven</title>
    <summary type="html" xml:base="https://www.theregister.com/">&lt;h4&gt;But investors aren't impressed by losses and unpleasant outlook&lt;/h4&gt; &lt;p&gt;Atlassian sees the current round of layoffs and hiring freezes across the tech industry as an opportunity on which it hopes to capitalise – even as its own share price slumps.…&lt;/p&gt;</summary>
  </entry>
  <entry>
    <id>tag:theregister.com,2005:story224529</id>
    <updated>2022-11-04T06:22:06Z</updated>
    <author>
      <name>Jessica Lyons Hardcastle</name>
      <uri>https://search.theregister.com/?author=Jessica%20Lyons%20Hardcastle</uri>
    </author>
    <link rel="alternate" type="text/html" href="https://go.theregister.com/feed/www.theregister.com/2022/11/04/french_opera1er_group_ib/"/>
    <title type="html">French-speaking voleurs stole $30m in 15-country bank, telecoms cyber-heist spree</title>
    <summary type="html" xml:base="https://www.theregister.com/">&lt;h4&gt;Smooth 'OPERA1ER' hit orgs around the world over four or more years&lt;/h4&gt; &lt;p&gt;A French-speaking criminal group codenamed OPERA1ER has pulled off more than 30 cyber-heists against telecom organizations and banks across Africa, Asia, and Latin America, stealing upwards of $30 million over four years, according to security researchers.…&lt;/p&gt; &lt;p&gt;&lt;!--#include virtual='/data_centre/_whitepaper_textlinks_top.html' --&gt;&lt;/p&gt;</summary>
  </entry>
  <entry>
    <id>tag:theregister.com,2005:story224539</id>
    <updated>2022-11-04T05:59:11Z</updated>
    <author>
      <name>Laura Dobberstein</name>
      <uri>https://search.theregister.com/?author=Laura%20Dobberstein</uri>
    </author>
    <link rel="alternate" type="text/html" href="https://go.theregister.com/feed/www.theregister.com/2022/11/04/xiaomi_concept_phone_with_mounted/"/>
    <title type="html">Xiaomi reveals bonkers phone with bolted-on Leica lens that will make you look like a dork</title>
    <summary type="html" xml:base="https://www.theregister.com/">&lt;h4&gt;A weighty lens, placed off-centre on a lightweight smartphone – what could possibly go wrong?&lt;/h4&gt; &lt;p&gt;Chinese smartphone darling has shown off a phone with a full camera lens bolted to its back – which looks very dorky, but thankfully is only a concept device.…&lt;/p&gt;</summary>
  </entry>
  <entry>
    <id>tag:theregister.com,2005:story224537</id>
    <updated>2022-11-04T04:58:05Z</updated>
    <author>
      <name>Simon Sharwood</name>
      <uri>https://search.theregister.com/?author=Simon%20Sharwood</uri>
    </author>
    <link rel="alternate" type="text/html" href="https://go.theregister.com/feed/www.theregister.com/2022/11/04/lenovo_isg_profitable_four_quarters/"/>
    <title type="html">After years of losses, Lenovo's infrastructure group posts 12 months of profits</title>
    <summary type="html" xml:base="https://www.theregister.com/">&lt;h4&gt;Execs say enterprise hardware biz is flying – don't mention the sub-one-percent profit&lt;/h4&gt; &lt;p&gt;In February 2022 Lenovo &lt;a targe

DEBUG counter: 11

B: 1536, HF:1
Builded XML size before: 16128
Builded XML size after: 16128

==Response L:1536
t="_blank" href="https://www.theregister.com/2022/02/23/lenovo_q3_2022/"&gt;shared&lt;/a&gt; a slightly special number: $17 million. That's the first profit made by its Infrastructure Solutions Group (ISG) since its predecessor was formed by the &lt;a target="_blank" href="https://www.theregister.com/2014/09/29/lenovo_ibm_server_deal_to_close_october/"&gt;2014 acquisition of IBM's x86 server business&lt;/a&gt;.…&lt;/p&gt;</summary>
  </entry>
  <entry>
    <id>tag:theregister.com,2005:story224536</id>
    <updated>2022-11-04T03:44:59Z</updated>
    <author>
      <name>Simon Sharwood</name>
      <uri>https://search.theregister.com/?author=Simon%20Sharwood</uri>
    </author>
    <link rel="alternate" type="text/html" href="https://go.theregister.com/feed/www.theregister.com/2022/11/04/twitter_layoffs_email/"/>
    <title type="html">Elon Musk reportedly outlines horrible Twitter layoff process</title>
    <summary type="html" xml:base="https://www.theregister.com/">&lt;h4&gt;Email to your personal account is bad news, email to your work account means you still work at Twitter&lt;/h4&gt; &lt;p&gt;Twitter owner, sole director and – according to his Twitter profile, now also "Twitter Complaint Hotline Operator" – has reportedly informed company staff that layoffs begin tomorrow.…&lt;/p&gt;</summary>
  </entry>
  <entry>
    <id>tag:theregister.com,2005:story224535</id>
    <updated>2022-11-04T02:59:06Z</updated>
    <author>
      <name>Simon Sharwood</name>
      <uri>https://search.theregister.com/?auth
==

==XML builded
7dc0
<?xml version="1.0" encoding="UTF-8"?>
<feed xmlns="http://www.w3.org/2005/Atom" xml:lang="en">
  <id>tag:theregister.com,2005:feed/theregister.com/</id>
  <title>The Register</title>
  <link rel="self" type="application/atom+xml" href="https://www.theregister.com/headlines.atom"/>
  <link rel="alternate" type="text/html" href="https://www.theregister.com/"/>
  <rights>Copyright © 2022, Situation Publishing</rights>
  <author>
    <name>Team Register</name>
    <email>webmaster@theregister.co.uk</email>
    <uri>https://www.theregister.com/odds/about/contact/</uri>
  </author>
  <icon>https://www.theregister.com/Design/graphics/icons/favicon.png</icon>
  <subtitle>Biting the hand that feeds IT — Enterprise Technology News and Analysis</subtitle>
  <logo>https://www.theregister.com/Design/graphics/Reg_default/The_Register_r.png</logo>
  <updated>2022-11-04T19:15:11Z</updated>
  <entry>
    <id>tag,:theregister.com,2005:story224552</id>
    <updated>2022-11-04T19:15:11Z</updated>
    <author>
      <name>Brandon Vigliarolo</name>
      <uri>https://search.theregister.com/?author=Brandon%20Vigliarolo</uri>
    </author>
    <link rel="alternate" type="text/html" href="https://go.theregister.com/feed/www.theregister.com/2022/11/04/twitter_warn_act_lawsuit/"/>
    <title type="html">Twitter employees sue over lack of 60-day layoff notice</title>
    <summary type="html" xml:base="https://www.theregister.com/">&lt;h4&gt;Musk-owned companies have now faced 3 WARN Act lawsuits alleging the same thing&lt;/h4&gt; &lt;p&gt;The great Twitter cull of '22 is expected to begin today, but a group of tweeps have preempted the event by filing a class action lawsuit against Twitter for violating the WARN Act.…&lt;/p&gt;</summary>
  </entry>
  <entry>
    <id>tag:theregister.com,2005:story224550</id>
    <updated>2022-11-04T18:30:08Z</updated>
    <author>
      <name>Jeff Burt</name>
      <uri>https://search.theregister.com/?author=Jeff%20Burt</uri>
    </author>
    <link rel="alternate" type="text/html" href="https://go.theregister.com/feed/www.theregister.com/2022/11/04/crimson_kingsnake_bec_scam/"/>
    <title type="html">Double-check demand payment emails from law firms: Convincing fakes surface</title>
    <summary type="html" xml:base="https://www.theregister.com/">&lt;h4&gt;Crimson Kingsnake impersonates legit attorneys, fakes email threads from your colleagues in far-reaching BEC campaign&lt;/h4&gt; &lt;p&gt;A new threat group called Crimson Kingsnake is impersonating real law companies and debt recovery services to intimidate businessess into paying bogus overdue invoices.…&lt;/p&gt; &lt;p&gt;&lt;!--#include virtual='/data_centre/_whitepaper_textlinks_top.html' --&gt;&lt;/p&gt;</summary>
  </entry>
  <entry>
    <id>tag:theregister.com,2005:story224547</id>
    <updated>2022-11-04T17:30:08Z</updated>
    <author>
      <name>Liam Proven</name>
      <uri>https://search.theregister.com/?author=Liam%20Proven</uri>
    </author>
    <link rel="alternate" type="text/html" href="https://go.theregister.com/feed/www.theregister.com/2022/11/04/mozilla_ventures/"/>
    <title type="html">Mozilla Foundation launches ethical venture capital fund</title>
    <summary type="html" xml:base="https://www.theregister.com/">&lt;h4&gt;An unexpected move, but we suspect that Carl Sagan might have approved&lt;/h4&gt; &lt;p&gt;Mozilla has announced the successor to the Mozilla Builders incubator: Mozilla Ventures.…&lt;/p&gt;</summary>
  </entry>
  <entry>
    <id>tag:theregister.com,2005:story224549</id>
    <updated>2022-11-04T16:15:25Z</updated>
    <author>
      <name>Brandon Vigliarolo</name>
      <uri>https://search.theregister.com/?author=Brandon%20Vigliarolo</uri>
    </author>
    <link rel="alternate" type="text/html" href="https://go.theregister.com/feed/www.theregister.com/2022/11/04/starliner_launch_delay/"/>
    <title type="html">Boeing's Starliner launch pushed back again... to April 2023</title>
    <summary type="html" xml:base="https://www.theregister.com/">&lt;h4&gt;The official word is 'scheduling conflicts,' but NASA's safety panel has expressed concerns too&lt;/h4&gt; &lt;p&gt;The first crewed launch of Boeing's Starliner has been delayed again, this time being pushed back to April 2023 from an earlier planned launch date of February.…&lt;/p&gt;</summary>
  </entry>
  <entry>
    <id>tag:theregister.com,2005:story224545</id>
    <updated>2022-11-04T15:15:12Z</updated>
    <author>
      <name>Lindsay Clark</name>
      <uri>https://search.theregister.com/?author=Lindsay%20Clark</uri>
    </author>
    <link rel="alternate" type="text/html" href="https://go.theregister.com/feed/www.theregister.com/2022/11/04/uk_governement_set_to_extract/"/>
    <title type="html">UK government set to extract hospital data to Palantir system without patient consent</title>
    <summary type="html" xml:base="https://www.theregister.com/">&lt;h4&gt;'You'll be hearing from us,' say privacy campaigners who previously forced the government to back down&lt;/h4&gt; &lt;p&gt;The UK government is set to extract patient-identifiable data from NHS hospital systems and share this with its data platform based on technology from Palantir, a move that seems set to provoke another legal challenge.…&lt;/p&gt;</summary>
  </entry>
  <entry>
    <id>tag:theregister.com,2005:story224548</id>
    <updated>2022-11-04T14:15:35Z</updated>
    <author>
      <name>Dan Robinson</name>
      <uri>https://search.theregister.com/?author=Dan%20Robinson</uri>
    </author>
    <link rel="alternate" type="text/html" href="https://go.theregister.com/feed/www.theregister.com/2022/11/04/us_chip_industry_china_ban/"/>
    <title type="html">US chip industry worried it may lose out to rivals over China ban</title>
    <summary type="html" xml:base="https://www.theregister.com/">&lt;h4&gt;Just hang on while we convince the rest of the world, Commerce Sec tells makers&lt;/h4&gt; &lt;p&gt;US companies that build chipmaking equipment have been told to tough it out as they face a ban on selling to customers in China, while their rivals elsewhere in the world currently have no such restrictions.…&lt;/p&gt; &lt;p&gt;&lt;!--#include virtual='/data_centre/_whitepaper_textlinks_top.html' --&gt;&lt;/p&gt;</summary>
  </entry>
  <entry>
    <id>tag:theregister.com,2005:story224541</id>
    <updated>2022-11-04T13:30:42Z</updated>
    <author>
      <name>Jude Karabus</name>
      <uri>https://search.theregister.com/?author=Jude%20Karabus</uri>
    </author>
    <link rel="alternate" type="text/html" href="https://go.theregister.com/feed/www.theregister.com/2022/11/04/google_nlrb_complaint/"/>
    <title type="html">Google cut contractors off from online 'Share My Salary' spreadsheet, union claims</title>
    <summary type="html" xml:base="https://www.theregister.com/">&lt;h4&gt;Alphabet Workers Union says it's an illegal block of workers' right to discuss pay&lt;/h4&gt; &lt;p&gt;The Alphabet Workers Union (AWU) claims the company blocked access to a shared spreadsheet in which it reckons "hundreds" of subcontracted workers had shared their salary details and "up to 50,000" of those staffers are now prevented from looking them up.…&lt;/p&gt;</summary>
  </entry>
  <entry>
    <id>tag:theregister.com,2005:story224543</id>
    <updated>2022-11-04T12:50:15Z</updated>
    <author>
      <name>Dan Robinson</name>
      <uri>https://search.theregister.com/?author=Dan%20Robinson</uri>
    </author>
    <link rel="alternate" type="text/html" href="https://go.theregister.com/feed/www.theregister.com/2022/11/04/dell_australia_consumer_court/"/>
    <title type="html">Dell hit with Oz court case for misleading prices on monitors</title>
    <summary type="html" xml:base="https://www.theregister.com/">&lt;h4&gt;Watchdog claims add-ons to computer purchases appeared to be discounted but did not reflect the standalone RRP&lt;/h4&gt; &lt;p&gt;Dell's Australian business is in trouble with the country's consumer watchdog for allegedly misleading buyers about the price of displays purchased as an add-on with its computers.…&lt;/p&gt;</summary>
  </entry>
  <entry>
    <id>tag:theregister.com,2005:story224544</id>
    <updated>2022-11-04T12:20:09Z</updated>
    <author>
      <name>Paul Kunert</name>
      <uri>https://search.theregister.com/?author=Paul%20Kunert</uri>
    </author>
    <link rel="alternate" type="text/html" href="https://go.theregister.com/feed/www.theregister.com/2022/11/04/bt_pay_talks_reopened_says_cwu/"/>
    <title type="html">BT re-enters pay talks to prevent further strikes, says union</title>
    <summary type="html" xml:base="https://www.theregister.com/">&lt;h4&gt;What forced the change in attitude? The impact on 40,000 broadband connections possibly&lt;/h4&gt; &lt;p&gt;The Communication Workers Unions (CWU) claims BT Group has agreed to re-enter negotiations to find a solution to the protracted pay dispute that has caused thousands of engineers and call center operators to strike.…&lt;/p&gt;</summary>
  </entry>
  <entry>
    <id>tag:theregister.com,2005:story224542</id>
    <updated>2022-11-04T11:03:13Z</updated>
    <author>
      <name>Richard Currie</name>
      <uri>https://search.theregister.com/?author=Richard%20Currie</uri>
    </author>
    <link rel="alternate" type="text/html" href="https://go.theregister.com/feed/www.theregister.com/2022/11/04/nft_vending_machine/"/>
    <title type="html">NFT vending machine appears in London</title>
    <summary type="html" xml:base="https://www.theregister.com/">&lt;h4&gt;Don't everyone rush at once&lt;/h4&gt; &lt;p&gt;NFTs are dead. And stupid. Don't just take our word for it – Bill Gates, widely considered a pretty smart guy, described them as "100 percent based on greater fool theory" and analyst Forrester recently said "most consumers aren't interested in NFT stunts."…&lt;/p&gt; &lt;p&gt;&lt;!--#include virtual='/data_centre/_whitepaper_textlinks_top.html' --&gt;&lt;/p&gt;</summary>
  </entry>
  <entry>
    <id>tag:theregister.com,2005:story224531</id>
    <updated>2022-11-04T09:34:13Z</updated>
    <author>
      <name>Jeff Burt</name>
      <uri>https://search.theregister.com/?author=Jeff%20Burt</uri>
    </author>
    <link rel="alternate" type="text/html" href="https://go.theregister.com/feed/www.theregister.com/2022/11/04/microsoft_ukraine_tech_support/"/>
    <title type="html">Microsoft gives away '$400m in cloud support' to Ukraine</title>
    <summary type="html" xml:base="https://www.theregister.com/">&lt;h4&gt;Freedom isn't free&lt;/h4&gt; &lt;p&gt;The Ukraine government will continue to be able to run its digital infrastructure through the Microsoft Cloud for free in 2023, the tech giant confirmed today.…&lt;/p&gt;</summary>
  </entry>
  <entry>
    <id>tag:theregister.com,2005:story224518</id>
    <updated>2022-11-04T08:30:14Z</updated>
    <author>
      <name>Richard Currie</name>
      <uri>https://search.theregister.com/?author=Richard%20Currie</uri>
    </author>
    <link rel="alternate" type="text/html" href="https://go.theregister.com/feed/www.theregister.com/2022/11/04/norths_align_britain/"/>
    <title type="html">All of the norths are about to align over Britain</title>
    <summary type="html" xml:base="https://www.theregister.com/">&lt;h4&gt;Magnetic north is on a walkabout, and your OCD will benefit&lt;/h4&gt; &lt;p&gt;UK map lords at the Ordnance Survey have some big news for people with obsessive compulsive personality disorder or otherwise like everything to be neatly lined up.…&lt;/p&gt;</summary>
  </entry>
  <entry>
    <id>tag:theregister.com,2005:story224538</id>
    <updated>2022-11-04T07:32:08Z</updated>
    <author>
      <name>Simon Sharwood</name>
      <uri>https://search.theregister.com/?author=Simon%20Sharwood</uri>
    </author>
    <link rel="alternate" type="text/html" href="https://go.theregister.com/feed/www.theregister.com/2022/11/04/on_call/"/>
    <title type="html">Hot, sweaty builders hosed a server – literally – leaving support with an all-night RAID repair job</title>
    <summary type="html" xml:base="https://www.theregister.com/">&lt;h4&gt;Extension cords are good for power. Extension tubes? Not so good for air&lt;/h4&gt; &lt;p&gt;&lt;strong&gt;On Call&lt;/strong&gt;  As two precious days of free time loom, &lt;i&gt;The Register&lt;/i&gt; offers a two-minute taste of the energy-draining drama that makes weekends so important in another instalment of On-Call, our weekly reader-contributed tale of the messes IT people are asked to address.…&lt;/p&gt;</summary>
  </entry>
  <entry>
    <id>tag:theregister.com,2005:story224540</id>
    <updated>2022-11-04T06:58:13Z</updated>
    <author>
      <name>Simon Sharwood</name>
      <uri>https://search.theregister.com/?author=Simon%20Sharwood</uri>
    </author>
    <link rel="alternate" type="text/html" href="https://go.theregister.com/feed/www.theregister.com/2022/11/04/atlassian_q1_23/"/>
    <title type="html">You fire 'em, we'll hire 'em: Atlassian sees tech layoffs as HR heaven</title>
    <summary type="html" xml:base="https://www.theregister.com/">&lt;h4&gt;But investors aren't impressed by losses and unpleasant outlook&lt;/h4&gt; &lt;p&gt;Atlassian sees the current round of layoffs and hiring freezes across the tech industry as an opportunity on which it hopes to capitalise – even as its own share price slumps.…&lt;/p&gt;</summary>
  </entry>
  <entry>
    <id>tag:theregister.com,2005:story224529</id>
    <updated>2022-11-04T06:22:06Z</updated>
    <author>
      <name>Jessica Lyons Hardcastle</name>
      <uri>https://search.theregister.com/?author=Jessica%20Lyons%20Hardcastle</uri>
    </author>
    <link rel="alternate" type="text/html" href="https://go.theregister.com/feed/www.theregister.com/2022/11/04/french_opera1er_group_ib/"/>
    <title type="html">French-speaking voleurs stole $30m in 15-country bank, telecoms cyber-heist spree</title>
    <summary type="html" xml:base="https://www.theregister.com/">&lt;h4&gt;Smooth 'OPERA1ER' hit orgs around the world over four or more years&lt;/h4&gt; &lt;p&gt;A French-speaking criminal group codenamed OPERA1ER has pulled off more than 30 cyber-heists against telecom organizations and banks across Africa, Asia, and Latin America, stealing upwards of $30 million over four years, according to security researchers.…&lt;/p&gt; &lt;p&gt;&lt;!--#include virtual='/data_centre/_whitepaper_textlinks_top.html' --&gt;&lt;/p&gt;</summary>
  </entry>
  <entry>
    <id>tag:theregister.com,2005:story224539</id>
    <updated>2022-11-04T05:59:11Z</updated>
    <author>
      <name>Laura Dobberstein</name>
      <uri>https://search.theregister.com/?author=Laura%20Dobberstein</uri>
    </author>
    <link rel="alternate" type="text/html" href="https://go.theregister.com/feed/www.theregister.com/2022/11/04/xiaomi_concept_phone_with_mounted/"/>
    <title type="html">Xiaomi reveals bonkers phone with bolted-on Leica lens that will make you look like a dork</title>
    <summary type="html" xml:base="https://www.theregister.com/">&lt;h4&gt;A weighty lens, placed off-centre on a lightweight smartphone – what could possibly go wrong?&lt;/h4&gt; &lt;p&gt;Chinese smartphone darling has shown off a phone with a full camera lens bolted to its back – which looks very dorky, but thankfully is only a concept device.…&lt;/p&gt;</summary>
  </entry>
  <entry>
    <id>tag:theregister.com,2005:story224537</id>
    <updated>2022-11-04T04:58:05Z</updated>
    <author>
      <name>Simon Sharwood</name>
      <uri>https://search.theregister.com/?author=Simon%20Sharwood</uri>
    </author>
    <link rel="alternate" type="text/html" href="https://go.theregister.com/feed/www.theregister.com/2022/11/04/lenovo_isg_profitable_four_quarters/"/>
    <title type="html">After years of losses, Lenovo's infrastructure group posts 12 months of profits</title>
    <summary type="html" xml:base="https://www.theregister.com/">&lt;h4&gt;Execs say enterprise hardware biz is flying – don't mention the sub-one-percent profit&lt;/h4&gt; &lt;p&gt;In February 2022 Lenovo &lt;a target="_blank" href="https://www.theregister.com/2022/02/23/lenovo_q3_2022/"&gt;shared&lt;/a&gt; a slightly special number: $17 million. That's the first profit made by its Infrastructure Solutions Group (ISG) since its predecessor was formed by the &lt;a target="_blank" href="https://www.theregister.com/2014/09/29/lenovo_ibm_server_deal_to_close_october/"&gt;2014 acquisition of IBM's x86 server business&lt;/a&gt;.…&lt;/p&gt;</summary>
  </entry>
  <entry>
    <id>tag:theregister.com,2005:story224536</id>
    <updated>2022-11-04T03:44:59Z</updated>
    <author>
      <name>Simon Sharwood</name>
      <uri>https://search.theregister.com/?author=Simon%20Sharwood</uri>
    </author>
    <link rel="alternate" type="text/html" href="https://go.theregister.com/feed/www.theregister.com/2022/11/04/twitter_layoffs_email/"/>
    <title type="html">Elon Musk reportedly outlines horrible Twitter layoff process</title>
    <summary type="html" xml:base="https://www.theregister.com/">&lt;h4&gt;Email to your personal account is bad news, email to your work account means you still work at Twitter&lt;/h4&gt; &lt;p&gt;Twitter owner, sole director and – according to his Twitter profile, now also "Twitter Complaint Hotline Operator" – has reportedly informed company staff that layoffs begin tomorrow.…&lt;/p&gt;</summary>
  </entry>
  <entry>
    <id>tag:theregister.com,2005:story224535</id>
    <updated>2022-11-04T02:59:06Z</updated>
    <author>
      <name>Simon Sharwood</name>
      <uri>https://search.theregister.com/?auth

DEBUG counter: 12

B: 1536, HF:1
Builded XML size before: 17664
Builded XML size after: 17664

==Response L:1536
or=Simon%20Sharwood</uri>
    </author>
    <link rel="alternate" type="text/html" href="https://go.theregister.com/feed/www.theregister.com/2022/11/04/alibaba_cloud_20_percent_arm/"/>
    <title type="html">Alibaba Cloud plans for a fifth of its servers to use homebrew Arm CPUs by 2025</title>
    <summary type="html" xml:base="https://www.theregister.com/">&lt;h4&gt;Sanctions? What sanctions? Just look at the low, low, power consumption figures&lt;/h4&gt; &lt;p&gt;Alibaba Cloud has revealed that it plans to power 20 percent of its operations with its own homebrew CPUs by 2025.…&lt;/p&gt;</summary>
  </entry>
  <entry>
    <id>tag:theregister.com,2005:story224522</id>
    <updated>2022-11-04T01:01:13Z</updated>
    <author>
      <name>Laura Dobberstein</name>
      <uri>https://search.theregister.com/?author=Laura%20Dobberstein</uri>
    </author>
    <link rel="alternate" type="text/html" href="https://go.theregister.com/feed/www.theregister.com/2022/11/04/mas_stablecoin_cbdc/"/>
    <title type="html">Singapore's fintech boss says stablecoins might win before CBDCs even get started</title>
    <summary type="html" xml:base="https://www.theregister.com/">&lt;h4&gt;Monetary authority presses ahead with Ubin+ cross-border CBDC trial anyway&lt;/h4&gt; &lt;p&gt;While central bank digital currencies (CBDCs) are often advanced as a way to improve the world's creaking cross-border payments infrastructure, some financial experts believe the government-issued tokens may be usurped by stablecoins and other products.
==

==XML builded
7dc0
<?xml version="1.0" encoding="UTF-8"?>
<feed xmlns="http://www.w3.org/2005/Atom" xml:lang="en">
  <id>tag:theregister.com,2005:feed/theregister.com/</id>
  <title>The Register</title>
  <link rel="self" type="application/atom+xml" href="https://www.theregister.com/headlines.atom"/>
  <link rel="alternate" type="text/html" href="https://www.theregister.com/"/>
  <rights>Copyright © 2022, Situation Publishing</rights>
  <author>
    <name>Team Register</name>
    <email>webmaster@theregister.co.uk</email>
    <uri>https://www.theregister.com/odds/about/contact/</uri>
  </author>
  <icon>https://www.theregister.com/Design/graphics/icons/favicon.png</icon>
  <subtitle>Biting the hand that feeds IT — Enterprise Technology News and Analysis</subtitle>
  <logo>https://www.theregister.com/Design/graphics/Reg_default/The_Register_r.png</logo>
  <updated>2022-11-04T19:15:11Z</updated>
  <entry>
    <id>tag,:theregister.com,2005:story224552</id>
    <updated>2022-11-04T19:15:11Z</updated>
    <author>
      <name>Brandon Vigliarolo</name>
      <uri>https://search.theregister.com/?author=Brandon%20Vigliarolo</uri>
    </author>
    <link rel="alternate" type="text/html" href="https://go.theregister.com/feed/www.theregister.com/2022/11/04/twitter_warn_act_lawsuit/"/>
    <title type="html">Twitter employees sue over lack of 60-day layoff notice</title>
    <summary type="html" xml:base="https://www.theregister.com/">&lt;h4&gt;Musk-owned companies have now faced 3 WARN Act lawsuits alleging the same thing&lt;/h4&gt; &lt;p&gt;The great Twitter cull of '22 is expected to begin today, but a group of tweeps have preempted the event by filing a class action lawsuit against Twitter for violating the WARN Act.…&lt;/p&gt;</summary>
  </entry>
  <entry>
    <id>tag:theregister.com,2005:story224550</id>
    <updated>2022-11-04T18:30:08Z</updated>
    <author>
      <name>Jeff Burt</name>
      <uri>https://search.theregister.com/?author=Jeff%20Burt</uri>
    </author>
    <link rel="alternate" type="text/html" href="https://go.theregister.com/feed/www.theregister.com/2022/11/04/crimson_kingsnake_bec_scam/"/>
    <title type="html">Double-check demand payment emails from law firms: Convincing fakes surface</title>
    <summary type="html" xml:base="https://www.theregister.com/">&lt;h4&gt;Crimson Kingsnake impersonates legit attorneys, fakes email threads from your colleagues in far-reaching BEC campaign&lt;/h4&gt; &lt;p&gt;A new threat group called Crimson Kingsnake is impersonating real law companies and debt recovery services to intimidate businessess into paying bogus overdue invoices.…&lt;/p&gt; &lt;p&gt;&lt;!--#include virtual='/data_centre/_whitepaper_textlinks_top.html' --&gt;&lt;/p&gt;</summary>
  </entry>
  <entry>
    <id>tag:theregister.com,2005:story224547</id>
    <updated>2022-11-04T17:30:08Z</updated>
    <author>
      <name>Liam Proven</name>
      <uri>https://search.theregister.com/?author=Liam%20Proven</uri>
    </author>
    <link rel="alternate" type="text/html" href="https://go.theregister.com/feed/www.theregister.com/2022/11/04/mozilla_ventures/"/>
    <title type="html">Mozilla Foundation launches ethical venture capital fund</title>
    <summary type="html" xml:base="https://www.theregister.com/">&lt;h4&gt;An unexpected move, but we suspect that Carl Sagan might have approved&lt;/h4&gt; &lt;p&gt;Mozilla has announced the successor to the Mozilla Builders incubator: Mozilla Ventures.…&lt;/p&gt;</summary>
  </entry>
  <entry>
    <id>tag:theregister.com,2005:story224549</id>
    <updated>2022-11-04T16:15:25Z</updated>
    <author>
      <name>Brandon Vigliarolo</name>
      <uri>https://search.theregister.com/?author=Brandon%20Vigliarolo</uri>
    </author>
    <link rel="alternate" type="text/html" href="https://go.theregister.com/feed/www.theregister.com/2022/11/04/starliner_launch_delay/"/>
    <title type="html">Boeing's Starliner launch pushed back again... to April 2023</title>
    <summary type="html" xml:base="https://www.theregister.com/">&lt;h4&gt;The official word is 'scheduling conflicts,' but NASA's safety panel has expressed concerns too&lt;/h4&gt; &lt;p&gt;The first crewed launch of Boeing's Starliner has been delayed again, this time being pushed back to April 2023 from an earlier planned launch date of February.…&lt;/p&gt;</summary>
  </entry>
  <entry>
    <id>tag:theregister.com,2005:story224545</id>
    <updated>2022-11-04T15:15:12Z</updated>
    <author>
      <name>Lindsay Clark</name>
      <uri>https://search.theregister.com/?author=Lindsay%20Clark</uri>
    </author>
    <link rel="alternate" type="text/html" href="https://go.theregister.com/feed/www.theregister.com/2022/11/04/uk_governement_set_to_extract/"/>
    <title type="html">UK government set to extract hospital data to Palantir system without patient consent</title>
    <summary type="html" xml:base="https://www.theregister.com/">&lt;h4&gt;'You'll be hearing from us,' say privacy campaigners who previously forced the government to back down&lt;/h4&gt; &lt;p&gt;The UK government is set to extract patient-identifiable data from NHS hospital systems and share this with its data platform based on technology from Palantir, a move that seems set to provoke another legal challenge.…&lt;/p&gt;</summary>
  </entry>
  <entry>
    <id>tag:theregister.com,2005:story224548</id>
    <updated>2022-11-04T14:15:35Z</updated>
    <author>
      <name>Dan Robinson</name>
      <uri>https://search.theregister.com/?author=Dan%20Robinson</uri>
    </author>
    <link rel="alternate" type="text/html" href="https://go.theregister.com/feed/www.theregister.com/2022/11/04/us_chip_industry_china_ban/"/>
    <title type="html">US chip industry worried it may lose out to rivals over China ban</title>
    <summary type="html" xml:base="https://www.theregister.com/">&lt;h4&gt;Just hang on while we convince the rest of the world, Commerce Sec tells makers&lt;/h4&gt; &lt;p&gt;US companies that build chipmaking equipment have been told to tough it out as they face a ban on selling to customers in China, while their rivals elsewhere in the world currently have no such restrictions.…&lt;/p&gt; &lt;p&gt;&lt;!--#include virtual='/data_centre/_whitepaper_textlinks_top.html' --&gt;&lt;/p&gt;</summary>
  </entry>
  <entry>
    <id>tag:theregister.com,2005:story224541</id>
    <updated>2022-11-04T13:30:42Z</updated>
    <author>
      <name>Jude Karabus</name>
      <uri>https://search.theregister.com/?author=Jude%20Karabus</uri>
    </author>
    <link rel="alternate" type="text/html" href="https://go.theregister.com/feed/www.theregister.com/2022/11/04/google_nlrb_complaint/"/>
    <title type="html">Google cut contractors off from online 'Share My Salary' spreadsheet, union claims</title>
    <summary type="html" xml:base="https://www.theregister.com/">&lt;h4&gt;Alphabet Workers Union says it's an illegal block of workers' right to discuss pay&lt;/h4&gt; &lt;p&gt;The Alphabet Workers Union (AWU) claims the company blocked access to a shared spreadsheet in which it reckons "hundreds" of subcontracted workers had shared their salary details and "up to 50,000" of those staffers are now prevented from looking them up.…&lt;/p&gt;</summary>
  </entry>
  <entry>
    <id>tag:theregister.com,2005:story224543</id>
    <updated>2022-11-04T12:50:15Z</updated>
    <author>
      <name>Dan Robinson</name>
      <uri>https://search.theregister.com/?author=Dan%20Robinson</uri>
    </author>
    <link rel="alternate" type="text/html" href="https://go.theregister.com/feed/www.theregister.com/2022/11/04/dell_australia_consumer_court/"/>
    <title type="html">Dell hit with Oz court case for misleading prices on monitors</title>
    <summary type="html" xml:base="https://www.theregister.com/">&lt;h4&gt;Watchdog claims add-ons to computer purchases appeared to be discounted but did not reflect the standalone RRP&lt;/h4&gt; &lt;p&gt;Dell's Australian business is in trouble with the country's consumer watchdog for allegedly misleading buyers about the price of displays purchased as an add-on with its computers.…&lt;/p&gt;</summary>
  </entry>
  <entry>
    <id>tag:theregister.com,2005:story224544</id>
    <updated>2022-11-04T12:20:09Z</updated>
    <author>
      <name>Paul Kunert</name>
      <uri>https://search.theregister.com/?author=Paul%20Kunert</uri>
    </author>
    <link rel="alternate" type="text/html" href="https://go.theregister.com/feed/www.theregister.com/2022/11/04/bt_pay_talks_reopened_says_cwu/"/>
    <title type="html">BT re-enters pay talks to prevent further strikes, says union</title>
    <summary type="html" xml:base="https://www.theregister.com/">&lt;h4&gt;What forced the change in attitude? The impact on 40,000 broadband connections possibly&lt;/h4&gt; &lt;p&gt;The Communication Workers Unions (CWU) claims BT Group has agreed to re-enter negotiations to find a solution to the protracted pay dispute that has caused thousands of engineers and call center operators to strike.…&lt;/p&gt;</summary>
  </entry>
  <entry>
    <id>tag:theregister.com,2005:story224542</id>
    <updated>2022-11-04T11:03:13Z</updated>
    <author>
      <name>Richard Currie</name>
      <uri>https://search.theregister.com/?author=Richard%20Currie</uri>
    </author>
    <link rel="alternate" type="text/html" href="https://go.theregister.com/feed/www.theregister.com/2022/11/04/nft_vending_machine/"/>
    <title type="html">NFT vending machine appears in London</title>
    <summary type="html" xml:base="https://www.theregister.com/">&lt;h4&gt;Don't everyone rush at once&lt;/h4&gt; &lt;p&gt;NFTs are dead. And stupid. Don't just take our word for it – Bill Gates, widely considered a pretty smart guy, described them as "100 percent based on greater fool theory" and analyst Forrester recently said "most consumers aren't interested in NFT stunts."…&lt;/p&gt; &lt;p&gt;&lt;!--#include virtual='/data_centre/_whitepaper_textlinks_top.html' --&gt;&lt;/p&gt;</summary>
  </entry>
  <entry>
    <id>tag:theregister.com,2005:story224531</id>
    <updated>2022-11-04T09:34:13Z</updated>
    <author>
      <name>Jeff Burt</name>
      <uri>https://search.theregister.com/?author=Jeff%20Burt</uri>
    </author>
    <link rel="alternate" type="text/html" href="https://go.theregister.com/feed/www.theregister.com/2022/11/04/microsoft_ukraine_tech_support/"/>
    <title type="html">Microsoft gives away '$400m in cloud support' to Ukraine</title>
    <summary type="html" xml:base="https://www.theregister.com/">&lt;h4&gt;Freedom isn't free&lt;/h4&gt; &lt;p&gt;The Ukraine government will continue to be able to run its digital infrastructure through the Microsoft Cloud for free in 2023, the tech giant confirmed today.…&lt;/p&gt;</summary>
  </entry>
  <entry>
    <id>tag:theregister.com,2005:story224518</id>
    <updated>2022-11-04T08:30:14Z</updated>
    <author>
      <name>Richard Currie</name>
      <uri>https://search.theregister.com/?author=Richard%20Currie</uri>
    </author>
    <link rel="alternate" type="text/html" href="https://go.theregister.com/feed/www.theregister.com/2022/11/04/norths_align_britain/"/>
    <title type="html">All of the norths are about to align over Britain</title>
    <summary type="html" xml:base="https://www.theregister.com/">&lt;h4&gt;Magnetic north is on a walkabout, and your OCD will benefit&lt;/h4&gt; &lt;p&gt;UK map lords at the Ordnance Survey have some big news for people with obsessive compulsive personality disorder or otherwise like everything to be neatly lined up.…&lt;/p&gt;</summary>
  </entry>
  <entry>
    <id>tag:theregister.com,2005:story224538</id>
    <updated>2022-11-04T07:32:08Z</updated>
    <author>
      <name>Simon Sharwood</name>
      <uri>https://search.theregister.com/?author=Simon%20Sharwood</uri>
    </author>
    <link rel="alternate" type="text/html" href="https://go.theregister.com/feed/www.theregister.com/2022/11/04/on_call/"/>
    <title type="html">Hot, sweaty builders hosed a server – literally – leaving support with an all-night RAID repair job</title>
    <summary type="html" xml:base="https://www.theregister.com/">&lt;h4&gt;Extension cords are good for power. Extension tubes? Not so good for air&lt;/h4&gt; &lt;p&gt;&lt;strong&gt;On Call&lt;/strong&gt;  As two precious days of free time loom, &lt;i&gt;The Register&lt;/i&gt; offers a two-minute taste of the energy-draining drama that makes weekends so important in another instalment of On-Call, our weekly reader-contributed tale of the messes IT people are asked to address.…&lt;/p&gt;</summary>
  </entry>
  <entry>
    <id>tag:theregister.com,2005:story224540</id>
    <updated>2022-11-04T06:58:13Z</updated>
    <author>
      <name>Simon Sharwood</name>
      <uri>https://search.theregister.com/?author=Simon%20Sharwood</uri>
    </author>
    <link rel="alternate" type="text/html" href="https://go.theregister.com/feed/www.theregister.com/2022/11/04/atlassian_q1_23/"/>
    <title type="html">You fire 'em, we'll hire 'em: Atlassian sees tech layoffs as HR heaven</title>
    <summary type="html" xml:base="https://www.theregister.com/">&lt;h4&gt;But investors aren't impressed by losses and unpleasant outlook&lt;/h4&gt; &lt;p&gt;Atlassian sees the current round of layoffs and hiring freezes across the tech industry as an opportunity on which it hopes to capitalise – even as its own share price slumps.…&lt;/p&gt;</summary>
  </entry>
  <entry>
    <id>tag:theregister.com,2005:story224529</id>
    <updated>2022-11-04T06:22:06Z</updated>
    <author>
      <name>Jessica Lyons Hardcastle</name>
      <uri>https://search.theregister.com/?author=Jessica%20Lyons%20Hardcastle</uri>
    </author>
    <link rel="alternate" type="text/html" href="https://go.theregister.com/feed/www.theregister.com/2022/11/04/french_opera1er_group_ib/"/>
    <title type="html">French-speaking voleurs stole $30m in 15-country bank, telecoms cyber-heist spree</title>
    <summary type="html" xml:base="https://www.theregister.com/">&lt;h4&gt;Smooth 'OPERA1ER' hit orgs around the world over four or more years&lt;/h4&gt; &lt;p&gt;A French-speaking criminal group codenamed OPERA1ER has pulled off more than 30 cyber-heists against telecom organizations and banks across Africa, Asia, and Latin America, stealing upwards of $30 million over four years, according to security researchers.…&lt;/p&gt; &lt;p&gt;&lt;!--#include virtual='/data_centre/_whitepaper_textlinks_top.html' --&gt;&lt;/p&gt;</summary>
  </entry>
  <entry>
    <id>tag:theregister.com,2005:story224539</id>
    <updated>2022-11-04T05:59:11Z</updated>
    <author>
      <name>Laura Dobberstein</name>
      <uri>https://search.theregister.com/?author=Laura%20Dobberstein</uri>
    </author>
    <link rel="alternate" type="text/html" href="https://go.theregister.com/feed/www.theregister.com/2022/11/04/xiaomi_concept_phone_with_mounted/"/>
    <title type="html">Xiaomi reveals bonkers phone with bolted-on Leica lens that will make you look like a dork</title>
    <summary type="html" xml:base="https://www.theregister.com/">&lt;h4&gt;A weighty lens, placed off-centre on a lightweight smartphone – what could possibly go wrong?&lt;/h4&gt; &lt;p&gt;Chinese smartphone darling has shown off a phone with a full camera lens bolted to its back – which looks very dorky, but thankfully is only a concept device.…&lt;/p&gt;</summary>
  </entry>
  <entry>
    <id>tag:theregister.com,2005:story224537</id>
    <updated>2022-11-04T04:58:05Z</updated>
    <author>
      <name>Simon Sharwood</name>
      <uri>https://search.theregister.com/?author=Simon%20Sharwood</uri>
    </author>
    <link rel="alternate" type="text/html" href="https://go.theregister.com/feed/www.theregister.com/2022/11/04/lenovo_isg_profitable_four_quarters/"/>
    <title type="html">After years of losses, Lenovo's infrastructure group posts 12 months of profits</title>
    <summary type="html" xml:base="https://www.theregister.com/">&lt;h4&gt;Execs say enterprise hardware biz is flying – don't mention the sub-one-percent profit&lt;/h4&gt; &lt;p&gt;In February 2022 Lenovo &lt;a target="_blank" href="https://www.theregister.com/2022/02/23/lenovo_q3_2022/"&gt;shared&lt;/a&gt; a slightly special number: $17 million. That's the first profit made by its Infrastructure Solutions Group (ISG) since its predecessor was formed by the &lt;a target="_blank" href="https://www.theregister.com/2014/09/29/lenovo_ibm_server_deal_to_close_october/"&gt;2014 acquisition of IBM's x86 server business&lt;/a&gt;.…&lt;/p&gt;</summary>
  </entry>
  <entry>
    <id>tag:theregister.com,2005:story224536</id>
    <updated>2022-11-04T03:44:59Z</updated>
    <author>
      <name>Simon Sharwood</name>
      <uri>https://search.theregister.com/?author=Simon%20Sharwood</uri>
    </author>
    <link rel="alternate" type="text/html" href="https://go.theregister.com/feed/www.theregister.com/2022/11/04/twitter_layoffs_email/"/>
    <title type="html">Elon Musk reportedly outlines horrible Twitter layoff process</title>
    <summary type="html" xml:base="https://www.theregister.com/">&lt;h4&gt;Email to your personal account is bad news, email to your work account means you still work at Twitter&lt;/h4&gt; &lt;p&gt;Twitter owner, sole director and – according to his Twitter profile, now also "Twitter Complaint Hotline Operator" – has reportedly informed company staff that layoffs begin tomorrow.…&lt;/p&gt;</summary>
  </entry>
  <entry>
    <id>tag:theregister.com,2005:story224535</id>
    <updated>2022-11-04T02:59:06Z</updated>
    <author>
      <name>Simon Sharwood</name>
      <uri>https://search.theregister.com/?author=Simon%20Sharwood</uri>
    </author>
    <link rel="alternate" type="text/html" href="https://go.theregister.com/feed/www.theregister.com/2022/11/04/alibaba_cloud_20_percent_arm/"/>
    <title type="html">Alibaba Cloud plans for a fifth of its servers to use homebrew Arm CPUs by 2025</title>
    <summary type="html" xml:base="https://www.theregister.com/">&lt;h4&gt;Sanctions? What sanctions? Just look at the low, low, power consumption figures&lt;/h4&gt; &lt;p&gt;Alibaba Cloud has revealed that it plans to power 20 percent of its operations with its own homebrew CPUs by 2025.…&lt;/p&gt;</summary>
  </entry>
  <entry>
    <id>tag:theregister.com,2005:story224522</id>
    <updated>2022-11-04T01:01:13Z</updated>
    <author>
      <name>Laura Dobberstein</name>
      <uri>https://search.theregister.com/?author=Laura%20Dobberstein</uri>
    </author>
    <link rel="alternate" type="text/html" href="https://go.theregister.com/feed/www.theregister.com/2022/11/04/mas_stablecoin_cbdc/"/>
    <title type="html">Singapore's fintech boss says stablecoins might win before CBDCs even get started</title>
    <summary type="html" xml:base="https://www.theregister.com/">&lt;h4&gt;Monetary authority presses ahead with Ubin+ cross-border CBDC trial anyway&lt;/h4&gt; &lt;p&gt;While central bank digital currencies (CBDCs) are often advanced as a way to improve the world's creaking cross-border payments infrastructure, some financial experts believe the government-issued tokens may be usurped by stablecoins and other products.

DEBUG counter: 13

B: 1536, HF:1
Builded XML size before: 19200
Builded XML size after: 19200

==Response L:1536
…&lt;/p&gt; &lt;p&gt;&lt;!--#include virtual='/data_centre/_whitepaper_textlinks_top.html' --&gt;&lt;/p&gt;</summary>
  </entry>
  <entry>
    <id>tag:theregister.com,2005:story224530</id>
    <updated>2022-11-03T23:58:12Z</updated>
    <author>
      <name>Katyanna Quach</name>
      <uri>https://search.theregister.com/?author=Katyanna%20Quach</uri>
    </author>
    <link rel="alternate" type="text/html" href="https://go.theregister.com/feed/www.theregister.com/2022/11/03/nasa_artemis_launch/"/>
    <title type="html">NASA wheels SLS rocket out to the launchpad for another attempt to get off the ground</title>
    <summary type="html" xml:base="https://www.theregister.com/">&lt;h4&gt;After two previous failures, will third time be the charm?&lt;/h4&gt; &lt;p&gt;NASA will roll its Space Launch System back out to the launchpad at the Kennedy Space Center on Friday to prepare for a third attempt to put its most powerful rocket yet into the sky on November 14.…&lt;/p&gt;</summary>
  </entry>
  <entry>
    <id>tag:theregister.com,2005:story224533</id>
    <updated>2022-11-03T21:55:56Z</updated>
    <author>
      <name>Dylan Martin</name>
      <uri>https://search.theregister.com/?author=Dylan%20Martin</uri>
    </author>
    <link rel="alternate" type="text/html" href="https://go.theregister.com/feed/www.theregister.com/2022/11/03/amd_radeon_rx_7900_launched/"/>
    <title type="html">AMD’s latest, greatest Radeon graphics card $600 cheaper than Nvidia’s top RTX 4090</title>
    <summary type="html" xml:b
==

==XML builded
7dc0
<?xml version="1.0" encoding="UTF-8"?>
<feed xmlns="http://www.w3.org/2005/Atom" xml:lang="en">
  <id>tag:theregister.com,2005:feed/theregister.com/</id>
  <title>The Register</title>
  <link rel="self" type="application/atom+xml" href="https://www.theregister.com/headlines.atom"/>
  <link rel="alternate" type="text/html" href="https://www.theregister.com/"/>
  <rights>Copyright © 2022, Situation Publishing</rights>
  <author>
    <name>Team Register</name>
    <email>webmaster@theregister.co.uk</email>
    <uri>https://www.theregister.com/odds/about/contact/</uri>
  </author>
  <icon>https://www.theregister.com/Design/graphics/icons/favicon.png</icon>
  <subtitle>Biting the hand that feeds IT — Enterprise Technology News and Analysis</subtitle>
  <logo>https://www.theregister.com/Design/graphics/Reg_default/The_Register_r.png</logo>
  <updated>2022-11-04T19:15:11Z</updated>
  <entry>
    <id>tag,:theregister.com,2005:story224552</id>
    <updated>2022-11-04T19:15:11Z</updated>
    <author>
      <name>Brandon Vigliarolo</name>
      <uri>https://search.theregister.com/?author=Brandon%20Vigliarolo</uri>
    </author>
    <link rel="alternate" type="text/html" href="https://go.theregister.com/feed/www.theregister.com/2022/11/04/twitter_warn_act_lawsuit/"/>
    <title type="html">Twitter employees sue over lack of 60-day layoff notice</title>
    <summary type="html" xml:base="https://www.theregister.com/">&lt;h4&gt;Musk-owned companies have now faced 3 WARN Act lawsuits alleging the same thing&lt;/h4&gt; &lt;p&gt;The great Twitter cull of '22 is expected to begin today, but a group of tweeps have preempted the event by filing a class action lawsuit against Twitter for violating the WARN Act.…&lt;/p&gt;</summary>
  </entry>
  <entry>
    <id>tag:theregister.com,2005:story224550</id>
    <updated>2022-11-04T18:30:08Z</updated>
    <author>
      <name>Jeff Burt</name>
      <uri>https://search.theregister.com/?author=Jeff%20Burt</uri>
    </author>
    <link rel="alternate" type="text/html" href="https://go.theregister.com/feed/www.theregister.com/2022/11/04/crimson_kingsnake_bec_scam/"/>
    <title type="html">Double-check demand payment emails from law firms: Convincing fakes surface</title>
    <summary type="html" xml:base="https://www.theregister.com/">&lt;h4&gt;Crimson Kingsnake impersonates legit attorneys, fakes email threads from your colleagues in far-reaching BEC campaign&lt;/h4&gt; &lt;p&gt;A new threat group called Crimson Kingsnake is impersonating real law companies and debt recovery services to intimidate businessess into paying bogus overdue invoices.…&lt;/p&gt; &lt;p&gt;&lt;!--#include virtual='/data_centre/_whitepaper_textlinks_top.html' --&gt;&lt;/p&gt;</summary>
  </entry>
  <entry>
    <id>tag:theregister.com,2005:story224547</id>
    <updated>2022-11-04T17:30:08Z</updated>
    <author>
      <name>Liam Proven</name>
      <uri>https://search.theregister.com/?author=Liam%20Proven</uri>
    </author>
    <link rel="alternate" type="text/html" href="https://go.theregister.com/feed/www.theregister.com/2022/11/04/mozilla_ventures/"/>
    <title type="html">Mozilla Foundation launches ethical venture capital fund</title>
    <summary type="html" xml:base="https://www.theregister.com/">&lt;h4&gt;An unexpected move, but we suspect that Carl Sagan might have approved&lt;/h4&gt; &lt;p&gt;Mozilla has announced the successor to the Mozilla Builders incubator: Mozilla Ventures.…&lt;/p&gt;</summary>
  </entry>
  <entry>
    <id>tag:theregister.com,2005:story224549</id>
    <updated>2022-11-04T16:15:25Z</updated>
    <author>
      <name>Brandon Vigliarolo</name>
      <uri>https://search.theregister.com/?author=Brandon%20Vigliarolo</uri>
    </author>
    <link rel="alternate" type="text/html" href="https://go.theregister.com/feed/www.theregister.com/2022/11/04/starliner_launch_delay/"/>
    <title type="html">Boeing's Starliner launch pushed back again... to April 2023</title>
    <summary type="html" xml:base="https://www.theregister.com/">&lt;h4&gt;The official word is 'scheduling conflicts,' but NASA's safety panel has expressed concerns too&lt;/h4&gt; &lt;p&gt;The first crewed launch of Boeing's Starliner has been delayed again, this time being pushed back to April 2023 from an earlier planned launch date of February.…&lt;/p&gt;</summary>
  </entry>
  <entry>
    <id>tag:theregister.com,2005:story224545</id>
    <updated>2022-11-04T15:15:12Z</updated>
    <author>
      <name>Lindsay Clark</name>
      <uri>https://search.theregister.com/?author=Lindsay%20Clark</uri>
    </author>
    <link rel="alternate" type="text/html" href="https://go.theregister.com/feed/www.theregister.com/2022/11/04/uk_governement_set_to_extract/"/>
    <title type="html">UK government set to extract hospital data to Palantir system without patient consent</title>
    <summary type="html" xml:base="https://www.theregister.com/">&lt;h4&gt;'You'll be hearing from us,' say privacy campaigners who previously forced the government to back down&lt;/h4&gt; &lt;p&gt;The UK government is set to extract patient-identifiable data from NHS hospital systems and share this with its data platform based on technology from Palantir, a move that seems set to provoke another legal challenge.…&lt;/p&gt;</summary>
  </entry>
  <entry>
    <id>tag:theregister.com,2005:story224548</id>
    <updated>2022-11-04T14:15:35Z</updated>
    <author>
      <name>Dan Robinson</name>
      <uri>https://search.theregister.com/?author=Dan%20Robinson</uri>
    </author>
    <link rel="alternate" type="text/html" href="https://go.theregister.com/feed/www.theregister.com/2022/11/04/us_chip_industry_china_ban/"/>
    <title type="html">US chip industry worried it may lose out to rivals over China ban</title>
    <summary type="html" xml:base="https://www.theregister.com/">&lt;h4&gt;Just hang on while we convince the rest of the world, Commerce Sec tells makers&lt;/h4&gt; &lt;p&gt;US companies that build chipmaking equipment have been told to tough it out as they face a ban on selling to customers in China, while their rivals elsewhere in the world currently have no such restrictions.…&lt;/p&gt; &lt;p&gt;&lt;!--#include virtual='/data_centre/_whitepaper_textlinks_top.html' --&gt;&lt;/p&gt;</summary>
  </entry>
  <entry>
    <id>tag:theregister.com,2005:story224541</id>
    <updated>2022-11-04T13:30:42Z</updated>
    <author>
      <name>Jude Karabus</name>
      <uri>https://search.theregister.com/?author=Jude%20Karabus</uri>
    </author>
    <link rel="alternate" type="text/html" href="https://go.theregister.com/feed/www.theregister.com/2022/11/04/google_nlrb_complaint/"/>
    <title type="html">Google cut contractors off from online 'Share My Salary' spreadsheet, union claims</title>
    <summary type="html" xml:base="https://www.theregister.com/">&lt;h4&gt;Alphabet Workers Union says it's an illegal block of workers' right to discuss pay&lt;/h4&gt; &lt;p&gt;The Alphabet Workers Union (AWU) claims the company blocked access to a shared spreadsheet in which it reckons "hundreds" of subcontracted workers had shared their salary details and "up to 50,000" of those staffers are now prevented from looking them up.…&lt;/p&gt;</summary>
  </entry>
  <entry>
    <id>tag:theregister.com,2005:story224543</id>
    <updated>2022-11-04T12:50:15Z</updated>
    <author>
      <name>Dan Robinson</name>
      <uri>https://search.theregister.com/?author=Dan%20Robinson</uri>
    </author>
    <link rel="alternate" type="text/html" href="https://go.theregister.com/feed/www.theregister.com/2022/11/04/dell_australia_consumer_court/"/>
    <title type="html">Dell hit with Oz court case for misleading prices on monitors</title>
    <summary type="html" xml:base="https://www.theregister.com/">&lt;h4&gt;Watchdog claims add-ons to computer purchases appeared to be discounted but did not reflect the standalone RRP&lt;/h4&gt; &lt;p&gt;Dell's Australian business is in trouble with the country's consumer watchdog for allegedly misleading buyers about the price of displays purchased as an add-on with its computers.…&lt;/p&gt;</summary>
  </entry>
  <entry>
    <id>tag:theregister.com,2005:story224544</id>
    <updated>2022-11-04T12:20:09Z</updated>
    <author>
      <name>Paul Kunert</name>
      <uri>https://search.theregister.com/?author=Paul%20Kunert</uri>
    </author>
    <link rel="alternate" type="text/html" href="https://go.theregister.com/feed/www.theregister.com/2022/11/04/bt_pay_talks_reopened_says_cwu/"/>
    <title type="html">BT re-enters pay talks to prevent further strikes, says union</title>
    <summary type="html" xml:base="https://www.theregister.com/">&lt;h4&gt;What forced the change in attitude? The impact on 40,000 broadband connections possibly&lt;/h4&gt; &lt;p&gt;The Communication Workers Unions (CWU) claims BT Group has agreed to re-enter negotiations to find a solution to the protracted pay dispute that has caused thousands of engineers and call center operators to strike.…&lt;/p&gt;</summary>
  </entry>
  <entry>
    <id>tag:theregister.com,2005:story224542</id>
    <updated>2022-11-04T11:03:13Z</updated>
    <author>
      <name>Richard Currie</name>
      <uri>https://search.theregister.com/?author=Richard%20Currie</uri>
    </author>
    <link rel="alternate" type="text/html" href="https://go.theregister.com/feed/www.theregister.com/2022/11/04/nft_vending_machine/"/>
    <title type="html">NFT vending machine appears in London</title>
    <summary type="html" xml:base="https://www.theregister.com/">&lt;h4&gt;Don't everyone rush at once&lt;/h4&gt; &lt;p&gt;NFTs are dead. And stupid. Don't just take our word for it – Bill Gates, widely considered a pretty smart guy, described them as "100 percent based on greater fool theory" and analyst Forrester recently said "most consumers aren't interested in NFT stunts."…&lt;/p&gt; &lt;p&gt;&lt;!--#include virtual='/data_centre/_whitepaper_textlinks_top.html' --&gt;&lt;/p&gt;</summary>
  </entry>
  <entry>
    <id>tag:theregister.com,2005:story224531</id>
    <updated>2022-11-04T09:34:13Z</updated>
    <author>
      <name>Jeff Burt</name>
      <uri>https://search.theregister.com/?author=Jeff%20Burt</uri>
    </author>
    <link rel="alternate" type="text/html" href="https://go.theregister.com/feed/www.theregister.com/2022/11/04/microsoft_ukraine_tech_support/"/>
    <title type="html">Microsoft gives away '$400m in cloud support' to Ukraine</title>
    <summary type="html" xml:base="https://www.theregister.com/">&lt;h4&gt;Freedom isn't free&lt;/h4&gt; &lt;p&gt;The Ukraine government will continue to be able to run its digital infrastructure through the Microsoft Cloud for free in 2023, the tech giant confirmed today.…&lt;/p&gt;</summary>
  </entry>
  <entry>
    <id>tag:theregister.com,2005:story224518</id>
    <updated>2022-11-04T08:30:14Z</updated>
    <author>
      <name>Richard Currie</name>
      <uri>https://search.theregister.com/?author=Richard%20Currie</uri>
    </author>
    <link rel="alternate" type="text/html" href="https://go.theregister.com/feed/www.theregister.com/2022/11/04/norths_align_britain/"/>
    <title type="html">All of the norths are about to align over Britain</title>
    <summary type="html" xml:base="https://www.theregister.com/">&lt;h4&gt;Magnetic north is on a walkabout, and your OCD will benefit&lt;/h4&gt; &lt;p&gt;UK map lords at the Ordnance Survey have some big news for people with obsessive compulsive personality disorder or otherwise like everything to be neatly lined up.…&lt;/p&gt;</summary>
  </entry>
  <entry>
    <id>tag:theregister.com,2005:story224538</id>
    <updated>2022-11-04T07:32:08Z</updated>
    <author>
      <name>Simon Sharwood</name>
      <uri>https://search.theregister.com/?author=Simon%20Sharwood</uri>
    </author>
    <link rel="alternate" type="text/html" href="https://go.theregister.com/feed/www.theregister.com/2022/11/04/on_call/"/>
    <title type="html">Hot, sweaty builders hosed a server – literally – leaving support with an all-night RAID repair job</title>
    <summary type="html" xml:base="https://www.theregister.com/">&lt;h4&gt;Extension cords are good for power. Extension tubes? Not so good for air&lt;/h4&gt; &lt;p&gt;&lt;strong&gt;On Call&lt;/strong&gt;  As two precious days of free time loom, &lt;i&gt;The Register&lt;/i&gt; offers a two-minute taste of the energy-draining drama that makes weekends so important in another instalment of On-Call, our weekly reader-contributed tale of the messes IT people are asked to address.…&lt;/p&gt;</summary>
  </entry>
  <entry>
    <id>tag:theregister.com,2005:story224540</id>
    <updated>2022-11-04T06:58:13Z</updated>
    <author>
      <name>Simon Sharwood</name>
      <uri>https://search.theregister.com/?author=Simon%20Sharwood</uri>
    </author>
    <link rel="alternate" type="text/html" href="https://go.theregister.com/feed/www.theregister.com/2022/11/04/atlassian_q1_23/"/>
    <title type="html">You fire 'em, we'll hire 'em: Atlassian sees tech layoffs as HR heaven</title>
    <summary type="html" xml:base="https://www.theregister.com/">&lt;h4&gt;But investors aren't impressed by losses and unpleasant outlook&lt;/h4&gt; &lt;p&gt;Atlassian sees the current round of layoffs and hiring freezes across the tech industry as an opportunity on which it hopes to capitalise – even as its own share price slumps.…&lt;/p&gt;</summary>
  </entry>
  <entry>
    <id>tag:theregister.com,2005:story224529</id>
    <updated>2022-11-04T06:22:06Z</updated>
    <author>
      <name>Jessica Lyons Hardcastle</name>
      <uri>https://search.theregister.com/?author=Jessica%20Lyons%20Hardcastle</uri>
    </author>
    <link rel="alternate" type="text/html" href="https://go.theregister.com/feed/www.theregister.com/2022/11/04/french_opera1er_group_ib/"/>
    <title type="html">French-speaking voleurs stole $30m in 15-country bank, telecoms cyber-heist spree</title>
    <summary type="html" xml:base="https://www.theregister.com/">&lt;h4&gt;Smooth 'OPERA1ER' hit orgs around the world over four or more years&lt;/h4&gt; &lt;p&gt;A French-speaking criminal group codenamed OPERA1ER has pulled off more than 30 cyber-heists against telecom organizations and banks across Africa, Asia, and Latin America, stealing upwards of $30 million over four years, according to security researchers.…&lt;/p&gt; &lt;p&gt;&lt;!--#include virtual='/data_centre/_whitepaper_textlinks_top.html' --&gt;&lt;/p&gt;</summary>
  </entry>
  <entry>
    <id>tag:theregister.com,2005:story224539</id>
    <updated>2022-11-04T05:59:11Z</updated>
    <author>
      <name>Laura Dobberstein</name>
      <uri>https://search.theregister.com/?author=Laura%20Dobberstein</uri>
    </author>
    <link rel="alternate" type="text/html" href="https://go.theregister.com/feed/www.theregister.com/2022/11/04/xiaomi_concept_phone_with_mounted/"/>
    <title type="html">Xiaomi reveals bonkers phone with bolted-on Leica lens that will make you look like a dork</title>
    <summary type="html" xml:base="https://www.theregister.com/">&lt;h4&gt;A weighty lens, placed off-centre on a lightweight smartphone – what could possibly go wrong?&lt;/h4&gt; &lt;p&gt;Chinese smartphone darling has shown off a phone with a full camera lens bolted to its back – which looks very dorky, but thankfully is only a concept device.…&lt;/p&gt;</summary>
  </entry>
  <entry>
    <id>tag:theregister.com,2005:story224537</id>
    <updated>2022-11-04T04:58:05Z</updated>
    <author>
      <name>Simon Sharwood</name>
      <uri>https://search.theregister.com/?author=Simon%20Sharwood</uri>
    </author>
    <link rel="alternate" type="text/html" href="https://go.theregister.com/feed/www.theregister.com/2022/11/04/lenovo_isg_profitable_four_quarters/"/>
    <title type="html">After years of losses, Lenovo's infrastructure group posts 12 months of profits</title>
    <summary type="html" xml:base="https://www.theregister.com/">&lt;h4&gt;Execs say enterprise hardware biz is flying – don't mention the sub-one-percent profit&lt;/h4&gt; &lt;p&gt;In February 2022 Lenovo &lt;a target="_blank" href="https://www.theregister.com/2022/02/23/lenovo_q3_2022/"&gt;shared&lt;/a&gt; a slightly special number: $17 million. That's the first profit made by its Infrastructure Solutions Group (ISG) since its predecessor was formed by the &lt;a target="_blank" href="https://www.theregister.com/2014/09/29/lenovo_ibm_server_deal_to_close_october/"&gt;2014 acquisition of IBM's x86 server business&lt;/a&gt;.…&lt;/p&gt;</summary>
  </entry>
  <entry>
    <id>tag:theregister.com,2005:story224536</id>
    <updated>2022-11-04T03:44:59Z</updated>
    <author>
      <name>Simon Sharwood</name>
      <uri>https://search.theregister.com/?author=Simon%20Sharwood</uri>
    </author>
    <link rel="alternate" type="text/html" href="https://go.theregister.com/feed/www.theregister.com/2022/11/04/twitter_layoffs_email/"/>
    <title type="html">Elon Musk reportedly outlines horrible Twitter layoff process</title>
    <summary type="html" xml:base="https://www.theregister.com/">&lt;h4&gt;Email to your personal account is bad news, email to your work account means you still work at Twitter&lt;/h4&gt; &lt;p&gt;Twitter owner, sole director and – according to his Twitter profile, now also "Twitter Complaint Hotline Operator" – has reportedly informed company staff that layoffs begin tomorrow.…&lt;/p&gt;</summary>
  </entry>
  <entry>
    <id>tag:theregister.com,2005:story224535</id>
    <updated>2022-11-04T02:59:06Z</updated>
    <author>
      <name>Simon Sharwood</name>
      <uri>https://search.theregister.com/?author=Simon%20Sharwood</uri>
    </author>
    <link rel="alternate" type="text/html" href="https://go.theregister.com/feed/www.theregister.com/2022/11/04/alibaba_cloud_20_percent_arm/"/>
    <title type="html">Alibaba Cloud plans for a fifth of its servers to use homebrew Arm CPUs by 2025</title>
    <summary type="html" xml:base="https://www.theregister.com/">&lt;h4&gt;Sanctions? What sanctions? Just look at the low, low, power consumption figures&lt;/h4&gt; &lt;p&gt;Alibaba Cloud has revealed that it plans to power 20 percent of its operations with its own homebrew CPUs by 2025.…&lt;/p&gt;</summary>
  </entry>
  <entry>
    <id>tag:theregister.com,2005:story224522</id>
    <updated>2022-11-04T01:01:13Z</updated>
    <author>
      <name>Laura Dobberstein</name>
      <uri>https://search.theregister.com/?author=Laura%20Dobberstein</uri>
    </author>
    <link rel="alternate" type="text/html" href="https://go.theregister.com/feed/www.theregister.com/2022/11/04/mas_stablecoin_cbdc/"/>
    <title type="html">Singapore's fintech boss says stablecoins might win before CBDCs even get started</title>
    <summary type="html" xml:base="https://www.theregister.com/">&lt;h4&gt;Monetary authority presses ahead with Ubin+ cross-border CBDC trial anyway&lt;/h4&gt; &lt;p&gt;While central bank digital currencies (CBDCs) are often advanced as a way to improve the world's creaking cross-border payments infrastructure, some financial experts believe the government-issued tokens may be usurped by stablecoins and other products.…&lt;/p&gt; &lt;p&gt;&lt;!--#include virtual='/data_centre/_whitepaper_textlinks_top.html' --&gt;&lt;/p&gt;</summary>
  </entry>
  <entry>
    <id>tag:theregister.com,2005:story224530</id>
    <updated>2022-11-03T23:58:12Z</updated>
    <author>
      <name>Katyanna Quach</name>
      <uri>https://search.theregister.com/?author=Katyanna%20Quach</uri>
    </author>
    <link rel="alternate" type="text/html" href="https://go.theregister.com/feed/www.theregister.com/2022/11/03/nasa_artemis_launch/"/>
    <title type="html">NASA wheels SLS rocket out to the launchpad for another attempt to get off the ground</title>
    <summary type="html" xml:base="https://www.theregister.com/">&lt;h4&gt;After two previous failures, will third time be the charm?&lt;/h4&gt; &lt;p&gt;NASA will roll its Space Launch System back out to the launchpad at the Kennedy Space Center on Friday to prepare for a third attempt to put its most powerful rocket yet into the sky on November 14.…&lt;/p&gt;</summary>
  </entry>
  <entry>
    <id>tag:theregister.com,2005:story224533</id>
    <updated>2022-11-03T21:55:56Z</updated>
    <author>
      <name>Dylan Martin</name>
      <uri>https://search.theregister.com/?author=Dylan%20Martin</uri>
    </author>
    <link rel="alternate" type="text/html" href="https://go.theregister.com/feed/www.theregister.com/2022/11/03/amd_radeon_rx_7900_launched/"/>
    <title type="html">AMD’s latest, greatest Radeon graphics card $600 cheaper than Nvidia’s top RTX 4090</title>
    <summary type="html" xml:b

DEBUG counter: 14

B: 1536, HF:1
Builded XML size before: 20736
Builded XML size after: 20736

==Response L:1536
ase="https://www.theregister.com/">&lt;h4&gt;Chiplet-based RNDA 3 GPU fans have been waiting for&lt;/h4&gt; &lt;p&gt;AMD has come out swinging at Nvidia with new flagship Radeon graphics cards that are cheaper than its rival's fresh GeForce RTX products.…&lt;/p&gt;</summary>
  </entry>
  <entry>
    <id>tag:theregister.com,2005:story224524</id>
    <updated>2022-11-03T20:45:15Z</updated>
    <author>
      <name>Jeff Burt</name>
      <uri>https://search.theregister.com/?author=Jeff%20Burt</uri>
    </author>
    <link rel="alternate" type="text/html" href="https://go.theregister.com/feed/www.theregister.com/2022/11/03/mfa_fatigue_enterprise_threat/"/>
    <title type="html">Multi-factor auth fatigue is real – and it's why you may be in the headlines next</title>
    <summary type="html" xml:base="https://www.theregister.com/">&lt;h4&gt;Overwhelmed by waves of push notifications, worn-down users inadvertently let the bad guys in&lt;/h4&gt; &lt;p&gt;&lt;strong&gt;Analysis&lt;/strong&gt;  The September cyberattack on ride-hailing service Uber began when a criminal bought the stolen credentials of a company contractor on the dark web.…&lt;/p&gt;</summary>
  </entry>
  <entry>
    <id>tag:theregister.com,2005:story224528</id>
    <updated>2022-11-03T19:46:07Z</updated>
    <author>
      <name>Brandon Vigliarolo</name>
      <uri>https://search.theregister.com/?author=Brandon%20Vigliarolo</uri>
    </author>
    <link rel="alternate" type="text/html" href="https://go.theregister.com/feed/www.theregister.com/
==

==XML builded
7dc0
<?xml version="1.0" encoding="UTF-8"?>
<feed xmlns="http://www.w3.org/2005/Atom" xml:lang="en">
  <id>tag:theregister.com,2005:feed/theregister.com/</id>
  <title>The Register</title>
  <link rel="self" type="application/atom+xml" href="https://www.theregister.com/headlines.atom"/>
  <link rel="alternate" type="text/html" href="https://www.theregister.com/"/>
  <rights>Copyright © 2022, Situation Publishing</rights>
  <author>
    <name>Team Register</name>
    <email>webmaster@theregister.co.uk</email>
    <uri>https://www.theregister.com/odds/about/contact/</uri>
  </author>
  <icon>https://www.theregister.com/Design/graphics/icons/favicon.png</icon>
  <subtitle>Biting the hand that feeds IT — Enterprise Technology News and Analysis</subtitle>
  <logo>https://www.theregister.com/Design/graphics/Reg_default/The_Register_r.png</logo>
  <updated>2022-11-04T19:15:11Z</updated>
  <entry>
    <id>tag,:theregister.com,2005:story224552</id>
    <updated>2022-11-04T19:15:11Z</updated>
    <author>
      <name>Brandon Vigliarolo</name>
      <uri>https://search.theregister.com/?author=Brandon%20Vigliarolo</uri>
    </author>
    <link rel="alternate" type="text/html" href="https://go.theregister.com/feed/www.theregister.com/2022/11/04/twitter_warn_act_lawsuit/"/>
    <title type="html">Twitter employees sue over lack of 60-day layoff notice</title>
    <summary type="html" xml:base="https://www.theregister.com/">&lt;h4&gt;Musk-owned companies have now faced 3 WARN Act lawsuits alleging the same thing&lt;/h4&gt; &lt;p&gt;The great Twitter cull of '22 is expected to begin today, but a group of tweeps have preempted the event by filing a class action lawsuit against Twitter for violating the WARN Act.…&lt;/p&gt;</summary>
  </entry>
  <entry>
    <id>tag:theregister.com,2005:story224550</id>
    <updated>2022-11-04T18:30:08Z</updated>
    <author>
      <name>Jeff Burt</name>
      <uri>https://search.theregister.com/?author=Jeff%20Burt</uri>
    </author>
    <link rel="alternate" type="text/html" href="https://go.theregister.com/feed/www.theregister.com/2022/11/04/crimson_kingsnake_bec_scam/"/>
    <title type="html">Double-check demand payment emails from law firms: Convincing fakes surface</title>
    <summary type="html" xml:base="https://www.theregister.com/">&lt;h4&gt;Crimson Kingsnake impersonates legit attorneys, fakes email threads from your colleagues in far-reaching BEC campaign&lt;/h4&gt; &lt;p&gt;A new threat group called Crimson Kingsnake is impersonating real law companies and debt recovery services to intimidate businessess into paying bogus overdue invoices.…&lt;/p&gt; &lt;p&gt;&lt;!--#include virtual='/data_centre/_whitepaper_textlinks_top.html' --&gt;&lt;/p&gt;</summary>
  </entry>
  <entry>
    <id>tag:theregister.com,2005:story224547</id>
    <updated>2022-11-04T17:30:08Z</updated>
    <author>
      <name>Liam Proven</name>
      <uri>https://search.theregister.com/?author=Liam%20Proven</uri>
    </author>
    <link rel="alternate" type="text/html" href="https://go.theregister.com/feed/www.theregister.com/2022/11/04/mozilla_ventures/"/>
    <title type="html">Mozilla Foundation launches ethical venture capital fund</title>
    <summary type="html" xml:base="https://www.theregister.com/">&lt;h4&gt;An unexpected move, but we suspect that Carl Sagan might have approved&lt;/h4&gt; &lt;p&gt;Mozilla has announced the successor to the Mozilla Builders incubator: Mozilla Ventures.…&lt;/p&gt;</summary>
  </entry>
  <entry>
    <id>tag:theregister.com,2005:story224549</id>
    <updated>2022-11-04T16:15:25Z</updated>
    <author>
      <name>Brandon Vigliarolo</name>
      <uri>https://search.theregister.com/?author=Brandon%20Vigliarolo</uri>
    </author>
    <link rel="alternate" type="text/html" href="https://go.theregister.com/feed/www.theregister.com/2022/11/04/starliner_launch_delay/"/>
    <title type="html">Boeing's Starliner launch pushed back again... to April 2023</title>
    <summary type="html" xml:base="https://www.theregister.com/">&lt;h4&gt;The official word is 'scheduling conflicts,' but NASA's safety panel has expressed concerns too&lt;/h4&gt; &lt;p&gt;The first crewed launch of Boeing's Starliner has been delayed again, this time being pushed back to April 2023 from an earlier planned launch date of February.…&lt;/p&gt;</summary>
  </entry>
  <entry>
    <id>tag:theregister.com,2005:story224545</id>
    <updated>2022-11-04T15:15:12Z</updated>
    <author>
      <name>Lindsay Clark</name>
      <uri>https://search.theregister.com/?author=Lindsay%20Clark</uri>
    </author>
    <link rel="alternate" type="text/html" href="https://go.theregister.com/feed/www.theregister.com/2022/11/04/uk_governement_set_to_extract/"/>
    <title type="html">UK government set to extract hospital data to Palantir system without patient consent</title>
    <summary type="html" xml:base="https://www.theregister.com/">&lt;h4&gt;'You'll be hearing from us,' say privacy campaigners who previously forced the government to back down&lt;/h4&gt; &lt;p&gt;The UK government is set to extract patient-identifiable data from NHS hospital systems and share this with its data platform based on technology from Palantir, a move that seems set to provoke another legal challenge.…&lt;/p&gt;</summary>
  </entry>
  <entry>
    <id>tag:theregister.com,2005:story224548</id>
    <updated>2022-11-04T14:15:35Z</updated>
    <author>
      <name>Dan Robinson</name>
      <uri>https://search.theregister.com/?author=Dan%20Robinson</uri>
    </author>
    <link rel="alternate" type="text/html" href="https://go.theregister.com/feed/www.theregister.com/2022/11/04/us_chip_industry_china_ban/"/>
    <title type="html">US chip industry worried it may lose out to rivals over China ban</title>
    <summary type="html" xml:base="https://www.theregister.com/">&lt;h4&gt;Just hang on while we convince the rest of the world, Commerce Sec tells makers&lt;/h4&gt; &lt;p&gt;US companies that build chipmaking equipment have been told to tough it out as they face a ban on selling to customers in China, while their rivals elsewhere in the world currently have no such restrictions.…&lt;/p&gt; &lt;p&gt;&lt;!--#include virtual='/data_centre/_whitepaper_textlinks_top.html' --&gt;&lt;/p&gt;</summary>
  </entry>
  <entry>
    <id>tag:theregister.com,2005:story224541</id>
    <updated>2022-11-04T13:30:42Z</updated>
    <author>
      <name>Jude Karabus</name>
      <uri>https://search.theregister.com/?author=Jude%20Karabus</uri>
    </author>
    <link rel="alternate" type="text/html" href="https://go.theregister.com/feed/www.theregister.com/2022/11/04/google_nlrb_complaint/"/>
    <title type="html">Google cut contractors off from online 'Share My Salary' spreadsheet, union claims</title>
    <summary type="html" xml:base="https://www.theregister.com/">&lt;h4&gt;Alphabet Workers Union says it's an illegal block of workers' right to discuss pay&lt;/h4&gt; &lt;p&gt;The Alphabet Workers Union (AWU) claims the company blocked access to a shared spreadsheet in which it reckons "hundreds" of subcontracted workers had shared their salary details and "up to 50,000" of those staffers are now prevented from looking them up.…&lt;/p&gt;</summary>
  </entry>
  <entry>
    <id>tag:theregister.com,2005:story224543</id>
    <updated>2022-11-04T12:50:15Z</updated>
    <author>
      <name>Dan Robinson</name>
      <uri>https://search.theregister.com/?author=Dan%20Robinson</uri>
    </author>
    <link rel="alternate" type="text/html" href="https://go.theregister.com/feed/www.theregister.com/2022/11/04/dell_australia_consumer_court/"/>
    <title type="html">Dell hit with Oz court case for misleading prices on monitors</title>
    <summary type="html" xml:base="https://www.theregister.com/">&lt;h4&gt;Watchdog claims add-ons to computer purchases appeared to be discounted but did not reflect the standalone RRP&lt;/h4&gt; &lt;p&gt;Dell's Australian business is in trouble with the country's consumer watchdog for allegedly misleading buyers about the price of displays purchased as an add-on with its computers.…&lt;/p&gt;</summary>
  </entry>
  <entry>
    <id>tag:theregister.com,2005:story224544</id>
    <updated>2022-11-04T12:20:09Z</updated>
    <author>
      <name>Paul Kunert</name>
      <uri>https://search.theregister.com/?author=Paul%20Kunert</uri>
    </author>
    <link rel="alternate" type="text/html" href="https://go.theregister.com/feed/www.theregister.com/2022/11/04/bt_pay_talks_reopened_says_cwu/"/>
    <title type="html">BT re-enters pay talks to prevent further strikes, says union</title>
    <summary type="html" xml:base="https://www.theregister.com/">&lt;h4&gt;What forced the change in attitude? The impact on 40,000 broadband connections possibly&lt;/h4&gt; &lt;p&gt;The Communication Workers Unions (CWU) claims BT Group has agreed to re-enter negotiations to find a solution to the protracted pay dispute that has caused thousands of engineers and call center operators to strike.…&lt;/p&gt;</summary>
  </entry>
  <entry>
    <id>tag:theregister.com,2005:story224542</id>
    <updated>2022-11-04T11:03:13Z</updated>
    <author>
      <name>Richard Currie</name>
      <uri>https://search.theregister.com/?author=Richard%20Currie</uri>
    </author>
    <link rel="alternate" type="text/html" href="https://go.theregister.com/feed/www.theregister.com/2022/11/04/nft_vending_machine/"/>
    <title type="html">NFT vending machine appears in London</title>
    <summary type="html" xml:base="https://www.theregister.com/">&lt;h4&gt;Don't everyone rush at once&lt;/h4&gt; &lt;p&gt;NFTs are dead. And stupid. Don't just take our word for it – Bill Gates, widely considered a pretty smart guy, described them as "100 percent based on greater fool theory" and analyst Forrester recently said "most consumers aren't interested in NFT stunts."…&lt;/p&gt; &lt;p&gt;&lt;!--#include virtual='/data_centre/_whitepaper_textlinks_top.html' --&gt;&lt;/p&gt;</summary>
  </entry>
  <entry>
    <id>tag:theregister.com,2005:story224531</id>
    <updated>2022-11-04T09:34:13Z</updated>
    <author>
      <name>Jeff Burt</name>
      <uri>https://search.theregister.com/?author=Jeff%20Burt</uri>
    </author>
    <link rel="alternate" type="text/html" href="https://go.theregister.com/feed/www.theregister.com/2022/11/04/microsoft_ukraine_tech_support/"/>
    <title type="html">Microsoft gives away '$400m in cloud support' to Ukraine</title>
    <summary type="html" xml:base="https://www.theregister.com/">&lt;h4&gt;Freedom isn't free&lt;/h4&gt; &lt;p&gt;The Ukraine government will continue to be able to run its digital infrastructure through the Microsoft Cloud for free in 2023, the tech giant confirmed today.…&lt;/p&gt;</summary>
  </entry>
  <entry>
    <id>tag:theregister.com,2005:story224518</id>
    <updated>2022-11-04T08:30:14Z</updated>
    <author>
      <name>Richard Currie</name>
      <uri>https://search.theregister.com/?author=Richard%20Currie</uri>
    </author>
    <link rel="alternate" type="text/html" href="https://go.theregister.com/feed/www.theregister.com/2022/11/04/norths_align_britain/"/>
    <title type="html">All of the norths are about to align over Britain</title>
    <summary type="html" xml:base="https://www.theregister.com/">&lt;h4&gt;Magnetic north is on a walkabout, and your OCD will benefit&lt;/h4&gt; &lt;p&gt;UK map lords at the Ordnance Survey have some big news for people with obsessive compulsive personality disorder or otherwise like everything to be neatly lined up.…&lt;/p&gt;</summary>
  </entry>
  <entry>
    <id>tag:theregister.com,2005:story224538</id>
    <updated>2022-11-04T07:32:08Z</updated>
    <author>
      <name>Simon Sharwood</name>
      <uri>https://search.theregister.com/?author=Simon%20Sharwood</uri>
    </author>
    <link rel="alternate" type="text/html" href="https://go.theregister.com/feed/www.theregister.com/2022/11/04/on_call/"/>
    <title type="html">Hot, sweaty builders hosed a server – literally – leaving support with an all-night RAID repair job</title>
    <summary type="html" xml:base="https://www.theregister.com/">&lt;h4&gt;Extension cords are good for power. Extension tubes? Not so good for air&lt;/h4&gt; &lt;p&gt;&lt;strong&gt;On Call&lt;/strong&gt;  As two precious days of free time loom, &lt;i&gt;The Register&lt;/i&gt; offers a two-minute taste of the energy-draining drama that makes weekends so important in another instalment of On-Call, our weekly reader-contributed tale of the messes IT people are asked to address.…&lt;/p&gt;</summary>
  </entry>
  <entry>
    <id>tag:theregister.com,2005:story224540</id>
    <updated>2022-11-04T06:58:13Z</updated>
    <author>
      <name>Simon Sharwood</name>
      <uri>https://search.theregister.com/?author=Simon%20Sharwood</uri>
    </author>
    <link rel="alternate" type="text/html" href="https://go.theregister.com/feed/www.theregister.com/2022/11/04/atlassian_q1_23/"/>
    <title type="html">You fire 'em, we'll hire 'em: Atlassian sees tech layoffs as HR heaven</title>
    <summary type="html" xml:base="https://www.theregister.com/">&lt;h4&gt;But investors aren't impressed by losses and unpleasant outlook&lt;/h4&gt; &lt;p&gt;Atlassian sees the current round of layoffs and hiring freezes across the tech industry as an opportunity on which it hopes to capitalise – even as its own share price slumps.…&lt;/p&gt;</summary>
  </entry>
  <entry>
    <id>tag:theregister.com,2005:story224529</id>
    <updated>2022-11-04T06:22:06Z</updated>
    <author>
      <name>Jessica Lyons Hardcastle</name>
      <uri>https://search.theregister.com/?author=Jessica%20Lyons%20Hardcastle</uri>
    </author>
    <link rel="alternate" type="text/html" href="https://go.theregister.com/feed/www.theregister.com/2022/11/04/french_opera1er_group_ib/"/>
    <title type="html">French-speaking voleurs stole $30m in 15-country bank, telecoms cyber-heist spree</title>
    <summary type="html" xml:base="https://www.theregister.com/">&lt;h4&gt;Smooth 'OPERA1ER' hit orgs around the world over four or more years&lt;/h4&gt; &lt;p&gt;A French-speaking criminal group codenamed OPERA1ER has pulled off more than 30 cyber-heists against telecom organizations and banks across Africa, Asia, and Latin America, stealing upwards of $30 million over four years, according to security researchers.…&lt;/p&gt; &lt;p&gt;&lt;!--#include virtual='/data_centre/_whitepaper_textlinks_top.html' --&gt;&lt;/p&gt;</summary>
  </entry>
  <entry>
    <id>tag:theregister.com,2005:story224539</id>
    <updated>2022-11-04T05:59:11Z</updated>
    <author>
      <name>Laura Dobberstein</name>
      <uri>https://search.theregister.com/?author=Laura%20Dobberstein</uri>
    </author>
    <link rel="alternate" type="text/html" href="https://go.theregister.com/feed/www.theregister.com/2022/11/04/xiaomi_concept_phone_with_mounted/"/>
    <title type="html">Xiaomi reveals bonkers phone with bolted-on Leica lens that will make you look like a dork</title>
    <summary type="html" xml:base="https://www.theregister.com/">&lt;h4&gt;A weighty lens, placed off-centre on a lightweight smartphone – what could possibly go wrong?&lt;/h4&gt; &lt;p&gt;Chinese smartphone darling has shown off a phone with a full camera lens bolted to its back – which looks very dorky, but thankfully is only a concept device.…&lt;/p&gt;</summary>
  </entry>
  <entry>
    <id>tag:theregister.com,2005:story224537</id>
    <updated>2022-11-04T04:58:05Z</updated>
    <author>
      <name>Simon Sharwood</name>
      <uri>https://search.theregister.com/?author=Simon%20Sharwood</uri>
    </author>
    <link rel="alternate" type="text/html" href="https://go.theregister.com/feed/www.theregister.com/2022/11/04/lenovo_isg_profitable_four_quarters/"/>
    <title type="html">After years of losses, Lenovo's infrastructure group posts 12 months of profits</title>
    <summary type="html" xml:base="https://www.theregister.com/">&lt;h4&gt;Execs say enterprise hardware biz is flying – don't mention the sub-one-percent profit&lt;/h4&gt; &lt;p&gt;In February 2022 Lenovo &lt;a target="_blank" href="https://www.theregister.com/2022/02/23/lenovo_q3_2022/"&gt;shared&lt;/a&gt; a slightly special number: $17 million. That's the first profit made by its Infrastructure Solutions Group (ISG) since its predecessor was formed by the &lt;a target="_blank" href="https://www.theregister.com/2014/09/29/lenovo_ibm_server_deal_to_close_october/"&gt;2014 acquisition of IBM's x86 server business&lt;/a&gt;.…&lt;/p&gt;</summary>
  </entry>
  <entry>
    <id>tag:theregister.com,2005:story224536</id>
    <updated>2022-11-04T03:44:59Z</updated>
    <author>
      <name>Simon Sharwood</name>
      <uri>https://search.theregister.com/?author=Simon%20Sharwood</uri>
    </author>
    <link rel="alternate" type="text/html" href="https://go.theregister.com/feed/www.theregister.com/2022/11/04/twitter_layoffs_email/"/>
    <title type="html">Elon Musk reportedly outlines horrible Twitter layoff process</title>
    <summary type="html" xml:base="https://www.theregister.com/">&lt;h4&gt;Email to your personal account is bad news, email to your work account means you still work at Twitter&lt;/h4&gt; &lt;p&gt;Twitter owner, sole director and – according to his Twitter profile, now also "Twitter Complaint Hotline Operator" – has reportedly informed company staff that layoffs begin tomorrow.…&lt;/p&gt;</summary>
  </entry>
  <entry>
    <id>tag:theregister.com,2005:story224535</id>
    <updated>2022-11-04T02:59:06Z</updated>
    <author>
      <name>Simon Sharwood</name>
      <uri>https://search.theregister.com/?author=Simon%20Sharwood</uri>
    </author>
    <link rel="alternate" type="text/html" href="https://go.theregister.com/feed/www.theregister.com/2022/11/04/alibaba_cloud_20_percent_arm/"/>
    <title type="html">Alibaba Cloud plans for a fifth of its servers to use homebrew Arm CPUs by 2025</title>
    <summary type="html" xml:base="https://www.theregister.com/">&lt;h4&gt;Sanctions? What sanctions? Just look at the low, low, power consumption figures&lt;/h4&gt; &lt;p&gt;Alibaba Cloud has revealed that it plans to power 20 percent of its operations with its own homebrew CPUs by 2025.…&lt;/p&gt;</summary>
  </entry>
  <entry>
    <id>tag:theregister.com,2005:story224522</id>
    <updated>2022-11-04T01:01:13Z</updated>
    <author>
      <name>Laura Dobberstein</name>
      <uri>https://search.theregister.com/?author=Laura%20Dobberstein</uri>
    </author>
    <link rel="alternate" type="text/html" href="https://go.theregister.com/feed/www.theregister.com/2022/11/04/mas_stablecoin_cbdc/"/>
    <title type="html">Singapore's fintech boss says stablecoins might win before CBDCs even get started</title>
    <summary type="html" xml:base="https://www.theregister.com/">&lt;h4&gt;Monetary authority presses ahead with Ubin+ cross-border CBDC trial anyway&lt;/h4&gt; &lt;p&gt;While central bank digital currencies (CBDCs) are often advanced as a way to improve the world's creaking cross-border payments infrastructure, some financial experts believe the government-issued tokens may be usurped by stablecoins and other products.…&lt;/p&gt; &lt;p&gt;&lt;!--#include virtual='/data_centre/_whitepaper_textlinks_top.html' --&gt;&lt;/p&gt;</summary>
  </entry>
  <entry>
    <id>tag:theregister.com,2005:story224530</id>
    <updated>2022-11-03T23:58:12Z</updated>
    <author>
      <name>Katyanna Quach</name>
      <uri>https://search.theregister.com/?author=Katyanna%20Quach</uri>
    </author>
    <link rel="alternate" type="text/html" href="https://go.theregister.com/feed/www.theregister.com/2022/11/03/nasa_artemis_launch/"/>
    <title type="html">NASA wheels SLS rocket out to the launchpad for another attempt to get off the ground</title>
    <summary type="html" xml:base="https://www.theregister.com/">&lt;h4&gt;After two previous failures, will third time be the charm?&lt;/h4&gt; &lt;p&gt;NASA will roll its Space Launch System back out to the launchpad at the Kennedy Space Center on Friday to prepare for a third attempt to put its most powerful rocket yet into the sky on November 14.…&lt;/p&gt;</summary>
  </entry>
  <entry>
    <id>tag:theregister.com,2005:story224533</id>
    <updated>2022-11-03T21:55:56Z</updated>
    <author>
      <name>Dylan Martin</name>
      <uri>https://search.theregister.com/?author=Dylan%20Martin</uri>
    </author>
    <link rel="alternate" type="text/html" href="https://go.theregister.com/feed/www.theregister.com/2022/11/03/amd_radeon_rx_7900_launched/"/>
    <title type="html">AMD’s latest, greatest Radeon graphics card $600 cheaper than Nvidia’s top RTX 4090</title>
    <summary type="html" xml:base="https://www.theregister.com/">&lt;h4&gt;Chiplet-based RNDA 3 GPU fans have been waiting for&lt;/h4&gt; &lt;p&gt;AMD has come out swinging at Nvidia with new flagship Radeon graphics cards that are cheaper than its rival's fresh GeForce RTX products.…&lt;/p&gt;</summary>
  </entry>
  <entry>
    <id>tag:theregister.com,2005:story224524</id>
    <updated>2022-11-03T20:45:15Z</updated>
    <author>
      <name>Jeff Burt</name>
      <uri>https://search.theregister.com/?author=Jeff%20Burt</uri>
    </author>
    <link rel="alternate" type="text/html" href="https://go.theregister.com/feed/www.theregister.com/2022/11/03/mfa_fatigue_enterprise_threat/"/>
    <title type="html">Multi-factor auth fatigue is real – and it's why you may be in the headlines next</title>
    <summary type="html" xml:base="https://www.theregister.com/">&lt;h4&gt;Overwhelmed by waves of push notifications, worn-down users inadvertently let the bad guys in&lt;/h4&gt; &lt;p&gt;&lt;strong&gt;Analysis&lt;/strong&gt;  The September cyberattack on ride-hailing service Uber began when a criminal bought the stolen credentials of a company contractor on the dark web.…&lt;/p&gt;</summary>
  </entry>
  <entry>
    <id>tag:theregister.com,2005:story224528</id>
    <updated>2022-11-03T19:46:07Z</updated>
    <author>
      <name>Brandon Vigliarolo</name>
      <uri>https://search.theregister.com/?author=Brandon%20Vigliarolo</uri>
    </author>
    <link rel="alternate" type="text/html" href="https://go.theregister.com/feed/www.theregister.com/

DEBUG counter: 15

B: 1536, HF:1
Builded XML size before: 22272
Builded XML size after: 22272

==Response L:1536
2022/11/03/lyft_stripe_twitter_layoffs/"/>
    <title type="html">Latest layoffs: Lyft, Stripe more than decimate staff</title>
    <summary type="html" xml:base="https://www.theregister.com/">&lt;h4&gt;While Elon may just dump half of Twitter and scrap work-from-home&lt;/h4&gt; &lt;p&gt;Citing the likelihood of recession and increases in rideshare insurance costs, Lyft is laying off 13 percent of its workforce, with no team left unaffected.…&lt;/p&gt;</summary>
  </entry>
  <entry>
    <id>tag:theregister.com,2005:story224527</id>
    <updated>2022-11-03T19:15:13Z</updated>
    <author>
      <name>Liam Proven</name>
      <uri>https://search.theregister.com/?author=Liam%20Proven</uri>
    </author>
    <link rel="alternate" type="text/html" href="https://go.theregister.com/feed/www.theregister.com/2022/11/03/nitrux_25/"/>
    <title type="html">Nitrux 2.5: The latest update to a radical Linux</title>
    <summary type="html" xml:base="https://www.theregister.com/">&lt;h4&gt;Also one of the first distros we've seen with Kernel 6.0&lt;/h4&gt; &lt;p&gt;Nitrux OS is one of the most stylish and innovative distros we've seen so far: systemd-free, based on AppImages, and with a very unusual desktop.…&lt;/p&gt; &lt;p&gt;&lt;!--#include virtual='/data_centre/_whitepaper_textlinks_top.html' --&gt;&lt;/p&gt;</summary>
  </entry>
  <entry>
    <id>tag:theregister.com,2005:story224526</id>
    <updated>2022-11-03T18:45:10Z</updated>
    <author>
      <name>Tobias Mann</name>
      <uri>https://search.theregister.com/
==

==XML builded
7dc0
<?xml version="1.0" encoding="UTF-8"?>
<feed xmlns="http://www.w3.org/2005/Atom" xml:lang="en">
  <id>tag:theregister.com,2005:feed/theregister.com/</id>
  <title>The Register</title>
  <link rel="self" type="application/atom+xml" href="https://www.theregister.com/headlines.atom"/>
  <link rel="alternate" type="text/html" href="https://www.theregister.com/"/>
  <rights>Copyright © 2022, Situation Publishing</rights>
  <author>
    <name>Team Register</name>
    <email>webmaster@theregister.co.uk</email>
    <uri>https://www.theregister.com/odds/about/contact/</uri>
  </author>
  <icon>https://www.theregister.com/Design/graphics/icons/favicon.png</icon>
  <subtitle>Biting the hand that feeds IT — Enterprise Technology News and Analysis</subtitle>
  <logo>https://www.theregister.com/Design/graphics/Reg_default/The_Register_r.png</logo>
  <updated>2022-11-04T19:15:11Z</updated>
  <entry>
    <id>tag,:theregister.com,2005:story224552</id>
    <updated>2022-11-04T19:15:11Z</updated>
    <author>
      <name>Brandon Vigliarolo</name>
      <uri>https://search.theregister.com/?author=Brandon%20Vigliarolo</uri>
    </author>
    <link rel="alternate" type="text/html" href="https://go.theregister.com/feed/www.theregister.com/2022/11/04/twitter_warn_act_lawsuit/"/>
    <title type="html">Twitter employees sue over lack of 60-day layoff notice</title>
    <summary type="html" xml:base="https://www.theregister.com/">&lt;h4&gt;Musk-owned companies have now faced 3 WARN Act lawsuits alleging the same thing&lt;/h4&gt; &lt;p&gt;The great Twitter cull of '22 is expected to begin today, but a group of tweeps have preempted the event by filing a class action lawsuit against Twitter for violating the WARN Act.…&lt;/p&gt;</summary>
  </entry>
  <entry>
    <id>tag:theregister.com,2005:story224550</id>
    <updated>2022-11-04T18:30:08Z</updated>
    <author>
      <name>Jeff Burt</name>
      <uri>https://search.theregister.com/?author=Jeff%20Burt</uri>
    </author>
    <link rel="alternate" type="text/html" href="https://go.theregister.com/feed/www.theregister.com/2022/11/04/crimson_kingsnake_bec_scam/"/>
    <title type="html">Double-check demand payment emails from law firms: Convincing fakes surface</title>
    <summary type="html" xml:base="https://www.theregister.com/">&lt;h4&gt;Crimson Kingsnake impersonates legit attorneys, fakes email threads from your colleagues in far-reaching BEC campaign&lt;/h4&gt; &lt;p&gt;A new threat group called Crimson Kingsnake is impersonating real law companies and debt recovery services to intimidate businessess into paying bogus overdue invoices.…&lt;/p&gt; &lt;p&gt;&lt;!--#include virtual='/data_centre/_whitepaper_textlinks_top.html' --&gt;&lt;/p&gt;</summary>
  </entry>
  <entry>
    <id>tag:theregister.com,2005:story224547</id>
    <updated>2022-11-04T17:30:08Z</updated>
    <author>
      <name>Liam Proven</name>
      <uri>https://search.theregister.com/?author=Liam%20Proven</uri>
    </author>
    <link rel="alternate" type="text/html" href="https://go.theregister.com/feed/www.theregister.com/2022/11/04/mozilla_ventures/"/>
    <title type="html">Mozilla Foundation launches ethical venture capital fund</title>
    <summary type="html" xml:base="https://www.theregister.com/">&lt;h4&gt;An unexpected move, but we suspect that Carl Sagan might have approved&lt;/h4&gt; &lt;p&gt;Mozilla has announced the successor to the Mozilla Builders incubator: Mozilla Ventures.…&lt;/p&gt;</summary>
  </entry>
  <entry>
    <id>tag:theregister.com,2005:story224549</id>
    <updated>2022-11-04T16:15:25Z</updated>
    <author>
      <name>Brandon Vigliarolo</name>
      <uri>https://search.theregister.com/?author=Brandon%20Vigliarolo</uri>
    </author>
    <link rel="alternate" type="text/html" href="https://go.theregister.com/feed/www.theregister.com/2022/11/04/starliner_launch_delay/"/>
    <title type="html">Boeing's Starliner launch pushed back again... to April 2023</title>
    <summary type="html" xml:base="https://www.theregister.com/">&lt;h4&gt;The official word is 'scheduling conflicts,' but NASA's safety panel has expressed concerns too&lt;/h4&gt; &lt;p&gt;The first crewed launch of Boeing's Starliner has been delayed again, this time being pushed back to April 2023 from an earlier planned launch date of February.…&lt;/p&gt;</summary>
  </entry>
  <entry>
    <id>tag:theregister.com,2005:story224545</id>
    <updated>2022-11-04T15:15:12Z</updated>
    <author>
      <name>Lindsay Clark</name>
      <uri>https://search.theregister.com/?author=Lindsay%20Clark</uri>
    </author>
    <link rel="alternate" type="text/html" href="https://go.theregister.com/feed/www.theregister.com/2022/11/04/uk_governement_set_to_extract/"/>
    <title type="html">UK government set to extract hospital data to Palantir system without patient consent</title>
    <summary type="html" xml:base="https://www.theregister.com/">&lt;h4&gt;'You'll be hearing from us,' say privacy campaigners who previously forced the government to back down&lt;/h4&gt; &lt;p&gt;The UK government is set to extract patient-identifiable data from NHS hospital systems and share this with its data platform based on technology from Palantir, a move that seems set to provoke another legal challenge.…&lt;/p&gt;</summary>
  </entry>
  <entry>
    <id>tag:theregister.com,2005:story224548</id>
    <updated>2022-11-04T14:15:35Z</updated>
    <author>
      <name>Dan Robinson</name>
      <uri>https://search.theregister.com/?author=Dan%20Robinson</uri>
    </author>
    <link rel="alternate" type="text/html" href="https://go.theregister.com/feed/www.theregister.com/2022/11/04/us_chip_industry_china_ban/"/>
    <title type="html">US chip industry worried it may lose out to rivals over China ban</title>
    <summary type="html" xml:base="https://www.theregister.com/">&lt;h4&gt;Just hang on while we convince the rest of the world, Commerce Sec tells makers&lt;/h4&gt; &lt;p&gt;US companies that build chipmaking equipment have been told to tough it out as they face a ban on selling to customers in China, while their rivals elsewhere in the world currently have no such restrictions.…&lt;/p&gt; &lt;p&gt;&lt;!--#include virtual='/data_centre/_whitepaper_textlinks_top.html' --&gt;&lt;/p&gt;</summary>
  </entry>
  <entry>
    <id>tag:theregister.com,2005:story224541</id>
    <updated>2022-11-04T13:30:42Z</updated>
    <author>
      <name>Jude Karabus</name>
      <uri>https://search.theregister.com/?author=Jude%20Karabus</uri>
    </author>
    <link rel="alternate" type="text/html" href="https://go.theregister.com/feed/www.theregister.com/2022/11/04/google_nlrb_complaint/"/>
    <title type="html">Google cut contractors off from online 'Share My Salary' spreadsheet, union claims</title>
    <summary type="html" xml:base="https://www.theregister.com/">&lt;h4&gt;Alphabet Workers Union says it's an illegal block of workers' right to discuss pay&lt;/h4&gt; &lt;p&gt;The Alphabet Workers Union (AWU) claims the company blocked access to a shared spreadsheet in which it reckons "hundreds" of subcontracted workers had shared their salary details and "up to 50,000" of those staffers are now prevented from looking them up.…&lt;/p&gt;</summary>
  </entry>
  <entry>
    <id>tag:theregister.com,2005:story224543</id>
    <updated>2022-11-04T12:50:15Z</updated>
    <author>
      <name>Dan Robinson</name>
      <uri>https://search.theregister.com/?author=Dan%20Robinson</uri>
    </author>
    <link rel="alternate" type="text/html" href="https://go.theregister.com/feed/www.theregister.com/2022/11/04/dell_australia_consumer_court/"/>
    <title type="html">Dell hit with Oz court case for misleading prices on monitors</title>
    <summary type="html" xml:base="https://www.theregister.com/">&lt;h4&gt;Watchdog claims add-ons to computer purchases appeared to be discounted but did not reflect the standalone RRP&lt;/h4&gt; &lt;p&gt;Dell's Australian business is in trouble with the country's consumer watchdog for allegedly misleading buyers about the price of displays purchased as an add-on with its computers.…&lt;/p&gt;</summary>
  </entry>
  <entry>
    <id>tag:theregister.com,2005:story224544</id>
    <updated>2022-11-04T12:20:09Z</updated>
    <author>
      <name>Paul Kunert</name>
      <uri>https://search.theregister.com/?author=Paul%20Kunert</uri>
    </author>
    <link rel="alternate" type="text/html" href="https://go.theregister.com/feed/www.theregister.com/2022/11/04/bt_pay_talks_reopened_says_cwu/"/>
    <title type="html">BT re-enters pay talks to prevent further strikes, says union</title>
    <summary type="html" xml:base="https://www.theregister.com/">&lt;h4&gt;What forced the change in attitude? The impact on 40,000 broadband connections possibly&lt;/h4&gt; &lt;p&gt;The Communication Workers Unions (CWU) claims BT Group has agreed to re-enter negotiations to find a solution to the protracted pay dispute that has caused thousands of engineers and call center operators to strike.…&lt;/p&gt;</summary>
  </entry>
  <entry>
    <id>tag:theregister.com,2005:story224542</id>
    <updated>2022-11-04T11:03:13Z</updated>
    <author>
      <name>Richard Currie</name>
      <uri>https://search.theregister.com/?author=Richard%20Currie</uri>
    </author>
    <link rel="alternate" type="text/html" href="https://go.theregister.com/feed/www.theregister.com/2022/11/04/nft_vending_machine/"/>
    <title type="html">NFT vending machine appears in London</title>
    <summary type="html" xml:base="https://www.theregister.com/">&lt;h4&gt;Don't everyone rush at once&lt;/h4&gt; &lt;p&gt;NFTs are dead. And stupid. Don't just take our word for it – Bill Gates, widely considered a pretty smart guy, described them as "100 percent based on greater fool theory" and analyst Forrester recently said "most consumers aren't interested in NFT stunts."…&lt;/p&gt; &lt;p&gt;&lt;!--#include virtual='/data_centre/_whitepaper_textlinks_top.html' --&gt;&lt;/p&gt;</summary>
  </entry>
  <entry>
    <id>tag:theregister.com,2005:story224531</id>
    <updated>2022-11-04T09:34:13Z</updated>
    <author>
      <name>Jeff Burt</name>
      <uri>https://search.theregister.com/?author=Jeff%20Burt</uri>
    </author>
    <link rel="alternate" type="text/html" href="https://go.theregister.com/feed/www.theregister.com/2022/11/04/microsoft_ukraine_tech_support/"/>
    <title type="html">Microsoft gives away '$400m in cloud support' to Ukraine</title>
    <summary type="html" xml:base="https://www.theregister.com/">&lt;h4&gt;Freedom isn't free&lt;/h4&gt; &lt;p&gt;The Ukraine government will continue to be able to run its digital infrastructure through the Microsoft Cloud for free in 2023, the tech giant confirmed today.…&lt;/p&gt;</summary>
  </entry>
  <entry>
    <id>tag:theregister.com,2005:story224518</id>
    <updated>2022-11-04T08:30:14Z</updated>
    <author>
      <name>Richard Currie</name>
      <uri>https://search.theregister.com/?author=Richard%20Currie</uri>
    </author>
    <link rel="alternate" type="text/html" href="https://go.theregister.com/feed/www.theregister.com/2022/11/04/norths_align_britain/"/>
    <title type="html">All of the norths are about to align over Britain</title>
    <summary type="html" xml:base="https://www.theregister.com/">&lt;h4&gt;Magnetic north is on a walkabout, and your OCD will benefit&lt;/h4&gt; &lt;p&gt;UK map lords at the Ordnance Survey have some big news for people with obsessive compulsive personality disorder or otherwise like everything to be neatly lined up.…&lt;/p&gt;</summary>
  </entry>
  <entry>
    <id>tag:theregister.com,2005:story224538</id>
    <updated>2022-11-04T07:32:08Z</updated>
    <author>
      <name>Simon Sharwood</name>
      <uri>https://search.theregister.com/?author=Simon%20Sharwood</uri>
    </author>
    <link rel="alternate" type="text/html" href="https://go.theregister.com/feed/www.theregister.com/2022/11/04/on_call/"/>
    <title type="html">Hot, sweaty builders hosed a server – literally – leaving support with an all-night RAID repair job</title>
    <summary type="html" xml:base="https://www.theregister.com/">&lt;h4&gt;Extension cords are good for power. Extension tubes? Not so good for air&lt;/h4&gt; &lt;p&gt;&lt;strong&gt;On Call&lt;/strong&gt;  As two precious days of free time loom, &lt;i&gt;The Register&lt;/i&gt; offers a two-minute taste of the energy-draining drama that makes weekends so important in another instalment of On-Call, our weekly reader-contributed tale of the messes IT people are asked to address.…&lt;/p&gt;</summary>
  </entry>
  <entry>
    <id>tag:theregister.com,2005:story224540</id>
    <updated>2022-11-04T06:58:13Z</updated>
    <author>
      <name>Simon Sharwood</name>
      <uri>https://search.theregister.com/?author=Simon%20Sharwood</uri>
    </author>
    <link rel="alternate" type="text/html" href="https://go.theregister.com/feed/www.theregister.com/2022/11/04/atlassian_q1_23/"/>
    <title type="html">You fire 'em, we'll hire 'em: Atlassian sees tech layoffs as HR heaven</title>
    <summary type="html" xml:base="https://www.theregister.com/">&lt;h4&gt;But investors aren't impressed by losses and unpleasant outlook&lt;/h4&gt; &lt;p&gt;Atlassian sees the current round of layoffs and hiring freezes across the tech industry as an opportunity on which it hopes to capitalise – even as its own share price slumps.…&lt;/p&gt;</summary>
  </entry>
  <entry>
    <id>tag:theregister.com,2005:story224529</id>
    <updated>2022-11-04T06:22:06Z</updated>
    <author>
      <name>Jessica Lyons Hardcastle</name>
      <uri>https://search.theregister.com/?author=Jessica%20Lyons%20Hardcastle</uri>
    </author>
    <link rel="alternate" type="text/html" href="https://go.theregister.com/feed/www.theregister.com/2022/11/04/french_opera1er_group_ib/"/>
    <title type="html">French-speaking voleurs stole $30m in 15-country bank, telecoms cyber-heist spree</title>
    <summary type="html" xml:base="https://www.theregister.com/">&lt;h4&gt;Smooth 'OPERA1ER' hit orgs around the world over four or more years&lt;/h4&gt; &lt;p&gt;A French-speaking criminal group codenamed OPERA1ER has pulled off more than 30 cyber-heists against telecom organizations and banks across Africa, Asia, and Latin America, stealing upwards of $30 million over four years, according to security researchers.…&lt;/p&gt; &lt;p&gt;&lt;!--#include virtual='/data_centre/_whitepaper_textlinks_top.html' --&gt;&lt;/p&gt;</summary>
  </entry>
  <entry>
    <id>tag:theregister.com,2005:story224539</id>
    <updated>2022-11-04T05:59:11Z</updated>
    <author>
      <name>Laura Dobberstein</name>
      <uri>https://search.theregister.com/?author=Laura%20Dobberstein</uri>
    </author>
    <link rel="alternate" type="text/html" href="https://go.theregister.com/feed/www.theregister.com/2022/11/04/xiaomi_concept_phone_with_mounted/"/>
    <title type="html">Xiaomi reveals bonkers phone with bolted-on Leica lens that will make you look like a dork</title>
    <summary type="html" xml:base="https://www.theregister.com/">&lt;h4&gt;A weighty lens, placed off-centre on a lightweight smartphone – what could possibly go wrong?&lt;/h4&gt; &lt;p&gt;Chinese smartphone darling has shown off a phone with a full camera lens bolted to its back – which looks very dorky, but thankfully is only a concept device.…&lt;/p&gt;</summary>
  </entry>
  <entry>
    <id>tag:theregister.com,2005:story224537</id>
    <updated>2022-11-04T04:58:05Z</updated>
    <author>
      <name>Simon Sharwood</name>
      <uri>https://search.theregister.com/?author=Simon%20Sharwood</uri>
    </author>
    <link rel="alternate" type="text/html" href="https://go.theregister.com/feed/www.theregister.com/2022/11/04/lenovo_isg_profitable_four_quarters/"/>
    <title type="html">After years of losses, Lenovo's infrastructure group posts 12 months of profits</title>
    <summary type="html" xml:base="https://www.theregister.com/">&lt;h4&gt;Execs say enterprise hardware biz is flying – don't mention the sub-one-percent profit&lt;/h4&gt; &lt;p&gt;In February 2022 Lenovo &lt;a target="_blank" href="https://www.theregister.com/2022/02/23/lenovo_q3_2022/"&gt;shared&lt;/a&gt; a slightly special number: $17 million. That's the first profit made by its Infrastructure Solutions Group (ISG) since its predecessor was formed by the &lt;a target="_blank" href="https://www.theregister.com/2014/09/29/lenovo_ibm_server_deal_to_close_october/"&gt;2014 acquisition of IBM's x86 server business&lt;/a&gt;.…&lt;/p&gt;</summary>
  </entry>
  <entry>
    <id>tag:theregister.com,2005:story224536</id>
    <updated>2022-11-04T03:44:59Z</updated>
    <author>
      <name>Simon Sharwood</name>
      <uri>https://search.theregister.com/?author=Simon%20Sharwood</uri>
    </author>
    <link rel="alternate" type="text/html" href="https://go.theregister.com/feed/www.theregister.com/2022/11/04/twitter_layoffs_email/"/>
    <title type="html">Elon Musk reportedly outlines horrible Twitter layoff process</title>
    <summary type="html" xml:base="https://www.theregister.com/">&lt;h4&gt;Email to your personal account is bad news, email to your work account means you still work at Twitter&lt;/h4&gt; &lt;p&gt;Twitter owner, sole director and – according to his Twitter profile, now also "Twitter Complaint Hotline Operator" – has reportedly informed company staff that layoffs begin tomorrow.…&lt;/p&gt;</summary>
  </entry>
  <entry>
    <id>tag:theregister.com,2005:story224535</id>
    <updated>2022-11-04T02:59:06Z</updated>
    <author>
      <name>Simon Sharwood</name>
      <uri>https://search.theregister.com/?author=Simon%20Sharwood</uri>
    </author>
    <link rel="alternate" type="text/html" href="https://go.theregister.com/feed/www.theregister.com/2022/11/04/alibaba_cloud_20_percent_arm/"/>
    <title type="html">Alibaba Cloud plans for a fifth of its servers to use homebrew Arm CPUs by 2025</title>
    <summary type="html" xml:base="https://www.theregister.com/">&lt;h4&gt;Sanctions? What sanctions? Just look at the low, low, power consumption figures&lt;/h4&gt; &lt;p&gt;Alibaba Cloud has revealed that it plans to power 20 percent of its operations with its own homebrew CPUs by 2025.…&lt;/p&gt;</summary>
  </entry>
  <entry>
    <id>tag:theregister.com,2005:story224522</id>
    <updated>2022-11-04T01:01:13Z</updated>
    <author>
      <name>Laura Dobberstein</name>
      <uri>https://search.theregister.com/?author=Laura%20Dobberstein</uri>
    </author>
    <link rel="alternate" type="text/html" href="https://go.theregister.com/feed/www.theregister.com/2022/11/04/mas_stablecoin_cbdc/"/>
    <title type="html">Singapore's fintech boss says stablecoins might win before CBDCs even get started</title>
    <summary type="html" xml:base="https://www.theregister.com/">&lt;h4&gt;Monetary authority presses ahead with Ubin+ cross-border CBDC trial anyway&lt;/h4&gt; &lt;p&gt;While central bank digital currencies (CBDCs) are often advanced as a way to improve the world's creaking cross-border payments infrastructure, some financial experts believe the government-issued tokens may be usurped by stablecoins and other products.…&lt;/p&gt; &lt;p&gt;&lt;!--#include virtual='/data_centre/_whitepaper_textlinks_top.html' --&gt;&lt;/p&gt;</summary>
  </entry>
  <entry>
    <id>tag:theregister.com,2005:story224530</id>
    <updated>2022-11-03T23:58:12Z</updated>
    <author>
      <name>Katyanna Quach</name>
      <uri>https://search.theregister.com/?author=Katyanna%20Quach</uri>
    </author>
    <link rel="alternate" type="text/html" href="https://go.theregister.com/feed/www.theregister.com/2022/11/03/nasa_artemis_launch/"/>
    <title type="html">NASA wheels SLS rocket out to the launchpad for another attempt to get off the ground</title>
    <summary type="html" xml:base="https://www.theregister.com/">&lt;h4&gt;After two previous failures, will third time be the charm?&lt;/h4&gt; &lt;p&gt;NASA will roll its Space Launch System back out to the launchpad at the Kennedy Space Center on Friday to prepare for a third attempt to put its most powerful rocket yet into the sky on November 14.…&lt;/p&gt;</summary>
  </entry>
  <entry>
    <id>tag:theregister.com,2005:story224533</id>
    <updated>2022-11-03T21:55:56Z</updated>
    <author>
      <name>Dylan Martin</name>
      <uri>https://search.theregister.com/?author=Dylan%20Martin</uri>
    </author>
    <link rel="alternate" type="text/html" href="https://go.theregister.com/feed/www.theregister.com/2022/11/03/amd_radeon_rx_7900_launched/"/>
    <title type="html">AMD’s latest, greatest Radeon graphics card $600 cheaper than Nvidia’s top RTX 4090</title>
    <summary type="html" xml:base="https://www.theregister.com/">&lt;h4&gt;Chiplet-based RNDA 3 GPU fans have been waiting for&lt;/h4&gt; &lt;p&gt;AMD has come out swinging at Nvidia with new flagship Radeon graphics cards that are cheaper than its rival's fresh GeForce RTX products.…&lt;/p&gt;</summary>
  </entry>
  <entry>
    <id>tag:theregister.com,2005:story224524</id>
    <updated>2022-11-03T20:45:15Z</updated>
    <author>
      <name>Jeff Burt</name>
      <uri>https://search.theregister.com/?author=Jeff%20Burt</uri>
    </author>
    <link rel="alternate" type="text/html" href="https://go.theregister.com/feed/www.theregister.com/2022/11/03/mfa_fatigue_enterprise_threat/"/>
    <title type="html">Multi-factor auth fatigue is real – and it's why you may be in the headlines next</title>
    <summary type="html" xml:base="https://www.theregister.com/">&lt;h4&gt;Overwhelmed by waves of push notifications, worn-down users inadvertently let the bad guys in&lt;/h4&gt; &lt;p&gt;&lt;strong&gt;Analysis&lt;/strong&gt;  The September cyberattack on ride-hailing service Uber began when a criminal bought the stolen credentials of a company contractor on the dark web.…&lt;/p&gt;</summary>
  </entry>
  <entry>
    <id>tag:theregister.com,2005:story224528</id>
    <updated>2022-11-03T19:46:07Z</updated>
    <author>
      <name>Brandon Vigliarolo</name>
      <uri>https://search.theregister.com/?author=Brandon%20Vigliarolo</uri>
    </author>
    <link rel="alternate" type="text/html" href="https://go.theregister.com/feed/www.theregister.com/2022/11/03/lyft_stripe_twitter_layoffs/"/>
    <title type="html">Latest layoffs: Lyft, Stripe more than decimate staff</title>
    <summary type="html" xml:base="https://www.theregister.com/">&lt;h4&gt;While Elon may just dump half of Twitter and scrap work-from-home&lt;/h4&gt; &lt;p&gt;Citing the likelihood of recession and increases in rideshare insurance costs, Lyft is laying off 13 percent of its workforce, with no team left unaffected.…&lt;/p&gt;</summary>
  </entry>
  <entry>
    <id>tag:theregister.com,2005:story224527</id>
    <updated>2022-11-03T19:15:13Z</updated>
    <author>
      <name>Liam Proven</name>
      <uri>https://search.theregister.com/?author=Liam%20Proven</uri>
    </author>
    <link rel="alternate" type="text/html" href="https://go.theregister.com/feed/www.theregister.com/2022/11/03/nitrux_25/"/>
    <title type="html">Nitrux 2.5: The latest update to a radical Linux</title>
    <summary type="html" xml:base="https://www.theregister.com/">&lt;h4&gt;Also one of the first distros we've seen with Kernel 6.0&lt;/h4&gt; &lt;p&gt;Nitrux OS is one of the most stylish and innovative distros we've seen so far: systemd-free, based on AppImages, and with a very unusual desktop.…&lt;/p&gt; &lt;p&gt;&lt;!--#include virtual='/data_centre/_whitepaper_textlinks_top.html' --&gt;&lt;/p&gt;</summary>
  </entry>
  <entry>
    <id>tag:theregister.com,2005:story224526</id>
    <updated>2022-11-03T18:45:10Z</updated>
    <author>
      <name>Tobias Mann</name>
      <uri>https://search.theregister.com/

DEBUG counter: 16

B: 1536, HF:1
Builded XML size before: 23808
Builded XML size after: 23808

==Response L:1536
?author=Tobias%20Mann</uri>
    </author>
    <link rel="alternate" type="text/html" href="https://go.theregister.com/feed/www.theregister.com/2022/11/03/aws_freeze_hiring/"/>
    <title type="html">Amazon freezes corporate hiring amid worsening economic outlook</title>
    <summary type="html" xml:base="https://www.theregister.com/">&lt;h4&gt;The decision comes as the e-commerce giant stuggles with soaring energy prices and cash-strapped customers&lt;/h4&gt; &lt;p&gt;Amazon is freezing hiring of new corporate positions across the company for the rest of 2022 amid worsening economic conditions.…&lt;/p&gt;</summary>
  </entry>
  <entry>
    <id>tag:theregister.com,2005:story224525</id>
    <updated>2022-11-03T18:00:08Z</updated>
    <author>
      <name>Paul Kunert</name>
      <uri>https://search.theregister.com/?author=Paul%20Kunert</uri>
    </author>
    <link rel="alternate" type="text/html" href="https://go.theregister.com/feed/www.theregister.com/2022/11/03/kyndryl_q2_fiscal_2023/"/>
    <title type="html">Kyndryl loses $281m in the quarter as modernization agenda continues</title>
    <summary type="html" xml:base="https://www.theregister.com/">&lt;h4&gt;How to turn a classic infrastructure biz into something fit for the cloud era&lt;/h4&gt; &lt;p&gt;Shapeshifting infrastructure services biz Kyndryl can't plug its revenue leak but cutting costs did cut losses in half.…&lt;/p&gt;</summary>
  </entry>
  <entry>
    <id>tag:theregister.com,2005:story224520</id>
    <updated>2022-11-03T17:30:13Z</updated
==

==XML builded
7dc0
<?xml version="1.0" encoding="UTF-8"?>
<feed xmlns="http://www.w3.org/2005/Atom" xml:lang="en">
  <id>tag:theregister.com,2005:feed/theregister.com/</id>
  <title>The Register</title>
  <link rel="self" type="application/atom+xml" href="https://www.theregister.com/headlines.atom"/>
  <link rel="alternate" type="text/html" href="https://www.theregister.com/"/>
  <rights>Copyright © 2022, Situation Publishing</rights>
  <author>
    <name>Team Register</name>
    <email>webmaster@theregister.co.uk</email>
    <uri>https://www.theregister.com/odds/about/contact/</uri>
  </author>
  <icon>https://www.theregister.com/Design/graphics/icons/favicon.png</icon>
  <subtitle>Biting the hand that feeds IT — Enterprise Technology News and Analysis</subtitle>
  <logo>https://www.theregister.com/Design/graphics/Reg_default/The_Register_r.png</logo>
  <updated>2022-11-04T19:15:11Z</updated>
  <entry>
    <id>tag,:theregister.com,2005:story224552</id>
    <updated>2022-11-04T19:15:11Z</updated>
    <author>
      <name>Brandon Vigliarolo</name>
      <uri>https://search.theregister.com/?author=Brandon%20Vigliarolo</uri>
    </author>
    <link rel="alternate" type="text/html" href="https://go.theregister.com/feed/www.theregister.com/2022/11/04/twitter_warn_act_lawsuit/"/>
    <title type="html">Twitter employees sue over lack of 60-day layoff notice</title>
    <summary type="html" xml:base="https://www.theregister.com/">&lt;h4&gt;Musk-owned companies have now faced 3 WARN Act lawsuits alleging the same thing&lt;/h4&gt; &lt;p&gt;The great Twitter cull of '22 is expected to begin today, but a group of tweeps have preempted the event by filing a class action lawsuit against Twitter for violating the WARN Act.…&lt;/p&gt;</summary>
  </entry>
  <entry>
    <id>tag:theregister.com,2005:story224550</id>
    <updated>2022-11-04T18:30:08Z</updated>
    <author>
      <name>Jeff Burt</name>
      <uri>https://search.theregister.com/?author=Jeff%20Burt</uri>
    </author>
    <link rel="alternate" type="text/html" href="https://go.theregister.com/feed/www.theregister.com/2022/11/04/crimson_kingsnake_bec_scam/"/>
    <title type="html">Double-check demand payment emails from law firms: Convincing fakes surface</title>
    <summary type="html" xml:base="https://www.theregister.com/">&lt;h4&gt;Crimson Kingsnake impersonates legit attorneys, fakes email threads from your colleagues in far-reaching BEC campaign&lt;/h4&gt; &lt;p&gt;A new threat group called Crimson Kingsnake is impersonating real law companies and debt recovery services to intimidate businessess into paying bogus overdue invoices.…&lt;/p&gt; &lt;p&gt;&lt;!--#include virtual='/data_centre/_whitepaper_textlinks_top.html' --&gt;&lt;/p&gt;</summary>
  </entry>
  <entry>
    <id>tag:theregister.com,2005:story224547</id>
    <updated>2022-11-04T17:30:08Z</updated>
    <author>
      <name>Liam Proven</name>
      <uri>https://search.theregister.com/?author=Liam%20Proven</uri>
    </author>
    <link rel="alternate" type="text/html" href="https://go.theregister.com/feed/www.theregister.com/2022/11/04/mozilla_ventures/"/>
    <title type="html">Mozilla Foundation launches ethical venture capital fund</title>
    <summary type="html" xml:base="https://www.theregister.com/">&lt;h4&gt;An unexpected move, but we suspect that Carl Sagan might have approved&lt;/h4&gt; &lt;p&gt;Mozilla has announced the successor to the Mozilla Builders incubator: Mozilla Ventures.…&lt;/p&gt;</summary>
  </entry>
  <entry>
    <id>tag:theregister.com,2005:story224549</id>
    <updated>2022-11-04T16:15:25Z</updated>
    <author>
      <name>Brandon Vigliarolo</name>
      <uri>https://search.theregister.com/?author=Brandon%20Vigliarolo</uri>
    </author>
    <link rel="alternate" type="text/html" href="https://go.theregister.com/feed/www.theregister.com/2022/11/04/starliner_launch_delay/"/>
    <title type="html">Boeing's Starliner launch pushed back again... to April 2023</title>
    <summary type="html" xml:base="https://www.theregister.com/">&lt;h4&gt;The official word is 'scheduling conflicts,' but NASA's safety panel has expressed concerns too&lt;/h4&gt; &lt;p&gt;The first crewed launch of Boeing's Starliner has been delayed again, this time being pushed back to April 2023 from an earlier planned launch date of February.…&lt;/p&gt;</summary>
  </entry>
  <entry>
    <id>tag:theregister.com,2005:story224545</id>
    <updated>2022-11-04T15:15:12Z</updated>
    <author>
      <name>Lindsay Clark</name>
      <uri>https://search.theregister.com/?author=Lindsay%20Clark</uri>
    </author>
    <link rel="alternate" type="text/html" href="https://go.theregister.com/feed/www.theregister.com/2022/11/04/uk_governement_set_to_extract/"/>
    <title type="html">UK government set to extract hospital data to Palantir system without patient consent</title>
    <summary type="html" xml:base="https://www.theregister.com/">&lt;h4&gt;'You'll be hearing from us,' say privacy campaigners who previously forced the government to back down&lt;/h4&gt; &lt;p&gt;The UK government is set to extract patient-identifiable data from NHS hospital systems and share this with its data platform based on technology from Palantir, a move that seems set to provoke another legal challenge.…&lt;/p&gt;</summary>
  </entry>
  <entry>
    <id>tag:theregister.com,2005:story224548</id>
    <updated>2022-11-04T14:15:35Z</updated>
    <author>
      <name>Dan Robinson</name>
      <uri>https://search.theregister.com/?author=Dan%20Robinson</uri>
    </author>
    <link rel="alternate" type="text/html" href="https://go.theregister.com/feed/www.theregister.com/2022/11/04/us_chip_industry_china_ban/"/>
    <title type="html">US chip industry worried it may lose out to rivals over China ban</title>
    <summary type="html" xml:base="https://www.theregister.com/">&lt;h4&gt;Just hang on while we convince the rest of the world, Commerce Sec tells makers&lt;/h4&gt; &lt;p&gt;US companies that build chipmaking equipment have been told to tough it out as they face a ban on selling to customers in China, while their rivals elsewhere in the world currently have no such restrictions.…&lt;/p&gt; &lt;p&gt;&lt;!--#include virtual='/data_centre/_whitepaper_textlinks_top.html' --&gt;&lt;/p&gt;</summary>
  </entry>
  <entry>
    <id>tag:theregister.com,2005:story224541</id>
    <updated>2022-11-04T13:30:42Z</updated>
    <author>
      <name>Jude Karabus</name>
      <uri>https://search.theregister.com/?author=Jude%20Karabus</uri>
    </author>
    <link rel="alternate" type="text/html" href="https://go.theregister.com/feed/www.theregister.com/2022/11/04/google_nlrb_complaint/"/>
    <title type="html">Google cut contractors off from online 'Share My Salary' spreadsheet, union claims</title>
    <summary type="html" xml:base="https://www.theregister.com/">&lt;h4&gt;Alphabet Workers Union says it's an illegal block of workers' right to discuss pay&lt;/h4&gt; &lt;p&gt;The Alphabet Workers Union (AWU) claims the company blocked access to a shared spreadsheet in which it reckons "hundreds" of subcontracted workers had shared their salary details and "up to 50,000" of those staffers are now prevented from looking them up.…&lt;/p&gt;</summary>
  </entry>
  <entry>
    <id>tag:theregister.com,2005:story224543</id>
    <updated>2022-11-04T12:50:15Z</updated>
    <author>
      <name>Dan Robinson</name>
      <uri>https://search.theregister.com/?author=Dan%20Robinson</uri>
    </author>
    <link rel="alternate" type="text/html" href="https://go.theregister.com/feed/www.theregister.com/2022/11/04/dell_australia_consumer_court/"/>
    <title type="html">Dell hit with Oz court case for misleading prices on monitors</title>
    <summary type="html" xml:base="https://www.theregister.com/">&lt;h4&gt;Watchdog claims add-ons to computer purchases appeared to be discounted but did not reflect the standalone RRP&lt;/h4&gt; &lt;p&gt;Dell's Australian business is in trouble with the country's consumer watchdog for allegedly misleading buyers about the price of displays purchased as an add-on with its computers.…&lt;/p&gt;</summary>
  </entry>
  <entry>
    <id>tag:theregister.com,2005:story224544</id>
    <updated>2022-11-04T12:20:09Z</updated>
    <author>
      <name>Paul Kunert</name>
      <uri>https://search.theregister.com/?author=Paul%20Kunert</uri>
    </author>
    <link rel="alternate" type="text/html" href="https://go.theregister.com/feed/www.theregister.com/2022/11/04/bt_pay_talks_reopened_says_cwu/"/>
    <title type="html">BT re-enters pay talks to prevent further strikes, says union</title>
    <summary type="html" xml:base="https://www.theregister.com/">&lt;h4&gt;What forced the change in attitude? The impact on 40,000 broadband connections possibly&lt;/h4&gt; &lt;p&gt;The Communication Workers Unions (CWU) claims BT Group has agreed to re-enter negotiations to find a solution to the protracted pay dispute that has caused thousands of engineers and call center operators to strike.…&lt;/p&gt;</summary>
  </entry>
  <entry>
    <id>tag:theregister.com,2005:story224542</id>
    <updated>2022-11-04T11:03:13Z</updated>
    <author>
      <name>Richard Currie</name>
      <uri>https://search.theregister.com/?author=Richard%20Currie</uri>
    </author>
    <link rel="alternate" type="text/html" href="https://go.theregister.com/feed/www.theregister.com/2022/11/04/nft_vending_machine/"/>
    <title type="html">NFT vending machine appears in London</title>
    <summary type="html" xml:base="https://www.theregister.com/">&lt;h4&gt;Don't everyone rush at once&lt;/h4&gt; &lt;p&gt;NFTs are dead. And stupid. Don't just take our word for it – Bill Gates, widely considered a pretty smart guy, described them as "100 percent based on greater fool theory" and analyst Forrester recently said "most consumers aren't interested in NFT stunts."…&lt;/p&gt; &lt;p&gt;&lt;!--#include virtual='/data_centre/_whitepaper_textlinks_top.html' --&gt;&lt;/p&gt;</summary>
  </entry>
  <entry>
    <id>tag:theregister.com,2005:story224531</id>
    <updated>2022-11-04T09:34:13Z</updated>
    <author>
      <name>Jeff Burt</name>
      <uri>https://search.theregister.com/?author=Jeff%20Burt</uri>
    </author>
    <link rel="alternate" type="text/html" href="https://go.theregister.com/feed/www.theregister.com/2022/11/04/microsoft_ukraine_tech_support/"/>
    <title type="html">Microsoft gives away '$400m in cloud support' to Ukraine</title>
    <summary type="html" xml:base="https://www.theregister.com/">&lt;h4&gt;Freedom isn't free&lt;/h4&gt; &lt;p&gt;The Ukraine government will continue to be able to run its digital infrastructure through the Microsoft Cloud for free in 2023, the tech giant confirmed today.…&lt;/p&gt;</summary>
  </entry>
  <entry>
    <id>tag:theregister.com,2005:story224518</id>
    <updated>2022-11-04T08:30:14Z</updated>
    <author>
      <name>Richard Currie</name>
      <uri>https://search.theregister.com/?author=Richard%20Currie</uri>
    </author>
    <link rel="alternate" type="text/html" href="https://go.theregister.com/feed/www.theregister.com/2022/11/04/norths_align_britain/"/>
    <title type="html">All of the norths are about to align over Britain</title>
    <summary type="html" xml:base="https://www.theregister.com/">&lt;h4&gt;Magnetic north is on a walkabout, and your OCD will benefit&lt;/h4&gt; &lt;p&gt;UK map lords at the Ordnance Survey have some big news for people with obsessive compulsive personality disorder or otherwise like everything to be neatly lined up.…&lt;/p&gt;</summary>
  </entry>
  <entry>
    <id>tag:theregister.com,2005:story224538</id>
    <updated>2022-11-04T07:32:08Z</updated>
    <author>
      <name>Simon Sharwood</name>
      <uri>https://search.theregister.com/?author=Simon%20Sharwood</uri>
    </author>
    <link rel="alternate" type="text/html" href="https://go.theregister.com/feed/www.theregister.com/2022/11/04/on_call/"/>
    <title type="html">Hot, sweaty builders hosed a server – literally – leaving support with an all-night RAID repair job</title>
    <summary type="html" xml:base="https://www.theregister.com/">&lt;h4&gt;Extension cords are good for power. Extension tubes? Not so good for air&lt;/h4&gt; &lt;p&gt;&lt;strong&gt;On Call&lt;/strong&gt;  As two precious days of free time loom, &lt;i&gt;The Register&lt;/i&gt; offers a two-minute taste of the energy-draining drama that makes weekends so important in another instalment of On-Call, our weekly reader-contributed tale of the messes IT people are asked to address.…&lt;/p&gt;</summary>
  </entry>
  <entry>
    <id>tag:theregister.com,2005:story224540</id>
    <updated>2022-11-04T06:58:13Z</updated>
    <author>
      <name>Simon Sharwood</name>
      <uri>https://search.theregister.com/?author=Simon%20Sharwood</uri>
    </author>
    <link rel="alternate" type="text/html" href="https://go.theregister.com/feed/www.theregister.com/2022/11/04/atlassian_q1_23/"/>
    <title type="html">You fire 'em, we'll hire 'em: Atlassian sees tech layoffs as HR heaven</title>
    <summary type="html" xml:base="https://www.theregister.com/">&lt;h4&gt;But investors aren't impressed by losses and unpleasant outlook&lt;/h4&gt; &lt;p&gt;Atlassian sees the current round of layoffs and hiring freezes across the tech industry as an opportunity on which it hopes to capitalise – even as its own share price slumps.…&lt;/p&gt;</summary>
  </entry>
  <entry>
    <id>tag:theregister.com,2005:story224529</id>
    <updated>2022-11-04T06:22:06Z</updated>
    <author>
      <name>Jessica Lyons Hardcastle</name>
      <uri>https://search.theregister.com/?author=Jessica%20Lyons%20Hardcastle</uri>
    </author>
    <link rel="alternate" type="text/html" href="https://go.theregister.com/feed/www.theregister.com/2022/11/04/french_opera1er_group_ib/"/>
    <title type="html">French-speaking voleurs stole $30m in 15-country bank, telecoms cyber-heist spree</title>
    <summary type="html" xml:base="https://www.theregister.com/">&lt;h4&gt;Smooth 'OPERA1ER' hit orgs around the world over four or more years&lt;/h4&gt; &lt;p&gt;A French-speaking criminal group codenamed OPERA1ER has pulled off more than 30 cyber-heists against telecom organizations and banks across Africa, Asia, and Latin America, stealing upwards of $30 million over four years, according to security researchers.…&lt;/p&gt; &lt;p&gt;&lt;!--#include virtual='/data_centre/_whitepaper_textlinks_top.html' --&gt;&lt;/p&gt;</summary>
  </entry>
  <entry>
    <id>tag:theregister.com,2005:story224539</id>
    <updated>2022-11-04T05:59:11Z</updated>
    <author>
      <name>Laura Dobberstein</name>
      <uri>https://search.theregister.com/?author=Laura%20Dobberstein</uri>
    </author>
    <link rel="alternate" type="text/html" href="https://go.theregister.com/feed/www.theregister.com/2022/11/04/xiaomi_concept_phone_with_mounted/"/>
    <title type="html">Xiaomi reveals bonkers phone with bolted-on Leica lens that will make you look like a dork</title>
    <summary type="html" xml:base="https://www.theregister.com/">&lt;h4&gt;A weighty lens, placed off-centre on a lightweight smartphone – what could possibly go wrong?&lt;/h4&gt; &lt;p&gt;Chinese smartphone darling has shown off a phone with a full camera lens bolted to its back – which looks very dorky, but thankfully is only a concept device.…&lt;/p&gt;</summary>
  </entry>
  <entry>
    <id>tag:theregister.com,2005:story224537</id>
    <updated>2022-11-04T04:58:05Z</updated>
    <author>
      <name>Simon Sharwood</name>
      <uri>https://search.theregister.com/?author=Simon%20Sharwood</uri>
    </author>
    <link rel="alternate" type="text/html" href="https://go.theregister.com/feed/www.theregister.com/2022/11/04/lenovo_isg_profitable_four_quarters/"/>
    <title type="html">After years of losses, Lenovo's infrastructure group posts 12 months of profits</title>
    <summary type="html" xml:base="https://www.theregister.com/">&lt;h4&gt;Execs say enterprise hardware biz is flying – don't mention the sub-one-percent profit&lt;/h4&gt; &lt;p&gt;In February 2022 Lenovo &lt;a target="_blank" href="https://www.theregister.com/2022/02/23/lenovo_q3_2022/"&gt;shared&lt;/a&gt; a slightly special number: $17 million. That's the first profit made by its Infrastructure Solutions Group (ISG) since its predecessor was formed by the &lt;a target="_blank" href="https://www.theregister.com/2014/09/29/lenovo_ibm_server_deal_to_close_october/"&gt;2014 acquisition of IBM's x86 server business&lt;/a&gt;.…&lt;/p&gt;</summary>
  </entry>
  <entry>
    <id>tag:theregister.com,2005:story224536</id>
    <updated>2022-11-04T03:44:59Z</updated>
    <author>
      <name>Simon Sharwood</name>
      <uri>https://search.theregister.com/?author=Simon%20Sharwood</uri>
    </author>
    <link rel="alternate" type="text/html" href="https://go.theregister.com/feed/www.theregister.com/2022/11/04/twitter_layoffs_email/"/>
    <title type="html">Elon Musk reportedly outlines horrible Twitter layoff process</title>
    <summary type="html" xml:base="https://www.theregister.com/">&lt;h4&gt;Email to your personal account is bad news, email to your work account means you still work at Twitter&lt;/h4&gt; &lt;p&gt;Twitter owner, sole director and – according to his Twitter profile, now also "Twitter Complaint Hotline Operator" – has reportedly informed company staff that layoffs begin tomorrow.…&lt;/p&gt;</summary>
  </entry>
  <entry>
    <id>tag:theregister.com,2005:story224535</id>
    <updated>2022-11-04T02:59:06Z</updated>
    <author>
      <name>Simon Sharwood</name>
      <uri>https://search.theregister.com/?author=Simon%20Sharwood</uri>
    </author>
    <link rel="alternate" type="text/html" href="https://go.theregister.com/feed/www.theregister.com/2022/11/04/alibaba_cloud_20_percent_arm/"/>
    <title type="html">Alibaba Cloud plans for a fifth of its servers to use homebrew Arm CPUs by 2025</title>
    <summary type="html" xml:base="https://www.theregister.com/">&lt;h4&gt;Sanctions? What sanctions? Just look at the low, low, power consumption figures&lt;/h4&gt; &lt;p&gt;Alibaba Cloud has revealed that it plans to power 20 percent of its operations with its own homebrew CPUs by 2025.…&lt;/p&gt;</summary>
  </entry>
  <entry>
    <id>tag:theregister.com,2005:story224522</id>
    <updated>2022-11-04T01:01:13Z</updated>
    <author>
      <name>Laura Dobberstein</name>
      <uri>https://search.theregister.com/?author=Laura%20Dobberstein</uri>
    </author>
    <link rel="alternate" type="text/html" href="https://go.theregister.com/feed/www.theregister.com/2022/11/04/mas_stablecoin_cbdc/"/>
    <title type="html">Singapore's fintech boss says stablecoins might win before CBDCs even get started</title>
    <summary type="html" xml:base="https://www.theregister.com/">&lt;h4&gt;Monetary authority presses ahead with Ubin+ cross-border CBDC trial anyway&lt;/h4&gt; &lt;p&gt;While central bank digital currencies (CBDCs) are often advanced as a way to improve the world's creaking cross-border payments infrastructure, some financial experts believe the government-issued tokens may be usurped by stablecoins and other products.…&lt;/p&gt; &lt;p&gt;&lt;!--#include virtual='/data_centre/_whitepaper_textlinks_top.html' --&gt;&lt;/p&gt;</summary>
  </entry>
  <entry>
    <id>tag:theregister.com,2005:story224530</id>
    <updated>2022-11-03T23:58:12Z</updated>
    <author>
      <name>Katyanna Quach</name>
      <uri>https://search.theregister.com/?author=Katyanna%20Quach</uri>
    </author>
    <link rel="alternate" type="text/html" href="https://go.theregister.com/feed/www.theregister.com/2022/11/03/nasa_artemis_launch/"/>
    <title type="html">NASA wheels SLS rocket out to the launchpad for another attempt to get off the ground</title>
    <summary type="html" xml:base="https://www.theregister.com/">&lt;h4&gt;After two previous failures, will third time be the charm?&lt;/h4&gt; &lt;p&gt;NASA will roll its Space Launch System back out to the launchpad at the Kennedy Space Center on Friday to prepare for a third attempt to put its most powerful rocket yet into the sky on November 14.…&lt;/p&gt;</summary>
  </entry>
  <entry>
    <id>tag:theregister.com,2005:story224533</id>
    <updated>2022-11-03T21:55:56Z</updated>
    <author>
      <name>Dylan Martin</name>
      <uri>https://search.theregister.com/?author=Dylan%20Martin</uri>
    </author>
    <link rel="alternate" type="text/html" href="https://go.theregister.com/feed/www.theregister.com/2022/11/03/amd_radeon_rx_7900_launched/"/>
    <title type="html">AMD’s latest, greatest Radeon graphics card $600 cheaper than Nvidia’s top RTX 4090</title>
    <summary type="html" xml:base="https://www.theregister.com/">&lt;h4&gt;Chiplet-based RNDA 3 GPU fans have been waiting for&lt;/h4&gt; &lt;p&gt;AMD has come out swinging at Nvidia with new flagship Radeon graphics cards that are cheaper than its rival's fresh GeForce RTX products.…&lt;/p&gt;</summary>
  </entry>
  <entry>
    <id>tag:theregister.com,2005:story224524</id>
    <updated>2022-11-03T20:45:15Z</updated>
    <author>
      <name>Jeff Burt</name>
      <uri>https://search.theregister.com/?author=Jeff%20Burt</uri>
    </author>
    <link rel="alternate" type="text/html" href="https://go.theregister.com/feed/www.theregister.com/2022/11/03/mfa_fatigue_enterprise_threat/"/>
    <title type="html">Multi-factor auth fatigue is real – and it's why you may be in the headlines next</title>
    <summary type="html" xml:base="https://www.theregister.com/">&lt;h4&gt;Overwhelmed by waves of push notifications, worn-down users inadvertently let the bad guys in&lt;/h4&gt; &lt;p&gt;&lt;strong&gt;Analysis&lt;/strong&gt;  The September cyberattack on ride-hailing service Uber began when a criminal bought the stolen credentials of a company contractor on the dark web.…&lt;/p&gt;</summary>
  </entry>
  <entry>
    <id>tag:theregister.com,2005:story224528</id>
    <updated>2022-11-03T19:46:07Z</updated>
    <author>
      <name>Brandon Vigliarolo</name>
      <uri>https://search.theregister.com/?author=Brandon%20Vigliarolo</uri>
    </author>
    <link rel="alternate" type="text/html" href="https://go.theregister.com/feed/www.theregister.com/2022/11/03/lyft_stripe_twitter_layoffs/"/>
    <title type="html">Latest layoffs: Lyft, Stripe more than decimate staff</title>
    <summary type="html" xml:base="https://www.theregister.com/">&lt;h4&gt;While Elon may just dump half of Twitter and scrap work-from-home&lt;/h4&gt; &lt;p&gt;Citing the likelihood of recession and increases in rideshare insurance costs, Lyft is laying off 13 percent of its workforce, with no team left unaffected.…&lt;/p&gt;</summary>
  </entry>
  <entry>
    <id>tag:theregister.com,2005:story224527</id>
    <updated>2022-11-03T19:15:13Z</updated>
    <author>
      <name>Liam Proven</name>
      <uri>https://search.theregister.com/?author=Liam%20Proven</uri>
    </author>
    <link rel="alternate" type="text/html" href="https://go.theregister.com/feed/www.theregister.com/2022/11/03/nitrux_25/"/>
    <title type="html">Nitrux 2.5: The latest update to a radical Linux</title>
    <summary type="html" xml:base="https://www.theregister.com/">&lt;h4&gt;Also one of the first distros we've seen with Kernel 6.0&lt;/h4&gt; &lt;p&gt;Nitrux OS is one of the most stylish and innovative distros we've seen so far: systemd-free, based on AppImages, and with a very unusual desktop.…&lt;/p&gt; &lt;p&gt;&lt;!--#include virtual='/data_centre/_whitepaper_textlinks_top.html' --&gt;&lt;/p&gt;</summary>
  </entry>
  <entry>
    <id>tag:theregister.com,2005:story224526</id>
    <updated>2022-11-03T18:45:10Z</updated>
    <author>
      <name>Tobias Mann</name>
      <uri>https://search.theregister.com/?author=Tobias%20Mann</uri>
    </author>
    <link rel="alternate" type="text/html" href="https://go.theregister.com/feed/www.theregister.com/2022/11/03/aws_freeze_hiring/"/>
    <title type="html">Amazon freezes corporate hiring amid worsening economic outlook</title>
    <summary type="html" xml:base="https://www.theregister.com/">&lt;h4&gt;The decision comes as the e-commerce giant stuggles with soaring energy prices and cash-strapped customers&lt;/h4&gt; &lt;p&gt;Amazon is freezing hiring of new corporate positions across the company for the rest of 2022 amid worsening economic conditions.…&lt;/p&gt;</summary>
  </entry>
  <entry>
    <id>tag:theregister.com,2005:story224525</id>
    <updated>2022-11-03T18:00:08Z</updated>
    <author>
      <name>Paul Kunert</name>
      <uri>https://search.theregister.com/?author=Paul%20Kunert</uri>
    </author>
    <link rel="alternate" type="text/html" href="https://go.theregister.com/feed/www.theregister.com/2022/11/03/kyndryl_q2_fiscal_2023/"/>
    <title type="html">Kyndryl loses $281m in the quarter as modernization agenda continues</title>
    <summary type="html" xml:base="https://www.theregister.com/">&lt;h4&gt;How to turn a classic infrastructure biz into something fit for the cloud era&lt;/h4&gt; &lt;p&gt;Shapeshifting infrastructure services biz Kyndryl can't plug its revenue leak but cutting costs did cut losses in half.…&lt;/p&gt;</summary>
  </entry>
  <entry>
    <id>tag:theregister.com,2005:story224520</id>
    <updated>2022-11-03T17:30:13Z</updated

DEBUG counter: 17

B: 1536, HF:1
Builded XML size before: 25344
Builded XML size after: 25344

==Response L:1536
>
    <author>
      <name>Brandon Vigliarolo</name>
      <uri>https://search.theregister.com/?author=Brandon%20Vigliarolo</uri>
    </author>
    <link rel="alternate" type="text/html" href="https://go.theregister.com/feed/www.theregister.com/2022/11/03/tumblr_says_nudes_are_back/"/>
    <title type="html">Tumblr says nudes are back on the menu – within reason</title>
    <summary type="html" xml:base="https://www.theregister.com/">&lt;h4&gt;But old 'go nuts, show nuts' attitude is dead for good&lt;/h4&gt; &lt;p&gt;Tumblr has reversed course on its 2018 nudity ban, welcoming some – but not all – adult content creators back to the platform after a four-year hiatus.…&lt;/p&gt;</summary>
  </entry>
  <entry>
    <id>tag:theregister.com,2005:story224523</id>
    <updated>2022-11-03T16:45:13Z</updated>
    <author>
      <name>Brandon Vigliarolo</name>
      <uri>https://search.theregister.com/?author=Brandon%20Vigliarolo</uri>
    </author>
    <link rel="alternate" type="text/html" href="https://go.theregister.com/feed/www.theregister.com/2022/11/03/ransomware_summit_cryptocurrency/"/>
    <title type="html">International summit agrees crack down on crypto to combat ransomware</title>
    <summary type="html" xml:base="https://www.theregister.com/">&lt;h4&gt;Commitments include international wallet info sharing, KYC requirements, and an AML crackdown&lt;/h4&gt; &lt;p&gt;The White House's second International Counter Ransomware Initiative summit has concluded, and this year the 36-nation group has made cl
==

==XML builded
7dc0
<?xml version="1.0" encoding="UTF-8"?>
<feed xmlns="http://www.w3.org/2005/Atom" xml:lang="en">
  <id>tag:theregister.com,2005:feed/theregister.com/</id>
  <title>The Register</title>
  <link rel="self" type="application/atom+xml" href="https://www.theregister.com/headlines.atom"/>
  <link rel="alternate" type="text/html" href="https://www.theregister.com/"/>
  <rights>Copyright © 2022, Situation Publishing</rights>
  <author>
    <name>Team Register</name>
    <email>webmaster@theregister.co.uk</email>
    <uri>https://www.theregister.com/odds/about/contact/</uri>
  </author>
  <icon>https://www.theregister.com/Design/graphics/icons/favicon.png</icon>
  <subtitle>Biting the hand that feeds IT — Enterprise Technology News and Analysis</subtitle>
  <logo>https://www.theregister.com/Design/graphics/Reg_default/The_Register_r.png</logo>
  <updated>2022-11-04T19:15:11Z</updated>
  <entry>
    <id>tag,:theregister.com,2005:story224552</id>
    <updated>2022-11-04T19:15:11Z</updated>
    <author>
      <name>Brandon Vigliarolo</name>
      <uri>https://search.theregister.com/?author=Brandon%20Vigliarolo</uri>
    </author>
    <link rel="alternate" type="text/html" href="https://go.theregister.com/feed/www.theregister.com/2022/11/04/twitter_warn_act_lawsuit/"/>
    <title type="html">Twitter employees sue over lack of 60-day layoff notice</title>
    <summary type="html" xml:base="https://www.theregister.com/">&lt;h4&gt;Musk-owned companies have now faced 3 WARN Act lawsuits alleging the same thing&lt;/h4&gt; &lt;p&gt;The great Twitter cull of '22 is expected to begin today, but a group of tweeps have preempted the event by filing a class action lawsuit against Twitter for violating the WARN Act.…&lt;/p&gt;</summary>
  </entry>
  <entry>
    <id>tag:theregister.com,2005:story224550</id>
    <updated>2022-11-04T18:30:08Z</updated>
    <author>
      <name>Jeff Burt</name>
      <uri>https://search.theregister.com/?author=Jeff%20Burt</uri>
    </author>
    <link rel="alternate" type="text/html" href="https://go.theregister.com/feed/www.theregister.com/2022/11/04/crimson_kingsnake_bec_scam/"/>
    <title type="html">Double-check demand payment emails from law firms: Convincing fakes surface</title>
    <summary type="html" xml:base="https://www.theregister.com/">&lt;h4&gt;Crimson Kingsnake impersonates legit attorneys, fakes email threads from your colleagues in far-reaching BEC campaign&lt;/h4&gt; &lt;p&gt;A new threat group called Crimson Kingsnake is impersonating real law companies and debt recovery services to intimidate businessess into paying bogus overdue invoices.…&lt;/p&gt; &lt;p&gt;&lt;!--#include virtual='/data_centre/_whitepaper_textlinks_top.html' --&gt;&lt;/p&gt;</summary>
  </entry>
  <entry>
    <id>tag:theregister.com,2005:story224547</id>
    <updated>2022-11-04T17:30:08Z</updated>
    <author>
      <name>Liam Proven</name>
      <uri>https://search.theregister.com/?author=Liam%20Proven</uri>
    </author>
    <link rel="alternate" type="text/html" href="https://go.theregister.com/feed/www.theregister.com/2022/11/04/mozilla_ventures/"/>
    <title type="html">Mozilla Foundation launches ethical venture capital fund</title>
    <summary type="html" xml:base="https://www.theregister.com/">&lt;h4&gt;An unexpected move, but we suspect that Carl Sagan might have approved&lt;/h4&gt; &lt;p&gt;Mozilla has announced the successor to the Mozilla Builders incubator: Mozilla Ventures.…&lt;/p&gt;</summary>
  </entry>
  <entry>
    <id>tag:theregister.com,2005:story224549</id>
    <updated>2022-11-04T16:15:25Z</updated>
    <author>
      <name>Brandon Vigliarolo</name>
      <uri>https://search.theregister.com/?author=Brandon%20Vigliarolo</uri>
    </author>
    <link rel="alternate" type="text/html" href="https://go.theregister.com/feed/www.theregister.com/2022/11/04/starliner_launch_delay/"/>
    <title type="html">Boeing's Starliner launch pushed back again... to April 2023</title>
    <summary type="html" xml:base="https://www.theregister.com/">&lt;h4&gt;The official word is 'scheduling conflicts,' but NASA's safety panel has expressed concerns too&lt;/h4&gt; &lt;p&gt;The first crewed launch of Boeing's Starliner has been delayed again, this time being pushed back to April 2023 from an earlier planned launch date of February.…&lt;/p&gt;</summary>
  </entry>
  <entry>
    <id>tag:theregister.com,2005:story224545</id>
    <updated>2022-11-04T15:15:12Z</updated>
    <author>
      <name>Lindsay Clark</name>
      <uri>https://search.theregister.com/?author=Lindsay%20Clark</uri>
    </author>
    <link rel="alternate" type="text/html" href="https://go.theregister.com/feed/www.theregister.com/2022/11/04/uk_governement_set_to_extract/"/>
    <title type="html">UK government set to extract hospital data to Palantir system without patient consent</title>
    <summary type="html" xml:base="https://www.theregister.com/">&lt;h4&gt;'You'll be hearing from us,' say privacy campaigners who previously forced the government to back down&lt;/h4&gt; &lt;p&gt;The UK government is set to extract patient-identifiable data from NHS hospital systems and share this with its data platform based on technology from Palantir, a move that seems set to provoke another legal challenge.…&lt;/p&gt;</summary>
  </entry>
  <entry>
    <id>tag:theregister.com,2005:story224548</id>
    <updated>2022-11-04T14:15:35Z</updated>
    <author>
      <name>Dan Robinson</name>
      <uri>https://search.theregister.com/?author=Dan%20Robinson</uri>
    </author>
    <link rel="alternate" type="text/html" href="https://go.theregister.com/feed/www.theregister.com/2022/11/04/us_chip_industry_china_ban/"/>
    <title type="html">US chip industry worried it may lose out to rivals over China ban</title>
    <summary type="html" xml:base="https://www.theregister.com/">&lt;h4&gt;Just hang on while we convince the rest of the world, Commerce Sec tells makers&lt;/h4&gt; &lt;p&gt;US companies that build chipmaking equipment have been told to tough it out as they face a ban on selling to customers in China, while their rivals elsewhere in the world currently have no such restrictions.…&lt;/p&gt; &lt;p&gt;&lt;!--#include virtual='/data_centre/_whitepaper_textlinks_top.html' --&gt;&lt;/p&gt;</summary>
  </entry>
  <entry>
    <id>tag:theregister.com,2005:story224541</id>
    <updated>2022-11-04T13:30:42Z</updated>
    <author>
      <name>Jude Karabus</name>
      <uri>https://search.theregister.com/?author=Jude%20Karabus</uri>
    </author>
    <link rel="alternate" type="text/html" href="https://go.theregister.com/feed/www.theregister.com/2022/11/04/google_nlrb_complaint/"/>
    <title type="html">Google cut contractors off from online 'Share My Salary' spreadsheet, union claims</title>
    <summary type="html" xml:base="https://www.theregister.com/">&lt;h4&gt;Alphabet Workers Union says it's an illegal block of workers' right to discuss pay&lt;/h4&gt; &lt;p&gt;The Alphabet Workers Union (AWU) claims the company blocked access to a shared spreadsheet in which it reckons "hundreds" of subcontracted workers had shared their salary details and "up to 50,000" of those staffers are now prevented from looking them up.…&lt;/p&gt;</summary>
  </entry>
  <entry>
    <id>tag:theregister.com,2005:story224543</id>
    <updated>2022-11-04T12:50:15Z</updated>
    <author>
      <name>Dan Robinson</name>
      <uri>https://search.theregister.com/?author=Dan%20Robinson</uri>
    </author>
    <link rel="alternate" type="text/html" href="https://go.theregister.com/feed/www.theregister.com/2022/11/04/dell_australia_consumer_court/"/>
    <title type="html">Dell hit with Oz court case for misleading prices on monitors</title>
    <summary type="html" xml:base="https://www.theregister.com/">&lt;h4&gt;Watchdog claims add-ons to computer purchases appeared to be discounted but did not reflect the standalone RRP&lt;/h4&gt; &lt;p&gt;Dell's Australian business is in trouble with the country's consumer watchdog for allegedly misleading buyers about the price of displays purchased as an add-on with its computers.…&lt;/p&gt;</summary>
  </entry>
  <entry>
    <id>tag:theregister.com,2005:story224544</id>
    <updated>2022-11-04T12:20:09Z</updated>
    <author>
      <name>Paul Kunert</name>
      <uri>https://search.theregister.com/?author=Paul%20Kunert</uri>
    </author>
    <link rel="alternate" type="text/html" href="https://go.theregister.com/feed/www.theregister.com/2022/11/04/bt_pay_talks_reopened_says_cwu/"/>
    <title type="html">BT re-enters pay talks to prevent further strikes, says union</title>
    <summary type="html" xml:base="https://www.theregister.com/">&lt;h4&gt;What forced the change in attitude? The impact on 40,000 broadband connections possibly&lt;/h4&gt; &lt;p&gt;The Communication Workers Unions (CWU) claims BT Group has agreed to re-enter negotiations to find a solution to the protracted pay dispute that has caused thousands of engineers and call center operators to strike.…&lt;/p&gt;</summary>
  </entry>
  <entry>
    <id>tag:theregister.com,2005:story224542</id>
    <updated>2022-11-04T11:03:13Z</updated>
    <author>
      <name>Richard Currie</name>
      <uri>https://search.theregister.com/?author=Richard%20Currie</uri>
    </author>
    <link rel="alternate" type="text/html" href="https://go.theregister.com/feed/www.theregister.com/2022/11/04/nft_vending_machine/"/>
    <title type="html">NFT vending machine appears in London</title>
    <summary type="html" xml:base="https://www.theregister.com/">&lt;h4&gt;Don't everyone rush at once&lt;/h4&gt; &lt;p&gt;NFTs are dead. And stupid. Don't just take our word for it – Bill Gates, widely considered a pretty smart guy, described them as "100 percent based on greater fool theory" and analyst Forrester recently said "most consumers aren't interested in NFT stunts."…&lt;/p&gt; &lt;p&gt;&lt;!--#include virtual='/data_centre/_whitepaper_textlinks_top.html' --&gt;&lt;/p&gt;</summary>
  </entry>
  <entry>
    <id>tag:theregister.com,2005:story224531</id>
    <updated>2022-11-04T09:34:13Z</updated>
    <author>
      <name>Jeff Burt</name>
      <uri>https://search.theregister.com/?author=Jeff%20Burt</uri>
    </author>
    <link rel="alternate" type="text/html" href="https://go.theregister.com/feed/www.theregister.com/2022/11/04/microsoft_ukraine_tech_support/"/>
    <title type="html">Microsoft gives away '$400m in cloud support' to Ukraine</title>
    <summary type="html" xml:base="https://www.theregister.com/">&lt;h4&gt;Freedom isn't free&lt;/h4&gt; &lt;p&gt;The Ukraine government will continue to be able to run its digital infrastructure through the Microsoft Cloud for free in 2023, the tech giant confirmed today.…&lt;/p&gt;</summary>
  </entry>
  <entry>
    <id>tag:theregister.com,2005:story224518</id>
    <updated>2022-11-04T08:30:14Z</updated>
    <author>
      <name>Richard Currie</name>
      <uri>https://search.theregister.com/?author=Richard%20Currie</uri>
    </author>
    <link rel="alternate" type="text/html" href="https://go.theregister.com/feed/www.theregister.com/2022/11/04/norths_align_britain/"/>
    <title type="html">All of the norths are about to align over Britain</title>
    <summary type="html" xml:base="https://www.theregister.com/">&lt;h4&gt;Magnetic north is on a walkabout, and your OCD will benefit&lt;/h4&gt; &lt;p&gt;UK map lords at the Ordnance Survey have some big news for people with obsessive compulsive personality disorder or otherwise like everything to be neatly lined up.…&lt;/p&gt;</summary>
  </entry>
  <entry>
    <id>tag:theregister.com,2005:story224538</id>
    <updated>2022-11-04T07:32:08Z</updated>
    <author>
      <name>Simon Sharwood</name>
      <uri>https://search.theregister.com/?author=Simon%20Sharwood</uri>
    </author>
    <link rel="alternate" type="text/html" href="https://go.theregister.com/feed/www.theregister.com/2022/11/04/on_call/"/>
    <title type="html">Hot, sweaty builders hosed a server – literally – leaving support with an all-night RAID repair job</title>
    <summary type="html" xml:base="https://www.theregister.com/">&lt;h4&gt;Extension cords are good for power. Extension tubes? Not so good for air&lt;/h4&gt; &lt;p&gt;&lt;strong&gt;On Call&lt;/strong&gt;  As two precious days of free time loom, &lt;i&gt;The Register&lt;/i&gt; offers a two-minute taste of the energy-draining drama that makes weekends so important in another instalment of On-Call, our weekly reader-contributed tale of the messes IT people are asked to address.…&lt;/p&gt;</summary>
  </entry>
  <entry>
    <id>tag:theregister.com,2005:story224540</id>
    <updated>2022-11-04T06:58:13Z</updated>
    <author>
      <name>Simon Sharwood</name>
      <uri>https://search.theregister.com/?author=Simon%20Sharwood</uri>
    </author>
    <link rel="alternate" type="text/html" href="https://go.theregister.com/feed/www.theregister.com/2022/11/04/atlassian_q1_23/"/>
    <title type="html">You fire 'em, we'll hire 'em: Atlassian sees tech layoffs as HR heaven</title>
    <summary type="html" xml:base="https://www.theregister.com/">&lt;h4&gt;But investors aren't impressed by losses and unpleasant outlook&lt;/h4&gt; &lt;p&gt;Atlassian sees the current round of layoffs and hiring freezes across the tech industry as an opportunity on which it hopes to capitalise – even as its own share price slumps.…&lt;/p&gt;</summary>
  </entry>
  <entry>
    <id>tag:theregister.com,2005:story224529</id>
    <updated>2022-11-04T06:22:06Z</updated>
    <author>
      <name>Jessica Lyons Hardcastle</name>
      <uri>https://search.theregister.com/?author=Jessica%20Lyons%20Hardcastle</uri>
    </author>
    <link rel="alternate" type="text/html" href="https://go.theregister.com/feed/www.theregister.com/2022/11/04/french_opera1er_group_ib/"/>
    <title type="html">French-speaking voleurs stole $30m in 15-country bank, telecoms cyber-heist spree</title>
    <summary type="html" xml:base="https://www.theregister.com/">&lt;h4&gt;Smooth 'OPERA1ER' hit orgs around the world over four or more years&lt;/h4&gt; &lt;p&gt;A French-speaking criminal group codenamed OPERA1ER has pulled off more than 30 cyber-heists against telecom organizations and banks across Africa, Asia, and Latin America, stealing upwards of $30 million over four years, according to security researchers.…&lt;/p&gt; &lt;p&gt;&lt;!--#include virtual='/data_centre/_whitepaper_textlinks_top.html' --&gt;&lt;/p&gt;</summary>
  </entry>
  <entry>
    <id>tag:theregister.com,2005:story224539</id>
    <updated>2022-11-04T05:59:11Z</updated>
    <author>
      <name>Laura Dobberstein</name>
      <uri>https://search.theregister.com/?author=Laura%20Dobberstein</uri>
    </author>
    <link rel="alternate" type="text/html" href="https://go.theregister.com/feed/www.theregister.com/2022/11/04/xiaomi_concept_phone_with_mounted/"/>
    <title type="html">Xiaomi reveals bonkers phone with bolted-on Leica lens that will make you look like a dork</title>
    <summary type="html" xml:base="https://www.theregister.com/">&lt;h4&gt;A weighty lens, placed off-centre on a lightweight smartphone – what could possibly go wrong?&lt;/h4&gt; &lt;p&gt;Chinese smartphone darling has shown off a phone with a full camera lens bolted to its back – which looks very dorky, but thankfully is only a concept device.…&lt;/p&gt;</summary>
  </entry>
  <entry>
    <id>tag:theregister.com,2005:story224537</id>
    <updated>2022-11-04T04:58:05Z</updated>
    <author>
      <name>Simon Sharwood</name>
      <uri>https://search.theregister.com/?author=Simon%20Sharwood</uri>
    </author>
    <link rel="alternate" type="text/html" href="https://go.theregister.com/feed/www.theregister.com/2022/11/04/lenovo_isg_profitable_four_quarters/"/>
    <title type="html">After years of losses, Lenovo's infrastructure group posts 12 months of profits</title>
    <summary type="html" xml:base="https://www.theregister.com/">&lt;h4&gt;Execs say enterprise hardware biz is flying – don't mention the sub-one-percent profit&lt;/h4&gt; &lt;p&gt;In February 2022 Lenovo &lt;a target="_blank" href="https://www.theregister.com/2022/02/23/lenovo_q3_2022/"&gt;shared&lt;/a&gt; a slightly special number: $17 million. That's the first profit made by its Infrastructure Solutions Group (ISG) since its predecessor was formed by the &lt;a target="_blank" href="https://www.theregister.com/2014/09/29/lenovo_ibm_server_deal_to_close_october/"&gt;2014 acquisition of IBM's x86 server business&lt;/a&gt;.…&lt;/p&gt;</summary>
  </entry>
  <entry>
    <id>tag:theregister.com,2005:story224536</id>
    <updated>2022-11-04T03:44:59Z</updated>
    <author>
      <name>Simon Sharwood</name>
      <uri>https://search.theregister.com/?author=Simon%20Sharwood</uri>
    </author>
    <link rel="alternate" type="text/html" href="https://go.theregister.com/feed/www.theregister.com/2022/11/04/twitter_layoffs_email/"/>
    <title type="html">Elon Musk reportedly outlines horrible Twitter layoff process</title>
    <summary type="html" xml:base="https://www.theregister.com/">&lt;h4&gt;Email to your personal account is bad news, email to your work account means you still work at Twitter&lt;/h4&gt; &lt;p&gt;Twitter owner, sole director and – according to his Twitter profile, now also "Twitter Complaint Hotline Operator" – has reportedly informed company staff that layoffs begin tomorrow.…&lt;/p&gt;</summary>
  </entry>
  <entry>
    <id>tag:theregister.com,2005:story224535</id>
    <updated>2022-11-04T02:59:06Z</updated>
    <author>
      <name>Simon Sharwood</name>
      <uri>https://search.theregister.com/?author=Simon%20Sharwood</uri>
    </author>
    <link rel="alternate" type="text/html" href="https://go.theregister.com/feed/www.theregister.com/2022/11/04/alibaba_cloud_20_percent_arm/"/>
    <title type="html">Alibaba Cloud plans for a fifth of its servers to use homebrew Arm CPUs by 2025</title>
    <summary type="html" xml:base="https://www.theregister.com/">&lt;h4&gt;Sanctions? What sanctions? Just look at the low, low, power consumption figures&lt;/h4&gt; &lt;p&gt;Alibaba Cloud has revealed that it plans to power 20 percent of its operations with its own homebrew CPUs by 2025.…&lt;/p&gt;</summary>
  </entry>
  <entry>
    <id>tag:theregister.com,2005:story224522</id>
    <updated>2022-11-04T01:01:13Z</updated>
    <author>
      <name>Laura Dobberstein</name>
      <uri>https://search.theregister.com/?author=Laura%20Dobberstein</uri>
    </author>
    <link rel="alternate" type="text/html" href="https://go.theregister.com/feed/www.theregister.com/2022/11/04/mas_stablecoin_cbdc/"/>
    <title type="html">Singapore's fintech boss says stablecoins might win before CBDCs even get started</title>
    <summary type="html" xml:base="https://www.theregister.com/">&lt;h4&gt;Monetary authority presses ahead with Ubin+ cross-border CBDC trial anyway&lt;/h4&gt; &lt;p&gt;While central bank digital currencies (CBDCs) are often advanced as a way to improve the world's creaking cross-border payments infrastructure, some financial experts believe the government-issued tokens may be usurped by stablecoins and other products.…&lt;/p&gt; &lt;p&gt;&lt;!--#include virtual='/data_centre/_whitepaper_textlinks_top.html' --&gt;&lt;/p&gt;</summary>
  </entry>
  <entry>
    <id>tag:theregister.com,2005:story224530</id>
    <updated>2022-11-03T23:58:12Z</updated>
    <author>
      <name>Katyanna Quach</name>
      <uri>https://search.theregister.com/?author=Katyanna%20Quach</uri>
    </author>
    <link rel="alternate" type="text/html" href="https://go.theregister.com/feed/www.theregister.com/2022/11/03/nasa_artemis_launch/"/>
    <title type="html">NASA wheels SLS rocket out to the launchpad for another attempt to get off the ground</title>
    <summary type="html" xml:base="https://www.theregister.com/">&lt;h4&gt;After two previous failures, will third time be the charm?&lt;/h4&gt; &lt;p&gt;NASA will roll its Space Launch System back out to the launchpad at the Kennedy Space Center on Friday to prepare for a third attempt to put its most powerful rocket yet into the sky on November 14.…&lt;/p&gt;</summary>
  </entry>
  <entry>
    <id>tag:theregister.com,2005:story224533</id>
    <updated>2022-11-03T21:55:56Z</updated>
    <author>
      <name>Dylan Martin</name>
      <uri>https://search.theregister.com/?author=Dylan%20Martin</uri>
    </author>
    <link rel="alternate" type="text/html" href="https://go.theregister.com/feed/www.theregister.com/2022/11/03/amd_radeon_rx_7900_launched/"/>
    <title type="html">AMD’s latest, greatest Radeon graphics card $600 cheaper than Nvidia’s top RTX 4090</title>
    <summary type="html" xml:base="https://www.theregister.com/">&lt;h4&gt;Chiplet-based RNDA 3 GPU fans have been waiting for&lt;/h4&gt; &lt;p&gt;AMD has come out swinging at Nvidia with new flagship Radeon graphics cards that are cheaper than its rival's fresh GeForce RTX products.…&lt;/p&gt;</summary>
  </entry>
  <entry>
    <id>tag:theregister.com,2005:story224524</id>
    <updated>2022-11-03T20:45:15Z</updated>
    <author>
      <name>Jeff Burt</name>
      <uri>https://search.theregister.com/?author=Jeff%20Burt</uri>
    </author>
    <link rel="alternate" type="text/html" href="https://go.theregister.com/feed/www.theregister.com/2022/11/03/mfa_fatigue_enterprise_threat/"/>
    <title type="html">Multi-factor auth fatigue is real – and it's why you may be in the headlines next</title>
    <summary type="html" xml:base="https://www.theregister.com/">&lt;h4&gt;Overwhelmed by waves of push notifications, worn-down users inadvertently let the bad guys in&lt;/h4&gt; &lt;p&gt;&lt;strong&gt;Analysis&lt;/strong&gt;  The September cyberattack on ride-hailing service Uber began when a criminal bought the stolen credentials of a company contractor on the dark web.…&lt;/p&gt;</summary>
  </entry>
  <entry>
    <id>tag:theregister.com,2005:story224528</id>
    <updated>2022-11-03T19:46:07Z</updated>
    <author>
      <name>Brandon Vigliarolo</name>
      <uri>https://search.theregister.com/?author=Brandon%20Vigliarolo</uri>
    </author>
    <link rel="alternate" type="text/html" href="https://go.theregister.com/feed/www.theregister.com/2022/11/03/lyft_stripe_twitter_layoffs/"/>
    <title type="html">Latest layoffs: Lyft, Stripe more than decimate staff</title>
    <summary type="html" xml:base="https://www.theregister.com/">&lt;h4&gt;While Elon may just dump half of Twitter and scrap work-from-home&lt;/h4&gt; &lt;p&gt;Citing the likelihood of recession and increases in rideshare insurance costs, Lyft is laying off 13 percent of its workforce, with no team left unaffected.…&lt;/p&gt;</summary>
  </entry>
  <entry>
    <id>tag:theregister.com,2005:story224527</id>
    <updated>2022-11-03T19:15:13Z</updated>
    <author>
      <name>Liam Proven</name>
      <uri>https://search.theregister.com/?author=Liam%20Proven</uri>
    </author>
    <link rel="alternate" type="text/html" href="https://go.theregister.com/feed/www.theregister.com/2022/11/03/nitrux_25/"/>
    <title type="html">Nitrux 2.5: The latest update to a radical Linux</title>
    <summary type="html" xml:base="https://www.theregister.com/">&lt;h4&gt;Also one of the first distros we've seen with Kernel 6.0&lt;/h4&gt; &lt;p&gt;Nitrux OS is one of the most stylish and innovative distros we've seen so far: systemd-free, based on AppImages, and with a very unusual desktop.…&lt;/p&gt; &lt;p&gt;&lt;!--#include virtual='/data_centre/_whitepaper_textlinks_top.html' --&gt;&lt;/p&gt;</summary>
  </entry>
  <entry>
    <id>tag:theregister.com,2005:story224526</id>
    <updated>2022-11-03T18:45:10Z</updated>
    <author>
      <name>Tobias Mann</name>
      <uri>https://search.theregister.com/?author=Tobias%20Mann</uri>
    </author>
    <link rel="alternate" type="text/html" href="https://go.theregister.com/feed/www.theregister.com/2022/11/03/aws_freeze_hiring/"/>
    <title type="html">Amazon freezes corporate hiring amid worsening economic outlook</title>
    <summary type="html" xml:base="https://www.theregister.com/">&lt;h4&gt;The decision comes as the e-commerce giant stuggles with soaring energy prices and cash-strapped customers&lt;/h4&gt; &lt;p&gt;Amazon is freezing hiring of new corporate positions across the company for the rest of 2022 amid worsening economic conditions.…&lt;/p&gt;</summary>
  </entry>
  <entry>
    <id>tag:theregister.com,2005:story224525</id>
    <updated>2022-11-03T18:00:08Z</updated>
    <author>
      <name>Paul Kunert</name>
      <uri>https://search.theregister.com/?author=Paul%20Kunert</uri>
    </author>
    <link rel="alternate" type="text/html" href="https://go.theregister.com/feed/www.theregister.com/2022/11/03/kyndryl_q2_fiscal_2023/"/>
    <title type="html">Kyndryl loses $281m in the quarter as modernization agenda continues</title>
    <summary type="html" xml:base="https://www.theregister.com/">&lt;h4&gt;How to turn a classic infrastructure biz into something fit for the cloud era&lt;/h4&gt; &lt;p&gt;Shapeshifting infrastructure services biz Kyndryl can't plug its revenue leak but cutting costs did cut losses in half.…&lt;/p&gt;</summary>
  </entry>
  <entry>
    <id>tag:theregister.com,2005:story224520</id>
    <updated>2022-11-03T17:30:13Z</updated>
    <author>
      <name>Brandon Vigliarolo</name>
      <uri>https://search.theregister.com/?author=Brandon%20Vigliarolo</uri>
    </author>
    <link rel="alternate" type="text/html" href="https://go.theregister.com/feed/www.theregister.com/2022/11/03/tumblr_says_nudes_are_back/"/>
    <title type="html">Tumblr says nudes are back on the menu – within reason</title>
    <summary type="html" xml:base="https://www.theregister.com/">&lt;h4&gt;But old 'go nuts, show nuts' attitude is dead for good&lt;/h4&gt; &lt;p&gt;Tumblr has reversed course on its 2018 nudity ban, welcoming some – but not all – adult content creators back to the platform after a four-year hiatus.…&lt;/p&gt;</summary>
  </entry>
  <entry>
    <id>tag:theregister.com,2005:story224523</id>
    <updated>2022-11-03T16:45:13Z</updated>
    <author>
      <name>Brandon Vigliarolo</name>
      <uri>https://search.theregister.com/?author=Brandon%20Vigliarolo</uri>
    </author>
    <link rel="alternate" type="text/html" href="https://go.theregister.com/feed/www.theregister.com/2022/11/03/ransomware_summit_cryptocurrency/"/>
    <title type="html">International summit agrees crack down on crypto to combat ransomware</title>
    <summary type="html" xml:base="https://www.theregister.com/">&lt;h4&gt;Commitments include international wallet info sharing, KYC requirements, and an AML crackdown&lt;/h4&gt; &lt;p&gt;The White House's second International Counter Ransomware Initiative summit has concluded, and this year the 36-nation group has made cl

DEBUG counter: 18

B: 1536, HF:1
Builded XML size before: 26880
Builded XML size after: 26880

==Response L:1536
ear it intends to crack down on how cryptocurrencies are used to finance ransomware operations.…&lt;/p&gt;</summary>
  </entry>
  <entry>
    <id>tag:theregister.com,2005:story224521</id>
    <updated>2022-11-03T15:50:10Z</updated>
    <author>
      <name>Dan Robinson</name>
      <uri>https://search.theregister.com/?author=Dan%20Robinson</uri>
    </author>
    <link rel="alternate" type="text/html" href="https://go.theregister.com/feed/www.theregister.com/2022/11/03/fcc_afc_providers_wifi/"/>
    <title type="html">FCC taps 13 providers to manage 6GHz band access for new Wi-Fi standards</title>
    <summary type="html" xml:base="https://www.theregister.com/">&lt;h4&gt;Public will be able to test each system as part of development process&lt;/h4&gt; &lt;p&gt;The US Federal Communications Commission (FCC) has conditionally approved 13 proposed automated frequency coordination (AFC) systems to manage spectrum access for unlicensed devices in the 6GHz band.…&lt;/p&gt; &lt;p&gt;&lt;!--#include virtual='/data_centre/_whitepaper_textlinks_top.html' --&gt;&lt;/p&gt;</summary>
  </entry>
  <entry>
    <id>tag:theregister.com,2005:story224519</id>
    <updated>2022-11-03T15:15:06Z</updated>
    <author>
      <name>Lindsay Clark</name>
      <uri>https://search.theregister.com/?author=Lindsay%20Clark</uri>
    </author>
    <link rel="alternate" type="text/html" href="https://go.theregister.com/feed/www.theregister.com/2022/11/03/redis_resp_app/"/>
    <title type="html">Redis swallows RESP.app biz that made its d
==

==XML builded
7dc0
<?xml version="1.0" encoding="UTF-8"?>
<feed xmlns="http://www.w3.org/2005/Atom" xml:lang="en">
  <id>tag:theregister.com,2005:feed/theregister.com/</id>
  <title>The Register</title>
  <link rel="self" type="application/atom+xml" href="https://www.theregister.com/headlines.atom"/>
  <link rel="alternate" type="text/html" href="https://www.theregister.com/"/>
  <rights>Copyright © 2022, Situation Publishing</rights>
  <author>
    <name>Team Register</name>
    <email>webmaster@theregister.co.uk</email>
    <uri>https://www.theregister.com/odds/about/contact/</uri>
  </author>
  <icon>https://www.theregister.com/Design/graphics/icons/favicon.png</icon>
  <subtitle>Biting the hand that feeds IT — Enterprise Technology News and Analysis</subtitle>
  <logo>https://www.theregister.com/Design/graphics/Reg_default/The_Register_r.png</logo>
  <updated>2022-11-04T19:15:11Z</updated>
  <entry>
    <id>tag,:theregister.com,2005:story224552</id>
    <updated>2022-11-04T19:15:11Z</updated>
    <author>
      <name>Brandon Vigliarolo</name>
      <uri>https://search.theregister.com/?author=Brandon%20Vigliarolo</uri>
    </author>
    <link rel="alternate" type="text/html" href="https://go.theregister.com/feed/www.theregister.com/2022/11/04/twitter_warn_act_lawsuit/"/>
    <title type="html">Twitter employees sue over lack of 60-day layoff notice</title>
    <summary type="html" xml:base="https://www.theregister.com/">&lt;h4&gt;Musk-owned companies have now faced 3 WARN Act lawsuits alleging the same thing&lt;/h4&gt; &lt;p&gt;The great Twitter cull of '22 is expected to begin today, but a group of tweeps have preempted the event by filing a class action lawsuit against Twitter for violating the WARN Act.…&lt;/p&gt;</summary>
  </entry>
  <entry>
    <id>tag:theregister.com,2005:story224550</id>
    <updated>2022-11-04T18:30:08Z</updated>
    <author>
      <name>Jeff Burt</name>
      <uri>https://search.theregister.com/?author=Jeff%20Burt</uri>
    </author>
    <link rel="alternate" type="text/html" href="https://go.theregister.com/feed/www.theregister.com/2022/11/04/crimson_kingsnake_bec_scam/"/>
    <title type="html">Double-check demand payment emails from law firms: Convincing fakes surface</title>
    <summary type="html" xml:base="https://www.theregister.com/">&lt;h4&gt;Crimson Kingsnake impersonates legit attorneys, fakes email threads from your colleagues in far-reaching BEC campaign&lt;/h4&gt; &lt;p&gt;A new threat group called Crimson Kingsnake is impersonating real law companies and debt recovery services to intimidate businessess into paying bogus overdue invoices.…&lt;/p&gt; &lt;p&gt;&lt;!--#include virtual='/data_centre/_whitepaper_textlinks_top.html' --&gt;&lt;/p&gt;</summary>
  </entry>
  <entry>
    <id>tag:theregister.com,2005:story224547</id>
    <updated>2022-11-04T17:30:08Z</updated>
    <author>
      <name>Liam Proven</name>
      <uri>https://search.theregister.com/?author=Liam%20Proven</uri>
    </author>
    <link rel="alternate" type="text/html" href="https://go.theregister.com/feed/www.theregister.com/2022/11/04/mozilla_ventures/"/>
    <title type="html">Mozilla Foundation launches ethical venture capital fund</title>
    <summary type="html" xml:base="https://www.theregister.com/">&lt;h4&gt;An unexpected move, but we suspect that Carl Sagan might have approved&lt;/h4&gt; &lt;p&gt;Mozilla has announced the successor to the Mozilla Builders incubator: Mozilla Ventures.…&lt;/p&gt;</summary>
  </entry>
  <entry>
    <id>tag:theregister.com,2005:story224549</id>
    <updated>2022-11-04T16:15:25Z</updated>
    <author>
      <name>Brandon Vigliarolo</name>
      <uri>https://search.theregister.com/?author=Brandon%20Vigliarolo</uri>
    </author>
    <link rel="alternate" type="text/html" href="https://go.theregister.com/feed/www.theregister.com/2022/11/04/starliner_launch_delay/"/>
    <title type="html">Boeing's Starliner launch pushed back again... to April 2023</title>
    <summary type="html" xml:base="https://www.theregister.com/">&lt;h4&gt;The official word is 'scheduling conflicts,' but NASA's safety panel has expressed concerns too&lt;/h4&gt; &lt;p&gt;The first crewed launch of Boeing's Starliner has been delayed again, this time being pushed back to April 2023 from an earlier planned launch date of February.…&lt;/p&gt;</summary>
  </entry>
  <entry>
    <id>tag:theregister.com,2005:story224545</id>
    <updated>2022-11-04T15:15:12Z</updated>
    <author>
      <name>Lindsay Clark</name>
      <uri>https://search.theregister.com/?author=Lindsay%20Clark</uri>
    </author>
    <link rel="alternate" type="text/html" href="https://go.theregister.com/feed/www.theregister.com/2022/11/04/uk_governement_set_to_extract/"/>
    <title type="html">UK government set to extract hospital data to Palantir system without patient consent</title>
    <summary type="html" xml:base="https://www.theregister.com/">&lt;h4&gt;'You'll be hearing from us,' say privacy campaigners who previously forced the government to back down&lt;/h4&gt; &lt;p&gt;The UK government is set to extract patient-identifiable data from NHS hospital systems and share this with its data platform based on technology from Palantir, a move that seems set to provoke another legal challenge.…&lt;/p&gt;</summary>
  </entry>
  <entry>
    <id>tag:theregister.com,2005:story224548</id>
    <updated>2022-11-04T14:15:35Z</updated>
    <author>
      <name>Dan Robinson</name>
      <uri>https://search.theregister.com/?author=Dan%20Robinson</uri>
    </author>
    <link rel="alternate" type="text/html" href="https://go.theregister.com/feed/www.theregister.com/2022/11/04/us_chip_industry_china_ban/"/>
    <title type="html">US chip industry worried it may lose out to rivals over China ban</title>
    <summary type="html" xml:base="https://www.theregister.com/">&lt;h4&gt;Just hang on while we convince the rest of the world, Commerce Sec tells makers&lt;/h4&gt; &lt;p&gt;US companies that build chipmaking equipment have been told to tough it out as they face a ban on selling to customers in China, while their rivals elsewhere in the world currently have no such restrictions.…&lt;/p&gt; &lt;p&gt;&lt;!--#include virtual='/data_centre/_whitepaper_textlinks_top.html' --&gt;&lt;/p&gt;</summary>
  </entry>
  <entry>
    <id>tag:theregister.com,2005:story224541</id>
    <updated>2022-11-04T13:30:42Z</updated>
    <author>
      <name>Jude Karabus</name>
      <uri>https://search.theregister.com/?author=Jude%20Karabus</uri>
    </author>
    <link rel="alternate" type="text/html" href="https://go.theregister.com/feed/www.theregister.com/2022/11/04/google_nlrb_complaint/"/>
    <title type="html">Google cut contractors off from online 'Share My Salary' spreadsheet, union claims</title>
    <summary type="html" xml:base="https://www.theregister.com/">&lt;h4&gt;Alphabet Workers Union says it's an illegal block of workers' right to discuss pay&lt;/h4&gt; &lt;p&gt;The Alphabet Workers Union (AWU) claims the company blocked access to a shared spreadsheet in which it reckons "hundreds" of subcontracted workers had shared their salary details and "up to 50,000" of those staffers are now prevented from looking them up.…&lt;/p&gt;</summary>
  </entry>
  <entry>
    <id>tag:theregister.com,2005:story224543</id>
    <updated>2022-11-04T12:50:15Z</updated>
    <author>
      <name>Dan Robinson</name>
      <uri>https://search.theregister.com/?author=Dan%20Robinson</uri>
    </author>
    <link rel="alternate" type="text/html" href="https://go.theregister.com/feed/www.theregister.com/2022/11/04/dell_australia_consumer_court/"/>
    <title type="html">Dell hit with Oz court case for misleading prices on monitors</title>
    <summary type="html" xml:base="https://www.theregister.com/">&lt;h4&gt;Watchdog claims add-ons to computer purchases appeared to be discounted but did not reflect the standalone RRP&lt;/h4&gt; &lt;p&gt;Dell's Australian business is in trouble with the country's consumer watchdog for allegedly misleading buyers about the price of displays purchased as an add-on with its computers.…&lt;/p&gt;</summary>
  </entry>
  <entry>
    <id>tag:theregister.com,2005:story224544</id>
    <updated>2022-11-04T12:20:09Z</updated>
    <author>
      <name>Paul Kunert</name>
      <uri>https://search.theregister.com/?author=Paul%20Kunert</uri>
    </author>
    <link rel="alternate" type="text/html" href="https://go.theregister.com/feed/www.theregister.com/2022/11/04/bt_pay_talks_reopened_says_cwu/"/>
    <title type="html">BT re-enters pay talks to prevent further strikes, says union</title>
    <summary type="html" xml:base="https://www.theregister.com/">&lt;h4&gt;What forced the change in attitude? The impact on 40,000 broadband connections possibly&lt;/h4&gt; &lt;p&gt;The Communication Workers Unions (CWU) claims BT Group has agreed to re-enter negotiations to find a solution to the protracted pay dispute that has caused thousands of engineers and call center operators to strike.…&lt;/p&gt;</summary>
  </entry>
  <entry>
    <id>tag:theregister.com,2005:story224542</id>
    <updated>2022-11-04T11:03:13Z</updated>
    <author>
      <name>Richard Currie</name>
      <uri>https://search.theregister.com/?author=Richard%20Currie</uri>
    </author>
    <link rel="alternate" type="text/html" href="https://go.theregister.com/feed/www.theregister.com/2022/11/04/nft_vending_machine/"/>
    <title type="html">NFT vending machine appears in London</title>
    <summary type="html" xml:base="https://www.theregister.com/">&lt;h4&gt;Don't everyone rush at once&lt;/h4&gt; &lt;p&gt;NFTs are dead. And stupid. Don't just take our word for it – Bill Gates, widely considered a pretty smart guy, described them as "100 percent based on greater fool theory" and analyst Forrester recently said "most consumers aren't interested in NFT stunts."…&lt;/p&gt; &lt;p&gt;&lt;!--#include virtual='/data_centre/_whitepaper_textlinks_top.html' --&gt;&lt;/p&gt;</summary>
  </entry>
  <entry>
    <id>tag:theregister.com,2005:story224531</id>
    <updated>2022-11-04T09:34:13Z</updated>
    <author>
      <name>Jeff Burt</name>
      <uri>https://search.theregister.com/?author=Jeff%20Burt</uri>
    </author>
    <link rel="alternate" type="text/html" href="https://go.theregister.com/feed/www.theregister.com/2022/11/04/microsoft_ukraine_tech_support/"/>
    <title type="html">Microsoft gives away '$400m in cloud support' to Ukraine</title>
    <summary type="html" xml:base="https://www.theregister.com/">&lt;h4&gt;Freedom isn't free&lt;/h4&gt; &lt;p&gt;The Ukraine government will continue to be able to run its digital infrastructure through the Microsoft Cloud for free in 2023, the tech giant confirmed today.…&lt;/p&gt;</summary>
  </entry>
  <entry>
    <id>tag:theregister.com,2005:story224518</id>
    <updated>2022-11-04T08:30:14Z</updated>
    <author>
      <name>Richard Currie</name>
      <uri>https://search.theregister.com/?author=Richard%20Currie</uri>
    </author>
    <link rel="alternate" type="text/html" href="https://go.theregister.com/feed/www.theregister.com/2022/11/04/norths_align_britain/"/>
    <title type="html">All of the norths are about to align over Britain</title>
    <summary type="html" xml:base="https://www.theregister.com/">&lt;h4&gt;Magnetic north is on a walkabout, and your OCD will benefit&lt;/h4&gt; &lt;p&gt;UK map lords at the Ordnance Survey have some big news for people with obsessive compulsive personality disorder or otherwise like everything to be neatly lined up.…&lt;/p&gt;</summary>
  </entry>
  <entry>
    <id>tag:theregister.com,2005:story224538</id>
    <updated>2022-11-04T07:32:08Z</updated>
    <author>
      <name>Simon Sharwood</name>
      <uri>https://search.theregister.com/?author=Simon%20Sharwood</uri>
    </author>
    <link rel="alternate" type="text/html" href="https://go.theregister.com/feed/www.theregister.com/2022/11/04/on_call/"/>
    <title type="html">Hot, sweaty builders hosed a server – literally – leaving support with an all-night RAID repair job</title>
    <summary type="html" xml:base="https://www.theregister.com/">&lt;h4&gt;Extension cords are good for power. Extension tubes? Not so good for air&lt;/h4&gt; &lt;p&gt;&lt;strong&gt;On Call&lt;/strong&gt;  As two precious days of free time loom, &lt;i&gt;The Register&lt;/i&gt; offers a two-minute taste of the energy-draining drama that makes weekends so important in another instalment of On-Call, our weekly reader-contributed tale of the messes IT people are asked to address.…&lt;/p&gt;</summary>
  </entry>
  <entry>
    <id>tag:theregister.com,2005:story224540</id>
    <updated>2022-11-04T06:58:13Z</updated>
    <author>
      <name>Simon Sharwood</name>
      <uri>https://search.theregister.com/?author=Simon%20Sharwood</uri>
    </author>
    <link rel="alternate" type="text/html" href="https://go.theregister.com/feed/www.theregister.com/2022/11/04/atlassian_q1_23/"/>
    <title type="html">You fire 'em, we'll hire 'em: Atlassian sees tech layoffs as HR heaven</title>
    <summary type="html" xml:base="https://www.theregister.com/">&lt;h4&gt;But investors aren't impressed by losses and unpleasant outlook&lt;/h4&gt; &lt;p&gt;Atlassian sees the current round of layoffs and hiring freezes across the tech industry as an opportunity on which it hopes to capitalise – even as its own share price slumps.…&lt;/p&gt;</summary>
  </entry>
  <entry>
    <id>tag:theregister.com,2005:story224529</id>
    <updated>2022-11-04T06:22:06Z</updated>
    <author>
      <name>Jessica Lyons Hardcastle</name>
      <uri>https://search.theregister.com/?author=Jessica%20Lyons%20Hardcastle</uri>
    </author>
    <link rel="alternate" type="text/html" href="https://go.theregister.com/feed/www.theregister.com/2022/11/04/french_opera1er_group_ib/"/>
    <title type="html">French-speaking voleurs stole $30m in 15-country bank, telecoms cyber-heist spree</title>
    <summary type="html" xml:base="https://www.theregister.com/">&lt;h4&gt;Smooth 'OPERA1ER' hit orgs around the world over four or more years&lt;/h4&gt; &lt;p&gt;A French-speaking criminal group codenamed OPERA1ER has pulled off more than 30 cyber-heists against telecom organizations and banks across Africa, Asia, and Latin America, stealing upwards of $30 million over four years, according to security researchers.…&lt;/p&gt; &lt;p&gt;&lt;!--#include virtual='/data_centre/_whitepaper_textlinks_top.html' --&gt;&lt;/p&gt;</summary>
  </entry>
  <entry>
    <id>tag:theregister.com,2005:story224539</id>
    <updated>2022-11-04T05:59:11Z</updated>
    <author>
      <name>Laura Dobberstein</name>
      <uri>https://search.theregister.com/?author=Laura%20Dobberstein</uri>
    </author>
    <link rel="alternate" type="text/html" href="https://go.theregister.com/feed/www.theregister.com/2022/11/04/xiaomi_concept_phone_with_mounted/"/>
    <title type="html">Xiaomi reveals bonkers phone with bolted-on Leica lens that will make you look like a dork</title>
    <summary type="html" xml:base="https://www.theregister.com/">&lt;h4&gt;A weighty lens, placed off-centre on a lightweight smartphone – what could possibly go wrong?&lt;/h4&gt; &lt;p&gt;Chinese smartphone darling has shown off a phone with a full camera lens bolted to its back – which looks very dorky, but thankfully is only a concept device.…&lt;/p&gt;</summary>
  </entry>
  <entry>
    <id>tag:theregister.com,2005:story224537</id>
    <updated>2022-11-04T04:58:05Z</updated>
    <author>
      <name>Simon Sharwood</name>
      <uri>https://search.theregister.com/?author=Simon%20Sharwood</uri>
    </author>
    <link rel="alternate" type="text/html" href="https://go.theregister.com/feed/www.theregister.com/2022/11/04/lenovo_isg_profitable_four_quarters/"/>
    <title type="html">After years of losses, Lenovo's infrastructure group posts 12 months of profits</title>
    <summary type="html" xml:base="https://www.theregister.com/">&lt;h4&gt;Execs say enterprise hardware biz is flying – don't mention the sub-one-percent profit&lt;/h4&gt; &lt;p&gt;In February 2022 Lenovo &lt;a target="_blank" href="https://www.theregister.com/2022/02/23/lenovo_q3_2022/"&gt;shared&lt;/a&gt; a slightly special number: $17 million. That's the first profit made by its Infrastructure Solutions Group (ISG) since its predecessor was formed by the &lt;a target="_blank" href="https://www.theregister.com/2014/09/29/lenovo_ibm_server_deal_to_close_october/"&gt;2014 acquisition of IBM's x86 server business&lt;/a&gt;.…&lt;/p&gt;</summary>
  </entry>
  <entry>
    <id>tag:theregister.com,2005:story224536</id>
    <updated>2022-11-04T03:44:59Z</updated>
    <author>
      <name>Simon Sharwood</name>
      <uri>https://search.theregister.com/?author=Simon%20Sharwood</uri>
    </author>
    <link rel="alternate" type="text/html" href="https://go.theregister.com/feed/www.theregister.com/2022/11/04/twitter_layoffs_email/"/>
    <title type="html">Elon Musk reportedly outlines horrible Twitter layoff process</title>
    <summary type="html" xml:base="https://www.theregister.com/">&lt;h4&gt;Email to your personal account is bad news, email to your work account means you still work at Twitter&lt;/h4&gt; &lt;p&gt;Twitter owner, sole director and – according to his Twitter profile, now also "Twitter Complaint Hotline Operator" – has reportedly informed company staff that layoffs begin tomorrow.…&lt;/p&gt;</summary>
  </entry>
  <entry>
    <id>tag:theregister.com,2005:story224535</id>
    <updated>2022-11-04T02:59:06Z</updated>
    <author>
      <name>Simon Sharwood</name>
      <uri>https://search.theregister.com/?author=Simon%20Sharwood</uri>
    </author>
    <link rel="alternate" type="text/html" href="https://go.theregister.com/feed/www.theregister.com/2022/11/04/alibaba_cloud_20_percent_arm/"/>
    <title type="html">Alibaba Cloud plans for a fifth of its servers to use homebrew Arm CPUs by 2025</title>
    <summary type="html" xml:base="https://www.theregister.com/">&lt;h4&gt;Sanctions? What sanctions? Just look at the low, low, power consumption figures&lt;/h4&gt; &lt;p&gt;Alibaba Cloud has revealed that it plans to power 20 percent of its operations with its own homebrew CPUs by 2025.…&lt;/p&gt;</summary>
  </entry>
  <entry>
    <id>tag:theregister.com,2005:story224522</id>
    <updated>2022-11-04T01:01:13Z</updated>
    <author>
      <name>Laura Dobberstein</name>
      <uri>https://search.theregister.com/?author=Laura%20Dobberstein</uri>
    </author>
    <link rel="alternate" type="text/html" href="https://go.theregister.com/feed/www.theregister.com/2022/11/04/mas_stablecoin_cbdc/"/>
    <title type="html">Singapore's fintech boss says stablecoins might win before CBDCs even get started</title>
    <summary type="html" xml:base="https://www.theregister.com/">&lt;h4&gt;Monetary authority presses ahead with Ubin+ cross-border CBDC trial anyway&lt;/h4&gt; &lt;p&gt;While central bank digital currencies (CBDCs) are often advanced as a way to improve the world's creaking cross-border payments infrastructure, some financial experts believe the government-issued tokens may be usurped by stablecoins and other products.…&lt;/p&gt; &lt;p&gt;&lt;!--#include virtual='/data_centre/_whitepaper_textlinks_top.html' --&gt;&lt;/p&gt;</summary>
  </entry>
  <entry>
    <id>tag:theregister.com,2005:story224530</id>
    <updated>2022-11-03T23:58:12Z</updated>
    <author>
      <name>Katyanna Quach</name>
      <uri>https://search.theregister.com/?author=Katyanna%20Quach</uri>
    </author>
    <link rel="alternate" type="text/html" href="https://go.theregister.com/feed/www.theregister.com/2022/11/03/nasa_artemis_launch/"/>
    <title type="html">NASA wheels SLS rocket out to the launchpad for another attempt to get off the ground</title>
    <summary type="html" xml:base="https://www.theregister.com/">&lt;h4&gt;After two previous failures, will third time be the charm?&lt;/h4&gt; &lt;p&gt;NASA will roll its Space Launch System back out to the launchpad at the Kennedy Space Center on Friday to prepare for a third attempt to put its most powerful rocket yet into the sky on November 14.…&lt;/p&gt;</summary>
  </entry>
  <entry>
    <id>tag:theregister.com,2005:story224533</id>
    <updated>2022-11-03T21:55:56Z</updated>
    <author>
      <name>Dylan Martin</name>
      <uri>https://search.theregister.com/?author=Dylan%20Martin</uri>
    </author>
    <link rel="alternate" type="text/html" href="https://go.theregister.com/feed/www.theregister.com/2022/11/03/amd_radeon_rx_7900_launched/"/>
    <title type="html">AMD’s latest, greatest Radeon graphics card $600 cheaper than Nvidia’s top RTX 4090</title>
    <summary type="html" xml:base="https://www.theregister.com/">&lt;h4&gt;Chiplet-based RNDA 3 GPU fans have been waiting for&lt;/h4&gt; &lt;p&gt;AMD has come out swinging at Nvidia with new flagship Radeon graphics cards that are cheaper than its rival's fresh GeForce RTX products.…&lt;/p&gt;</summary>
  </entry>
  <entry>
    <id>tag:theregister.com,2005:story224524</id>
    <updated>2022-11-03T20:45:15Z</updated>
    <author>
      <name>Jeff Burt</name>
      <uri>https://search.theregister.com/?author=Jeff%20Burt</uri>
    </author>
    <link rel="alternate" type="text/html" href="https://go.theregister.com/feed/www.theregister.com/2022/11/03/mfa_fatigue_enterprise_threat/"/>
    <title type="html">Multi-factor auth fatigue is real – and it's why you may be in the headlines next</title>
    <summary type="html" xml:base="https://www.theregister.com/">&lt;h4&gt;Overwhelmed by waves of push notifications, worn-down users inadvertently let the bad guys in&lt;/h4&gt; &lt;p&gt;&lt;strong&gt;Analysis&lt;/strong&gt;  The September cyberattack on ride-hailing service Uber began when a criminal bought the stolen credentials of a company contractor on the dark web.…&lt;/p&gt;</summary>
  </entry>
  <entry>
    <id>tag:theregister.com,2005:story224528</id>
    <updated>2022-11-03T19:46:07Z</updated>
    <author>
      <name>Brandon Vigliarolo</name>
      <uri>https://search.theregister.com/?author=Brandon%20Vigliarolo</uri>
    </author>
    <link rel="alternate" type="text/html" href="https://go.theregister.com/feed/www.theregister.com/2022/11/03/lyft_stripe_twitter_layoffs/"/>
    <title type="html">Latest layoffs: Lyft, Stripe more than decimate staff</title>
    <summary type="html" xml:base="https://www.theregister.com/">&lt;h4&gt;While Elon may just dump half of Twitter and scrap work-from-home&lt;/h4&gt; &lt;p&gt;Citing the likelihood of recession and increases in rideshare insurance costs, Lyft is laying off 13 percent of its workforce, with no team left unaffected.…&lt;/p&gt;</summary>
  </entry>
  <entry>
    <id>tag:theregister.com,2005:story224527</id>
    <updated>2022-11-03T19:15:13Z</updated>
    <author>
      <name>Liam Proven</name>
      <uri>https://search.theregister.com/?author=Liam%20Proven</uri>
    </author>
    <link rel="alternate" type="text/html" href="https://go.theregister.com/feed/www.theregister.com/2022/11/03/nitrux_25/"/>
    <title type="html">Nitrux 2.5: The latest update to a radical Linux</title>
    <summary type="html" xml:base="https://www.theregister.com/">&lt;h4&gt;Also one of the first distros we've seen with Kernel 6.0&lt;/h4&gt; &lt;p&gt;Nitrux OS is one of the most stylish and innovative distros we've seen so far: systemd-free, based on AppImages, and with a very unusual desktop.…&lt;/p&gt; &lt;p&gt;&lt;!--#include virtual='/data_centre/_whitepaper_textlinks_top.html' --&gt;&lt;/p&gt;</summary>
  </entry>
  <entry>
    <id>tag:theregister.com,2005:story224526</id>
    <updated>2022-11-03T18:45:10Z</updated>
    <author>
      <name>Tobias Mann</name>
      <uri>https://search.theregister.com/?author=Tobias%20Mann</uri>
    </author>
    <link rel="alternate" type="text/html" href="https://go.theregister.com/feed/www.theregister.com/2022/11/03/aws_freeze_hiring/"/>
    <title type="html">Amazon freezes corporate hiring amid worsening economic outlook</title>
    <summary type="html" xml:base="https://www.theregister.com/">&lt;h4&gt;The decision comes as the e-commerce giant stuggles with soaring energy prices and cash-strapped customers&lt;/h4&gt; &lt;p&gt;Amazon is freezing hiring of new corporate positions across the company for the rest of 2022 amid worsening economic conditions.…&lt;/p&gt;</summary>
  </entry>
  <entry>
    <id>tag:theregister.com,2005:story224525</id>
    <updated>2022-11-03T18:00:08Z</updated>
    <author>
      <name>Paul Kunert</name>
      <uri>https://search.theregister.com/?author=Paul%20Kunert</uri>
    </author>
    <link rel="alternate" type="text/html" href="https://go.theregister.com/feed/www.theregister.com/2022/11/03/kyndryl_q2_fiscal_2023/"/>
    <title type="html">Kyndryl loses $281m in the quarter as modernization agenda continues</title>
    <summary type="html" xml:base="https://www.theregister.com/">&lt;h4&gt;How to turn a classic infrastructure biz into something fit for the cloud era&lt;/h4&gt; &lt;p&gt;Shapeshifting infrastructure services biz Kyndryl can't plug its revenue leak but cutting costs did cut losses in half.…&lt;/p&gt;</summary>
  </entry>
  <entry>
    <id>tag:theregister.com,2005:story224520</id>
    <updated>2022-11-03T17:30:13Z</updated>
    <author>
      <name>Brandon Vigliarolo</name>
      <uri>https://search.theregister.com/?author=Brandon%20Vigliarolo</uri>
    </author>
    <link rel="alternate" type="text/html" href="https://go.theregister.com/feed/www.theregister.com/2022/11/03/tumblr_says_nudes_are_back/"/>
    <title type="html">Tumblr says nudes are back on the menu – within reason</title>
    <summary type="html" xml:base="https://www.theregister.com/">&lt;h4&gt;But old 'go nuts, show nuts' attitude is dead for good&lt;/h4&gt; &lt;p&gt;Tumblr has reversed course on its 2018 nudity ban, welcoming some – but not all – adult content creators back to the platform after a four-year hiatus.…&lt;/p&gt;</summary>
  </entry>
  <entry>
    <id>tag:theregister.com,2005:story224523</id>
    <updated>2022-11-03T16:45:13Z</updated>
    <author>
      <name>Brandon Vigliarolo</name>
      <uri>https://search.theregister.com/?author=Brandon%20Vigliarolo</uri>
    </author>
    <link rel="alternate" type="text/html" href="https://go.theregister.com/feed/www.theregister.com/2022/11/03/ransomware_summit_cryptocurrency/"/>
    <title type="html">International summit agrees crack down on crypto to combat ransomware</title>
    <summary type="html" xml:base="https://www.theregister.com/">&lt;h4&gt;Commitments include international wallet info sharing, KYC requirements, and an AML crackdown&lt;/h4&gt; &lt;p&gt;The White House's second International Counter Ransomware Initiative summit has concluded, and this year the 36-nation group has made clear it intends to crack down on how cryptocurrencies are used to finance ransomware operations.…&lt;/p&gt;</summary>
  </entry>
  <entry>
    <id>tag:theregister.com,2005:story224521</id>
    <updated>2022-11-03T15:50:10Z</updated>
    <author>
      <name>Dan Robinson</name>
      <uri>https://search.theregister.com/?author=Dan%20Robinson</uri>
    </author>
    <link rel="alternate" type="text/html" href="https://go.theregister.com/feed/www.theregister.com/2022/11/03/fcc_afc_providers_wifi/"/>
    <title type="html">FCC taps 13 providers to manage 6GHz band access for new Wi-Fi standards</title>
    <summary type="html" xml:base="https://www.theregister.com/">&lt;h4&gt;Public will be able to test each system as part of development process&lt;/h4&gt; &lt;p&gt;The US Federal Communications Commission (FCC) has conditionally approved 13 proposed automated frequency coordination (AFC) systems to manage spectrum access for unlicensed devices in the 6GHz band.…&lt;/p&gt; &lt;p&gt;&lt;!--#include virtual='/data_centre/_whitepaper_textlinks_top.html' --&gt;&lt;/p&gt;</summary>
  </entry>
  <entry>
    <id>tag:theregister.com,2005:story224519</id>
    <updated>2022-11-03T15:15:06Z</updated>
    <author>
      <name>Lindsay Clark</name>
      <uri>https://search.theregister.com/?author=Lindsay%20Clark</uri>
    </author>
    <link rel="alternate" type="text/html" href="https://go.theregister.com/feed/www.theregister.com/2022/11/03/redis_resp_app/"/>
    <title type="html">Redis swallows RESP.app biz that made its d

DEBUG counter: 19

B: 1536, HF:1
Builded XML size before: 28416
Builded XML size after: 28416

==Response L:1536
atabase easier on developers</title>
    <summary type="html" xml:base="https://www.theregister.com/">&lt;h4&gt;Acquisition of Ukrainian startup to help broaden appeal beyond popular cache&lt;/h4&gt; &lt;p&gt;Database provider Redis has acquired RESP.app, a popular developer tool used to ease developer experience on the popular key-value database.…&lt;/p&gt;</summary>
  </entry>
  <entry>
    <id>tag:theregister.com,2005:story224517</id>
    <updated>2022-11-03T13:35:04Z</updated>
    <author>
      <name>Dan Robinson</name>
      <uri>https://search.theregister.com/?author=Dan%20Robinson</uri>
    </author>
    <link rel="alternate" type="text/html" href="https://go.theregister.com/feed/www.theregister.com/2022/11/03/lenovo_q2_2023/"/>
    <title type="html">Lenovo revenues drop due to falling demand for PCs</title>
    <summary type="html" xml:base="https://www.theregister.com/">&lt;h4&gt;But overall profits are up thanks to cost cutting and success in other divisions&lt;/h4&gt; &lt;p&gt;Lenovo revenues declined for the first time in 10 quarters due to a steep fall in demand for PCs and tablets. Still, profits rose due to cost-cutting measures and growth in other areas such as its services division.…&lt;/p&gt;</summary>
  </entry>
  <entry>
    <id>tag:theregister.com,2005:story224516</id>
    <updated>2022-11-03T12:42:40Z</updated>
    <author>
      <name>Paul Kunert</name>
      <uri>https://search.theregister.com/?author=Paul%20Kunert</uri>
    </author>
    <link rel="alternate" type="text/html" href
==

==XML builded
7dc0
<?xml version="1.0" encoding="UTF-8"?>
<feed xmlns="http://www.w3.org/2005/Atom" xml:lang="en">
  <id>tag:theregister.com,2005:feed/theregister.com/</id>
  <title>The Register</title>
  <link rel="self" type="application/atom+xml" href="https://www.theregister.com/headlines.atom"/>
  <link rel="alternate" type="text/html" href="https://www.theregister.com/"/>
  <rights>Copyright © 2022, Situation Publishing</rights>
  <author>
    <name>Team Register</name>
    <email>webmaster@theregister.co.uk</email>
    <uri>https://www.theregister.com/odds/about/contact/</uri>
  </author>
  <icon>https://www.theregister.com/Design/graphics/icons/favicon.png</icon>
  <subtitle>Biting the hand that feeds IT — Enterprise Technology News and Analysis</subtitle>
  <logo>https://www.theregister.com/Design/graphics/Reg_default/The_Register_r.png</logo>
  <updated>2022-11-04T19:15:11Z</updated>
  <entry>
    <id>tag,:theregister.com,2005:story224552</id>
    <updated>2022-11-04T19:15:11Z</updated>
    <author>
      <name>Brandon Vigliarolo</name>
      <uri>https://search.theregister.com/?author=Brandon%20Vigliarolo</uri>
    </author>
    <link rel="alternate" type="text/html" href="https://go.theregister.com/feed/www.theregister.com/2022/11/04/twitter_warn_act_lawsuit/"/>
    <title type="html">Twitter employees sue over lack of 60-day layoff notice</title>
    <summary type="html" xml:base="https://www.theregister.com/">&lt;h4&gt;Musk-owned companies have now faced 3 WARN Act lawsuits alleging the same thing&lt;/h4&gt; &lt;p&gt;The great Twitter cull of '22 is expected to begin today, but a group of tweeps have preempted the event by filing a class action lawsuit against Twitter for violating the WARN Act.…&lt;/p&gt;</summary>
  </entry>
  <entry>
    <id>tag:theregister.com,2005:story224550</id>
    <updated>2022-11-04T18:30:08Z</updated>
    <author>
      <name>Jeff Burt</name>
      <uri>https://search.theregister.com/?author=Jeff%20Burt</uri>
    </author>
    <link rel="alternate" type="text/html" href="https://go.theregister.com/feed/www.theregister.com/2022/11/04/crimson_kingsnake_bec_scam/"/>
    <title type="html">Double-check demand payment emails from law firms: Convincing fakes surface</title>
    <summary type="html" xml:base="https://www.theregister.com/">&lt;h4&gt;Crimson Kingsnake impersonates legit attorneys, fakes email threads from your colleagues in far-reaching BEC campaign&lt;/h4&gt; &lt;p&gt;A new threat group called Crimson Kingsnake is impersonating real law companies and debt recovery services to intimidate businessess into paying bogus overdue invoices.…&lt;/p&gt; &lt;p&gt;&lt;!--#include virtual='/data_centre/_whitepaper_textlinks_top.html' --&gt;&lt;/p&gt;</summary>
  </entry>
  <entry>
    <id>tag:theregister.com,2005:story224547</id>
    <updated>2022-11-04T17:30:08Z</updated>
    <author>
      <name>Liam Proven</name>
      <uri>https://search.theregister.com/?author=Liam%20Proven</uri>
    </author>
    <link rel="alternate" type="text/html" href="https://go.theregister.com/feed/www.theregister.com/2022/11/04/mozilla_ventures/"/>
    <title type="html">Mozilla Foundation launches ethical venture capital fund</title>
    <summary type="html" xml:base="https://www.theregister.com/">&lt;h4&gt;An unexpected move, but we suspect that Carl Sagan might have approved&lt;/h4&gt; &lt;p&gt;Mozilla has announced the successor to the Mozilla Builders incubator: Mozilla Ventures.…&lt;/p&gt;</summary>
  </entry>
  <entry>
    <id>tag:theregister.com,2005:story224549</id>
    <updated>2022-11-04T16:15:25Z</updated>
    <author>
      <name>Brandon Vigliarolo</name>
      <uri>https://search.theregister.com/?author=Brandon%20Vigliarolo</uri>
    </author>
    <link rel="alternate" type="text/html" href="https://go.theregister.com/feed/www.theregister.com/2022/11/04/starliner_launch_delay/"/>
    <title type="html">Boeing's Starliner launch pushed back again... to April 2023</title>
    <summary type="html" xml:base="https://www.theregister.com/">&lt;h4&gt;The official word is 'scheduling conflicts,' but NASA's safety panel has expressed concerns too&lt;/h4&gt; &lt;p&gt;The first crewed launch of Boeing's Starliner has been delayed again, this time being pushed back to April 2023 from an earlier planned launch date of February.…&lt;/p&gt;</summary>
  </entry>
  <entry>
    <id>tag:theregister.com,2005:story224545</id>
    <updated>2022-11-04T15:15:12Z</updated>
    <author>
      <name>Lindsay Clark</name>
      <uri>https://search.theregister.com/?author=Lindsay%20Clark</uri>
    </author>
    <link rel="alternate" type="text/html" href="https://go.theregister.com/feed/www.theregister.com/2022/11/04/uk_governement_set_to_extract/"/>
    <title type="html">UK government set to extract hospital data to Palantir system without patient consent</title>
    <summary type="html" xml:base="https://www.theregister.com/">&lt;h4&gt;'You'll be hearing from us,' say privacy campaigners who previously forced the government to back down&lt;/h4&gt; &lt;p&gt;The UK government is set to extract patient-identifiable data from NHS hospital systems and share this with its data platform based on technology from Palantir, a move that seems set to provoke another legal challenge.…&lt;/p&gt;</summary>
  </entry>
  <entry>
    <id>tag:theregister.com,2005:story224548</id>
    <updated>2022-11-04T14:15:35Z</updated>
    <author>
      <name>Dan Robinson</name>
      <uri>https://search.theregister.com/?author=Dan%20Robinson</uri>
    </author>
    <link rel="alternate" type="text/html" href="https://go.theregister.com/feed/www.theregister.com/2022/11/04/us_chip_industry_china_ban/"/>
    <title type="html">US chip industry worried it may lose out to rivals over China ban</title>
    <summary type="html" xml:base="https://www.theregister.com/">&lt;h4&gt;Just hang on while we convince the rest of the world, Commerce Sec tells makers&lt;/h4&gt; &lt;p&gt;US companies that build chipmaking equipment have been told to tough it out as they face a ban on selling to customers in China, while their rivals elsewhere in the world currently have no such restrictions.…&lt;/p&gt; &lt;p&gt;&lt;!--#include virtual='/data_centre/_whitepaper_textlinks_top.html' --&gt;&lt;/p&gt;</summary>
  </entry>
  <entry>
    <id>tag:theregister.com,2005:story224541</id>
    <updated>2022-11-04T13:30:42Z</updated>
    <author>
      <name>Jude Karabus</name>
      <uri>https://search.theregister.com/?author=Jude%20Karabus</uri>
    </author>
    <link rel="alternate" type="text/html" href="https://go.theregister.com/feed/www.theregister.com/2022/11/04/google_nlrb_complaint/"/>
    <title type="html">Google cut contractors off from online 'Share My Salary' spreadsheet, union claims</title>
    <summary type="html" xml:base="https://www.theregister.com/">&lt;h4&gt;Alphabet Workers Union says it's an illegal block of workers' right to discuss pay&lt;/h4&gt; &lt;p&gt;The Alphabet Workers Union (AWU) claims the company blocked access to a shared spreadsheet in which it reckons "hundreds" of subcontracted workers had shared their salary details and "up to 50,000" of those staffers are now prevented from looking them up.…&lt;/p&gt;</summary>
  </entry>
  <entry>
    <id>tag:theregister.com,2005:story224543</id>
    <updated>2022-11-04T12:50:15Z</updated>
    <author>
      <name>Dan Robinson</name>
      <uri>https://search.theregister.com/?author=Dan%20Robinson</uri>
    </author>
    <link rel="alternate" type="text/html" href="https://go.theregister.com/feed/www.theregister.com/2022/11/04/dell_australia_consumer_court/"/>
    <title type="html">Dell hit with Oz court case for misleading prices on monitors</title>
    <summary type="html" xml:base="https://www.theregister.com/">&lt;h4&gt;Watchdog claims add-ons to computer purchases appeared to be discounted but did not reflect the standalone RRP&lt;/h4&gt; &lt;p&gt;Dell's Australian business is in trouble with the country's consumer watchdog for allegedly misleading buyers about the price of displays purchased as an add-on with its computers.…&lt;/p&gt;</summary>
  </entry>
  <entry>
    <id>tag:theregister.com,2005:story224544</id>
    <updated>2022-11-04T12:20:09Z</updated>
    <author>
      <name>Paul Kunert</name>
      <uri>https://search.theregister.com/?author=Paul%20Kunert</uri>
    </author>
    <link rel="alternate" type="text/html" href="https://go.theregister.com/feed/www.theregister.com/2022/11/04/bt_pay_talks_reopened_says_cwu/"/>
    <title type="html">BT re-enters pay talks to prevent further strikes, says union</title>
    <summary type="html" xml:base="https://www.theregister.com/">&lt;h4&gt;What forced the change in attitude? The impact on 40,000 broadband connections possibly&lt;/h4&gt; &lt;p&gt;The Communication Workers Unions (CWU) claims BT Group has agreed to re-enter negotiations to find a solution to the protracted pay dispute that has caused thousands of engineers and call center operators to strike.…&lt;/p&gt;</summary>
  </entry>
  <entry>
    <id>tag:theregister.com,2005:story224542</id>
    <updated>2022-11-04T11:03:13Z</updated>
    <author>
      <name>Richard Currie</name>
      <uri>https://search.theregister.com/?author=Richard%20Currie</uri>
    </author>
    <link rel="alternate" type="text/html" href="https://go.theregister.com/feed/www.theregister.com/2022/11/04/nft_vending_machine/"/>
    <title type="html">NFT vending machine appears in London</title>
    <summary type="html" xml:base="https://www.theregister.com/">&lt;h4&gt;Don't everyone rush at once&lt;/h4&gt; &lt;p&gt;NFTs are dead. And stupid. Don't just take our word for it – Bill Gates, widely considered a pretty smart guy, described them as "100 percent based on greater fool theory" and analyst Forrester recently said "most consumers aren't interested in NFT stunts."…&lt;/p&gt; &lt;p&gt;&lt;!--#include virtual='/data_centre/_whitepaper_textlinks_top.html' --&gt;&lt;/p&gt;</summary>
  </entry>
  <entry>
    <id>tag:theregister.com,2005:story224531</id>
    <updated>2022-11-04T09:34:13Z</updated>
    <author>
      <name>Jeff Burt</name>
      <uri>https://search.theregister.com/?author=Jeff%20Burt</uri>
    </author>
    <link rel="alternate" type="text/html" href="https://go.theregister.com/feed/www.theregister.com/2022/11/04/microsoft_ukraine_tech_support/"/>
    <title type="html">Microsoft gives away '$400m in cloud support' to Ukraine</title>
    <summary type="html" xml:base="https://www.theregister.com/">&lt;h4&gt;Freedom isn't free&lt;/h4&gt; &lt;p&gt;The Ukraine government will continue to be able to run its digital infrastructure through the Microsoft Cloud for free in 2023, the tech giant confirmed today.…&lt;/p&gt;</summary>
  </entry>
  <entry>
    <id>tag:theregister.com,2005:story224518</id>
    <updated>2022-11-04T08:30:14Z</updated>
    <author>
      <name>Richard Currie</name>
      <uri>https://search.theregister.com/?author=Richard%20Currie</uri>
    </author>
    <link rel="alternate" type="text/html" href="https://go.theregister.com/feed/www.theregister.com/2022/11/04/norths_align_britain/"/>
    <title type="html">All of the norths are about to align over Britain</title>
    <summary type="html" xml:base="https://www.theregister.com/">&lt;h4&gt;Magnetic north is on a walkabout, and your OCD will benefit&lt;/h4&gt; &lt;p&gt;UK map lords at the Ordnance Survey have some big news for people with obsessive compulsive personality disorder or otherwise like everything to be neatly lined up.…&lt;/p&gt;</summary>
  </entry>
  <entry>
    <id>tag:theregister.com,2005:story224538</id>
    <updated>2022-11-04T07:32:08Z</updated>
    <author>
      <name>Simon Sharwood</name>
      <uri>https://search.theregister.com/?author=Simon%20Sharwood</uri>
    </author>
    <link rel="alternate" type="text/html" href="https://go.theregister.com/feed/www.theregister.com/2022/11/04/on_call/"/>
    <title type="html">Hot, sweaty builders hosed a server – literally – leaving support with an all-night RAID repair job</title>
    <summary type="html" xml:base="https://www.theregister.com/">&lt;h4&gt;Extension cords are good for power. Extension tubes? Not so good for air&lt;/h4&gt; &lt;p&gt;&lt;strong&gt;On Call&lt;/strong&gt;  As two precious days of free time loom, &lt;i&gt;The Register&lt;/i&gt; offers a two-minute taste of the energy-draining drama that makes weekends so important in another instalment of On-Call, our weekly reader-contributed tale of the messes IT people are asked to address.…&lt;/p&gt;</summary>
  </entry>
  <entry>
    <id>tag:theregister.com,2005:story224540</id>
    <updated>2022-11-04T06:58:13Z</updated>
    <author>
      <name>Simon Sharwood</name>
      <uri>https://search.theregister.com/?author=Simon%20Sharwood</uri>
    </author>
    <link rel="alternate" type="text/html" href="https://go.theregister.com/feed/www.theregister.com/2022/11/04/atlassian_q1_23/"/>
    <title type="html">You fire 'em, we'll hire 'em: Atlassian sees tech layoffs as HR heaven</title>
    <summary type="html" xml:base="https://www.theregister.com/">&lt;h4&gt;But investors aren't impressed by losses and unpleasant outlook&lt;/h4&gt; &lt;p&gt;Atlassian sees the current round of layoffs and hiring freezes across the tech industry as an opportunity on which it hopes to capitalise – even as its own share price slumps.…&lt;/p&gt;</summary>
  </entry>
  <entry>
    <id>tag:theregister.com,2005:story224529</id>
    <updated>2022-11-04T06:22:06Z</updated>
    <author>
      <name>Jessica Lyons Hardcastle</name>
      <uri>https://search.theregister.com/?author=Jessica%20Lyons%20Hardcastle</uri>
    </author>
    <link rel="alternate" type="text/html" href="https://go.theregister.com/feed/www.theregister.com/2022/11/04/french_opera1er_group_ib/"/>
    <title type="html">French-speaking voleurs stole $30m in 15-country bank, telecoms cyber-heist spree</title>
    <summary type="html" xml:base="https://www.theregister.com/">&lt;h4&gt;Smooth 'OPERA1ER' hit orgs around the world over four or more years&lt;/h4&gt; &lt;p&gt;A French-speaking criminal group codenamed OPERA1ER has pulled off more than 30 cyber-heists against telecom organizations and banks across Africa, Asia, and Latin America, stealing upwards of $30 million over four years, according to security researchers.…&lt;/p&gt; &lt;p&gt;&lt;!--#include virtual='/data_centre/_whitepaper_textlinks_top.html' --&gt;&lt;/p&gt;</summary>
  </entry>
  <entry>
    <id>tag:theregister.com,2005:story224539</id>
    <updated>2022-11-04T05:59:11Z</updated>
    <author>
      <name>Laura Dobberstein</name>
      <uri>https://search.theregister.com/?author=Laura%20Dobberstein</uri>
    </author>
    <link rel="alternate" type="text/html" href="https://go.theregister.com/feed/www.theregister.com/2022/11/04/xiaomi_concept_phone_with_mounted/"/>
    <title type="html">Xiaomi reveals bonkers phone with bolted-on Leica lens that will make you look like a dork</title>
    <summary type="html" xml:base="https://www.theregister.com/">&lt;h4&gt;A weighty lens, placed off-centre on a lightweight smartphone – what could possibly go wrong?&lt;/h4&gt; &lt;p&gt;Chinese smartphone darling has shown off a phone with a full camera lens bolted to its back – which looks very dorky, but thankfully is only a concept device.…&lt;/p&gt;</summary>
  </entry>
  <entry>
    <id>tag:theregister.com,2005:story224537</id>
    <updated>2022-11-04T04:58:05Z</updated>
    <author>
      <name>Simon Sharwood</name>
      <uri>https://search.theregister.com/?author=Simon%20Sharwood</uri>
    </author>
    <link rel="alternate" type="text/html" href="https://go.theregister.com/feed/www.theregister.com/2022/11/04/lenovo_isg_profitable_four_quarters/"/>
    <title type="html">After years of losses, Lenovo's infrastructure group posts 12 months of profits</title>
    <summary type="html" xml:base="https://www.theregister.com/">&lt;h4&gt;Execs say enterprise hardware biz is flying – don't mention the sub-one-percent profit&lt;/h4&gt; &lt;p&gt;In February 2022 Lenovo &lt;a target="_blank" href="https://www.theregister.com/2022/02/23/lenovo_q3_2022/"&gt;shared&lt;/a&gt; a slightly special number: $17 million. That's the first profit made by its Infrastructure Solutions Group (ISG) since its predecessor was formed by the &lt;a target="_blank" href="https://www.theregister.com/2014/09/29/lenovo_ibm_server_deal_to_close_october/"&gt;2014 acquisition of IBM's x86 server business&lt;/a&gt;.…&lt;/p&gt;</summary>
  </entry>
  <entry>
    <id>tag:theregister.com,2005:story224536</id>
    <updated>2022-11-04T03:44:59Z</updated>
    <author>
      <name>Simon Sharwood</name>
      <uri>https://search.theregister.com/?author=Simon%20Sharwood</uri>
    </author>
    <link rel="alternate" type="text/html" href="https://go.theregister.com/feed/www.theregister.com/2022/11/04/twitter_layoffs_email/"/>
    <title type="html">Elon Musk reportedly outlines horrible Twitter layoff process</title>
    <summary type="html" xml:base="https://www.theregister.com/">&lt;h4&gt;Email to your personal account is bad news, email to your work account means you still work at Twitter&lt;/h4&gt; &lt;p&gt;Twitter owner, sole director and – according to his Twitter profile, now also "Twitter Complaint Hotline Operator" – has reportedly informed company staff that layoffs begin tomorrow.…&lt;/p&gt;</summary>
  </entry>
  <entry>
    <id>tag:theregister.com,2005:story224535</id>
    <updated>2022-11-04T02:59:06Z</updated>
    <author>
      <name>Simon Sharwood</name>
      <uri>https://search.theregister.com/?author=Simon%20Sharwood</uri>
    </author>
    <link rel="alternate" type="text/html" href="https://go.theregister.com/feed/www.theregister.com/2022/11/04/alibaba_cloud_20_percent_arm/"/>
    <title type="html">Alibaba Cloud plans for a fifth of its servers to use homebrew Arm CPUs by 2025</title>
    <summary type="html" xml:base="https://www.theregister.com/">&lt;h4&gt;Sanctions? What sanctions? Just look at the low, low, power consumption figures&lt;/h4&gt; &lt;p&gt;Alibaba Cloud has revealed that it plans to power 20 percent of its operations with its own homebrew CPUs by 2025.…&lt;/p&gt;</summary>
  </entry>
  <entry>
    <id>tag:theregister.com,2005:story224522</id>
    <updated>2022-11-04T01:01:13Z</updated>
    <author>
      <name>Laura Dobberstein</name>
      <uri>https://search.theregister.com/?author=Laura%20Dobberstein</uri>
    </author>
    <link rel="alternate" type="text/html" href="https://go.theregister.com/feed/www.theregister.com/2022/11/04/mas_stablecoin_cbdc/"/>
    <title type="html">Singapore's fintech boss says stablecoins might win before CBDCs even get started</title>
    <summary type="html" xml:base="https://www.theregister.com/">&lt;h4&gt;Monetary authority presses ahead with Ubin+ cross-border CBDC trial anyway&lt;/h4&gt; &lt;p&gt;While central bank digital currencies (CBDCs) are often advanced as a way to improve the world's creaking cross-border payments infrastructure, some financial experts believe the government-issued tokens may be usurped by stablecoins and other products.…&lt;/p&gt; &lt;p&gt;&lt;!--#include virtual='/data_centre/_whitepaper_textlinks_top.html' --&gt;&lt;/p&gt;</summary>
  </entry>
  <entry>
    <id>tag:theregister.com,2005:story224530</id>
    <updated>2022-11-03T23:58:12Z</updated>
    <author>
      <name>Katyanna Quach</name>
      <uri>https://search.theregister.com/?author=Katyanna%20Quach</uri>
    </author>
    <link rel="alternate" type="text/html" href="https://go.theregister.com/feed/www.theregister.com/2022/11/03/nasa_artemis_launch/"/>
    <title type="html">NASA wheels SLS rocket out to the launchpad for another attempt to get off the ground</title>
    <summary type="html" xml:base="https://www.theregister.com/">&lt;h4&gt;After two previous failures, will third time be the charm?&lt;/h4&gt; &lt;p&gt;NASA will roll its Space Launch System back out to the launchpad at the Kennedy Space Center on Friday to prepare for a third attempt to put its most powerful rocket yet into the sky on November 14.…&lt;/p&gt;</summary>
  </entry>
  <entry>
    <id>tag:theregister.com,2005:story224533</id>
    <updated>2022-11-03T21:55:56Z</updated>
    <author>
      <name>Dylan Martin</name>
      <uri>https://search.theregister.com/?author=Dylan%20Martin</uri>
    </author>
    <link rel="alternate" type="text/html" href="https://go.theregister.com/feed/www.theregister.com/2022/11/03/amd_radeon_rx_7900_launched/"/>
    <title type="html">AMD’s latest, greatest Radeon graphics card $600 cheaper than Nvidia’s top RTX 4090</title>
    <summary type="html" xml:base="https://www.theregister.com/">&lt;h4&gt;Chiplet-based RNDA 3 GPU fans have been waiting for&lt;/h4&gt; &lt;p&gt;AMD has come out swinging at Nvidia with new flagship Radeon graphics cards that are cheaper than its rival's fresh GeForce RTX products.…&lt;/p&gt;</summary>
  </entry>
  <entry>
    <id>tag:theregister.com,2005:story224524</id>
    <updated>2022-11-03T20:45:15Z</updated>
    <author>
      <name>Jeff Burt</name>
      <uri>https://search.theregister.com/?author=Jeff%20Burt</uri>
    </author>
    <link rel="alternate" type="text/html" href="https://go.theregister.com/feed/www.theregister.com/2022/11/03/mfa_fatigue_enterprise_threat/"/>
    <title type="html">Multi-factor auth fatigue is real – and it's why you may be in the headlines next</title>
    <summary type="html" xml:base="https://www.theregister.com/">&lt;h4&gt;Overwhelmed by waves of push notifications, worn-down users inadvertently let the bad guys in&lt;/h4&gt; &lt;p&gt;&lt;strong&gt;Analysis&lt;/strong&gt;  The September cyberattack on ride-hailing service Uber began when a criminal bought the stolen credentials of a company contractor on the dark web.…&lt;/p&gt;</summary>
  </entry>
  <entry>
    <id>tag:theregister.com,2005:story224528</id>
    <updated>2022-11-03T19:46:07Z</updated>
    <author>
      <name>Brandon Vigliarolo</name>
      <uri>https://search.theregister.com/?author=Brandon%20Vigliarolo</uri>
    </author>
    <link rel="alternate" type="text/html" href="https://go.theregister.com/feed/www.theregister.com/2022/11/03/lyft_stripe_twitter_layoffs/"/>
    <title type="html">Latest layoffs: Lyft, Stripe more than decimate staff</title>
    <summary type="html" xml:base="https://www.theregister.com/">&lt;h4&gt;While Elon may just dump half of Twitter and scrap work-from-home&lt;/h4&gt; &lt;p&gt;Citing the likelihood of recession and increases in rideshare insurance costs, Lyft is laying off 13 percent of its workforce, with no team left unaffected.…&lt;/p&gt;</summary>
  </entry>
  <entry>
    <id>tag:theregister.com,2005:story224527</id>
    <updated>2022-11-03T19:15:13Z</updated>
    <author>
      <name>Liam Proven</name>
      <uri>https://search.theregister.com/?author=Liam%20Proven</uri>
    </author>
    <link rel="alternate" type="text/html" href="https://go.theregister.com/feed/www.theregister.com/2022/11/03/nitrux_25/"/>
    <title type="html">Nitrux 2.5: The latest update to a radical Linux</title>
    <summary type="html" xml:base="https://www.theregister.com/">&lt;h4&gt;Also one of the first distros we've seen with Kernel 6.0&lt;/h4&gt; &lt;p&gt;Nitrux OS is one of the most stylish and innovative distros we've seen so far: systemd-free, based on AppImages, and with a very unusual desktop.…&lt;/p&gt; &lt;p&gt;&lt;!--#include virtual='/data_centre/_whitepaper_textlinks_top.html' --&gt;&lt;/p&gt;</summary>
  </entry>
  <entry>
    <id>tag:theregister.com,2005:story224526</id>
    <updated>2022-11-03T18:45:10Z</updated>
    <author>
      <name>Tobias Mann</name>
      <uri>https://search.theregister.com/?author=Tobias%20Mann</uri>
    </author>
    <link rel="alternate" type="text/html" href="https://go.theregister.com/feed/www.theregister.com/2022/11/03/aws_freeze_hiring/"/>
    <title type="html">Amazon freezes corporate hiring amid worsening economic outlook</title>
    <summary type="html" xml:base="https://www.theregister.com/">&lt;h4&gt;The decision comes as the e-commerce giant stuggles with soaring energy prices and cash-strapped customers&lt;/h4&gt; &lt;p&gt;Amazon is freezing hiring of new corporate positions across the company for the rest of 2022 amid worsening economic conditions.…&lt;/p&gt;</summary>
  </entry>
  <entry>
    <id>tag:theregister.com,2005:story224525</id>
    <updated>2022-11-03T18:00:08Z</updated>
    <author>
      <name>Paul Kunert</name>
      <uri>https://search.theregister.com/?author=Paul%20Kunert</uri>
    </author>
    <link rel="alternate" type="text/html" href="https://go.theregister.com/feed/www.theregister.com/2022/11/03/kyndryl_q2_fiscal_2023/"/>
    <title type="html">Kyndryl loses $281m in the quarter as modernization agenda continues</title>
    <summary type="html" xml:base="https://www.theregister.com/">&lt;h4&gt;How to turn a classic infrastructure biz into something fit for the cloud era&lt;/h4&gt; &lt;p&gt;Shapeshifting infrastructure services biz Kyndryl can't plug its revenue leak but cutting costs did cut losses in half.…&lt;/p&gt;</summary>
  </entry>
  <entry>
    <id>tag:theregister.com,2005:story224520</id>
    <updated>2022-11-03T17:30:13Z</updated>
    <author>
      <name>Brandon Vigliarolo</name>
      <uri>https://search.theregister.com/?author=Brandon%20Vigliarolo</uri>
    </author>
    <link rel="alternate" type="text/html" href="https://go.theregister.com/feed/www.theregister.com/2022/11/03/tumblr_says_nudes_are_back/"/>
    <title type="html">Tumblr says nudes are back on the menu – within reason</title>
    <summary type="html" xml:base="https://www.theregister.com/">&lt;h4&gt;But old 'go nuts, show nuts' attitude is dead for good&lt;/h4&gt; &lt;p&gt;Tumblr has reversed course on its 2018 nudity ban, welcoming some – but not all – adult content creators back to the platform after a four-year hiatus.…&lt;/p&gt;</summary>
  </entry>
  <entry>
    <id>tag:theregister.com,2005:story224523</id>
    <updated>2022-11-03T16:45:13Z</updated>
    <author>
      <name>Brandon Vigliarolo</name>
      <uri>https://search.theregister.com/?author=Brandon%20Vigliarolo</uri>
    </author>
    <link rel="alternate" type="text/html" href="https://go.theregister.com/feed/www.theregister.com/2022/11/03/ransomware_summit_cryptocurrency/"/>
    <title type="html">International summit agrees crack down on crypto to combat ransomware</title>
    <summary type="html" xml:base="https://www.theregister.com/">&lt;h4&gt;Commitments include international wallet info sharing, KYC requirements, and an AML crackdown&lt;/h4&gt; &lt;p&gt;The White House's second International Counter Ransomware Initiative summit has concluded, and this year the 36-nation group has made clear it intends to crack down on how cryptocurrencies are used to finance ransomware operations.…&lt;/p&gt;</summary>
  </entry>
  <entry>
    <id>tag:theregister.com,2005:story224521</id>
    <updated>2022-11-03T15:50:10Z</updated>
    <author>
      <name>Dan Robinson</name>
      <uri>https://search.theregister.com/?author=Dan%20Robinson</uri>
    </author>
    <link rel="alternate" type="text/html" href="https://go.theregister.com/feed/www.theregister.com/2022/11/03/fcc_afc_providers_wifi/"/>
    <title type="html">FCC taps 13 providers to manage 6GHz band access for new Wi-Fi standards</title>
    <summary type="html" xml:base="https://www.theregister.com/">&lt;h4&gt;Public will be able to test each system as part of development process&lt;/h4&gt; &lt;p&gt;The US Federal Communications Commission (FCC) has conditionally approved 13 proposed automated frequency coordination (AFC) systems to manage spectrum access for unlicensed devices in the 6GHz band.…&lt;/p&gt; &lt;p&gt;&lt;!--#include virtual='/data_centre/_whitepaper_textlinks_top.html' --&gt;&lt;/p&gt;</summary>
  </entry>
  <entry>
    <id>tag:theregister.com,2005:story224519</id>
    <updated>2022-11-03T15:15:06Z</updated>
    <author>
      <name>Lindsay Clark</name>
      <uri>https://search.theregister.com/?author=Lindsay%20Clark</uri>
    </author>
    <link rel="alternate" type="text/html" href="https://go.theregister.com/feed/www.theregister.com/2022/11/03/redis_resp_app/"/>
    <title type="html">Redis swallows RESP.app biz that made its database easier on developers</title>
    <summary type="html" xml:base="https://www.theregister.com/">&lt;h4&gt;Acquisition of Ukrainian startup to help broaden appeal beyond popular cache&lt;/h4&gt; &lt;p&gt;Database provider Redis has acquired RESP.app, a popular developer tool used to ease developer experience on the popular key-value database.…&lt;/p&gt;</summary>
  </entry>
  <entry>
    <id>tag:theregister.com,2005:story224517</id>
    <updated>2022-11-03T13:35:04Z</updated>
    <author>
      <name>Dan Robinson</name>
      <uri>https://search.theregister.com/?author=Dan%20Robinson</uri>
    </author>
    <link rel="alternate" type="text/html" href="https://go.theregister.com/feed/www.theregister.com/2022/11/03/lenovo_q2_2023/"/>
    <title type="html">Lenovo revenues drop due to falling demand for PCs</title>
    <summary type="html" xml:base="https://www.theregister.com/">&lt;h4&gt;But overall profits are up thanks to cost cutting and success in other divisions&lt;/h4&gt; &lt;p&gt;Lenovo revenues declined for the first time in 10 quarters due to a steep fall in demand for PCs and tablets. Still, profits rose due to cost-cutting measures and growth in other areas such as its services division.…&lt;/p&gt;</summary>
  </entry>
  <entry>
    <id>tag:theregister.com,2005:story224516</id>
    <updated>2022-11-03T12:42:40Z</updated>
    <author>
      <name>Paul Kunert</name>
      <uri>https://search.theregister.com/?author=Paul%20Kunert</uri>
    </author>
    <link rel="alternate" type="text/html" href

DEBUG counter: 20

B: 1536, HF:1
Builded XML size before: 29952
Builded XML size after: 29952

==Response L:1536
="https://go.theregister.com/feed/www.theregister.com/2022/11/03/bt_cost_cutting/"/>
    <title type="html">BT CEO ups cost-cutting plan amid rising inflation and soaring energy costs</title>
    <summary type="html" xml:base="https://www.theregister.com/">&lt;h4&gt;National telecom giant admits strike action is impacting customer broadband connections&lt;/h4&gt; &lt;p&gt;BT Group is looking to wrench out higher savings amid rising inflation in the relentless pursuit of improved profits.…&lt;/p&gt;</summary>
  </entry>
  <entry>
    <id>tag:theregister.com,2005:story224501</id>
    <updated>2022-11-03T11:35:07Z</updated>
    <author>
      <name>Liam Proven</name>
      <uri>https://search.theregister.com/?author=Liam%20Proven</uri>
    </author>
    <link rel="alternate" type="text/html" href="https://go.theregister.com/feed/www.theregister.com/2022/11/03/version_252_systemd/"/>
    <title type="html">Version 252 of systemd, as expected, locks down the Linux boot process</title>
    <summary type="html" xml:base="https://www.theregister.com/">&lt;h4&gt;The init system that everybody loves to hate&lt;/h4&gt; &lt;p&gt;The fall version of systemd is here, with support for increased boot security, including tightened full-disk encryption.…&lt;/p&gt;</summary>
  </entry>
  <entry>
    <id>tag:theregister.com,2005:story224515</id>
    <updated>2022-11-03T10:37:12Z</updated>
    <author>
      <name>Lindsay Clark</name>
      <uri>https://search.theregister.com/?author=Lindsay%20Clark</uri>
    </author>
    <lin
==

==XML builded
7dc0
<?xml version="1.0" encoding="UTF-8"?>
<feed xmlns="http://www.w3.org/2005/Atom" xml:lang="en">
  <id>tag:theregister.com,2005:feed/theregister.com/</id>
  <title>The Register</title>
  <link rel="self" type="application/atom+xml" href="https://www.theregister.com/headlines.atom"/>
  <link rel="alternate" type="text/html" href="https://www.theregister.com/"/>
  <rights>Copyright © 2022, Situation Publishing</rights>
  <author>
    <name>Team Register</name>
    <email>webmaster@theregister.co.uk</email>
    <uri>https://www.theregister.com/odds/about/contact/</uri>
  </author>
  <icon>https://www.theregister.com/Design/graphics/icons/favicon.png</icon>
  <subtitle>Biting the hand that feeds IT — Enterprise Technology News and Analysis</subtitle>
  <logo>https://www.theregister.com/Design/graphics/Reg_default/The_Register_r.png</logo>
  <updated>2022-11-04T19:15:11Z</updated>
  <entry>
    <id>tag,:theregister.com,2005:story224552</id>
    <updated>2022-11-04T19:15:11Z</updated>
    <author>
      <name>Brandon Vigliarolo</name>
      <uri>https://search.theregister.com/?author=Brandon%20Vigliarolo</uri>
    </author>
    <link rel="alternate" type="text/html" href="https://go.theregister.com/feed/www.theregister.com/2022/11/04/twitter_warn_act_lawsuit/"/>
    <title type="html">Twitter employees sue over lack of 60-day layoff notice</title>
    <summary type="html" xml:base="https://www.theregister.com/">&lt;h4&gt;Musk-owned companies have now faced 3 WARN Act lawsuits alleging the same thing&lt;/h4&gt; &lt;p&gt;The great Twitter cull of '22 is expected to begin today, but a group of tweeps have preempted the event by filing a class action lawsuit against Twitter for violating the WARN Act.…&lt;/p&gt;</summary>
  </entry>
  <entry>
    <id>tag:theregister.com,2005:story224550</id>
    <updated>2022-11-04T18:30:08Z</updated>
    <author>
      <name>Jeff Burt</name>
      <uri>https://search.theregister.com/?author=Jeff%20Burt</uri>
    </author>
    <link rel="alternate" type="text/html" href="https://go.theregister.com/feed/www.theregister.com/2022/11/04/crimson_kingsnake_bec_scam/"/>
    <title type="html">Double-check demand payment emails from law firms: Convincing fakes surface</title>
    <summary type="html" xml:base="https://www.theregister.com/">&lt;h4&gt;Crimson Kingsnake impersonates legit attorneys, fakes email threads from your colleagues in far-reaching BEC campaign&lt;/h4&gt; &lt;p&gt;A new threat group called Crimson Kingsnake is impersonating real law companies and debt recovery services to intimidate businessess into paying bogus overdue invoices.…&lt;/p&gt; &lt;p&gt;&lt;!--#include virtual='/data_centre/_whitepaper_textlinks_top.html' --&gt;&lt;/p&gt;</summary>
  </entry>
  <entry>
    <id>tag:theregister.com,2005:story224547</id>
    <updated>2022-11-04T17:30:08Z</updated>
    <author>
      <name>Liam Proven</name>
      <uri>https://search.theregister.com/?author=Liam%20Proven</uri>
    </author>
    <link rel="alternate" type="text/html" href="https://go.theregister.com/feed/www.theregister.com/2022/11/04/mozilla_ventures/"/>
    <title type="html">Mozilla Foundation launches ethical venture capital fund</title>
    <summary type="html" xml:base="https://www.theregister.com/">&lt;h4&gt;An unexpected move, but we suspect that Carl Sagan might have approved&lt;/h4&gt; &lt;p&gt;Mozilla has announced the successor to the Mozilla Builders incubator: Mozilla Ventures.…&lt;/p&gt;</summary>
  </entry>
  <entry>
    <id>tag:theregister.com,2005:story224549</id>
    <updated>2022-11-04T16:15:25Z</updated>
    <author>
      <name>Brandon Vigliarolo</name>
      <uri>https://search.theregister.com/?author=Brandon%20Vigliarolo</uri>
    </author>
    <link rel="alternate" type="text/html" href="https://go.theregister.com/feed/www.theregister.com/2022/11/04/starliner_launch_delay/"/>
    <title type="html">Boeing's Starliner launch pushed back again... to April 2023</title>
    <summary type="html" xml:base="https://www.theregister.com/">&lt;h4&gt;The official word is 'scheduling conflicts,' but NASA's safety panel has expressed concerns too&lt;/h4&gt; &lt;p&gt;The first crewed launch of Boeing's Starliner has been delayed again, this time being pushed back to April 2023 from an earlier planned launch date of February.…&lt;/p&gt;</summary>
  </entry>
  <entry>
    <id>tag:theregister.com,2005:story224545</id>
    <updated>2022-11-04T15:15:12Z</updated>
    <author>
      <name>Lindsay Clark</name>
      <uri>https://search.theregister.com/?author=Lindsay%20Clark</uri>
    </author>
    <link rel="alternate" type="text/html" href="https://go.theregister.com/feed/www.theregister.com/2022/11/04/uk_governement_set_to_extract/"/>
    <title type="html">UK government set to extract hospital data to Palantir system without patient consent</title>
    <summary type="html" xml:base="https://www.theregister.com/">&lt;h4&gt;'You'll be hearing from us,' say privacy campaigners who previously forced the government to back down&lt;/h4&gt; &lt;p&gt;The UK government is set to extract patient-identifiable data from NHS hospital systems and share this with its data platform based on technology from Palantir, a move that seems set to provoke another legal challenge.…&lt;/p&gt;</summary>
  </entry>
  <entry>
    <id>tag:theregister.com,2005:story224548</id>
    <updated>2022-11-04T14:15:35Z</updated>
    <author>
      <name>Dan Robinson</name>
      <uri>https://search.theregister.com/?author=Dan%20Robinson</uri>
    </author>
    <link rel="alternate" type="text/html" href="https://go.theregister.com/feed/www.theregister.com/2022/11/04/us_chip_industry_china_ban/"/>
    <title type="html">US chip industry worried it may lose out to rivals over China ban</title>
    <summary type="html" xml:base="https://www.theregister.com/">&lt;h4&gt;Just hang on while we convince the rest of the world, Commerce Sec tells makers&lt;/h4&gt; &lt;p&gt;US companies that build chipmaking equipment have been told to tough it out as they face a ban on selling to customers in China, while their rivals elsewhere in the world currently have no such restrictions.…&lt;/p&gt; &lt;p&gt;&lt;!--#include virtual='/data_centre/_whitepaper_textlinks_top.html' --&gt;&lt;/p&gt;</summary>
  </entry>
  <entry>
    <id>tag:theregister.com,2005:story224541</id>
    <updated>2022-11-04T13:30:42Z</updated>
    <author>
      <name>Jude Karabus</name>
      <uri>https://search.theregister.com/?author=Jude%20Karabus</uri>
    </author>
    <link rel="alternate" type="text/html" href="https://go.theregister.com/feed/www.theregister.com/2022/11/04/google_nlrb_complaint/"/>
    <title type="html">Google cut contractors off from online 'Share My Salary' spreadsheet, union claims</title>
    <summary type="html" xml:base="https://www.theregister.com/">&lt;h4&gt;Alphabet Workers Union says it's an illegal block of workers' right to discuss pay&lt;/h4&gt; &lt;p&gt;The Alphabet Workers Union (AWU) claims the company blocked access to a shared spreadsheet in which it reckons "hundreds" of subcontracted workers had shared their salary details and "up to 50,000" of those staffers are now prevented from looking them up.…&lt;/p&gt;</summary>
  </entry>
  <entry>
    <id>tag:theregister.com,2005:story224543</id>
    <updated>2022-11-04T12:50:15Z</updated>
    <author>
      <name>Dan Robinson</name>
      <uri>https://search.theregister.com/?author=Dan%20Robinson</uri>
    </author>
    <link rel="alternate" type="text/html" href="https://go.theregister.com/feed/www.theregister.com/2022/11/04/dell_australia_consumer_court/"/>
    <title type="html">Dell hit with Oz court case for misleading prices on monitors</title>
    <summary type="html" xml:base="https://www.theregister.com/">&lt;h4&gt;Watchdog claims add-ons to computer purchases appeared to be discounted but did not reflect the standalone RRP&lt;/h4&gt; &lt;p&gt;Dell's Australian business is in trouble with the country's consumer watchdog for allegedly misleading buyers about the price of displays purchased as an add-on with its computers.…&lt;/p&gt;</summary>
  </entry>
  <entry>
    <id>tag:theregister.com,2005:story224544</id>
    <updated>2022-11-04T12:20:09Z</updated>
    <author>
      <name>Paul Kunert</name>
      <uri>https://search.theregister.com/?author=Paul%20Kunert</uri>
    </author>
    <link rel="alternate" type="text/html" href="https://go.theregister.com/feed/www.theregister.com/2022/11/04/bt_pay_talks_reopened_says_cwu/"/>
    <title type="html">BT re-enters pay talks to prevent further strikes, says union</title>
    <summary type="html" xml:base="https://www.theregister.com/">&lt;h4&gt;What forced the change in attitude? The impact on 40,000 broadband connections possibly&lt;/h4&gt; &lt;p&gt;The Communication Workers Unions (CWU) claims BT Group has agreed to re-enter negotiations to find a solution to the protracted pay dispute that has caused thousands of engineers and call center operators to strike.…&lt;/p&gt;</summary>
  </entry>
  <entry>
    <id>tag:theregister.com,2005:story224542</id>
    <updated>2022-11-04T11:03:13Z</updated>
    <author>
      <name>Richard Currie</name>
      <uri>https://search.theregister.com/?author=Richard%20Currie</uri>
    </author>
    <link rel="alternate" type="text/html" href="https://go.theregister.com/feed/www.theregister.com/2022/11/04/nft_vending_machine/"/>
    <title type="html">NFT vending machine appears in London</title>
    <summary type="html" xml:base="https://www.theregister.com/">&lt;h4&gt;Don't everyone rush at once&lt;/h4&gt; &lt;p&gt;NFTs are dead. And stupid. Don't just take our word for it – Bill Gates, widely considered a pretty smart guy, described them as "100 percent based on greater fool theory" and analyst Forrester recently said "most consumers aren't interested in NFT stunts."…&lt;/p&gt; &lt;p&gt;&lt;!--#include virtual='/data_centre/_whitepaper_textlinks_top.html' --&gt;&lt;/p&gt;</summary>
  </entry>
  <entry>
    <id>tag:theregister.com,2005:story224531</id>
    <updated>2022-11-04T09:34:13Z</updated>
    <author>
      <name>Jeff Burt</name>
      <uri>https://search.theregister.com/?author=Jeff%20Burt</uri>
    </author>
    <link rel="alternate" type="text/html" href="https://go.theregister.com/feed/www.theregister.com/2022/11/04/microsoft_ukraine_tech_support/"/>
    <title type="html">Microsoft gives away '$400m in cloud support' to Ukraine</title>
    <summary type="html" xml:base="https://www.theregister.com/">&lt;h4&gt;Freedom isn't free&lt;/h4&gt; &lt;p&gt;The Ukraine government will continue to be able to run its digital infrastructure through the Microsoft Cloud for free in 2023, the tech giant confirmed today.…&lt;/p&gt;</summary>
  </entry>
  <entry>
    <id>tag:theregister.com,2005:story224518</id>
    <updated>2022-11-04T08:30:14Z</updated>
    <author>
      <name>Richard Currie</name>
      <uri>https://search.theregister.com/?author=Richard%20Currie</uri>
    </author>
    <link rel="alternate" type="text/html" href="https://go.theregister.com/feed/www.theregister.com/2022/11/04/norths_align_britain/"/>
    <title type="html">All of the norths are about to align over Britain</title>
    <summary type="html" xml:base="https://www.theregister.com/">&lt;h4&gt;Magnetic north is on a walkabout, and your OCD will benefit&lt;/h4&gt; &lt;p&gt;UK map lords at the Ordnance Survey have some big news for people with obsessive compulsive personality disorder or otherwise like everything to be neatly lined up.…&lt;/p&gt;</summary>
  </entry>
  <entry>
    <id>tag:theregister.com,2005:story224538</id>
    <updated>2022-11-04T07:32:08Z</updated>
    <author>
      <name>Simon Sharwood</name>
      <uri>https://search.theregister.com/?author=Simon%20Sharwood</uri>
    </author>
    <link rel="alternate" type="text/html" href="https://go.theregister.com/feed/www.theregister.com/2022/11/04/on_call/"/>
    <title type="html">Hot, sweaty builders hosed a server – literally – leaving support with an all-night RAID repair job</title>
    <summary type="html" xml:base="https://www.theregister.com/">&lt;h4&gt;Extension cords are good for power. Extension tubes? Not so good for air&lt;/h4&gt; &lt;p&gt;&lt;strong&gt;On Call&lt;/strong&gt;  As two precious days of free time loom, &lt;i&gt;The Register&lt;/i&gt; offers a two-minute taste of the energy-draining drama that makes weekends so important in another instalment of On-Call, our weekly reader-contributed tale of the messes IT people are asked to address.…&lt;/p&gt;</summary>
  </entry>
  <entry>
    <id>tag:theregister.com,2005:story224540</id>
    <updated>2022-11-04T06:58:13Z</updated>
    <author>
      <name>Simon Sharwood</name>
      <uri>https://search.theregister.com/?author=Simon%20Sharwood</uri>
    </author>
    <link rel="alternate" type="text/html" href="https://go.theregister.com/feed/www.theregister.com/2022/11/04/atlassian_q1_23/"/>
    <title type="html">You fire 'em, we'll hire 'em: Atlassian sees tech layoffs as HR heaven</title>
    <summary type="html" xml:base="https://www.theregister.com/">&lt;h4&gt;But investors aren't impressed by losses and unpleasant outlook&lt;/h4&gt; &lt;p&gt;Atlassian sees the current round of layoffs and hiring freezes across the tech industry as an opportunity on which it hopes to capitalise – even as its own share price slumps.…&lt;/p&gt;</summary>
  </entry>
  <entry>
    <id>tag:theregister.com,2005:story224529</id>
    <updated>2022-11-04T06:22:06Z</updated>
    <author>
      <name>Jessica Lyons Hardcastle</name>
      <uri>https://search.theregister.com/?author=Jessica%20Lyons%20Hardcastle</uri>
    </author>
    <link rel="alternate" type="text/html" href="https://go.theregister.com/feed/www.theregister.com/2022/11/04/french_opera1er_group_ib/"/>
    <title type="html">French-speaking voleurs stole $30m in 15-country bank, telecoms cyber-heist spree</title>
    <summary type="html" xml:base="https://www.theregister.com/">&lt;h4&gt;Smooth 'OPERA1ER' hit orgs around the world over four or more years&lt;/h4&gt; &lt;p&gt;A French-speaking criminal group codenamed OPERA1ER has pulled off more than 30 cyber-heists against telecom organizations and banks across Africa, Asia, and Latin America, stealing upwards of $30 million over four years, according to security researchers.…&lt;/p&gt; &lt;p&gt;&lt;!--#include virtual='/data_centre/_whitepaper_textlinks_top.html' --&gt;&lt;/p&gt;</summary>
  </entry>
  <entry>
    <id>tag:theregister.com,2005:story224539</id>
    <updated>2022-11-04T05:59:11Z</updated>
    <author>
      <name>Laura Dobberstein</name>
      <uri>https://search.theregister.com/?author=Laura%20Dobberstein</uri>
    </author>
    <link rel="alternate" type="text/html" href="https://go.theregister.com/feed/www.theregister.com/2022/11/04/xiaomi_concept_phone_with_mounted/"/>
    <title type="html">Xiaomi reveals bonkers phone with bolted-on Leica lens that will make you look like a dork</title>
    <summary type="html" xml:base="https://www.theregister.com/">&lt;h4&gt;A weighty lens, placed off-centre on a lightweight smartphone – what could possibly go wrong?&lt;/h4&gt; &lt;p&gt;Chinese smartphone darling has shown off a phone with a full camera lens bolted to its back – which looks very dorky, but thankfully is only a concept device.…&lt;/p&gt;</summary>
  </entry>
  <entry>
    <id>tag:theregister.com,2005:story224537</id>
    <updated>2022-11-04T04:58:05Z</updated>
    <author>
      <name>Simon Sharwood</name>
      <uri>https://search.theregister.com/?author=Simon%20Sharwood</uri>
    </author>
    <link rel="alternate" type="text/html" href="https://go.theregister.com/feed/www.theregister.com/2022/11/04/lenovo_isg_profitable_four_quarters/"/>
    <title type="html">After years of losses, Lenovo's infrastructure group posts 12 months of profits</title>
    <summary type="html" xml:base="https://www.theregister.com/">&lt;h4&gt;Execs say enterprise hardware biz is flying – don't mention the sub-one-percent profit&lt;/h4&gt; &lt;p&gt;In February 2022 Lenovo &lt;a target="_blank" href="https://www.theregister.com/2022/02/23/lenovo_q3_2022/"&gt;shared&lt;/a&gt; a slightly special number: $17 million. That's the first profit made by its Infrastructure Solutions Group (ISG) since its predecessor was formed by the &lt;a target="_blank" href="https://www.theregister.com/2014/09/29/lenovo_ibm_server_deal_to_close_october/"&gt;2014 acquisition of IBM's x86 server business&lt;/a&gt;.…&lt;/p&gt;</summary>
  </entry>
  <entry>
    <id>tag:theregister.com,2005:story224536</id>
    <updated>2022-11-04T03:44:59Z</updated>
    <author>
      <name>Simon Sharwood</name>
      <uri>https://search.theregister.com/?author=Simon%20Sharwood</uri>
    </author>
    <link rel="alternate" type="text/html" href="https://go.theregister.com/feed/www.theregister.com/2022/11/04/twitter_layoffs_email/"/>
    <title type="html">Elon Musk reportedly outlines horrible Twitter layoff process</title>
    <summary type="html" xml:base="https://www.theregister.com/">&lt;h4&gt;Email to your personal account is bad news, email to your work account means you still work at Twitter&lt;/h4&gt; &lt;p&gt;Twitter owner, sole director and – according to his Twitter profile, now also "Twitter Complaint Hotline Operator" – has reportedly informed company staff that layoffs begin tomorrow.…&lt;/p&gt;</summary>
  </entry>
  <entry>
    <id>tag:theregister.com,2005:story224535</id>
    <updated>2022-11-04T02:59:06Z</updated>
    <author>
      <name>Simon Sharwood</name>
      <uri>https://search.theregister.com/?author=Simon%20Sharwood</uri>
    </author>
    <link rel="alternate" type="text/html" href="https://go.theregister.com/feed/www.theregister.com/2022/11/04/alibaba_cloud_20_percent_arm/"/>
    <title type="html">Alibaba Cloud plans for a fifth of its servers to use homebrew Arm CPUs by 2025</title>
    <summary type="html" xml:base="https://www.theregister.com/">&lt;h4&gt;Sanctions? What sanctions? Just look at the low, low, power consumption figures&lt;/h4&gt; &lt;p&gt;Alibaba Cloud has revealed that it plans to power 20 percent of its operations with its own homebrew CPUs by 2025.…&lt;/p&gt;</summary>
  </entry>
  <entry>
    <id>tag:theregister.com,2005:story224522</id>
    <updated>2022-11-04T01:01:13Z</updated>
    <author>
      <name>Laura Dobberstein</name>
      <uri>https://search.theregister.com/?author=Laura%20Dobberstein</uri>
    </author>
    <link rel="alternate" type="text/html" href="https://go.theregister.com/feed/www.theregister.com/2022/11/04/mas_stablecoin_cbdc/"/>
    <title type="html">Singapore's fintech boss says stablecoins might win before CBDCs even get started</title>
    <summary type="html" xml:base="https://www.theregister.com/">&lt;h4&gt;Monetary authority presses ahead with Ubin+ cross-border CBDC trial anyway&lt;/h4&gt; &lt;p&gt;While central bank digital currencies (CBDCs) are often advanced as a way to improve the world's creaking cross-border payments infrastructure, some financial experts believe the government-issued tokens may be usurped by stablecoins and other products.…&lt;/p&gt; &lt;p&gt;&lt;!--#include virtual='/data_centre/_whitepaper_textlinks_top.html' --&gt;&lt;/p&gt;</summary>
  </entry>
  <entry>
    <id>tag:theregister.com,2005:story224530</id>
    <updated>2022-11-03T23:58:12Z</updated>
    <author>
      <name>Katyanna Quach</name>
      <uri>https://search.theregister.com/?author=Katyanna%20Quach</uri>
    </author>
    <link rel="alternate" type="text/html" href="https://go.theregister.com/feed/www.theregister.com/2022/11/03/nasa_artemis_launch/"/>
    <title type="html">NASA wheels SLS rocket out to the launchpad for another attempt to get off the ground</title>
    <summary type="html" xml:base="https://www.theregister.com/">&lt;h4&gt;After two previous failures, will third time be the charm?&lt;/h4&gt; &lt;p&gt;NASA will roll its Space Launch System back out to the launchpad at the Kennedy Space Center on Friday to prepare for a third attempt to put its most powerful rocket yet into the sky on November 14.…&lt;/p&gt;</summary>
  </entry>
  <entry>
    <id>tag:theregister.com,2005:story224533</id>
    <updated>2022-11-03T21:55:56Z</updated>
    <author>
      <name>Dylan Martin</name>
      <uri>https://search.theregister.com/?author=Dylan%20Martin</uri>
    </author>
    <link rel="alternate" type="text/html" href="https://go.theregister.com/feed/www.theregister.com/2022/11/03/amd_radeon_rx_7900_launched/"/>
    <title type="html">AMD’s latest, greatest Radeon graphics card $600 cheaper than Nvidia’s top RTX 4090</title>
    <summary type="html" xml:base="https://www.theregister.com/">&lt;h4&gt;Chiplet-based RNDA 3 GPU fans have been waiting for&lt;/h4&gt; &lt;p&gt;AMD has come out swinging at Nvidia with new flagship Radeon graphics cards that are cheaper than its rival's fresh GeForce RTX products.…&lt;/p&gt;</summary>
  </entry>
  <entry>
    <id>tag:theregister.com,2005:story224524</id>
    <updated>2022-11-03T20:45:15Z</updated>
    <author>
      <name>Jeff Burt</name>
      <uri>https://search.theregister.com/?author=Jeff%20Burt</uri>
    </author>
    <link rel="alternate" type="text/html" href="https://go.theregister.com/feed/www.theregister.com/2022/11/03/mfa_fatigue_enterprise_threat/"/>
    <title type="html">Multi-factor auth fatigue is real – and it's why you may be in the headlines next</title>
    <summary type="html" xml:base="https://www.theregister.com/">&lt;h4&gt;Overwhelmed by waves of push notifications, worn-down users inadvertently let the bad guys in&lt;/h4&gt; &lt;p&gt;&lt;strong&gt;Analysis&lt;/strong&gt;  The September cyberattack on ride-hailing service Uber began when a criminal bought the stolen credentials of a company contractor on the dark web.…&lt;/p&gt;</summary>
  </entry>
  <entry>
    <id>tag:theregister.com,2005:story224528</id>
    <updated>2022-11-03T19:46:07Z</updated>
    <author>
      <name>Brandon Vigliarolo</name>
      <uri>https://search.theregister.com/?author=Brandon%20Vigliarolo</uri>
    </author>
    <link rel="alternate" type="text/html" href="https://go.theregister.com/feed/www.theregister.com/2022/11/03/lyft_stripe_twitter_layoffs/"/>
    <title type="html">Latest layoffs: Lyft, Stripe more than decimate staff</title>
    <summary type="html" xml:base="https://www.theregister.com/">&lt;h4&gt;While Elon may just dump half of Twitter and scrap work-from-home&lt;/h4&gt; &lt;p&gt;Citing the likelihood of recession and increases in rideshare insurance costs, Lyft is laying off 13 percent of its workforce, with no team left unaffected.…&lt;/p&gt;</summary>
  </entry>
  <entry>
    <id>tag:theregister.com,2005:story224527</id>
    <updated>2022-11-03T19:15:13Z</updated>
    <author>
      <name>Liam Proven</name>
      <uri>https://search.theregister.com/?author=Liam%20Proven</uri>
    </author>
    <link rel="alternate" type="text/html" href="https://go.theregister.com/feed/www.theregister.com/2022/11/03/nitrux_25/"/>
    <title type="html">Nitrux 2.5: The latest update to a radical Linux</title>
    <summary type="html" xml:base="https://www.theregister.com/">&lt;h4&gt;Also one of the first distros we've seen with Kernel 6.0&lt;/h4&gt; &lt;p&gt;Nitrux OS is one of the most stylish and innovative distros we've seen so far: systemd-free, based on AppImages, and with a very unusual desktop.…&lt;/p&gt; &lt;p&gt;&lt;!--#include virtual='/data_centre/_whitepaper_textlinks_top.html' --&gt;&lt;/p&gt;</summary>
  </entry>
  <entry>
    <id>tag:theregister.com,2005:story224526</id>
    <updated>2022-11-03T18:45:10Z</updated>
    <author>
      <name>Tobias Mann</name>
      <uri>https://search.theregister.com/?author=Tobias%20Mann</uri>
    </author>
    <link rel="alternate" type="text/html" href="https://go.theregister.com/feed/www.theregister.com/2022/11/03/aws_freeze_hiring/"/>
    <title type="html">Amazon freezes corporate hiring amid worsening economic outlook</title>
    <summary type="html" xml:base="https://www.theregister.com/">&lt;h4&gt;The decision comes as the e-commerce giant stuggles with soaring energy prices and cash-strapped customers&lt;/h4&gt; &lt;p&gt;Amazon is freezing hiring of new corporate positions across the company for the rest of 2022 amid worsening economic conditions.…&lt;/p&gt;</summary>
  </entry>
  <entry>
    <id>tag:theregister.com,2005:story224525</id>
    <updated>2022-11-03T18:00:08Z</updated>
    <author>
      <name>Paul Kunert</name>
      <uri>https://search.theregister.com/?author=Paul%20Kunert</uri>
    </author>
    <link rel="alternate" type="text/html" href="https://go.theregister.com/feed/www.theregister.com/2022/11/03/kyndryl_q2_fiscal_2023/"/>
    <title type="html">Kyndryl loses $281m in the quarter as modernization agenda continues</title>
    <summary type="html" xml:base="https://www.theregister.com/">&lt;h4&gt;How to turn a classic infrastructure biz into something fit for the cloud era&lt;/h4&gt; &lt;p&gt;Shapeshifting infrastructure services biz Kyndryl can't plug its revenue leak but cutting costs did cut losses in half.…&lt;/p&gt;</summary>
  </entry>
  <entry>
    <id>tag:theregister.com,2005:story224520</id>
    <updated>2022-11-03T17:30:13Z</updated>
    <author>
      <name>Brandon Vigliarolo</name>
      <uri>https://search.theregister.com/?author=Brandon%20Vigliarolo</uri>
    </author>
    <link rel="alternate" type="text/html" href="https://go.theregister.com/feed/www.theregister.com/2022/11/03/tumblr_says_nudes_are_back/"/>
    <title type="html">Tumblr says nudes are back on the menu – within reason</title>
    <summary type="html" xml:base="https://www.theregister.com/">&lt;h4&gt;But old 'go nuts, show nuts' attitude is dead for good&lt;/h4&gt; &lt;p&gt;Tumblr has reversed course on its 2018 nudity ban, welcoming some – but not all – adult content creators back to the platform after a four-year hiatus.…&lt;/p&gt;</summary>
  </entry>
  <entry>
    <id>tag:theregister.com,2005:story224523</id>
    <updated>2022-11-03T16:45:13Z</updated>
    <author>
      <name>Brandon Vigliarolo</name>
      <uri>https://search.theregister.com/?author=Brandon%20Vigliarolo</uri>
    </author>
    <link rel="alternate" type="text/html" href="https://go.theregister.com/feed/www.theregister.com/2022/11/03/ransomware_summit_cryptocurrency/"/>
    <title type="html">International summit agrees crack down on crypto to combat ransomware</title>
    <summary type="html" xml:base="https://www.theregister.com/">&lt;h4&gt;Commitments include international wallet info sharing, KYC requirements, and an AML crackdown&lt;/h4&gt; &lt;p&gt;The White House's second International Counter Ransomware Initiative summit has concluded, and this year the 36-nation group has made clear it intends to crack down on how cryptocurrencies are used to finance ransomware operations.…&lt;/p&gt;</summary>
  </entry>
  <entry>
    <id>tag:theregister.com,2005:story224521</id>
    <updated>2022-11-03T15:50:10Z</updated>
    <author>
      <name>Dan Robinson</name>
      <uri>https://search.theregister.com/?author=Dan%20Robinson</uri>
    </author>
    <link rel="alternate" type="text/html" href="https://go.theregister.com/feed/www.theregister.com/2022/11/03/fcc_afc_providers_wifi/"/>
    <title type="html">FCC taps 13 providers to manage 6GHz band access for new Wi-Fi standards</title>
    <summary type="html" xml:base="https://www.theregister.com/">&lt;h4&gt;Public will be able to test each system as part of development process&lt;/h4&gt; &lt;p&gt;The US Federal Communications Commission (FCC) has conditionally approved 13 proposed automated frequency coordination (AFC) systems to manage spectrum access for unlicensed devices in the 6GHz band.…&lt;/p&gt; &lt;p&gt;&lt;!--#include virtual='/data_centre/_whitepaper_textlinks_top.html' --&gt;&lt;/p&gt;</summary>
  </entry>
  <entry>
    <id>tag:theregister.com,2005:story224519</id>
    <updated>2022-11-03T15:15:06Z</updated>
    <author>
      <name>Lindsay Clark</name>
      <uri>https://search.theregister.com/?author=Lindsay%20Clark</uri>
    </author>
    <link rel="alternate" type="text/html" href="https://go.theregister.com/feed/www.theregister.com/2022/11/03/redis_resp_app/"/>
    <title type="html">Redis swallows RESP.app biz that made its database easier on developers</title>
    <summary type="html" xml:base="https://www.theregister.com/">&lt;h4&gt;Acquisition of Ukrainian startup to help broaden appeal beyond popular cache&lt;/h4&gt; &lt;p&gt;Database provider Redis has acquired RESP.app, a popular developer tool used to ease developer experience on the popular key-value database.…&lt;/p&gt;</summary>
  </entry>
  <entry>
    <id>tag:theregister.com,2005:story224517</id>
    <updated>2022-11-03T13:35:04Z</updated>
    <author>
      <name>Dan Robinson</name>
      <uri>https://search.theregister.com/?author=Dan%20Robinson</uri>
    </author>
    <link rel="alternate" type="text/html" href="https://go.theregister.com/feed/www.theregister.com/2022/11/03/lenovo_q2_2023/"/>
    <title type="html">Lenovo revenues drop due to falling demand for PCs</title>
    <summary type="html" xml:base="https://www.theregister.com/">&lt;h4&gt;But overall profits are up thanks to cost cutting and success in other divisions&lt;/h4&gt; &lt;p&gt;Lenovo revenues declined for the first time in 10 quarters due to a steep fall in demand for PCs and tablets. Still, profits rose due to cost-cutting measures and growth in other areas such as its services division.…&lt;/p&gt;</summary>
  </entry>
  <entry>
    <id>tag:theregister.com,2005:story224516</id>
    <updated>2022-11-03T12:42:40Z</updated>
    <author>
      <name>Paul Kunert</name>
      <uri>https://search.theregister.com/?author=Paul%20Kunert</uri>
    </author>
    <link rel="alternate" type="text/html" href="https://go.theregister.com/feed/www.theregister.com/2022/11/03/bt_cost_cutting/"/>
    <title type="html">BT CEO ups cost-cutting plan amid rising inflation and soaring energy costs</title>
    <summary type="html" xml:base="https://www.theregister.com/">&lt;h4&gt;National telecom giant admits strike action is impacting customer broadband connections&lt;/h4&gt; &lt;p&gt;BT Group is looking to wrench out higher savings amid rising inflation in the relentless pursuit of improved profits.…&lt;/p&gt;</summary>
  </entry>
  <entry>
    <id>tag:theregister.com,2005:story224501</id>
    <updated>2022-11-03T11:35:07Z</updated>
    <author>
      <name>Liam Proven</name>
      <uri>https://search.theregister.com/?author=Liam%20Proven</uri>
    </author>
    <link rel="alternate" type="text/html" href="https://go.theregister.com/feed/www.theregister.com/2022/11/03/version_252_systemd/"/>
    <title type="html">Version 252 of systemd, as expected, locks down the Linux boot process</title>
    <summary type="html" xml:base="https://www.theregister.com/">&lt;h4&gt;The init system that everybody loves to hate&lt;/h4&gt; &lt;p&gt;The fall version of systemd is here, with support for increased boot security, including tightened full-disk encryption.…&lt;/p&gt;</summary>
  </entry>
  <entry>
    <id>tag:theregister.com,2005:story224515</id>
    <updated>2022-11-03T10:37:12Z</updated>
    <author>
      <name>Lindsay Clark</name>
      <uri>https://search.theregister.com/?author=Lindsay%20Clark</uri>
    </author>
    <lin

DEBUG counter: 21

B: 1536, HF:1
Builded XML size before: 31488
Builded XML size after: 31488

==Response L:1536
k rel="alternate" type="text/html" href="https://go.theregister.com/feed/www.theregister.com/2022/11/03/oracle_erp_edinburgh_university/"/>
    <title type="html">University of Edinburgh staff paid late due to Oracle ERP troubles</title>
    <summary type="html" xml:base="https://www.theregister.com/">&lt;h4&gt;Project beginning in 2019 has left employees and suppliers waiting on payments&lt;/h4&gt; &lt;p&gt;Scotland's University of Edinburgh has paid staff and suppliers late owing to the troubled implementation of a new Oracle-based HR and finance system.…&lt;/p&gt; &lt;p&gt;&lt;!--#include virtual='/data_centre/_whitepaper_textlinks_top.html' --&gt;&lt;/p&gt;</summary>
  </entry>
  <entry>
    <id>t
339e
ag:theregister.com,2005:story224489</id>
    <updated>2022-11-03T09:30:06Z</updated>
    <author>
      <name>Dan Robinson</name>
      <uri>https://search.theregister.com/?author=Dan%20Robinson</uri>
    </author>
    <link rel="alternate" type="text/html" href="https://go.theregister.com/feed/www.theregister.com/2022/11/03/aviatrix_cloudiq/"/>
    <title type="html">Aviatrix releases tool to help enterprises prevent cloud network costs spiraling</title>
    <summary type="html" xml:base="https://www.theregister.com/">&lt;h4&gt;Just as providers prepare to crank up their fees&lt;/h4&gt; &lt;p&gt;Cloud networking outfit Aviatrix has extended its platform with a new capability that monitors network usage to help enterprises more accurately track costs and enable chargeback to individual departments.…&lt;
==

==XML builded
7dc0
<?xml version="1.0" encoding="UTF-8"?>
<feed xmlns="http://www.w3.org/2005/Atom" xml:lang="en">
  <id>tag:theregister.com,2005:feed/theregister.com/</id>
  <title>The Register</title>
  <link rel="self" type="application/atom+xml" href="https://www.theregister.com/headlines.atom"/>
  <link rel="alternate" type="text/html" href="https://www.theregister.com/"/>
  <rights>Copyright © 2022, Situation Publishing</rights>
  <author>
    <name>Team Register</name>
    <email>webmaster@theregister.co.uk</email>
    <uri>https://www.theregister.com/odds/about/contact/</uri>
  </author>
  <icon>https://www.theregister.com/Design/graphics/icons/favicon.png</icon>
  <subtitle>Biting the hand that feeds IT — Enterprise Technology News and Analysis</subtitle>
  <logo>https://www.theregister.com/Design/graphics/Reg_default/The_Register_r.png</logo>
  <updated>2022-11-04T19:15:11Z</updated>
  <entry>
    <id>tag,:theregister.com,2005:story224552</id>
    <updated>2022-11-04T19:15:11Z</updated>
    <author>
      <name>Brandon Vigliarolo</name>
      <uri>https://search.theregister.com/?author=Brandon%20Vigliarolo</uri>
    </author>
    <link rel="alternate" type="text/html" href="https://go.theregister.com/feed/www.theregister.com/2022/11/04/twitter_warn_act_lawsuit/"/>
    <title type="html">Twitter employees sue over lack of 60-day layoff notice</title>
    <summary type="html" xml:base="https://www.theregister.com/">&lt;h4&gt;Musk-owned companies have now faced 3 WARN Act lawsuits alleging the same thing&lt;/h4&gt; &lt;p&gt;The great Twitter cull of '22 is expected to begin today, but a group of tweeps have preempted the event by filing a class action lawsuit against Twitter for violating the WARN Act.…&lt;/p&gt;</summary>
  </entry>
  <entry>
    <id>tag:theregister.com,2005:story224550</id>
    <updated>2022-11-04T18:30:08Z</updated>
    <author>
      <name>Jeff Burt</name>
      <uri>https://search.theregister.com/?author=Jeff%20Burt</uri>
    </author>
    <link rel="alternate" type="text/html" href="https://go.theregister.com/feed/www.theregister.com/2022/11/04/crimson_kingsnake_bec_scam/"/>
    <title type="html">Double-check demand payment emails from law firms: Convincing fakes surface</title>
    <summary type="html" xml:base="https://www.theregister.com/">&lt;h4&gt;Crimson Kingsnake impersonates legit attorneys, fakes email threads from your colleagues in far-reaching BEC campaign&lt;/h4&gt; &lt;p&gt;A new threat group called Crimson Kingsnake is impersonating real law companies and debt recovery services to intimidate businessess into paying bogus overdue invoices.…&lt;/p&gt; &lt;p&gt;&lt;!--#include virtual='/data_centre/_whitepaper_textlinks_top.html' --&gt;&lt;/p&gt;</summary>
  </entry>
  <entry>
    <id>tag:theregister.com,2005:story224547</id>
    <updated>2022-11-04T17:30:08Z</updated>
    <author>
      <name>Liam Proven</name>
      <uri>https://search.theregister.com/?author=Liam%20Proven</uri>
    </author>
    <link rel="alternate" type="text/html" href="https://go.theregister.com/feed/www.theregister.com/2022/11/04/mozilla_ventures/"/>
    <title type="html">Mozilla Foundation launches ethical venture capital fund</title>
    <summary type="html" xml:base="https://www.theregister.com/">&lt;h4&gt;An unexpected move, but we suspect that Carl Sagan might have approved&lt;/h4&gt; &lt;p&gt;Mozilla has announced the successor to the Mozilla Builders incubator: Mozilla Ventures.…&lt;/p&gt;</summary>
  </entry>
  <entry>
    <id>tag:theregister.com,2005:story224549</id>
    <updated>2022-11-04T16:15:25Z</updated>
    <author>
      <name>Brandon Vigliarolo</name>
      <uri>https://search.theregister.com/?author=Brandon%20Vigliarolo</uri>
    </author>
    <link rel="alternate" type="text/html" href="https://go.theregister.com/feed/www.theregister.com/2022/11/04/starliner_launch_delay/"/>
    <title type="html">Boeing's Starliner launch pushed back again... to April 2023</title>
    <summary type="html" xml:base="https://www.theregister.com/">&lt;h4&gt;The official word is 'scheduling conflicts,' but NASA's safety panel has expressed concerns too&lt;/h4&gt; &lt;p&gt;The first crewed launch of Boeing's Starliner has been delayed again, this time being pushed back to April 2023 from an earlier planned launch date of February.…&lt;/p&gt;</summary>
  </entry>
  <entry>
    <id>tag:theregister.com,2005:story224545</id>
    <updated>2022-11-04T15:15:12Z</updated>
    <author>
      <name>Lindsay Clark</name>
      <uri>https://search.theregister.com/?author=Lindsay%20Clark</uri>
    </author>
    <link rel="alternate" type="text/html" href="https://go.theregister.com/feed/www.theregister.com/2022/11/04/uk_governement_set_to_extract/"/>
    <title type="html">UK government set to extract hospital data to Palantir system without patient consent</title>
    <summary type="html" xml:base="https://www.theregister.com/">&lt;h4&gt;'You'll be hearing from us,' say privacy campaigners who previously forced the government to back down&lt;/h4&gt; &lt;p&gt;The UK government is set to extract patient-identifiable data from NHS hospital systems and share this with its data platform based on technology from Palantir, a move that seems set to provoke another legal challenge.…&lt;/p&gt;</summary>
  </entry>
  <entry>
    <id>tag:theregister.com,2005:story224548</id>
    <updated>2022-11-04T14:15:35Z</updated>
    <author>
      <name>Dan Robinson</name>
      <uri>https://search.theregister.com/?author=Dan%20Robinson</uri>
    </author>
    <link rel="alternate" type="text/html" href="https://go.theregister.com/feed/www.theregister.com/2022/11/04/us_chip_industry_china_ban/"/>
    <title type="html">US chip industry worried it may lose out to rivals over China ban</title>
    <summary type="html" xml:base="https://www.theregister.com/">&lt;h4&gt;Just hang on while we convince the rest of the world, Commerce Sec tells makers&lt;/h4&gt; &lt;p&gt;US companies that build chipmaking equipment have been told to tough it out as they face a ban on selling to customers in China, while their rivals elsewhere in the world currently have no such restrictions.…&lt;/p&gt; &lt;p&gt;&lt;!--#include virtual='/data_centre/_whitepaper_textlinks_top.html' --&gt;&lt;/p&gt;</summary>
  </entry>
  <entry>
    <id>tag:theregister.com,2005:story224541</id>
    <updated>2022-11-04T13:30:42Z</updated>
    <author>
      <name>Jude Karabus</name>
      <uri>https://search.theregister.com/?author=Jude%20Karabus</uri>
    </author>
    <link rel="alternate" type="text/html" href="https://go.theregister.com/feed/www.theregister.com/2022/11/04/google_nlrb_complaint/"/>
    <title type="html">Google cut contractors off from online 'Share My Salary' spreadsheet, union claims</title>
    <summary type="html" xml:base="https://www.theregister.com/">&lt;h4&gt;Alphabet Workers Union says it's an illegal block of workers' right to discuss pay&lt;/h4&gt; &lt;p&gt;The Alphabet Workers Union (AWU) claims the company blocked access to a shared spreadsheet in which it reckons "hundreds" of subcontracted workers had shared their salary details and "up to 50,000" of those staffers are now prevented from looking them up.…&lt;/p&gt;</summary>
  </entry>
  <entry>
    <id>tag:theregister.com,2005:story224543</id>
    <updated>2022-11-04T12:50:15Z</updated>
    <author>
      <name>Dan Robinson</name>
      <uri>https://search.theregister.com/?author=Dan%20Robinson</uri>
    </author>
    <link rel="alternate" type="text/html" href="https://go.theregister.com/feed/www.theregister.com/2022/11/04/dell_australia_consumer_court/"/>
    <title type="html">Dell hit with Oz court case for misleading prices on monitors</title>
    <summary type="html" xml:base="https://www.theregister.com/">&lt;h4&gt;Watchdog claims add-ons to computer purchases appeared to be discounted but did not reflect the standalone RRP&lt;/h4&gt; &lt;p&gt;Dell's Australian business is in trouble with the country's consumer watchdog for allegedly misleading buyers about the price of displays purchased as an add-on with its computers.…&lt;/p&gt;</summary>
  </entry>
  <entry>
    <id>tag:theregister.com,2005:story224544</id>
    <updated>2022-11-04T12:20:09Z</updated>
    <author>
      <name>Paul Kunert</name>
      <uri>https://search.theregister.com/?author=Paul%20Kunert</uri>
    </author>
    <link rel="alternate" type="text/html" href="https://go.theregister.com/feed/www.theregister.com/2022/11/04/bt_pay_talks_reopened_says_cwu/"/>
    <title type="html">BT re-enters pay talks to prevent further strikes, says union</title>
    <summary type="html" xml:base="https://www.theregister.com/">&lt;h4&gt;What forced the change in attitude? The impact on 40,000 broadband connections possibly&lt;/h4&gt; &lt;p&gt;The Communication Workers Unions (CWU) claims BT Group has agreed to re-enter negotiations to find a solution to the protracted pay dispute that has caused thousands of engineers and call center operators to strike.…&lt;/p&gt;</summary>
  </entry>
  <entry>
    <id>tag:theregister.com,2005:story224542</id>
    <updated>2022-11-04T11:03:13Z</updated>
    <author>
      <name>Richard Currie</name>
      <uri>https://search.theregister.com/?author=Richard%20Currie</uri>
    </author>
    <link rel="alternate" type="text/html" href="https://go.theregister.com/feed/www.theregister.com/2022/11/04/nft_vending_machine/"/>
    <title type="html">NFT vending machine appears in London</title>
    <summary type="html" xml:base="https://www.theregister.com/">&lt;h4&gt;Don't everyone rush at once&lt;/h4&gt; &lt;p&gt;NFTs are dead. And stupid. Don't just take our word for it – Bill Gates, widely considered a pretty smart guy, described them as "100 percent based on greater fool theory" and analyst Forrester recently said "most consumers aren't interested in NFT stunts."…&lt;/p&gt; &lt;p&gt;&lt;!--#include virtual='/data_centre/_whitepaper_textlinks_top.html' --&gt;&lt;/p&gt;</summary>
  </entry>
  <entry>
    <id>tag:theregister.com,2005:story224531</id>
    <updated>2022-11-04T09:34:13Z</updated>
    <author>
      <name>Jeff Burt</name>
      <uri>https://search.theregister.com/?author=Jeff%20Burt</uri>
    </author>
    <link rel="alternate" type="text/html" href="https://go.theregister.com/feed/www.theregister.com/2022/11/04/microsoft_ukraine_tech_support/"/>
    <title type="html">Microsoft gives away '$400m in cloud support' to Ukraine</title>
    <summary type="html" xml:base="https://www.theregister.com/">&lt;h4&gt;Freedom isn't free&lt;/h4&gt; &lt;p&gt;The Ukraine government will continue to be able to run its digital infrastructure through the Microsoft Cloud for free in 2023, the tech giant confirmed today.…&lt;/p&gt;</summary>
  </entry>
  <entry>
    <id>tag:theregister.com,2005:story224518</id>
    <updated>2022-11-04T08:30:14Z</updated>
    <author>
      <name>Richard Currie</name>
      <uri>https://search.theregister.com/?author=Richard%20Currie</uri>
    </author>
    <link rel="alternate" type="text/html" href="https://go.theregister.com/feed/www.theregister.com/2022/11/04/norths_align_britain/"/>
    <title type="html">All of the norths are about to align over Britain</title>
    <summary type="html" xml:base="https://www.theregister.com/">&lt;h4&gt;Magnetic north is on a walkabout, and your OCD will benefit&lt;/h4&gt; &lt;p&gt;UK map lords at the Ordnance Survey have some big news for people with obsessive compulsive personality disorder or otherwise like everything to be neatly lined up.…&lt;/p&gt;</summary>
  </entry>
  <entry>
    <id>tag:theregister.com,2005:story224538</id>
    <updated>2022-11-04T07:32:08Z</updated>
    <author>
      <name>Simon Sharwood</name>
      <uri>https://search.theregister.com/?author=Simon%20Sharwood</uri>
    </author>
    <link rel="alternate" type="text/html" href="https://go.theregister.com/feed/www.theregister.com/2022/11/04/on_call/"/>
    <title type="html">Hot, sweaty builders hosed a server – literally – leaving support with an all-night RAID repair job</title>
    <summary type="html" xml:base="https://www.theregister.com/">&lt;h4&gt;Extension cords are good for power. Extension tubes? Not so good for air&lt;/h4&gt; &lt;p&gt;&lt;strong&gt;On Call&lt;/strong&gt;  As two precious days of free time loom, &lt;i&gt;The Register&lt;/i&gt; offers a two-minute taste of the energy-draining drama that makes weekends so important in another instalment of On-Call, our weekly reader-contributed tale of the messes IT people are asked to address.…&lt;/p&gt;</summary>
  </entry>
  <entry>
    <id>tag:theregister.com,2005:story224540</id>
    <updated>2022-11-04T06:58:13Z</updated>
    <author>
      <name>Simon Sharwood</name>
      <uri>https://search.theregister.com/?author=Simon%20Sharwood</uri>
    </author>
    <link rel="alternate" type="text/html" href="https://go.theregister.com/feed/www.theregister.com/2022/11/04/atlassian_q1_23/"/>
    <title type="html">You fire 'em, we'll hire 'em: Atlassian sees tech layoffs as HR heaven</title>
    <summary type="html" xml:base="https://www.theregister.com/">&lt;h4&gt;But investors aren't impressed by losses and unpleasant outlook&lt;/h4&gt; &lt;p&gt;Atlassian sees the current round of layoffs and hiring freezes across the tech industry as an opportunity on which it hopes to capitalise – even as its own share price slumps.…&lt;/p&gt;</summary>
  </entry>
  <entry>
    <id>tag:theregister.com,2005:story224529</id>
    <updated>2022-11-04T06:22:06Z</updated>
    <author>
      <name>Jessica Lyons Hardcastle</name>
      <uri>https://search.theregister.com/?author=Jessica%20Lyons%20Hardcastle</uri>
    </author>
    <link rel="alternate" type="text/html" href="https://go.theregister.com/feed/www.theregister.com/2022/11/04/french_opera1er_group_ib/"/>
    <title type="html">French-speaking voleurs stole $30m in 15-country bank, telecoms cyber-heist spree</title>
    <summary type="html" xml:base="https://www.theregister.com/">&lt;h4&gt;Smooth 'OPERA1ER' hit orgs around the world over four or more years&lt;/h4&gt; &lt;p&gt;A French-speaking criminal group codenamed OPERA1ER has pulled off more than 30 cyber-heists against telecom organizations and banks across Africa, Asia, and Latin America, stealing upwards of $30 million over four years, according to security researchers.…&lt;/p&gt; &lt;p&gt;&lt;!--#include virtual='/data_centre/_whitepaper_textlinks_top.html' --&gt;&lt;/p&gt;</summary>
  </entry>
  <entry>
    <id>tag:theregister.com,2005:story224539</id>
    <updated>2022-11-04T05:59:11Z</updated>
    <author>
      <name>Laura Dobberstein</name>
      <uri>https://search.theregister.com/?author=Laura%20Dobberstein</uri>
    </author>
    <link rel="alternate" type="text/html" href="https://go.theregister.com/feed/www.theregister.com/2022/11/04/xiaomi_concept_phone_with_mounted/"/>
    <title type="html">Xiaomi reveals bonkers phone with bolted-on Leica lens that will make you look like a dork</title>
    <summary type="html" xml:base="https://www.theregister.com/">&lt;h4&gt;A weighty lens, placed off-centre on a lightweight smartphone – what could possibly go wrong?&lt;/h4&gt; &lt;p&gt;Chinese smartphone darling has shown off a phone with a full camera lens bolted to its back – which looks very dorky, but thankfully is only a concept device.…&lt;/p&gt;</summary>
  </entry>
  <entry>
    <id>tag:theregister.com,2005:story224537</id>
    <updated>2022-11-04T04:58:05Z</updated>
    <author>
      <name>Simon Sharwood</name>
      <uri>https://search.theregister.com/?author=Simon%20Sharwood</uri>
    </author>
    <link rel="alternate" type="text/html" href="https://go.theregister.com/feed/www.theregister.com/2022/11/04/lenovo_isg_profitable_four_quarters/"/>
    <title type="html">After years of losses, Lenovo's infrastructure group posts 12 months of profits</title>
    <summary type="html" xml:base="https://www.theregister.com/">&lt;h4&gt;Execs say enterprise hardware biz is flying – don't mention the sub-one-percent profit&lt;/h4&gt; &lt;p&gt;In February 2022 Lenovo &lt;a target="_blank" href="https://www.theregister.com/2022/02/23/lenovo_q3_2022/"&gt;shared&lt;/a&gt; a slightly special number: $17 million. That's the first profit made by its Infrastructure Solutions Group (ISG) since its predecessor was formed by the &lt;a target="_blank" href="https://www.theregister.com/2014/09/29/lenovo_ibm_server_deal_to_close_october/"&gt;2014 acquisition of IBM's x86 server business&lt;/a&gt;.…&lt;/p&gt;</summary>
  </entry>
  <entry>
    <id>tag:theregister.com,2005:story224536</id>
    <updated>2022-11-04T03:44:59Z</updated>
    <author>
      <name>Simon Sharwood</name>
      <uri>https://search.theregister.com/?author=Simon%20Sharwood</uri>
    </author>
    <link rel="alternate" type="text/html" href="https://go.theregister.com/feed/www.theregister.com/2022/11/04/twitter_layoffs_email/"/>
    <title type="html">Elon Musk reportedly outlines horrible Twitter layoff process</title>
    <summary type="html" xml:base="https://www.theregister.com/">&lt;h4&gt;Email to your personal account is bad news, email to your work account means you still work at Twitter&lt;/h4&gt; &lt;p&gt;Twitter owner, sole director and – according to his Twitter profile, now also "Twitter Complaint Hotline Operator" – has reportedly informed company staff that layoffs begin tomorrow.…&lt;/p&gt;</summary>
  </entry>
  <entry>
    <id>tag:theregister.com,2005:story224535</id>
    <updated>2022-11-04T02:59:06Z</updated>
    <author>
      <name>Simon Sharwood</name>
      <uri>https://search.theregister.com/?author=Simon%20Sharwood</uri>
    </author>
    <link rel="alternate" type="text/html" href="https://go.theregister.com/feed/www.theregister.com/2022/11/04/alibaba_cloud_20_percent_arm/"/>
    <title type="html">Alibaba Cloud plans for a fifth of its servers to use homebrew Arm CPUs by 2025</title>
    <summary type="html" xml:base="https://www.theregister.com/">&lt;h4&gt;Sanctions? What sanctions? Just look at the low, low, power consumption figures&lt;/h4&gt; &lt;p&gt;Alibaba Cloud has revealed that it plans to power 20 percent of its operations with its own homebrew CPUs by 2025.…&lt;/p&gt;</summary>
  </entry>
  <entry>
    <id>tag:theregister.com,2005:story224522</id>
    <updated>2022-11-04T01:01:13Z</updated>
    <author>
      <name>Laura Dobberstein</name>
      <uri>https://search.theregister.com/?author=Laura%20Dobberstein</uri>
    </author>
    <link rel="alternate" type="text/html" href="https://go.theregister.com/feed/www.theregister.com/2022/11/04/mas_stablecoin_cbdc/"/>
    <title type="html">Singapore's fintech boss says stablecoins might win before CBDCs even get started</title>
    <summary type="html" xml:base="https://www.theregister.com/">&lt;h4&gt;Monetary authority presses ahead with Ubin+ cross-border CBDC trial anyway&lt;/h4&gt; &lt;p&gt;While central bank digital currencies (CBDCs) are often advanced as a way to improve the world's creaking cross-border payments infrastructure, some financial experts believe the government-issued tokens may be usurped by stablecoins and other products.…&lt;/p&gt; &lt;p&gt;&lt;!--#include virtual='/data_centre/_whitepaper_textlinks_top.html' --&gt;&lt;/p&gt;</summary>
  </entry>
  <entry>
    <id>tag:theregister.com,2005:story224530</id>
    <updated>2022-11-03T23:58:12Z</updated>
    <author>
      <name>Katyanna Quach</name>
      <uri>https://search.theregister.com/?author=Katyanna%20Quach</uri>
    </author>
    <link rel="alternate" type="text/html" href="https://go.theregister.com/feed/www.theregister.com/2022/11/03/nasa_artemis_launch/"/>
    <title type="html">NASA wheels SLS rocket out to the launchpad for another attempt to get off the ground</title>
    <summary type="html" xml:base="https://www.theregister.com/">&lt;h4&gt;After two previous failures, will third time be the charm?&lt;/h4&gt; &lt;p&gt;NASA will roll its Space Launch System back out to the launchpad at the Kennedy Space Center on Friday to prepare for a third attempt to put its most powerful rocket yet into the sky on November 14.…&lt;/p&gt;</summary>
  </entry>
  <entry>
    <id>tag:theregister.com,2005:story224533</id>
    <updated>2022-11-03T21:55:56Z</updated>
    <author>
      <name>Dylan Martin</name>
      <uri>https://search.theregister.com/?author=Dylan%20Martin</uri>
    </author>
    <link rel="alternate" type="text/html" href="https://go.theregister.com/feed/www.theregister.com/2022/11/03/amd_radeon_rx_7900_launched/"/>
    <title type="html">AMD’s latest, greatest Radeon graphics card $600 cheaper than Nvidia’s top RTX 4090</title>
    <summary type="html" xml:base="https://www.theregister.com/">&lt;h4&gt;Chiplet-based RNDA 3 GPU fans have been waiting for&lt;/h4&gt; &lt;p&gt;AMD has come out swinging at Nvidia with new flagship Radeon graphics cards that are cheaper than its rival's fresh GeForce RTX products.…&lt;/p&gt;</summary>
  </entry>
  <entry>
    <id>tag:theregister.com,2005:story224524</id>
    <updated>2022-11-03T20:45:15Z</updated>
    <author>
      <name>Jeff Burt</name>
      <uri>https://search.theregister.com/?author=Jeff%20Burt</uri>
    </author>
    <link rel="alternate" type="text/html" href="https://go.theregister.com/feed/www.theregister.com/2022/11/03/mfa_fatigue_enterprise_threat/"/>
    <title type="html">Multi-factor auth fatigue is real – and it's why you may be in the headlines next</title>
    <summary type="html" xml:base="https://www.theregister.com/">&lt;h4&gt;Overwhelmed by waves of push notifications, worn-down users inadvertently let the bad guys in&lt;/h4&gt; &lt;p&gt;&lt;strong&gt;Analysis&lt;/strong&gt;  The September cyberattack on ride-hailing service Uber began when a criminal bought the stolen credentials of a company contractor on the dark web.…&lt;/p&gt;</summary>
  </entry>
  <entry>
    <id>tag:theregister.com,2005:story224528</id>
    <updated>2022-11-03T19:46:07Z</updated>
    <author>
      <name>Brandon Vigliarolo</name>
      <uri>https://search.theregister.com/?author=Brandon%20Vigliarolo</uri>
    </author>
    <link rel="alternate" type="text/html" href="https://go.theregister.com/feed/www.theregister.com/2022/11/03/lyft_stripe_twitter_layoffs/"/>
    <title type="html">Latest layoffs: Lyft, Stripe more than decimate staff</title>
    <summary type="html" xml:base="https://www.theregister.com/">&lt;h4&gt;While Elon may just dump half of Twitter and scrap work-from-home&lt;/h4&gt; &lt;p&gt;Citing the likelihood of recession and increases in rideshare insurance costs, Lyft is laying off 13 percent of its workforce, with no team left unaffected.…&lt;/p&gt;</summary>
  </entry>
  <entry>
    <id>tag:theregister.com,2005:story224527</id>
    <updated>2022-11-03T19:15:13Z</updated>
    <author>
      <name>Liam Proven</name>
      <uri>https://search.theregister.com/?author=Liam%20Proven</uri>
    </author>
    <link rel="alternate" type="text/html" href="https://go.theregister.com/feed/www.theregister.com/2022/11/03/nitrux_25/"/>
    <title type="html">Nitrux 2.5: The latest update to a radical Linux</title>
    <summary type="html" xml:base="https://www.theregister.com/">&lt;h4&gt;Also one of the first distros we've seen with Kernel 6.0&lt;/h4&gt; &lt;p&gt;Nitrux OS is one of the most stylish and innovative distros we've seen so far: systemd-free, based on AppImages, and with a very unusual desktop.…&lt;/p&gt; &lt;p&gt;&lt;!--#include virtual='/data_centre/_whitepaper_textlinks_top.html' --&gt;&lt;/p&gt;</summary>
  </entry>
  <entry>
    <id>tag:theregister.com,2005:story224526</id>
    <updated>2022-11-03T18:45:10Z</updated>
    <author>
      <name>Tobias Mann</name>
      <uri>https://search.theregister.com/?author=Tobias%20Mann</uri>
    </author>
    <link rel="alternate" type="text/html" href="https://go.theregister.com/feed/www.theregister.com/2022/11/03/aws_freeze_hiring/"/>
    <title type="html">Amazon freezes corporate hiring amid worsening economic outlook</title>
    <summary type="html" xml:base="https://www.theregister.com/">&lt;h4&gt;The decision comes as the e-commerce giant stuggles with soaring energy prices and cash-strapped customers&lt;/h4&gt; &lt;p&gt;Amazon is freezing hiring of new corporate positions across the company for the rest of 2022 amid worsening economic conditions.…&lt;/p&gt;</summary>
  </entry>
  <entry>
    <id>tag:theregister.com,2005:story224525</id>
    <updated>2022-11-03T18:00:08Z</updated>
    <author>
      <name>Paul Kunert</name>
      <uri>https://search.theregister.com/?author=Paul%20Kunert</uri>
    </author>
    <link rel="alternate" type="text/html" href="https://go.theregister.com/feed/www.theregister.com/2022/11/03/kyndryl_q2_fiscal_2023/"/>
    <title type="html">Kyndryl loses $281m in the quarter as modernization agenda continues</title>
    <summary type="html" xml:base="https://www.theregister.com/">&lt;h4&gt;How to turn a classic infrastructure biz into something fit for the cloud era&lt;/h4&gt; &lt;p&gt;Shapeshifting infrastructure services biz Kyndryl can't plug its revenue leak but cutting costs did cut losses in half.…&lt;/p&gt;</summary>
  </entry>
  <entry>
    <id>tag:theregister.com,2005:story224520</id>
    <updated>2022-11-03T17:30:13Z</updated>
    <author>
      <name>Brandon Vigliarolo</name>
      <uri>https://search.theregister.com/?author=Brandon%20Vigliarolo</uri>
    </author>
    <link rel="alternate" type="text/html" href="https://go.theregister.com/feed/www.theregister.com/2022/11/03/tumblr_says_nudes_are_back/"/>
    <title type="html">Tumblr says nudes are back on the menu – within reason</title>
    <summary type="html" xml:base="https://www.theregister.com/">&lt;h4&gt;But old 'go nuts, show nuts' attitude is dead for good&lt;/h4&gt; &lt;p&gt;Tumblr has reversed course on its 2018 nudity ban, welcoming some – but not all – adult content creators back to the platform after a four-year hiatus.…&lt;/p&gt;</summary>
  </entry>
  <entry>
    <id>tag:theregister.com,2005:story224523</id>
    <updated>2022-11-03T16:45:13Z</updated>
    <author>
      <name>Brandon Vigliarolo</name>
      <uri>https://search.theregister.com/?author=Brandon%20Vigliarolo</uri>
    </author>
    <link rel="alternate" type="text/html" href="https://go.theregister.com/feed/www.theregister.com/2022/11/03/ransomware_summit_cryptocurrency/"/>
    <title type="html">International summit agrees crack down on crypto to combat ransomware</title>
    <summary type="html" xml:base="https://www.theregister.com/">&lt;h4&gt;Commitments include international wallet info sharing, KYC requirements, and an AML crackdown&lt;/h4&gt; &lt;p&gt;The White House's second International Counter Ransomware Initiative summit has concluded, and this year the 36-nation group has made clear it intends to crack down on how cryptocurrencies are used to finance ransomware operations.…&lt;/p&gt;</summary>
  </entry>
  <entry>
    <id>tag:theregister.com,2005:story224521</id>
    <updated>2022-11-03T15:50:10Z</updated>
    <author>
      <name>Dan Robinson</name>
      <uri>https://search.theregister.com/?author=Dan%20Robinson</uri>
    </author>
    <link rel="alternate" type="text/html" href="https://go.theregister.com/feed/www.theregister.com/2022/11/03/fcc_afc_providers_wifi/"/>
    <title type="html">FCC taps 13 providers to manage 6GHz band access for new Wi-Fi standards</title>
    <summary type="html" xml:base="https://www.theregister.com/">&lt;h4&gt;Public will be able to test each system as part of development process&lt;/h4&gt; &lt;p&gt;The US Federal Communications Commission (FCC) has conditionally approved 13 proposed automated frequency coordination (AFC) systems to manage spectrum access for unlicensed devices in the 6GHz band.…&lt;/p&gt; &lt;p&gt;&lt;!--#include virtual='/data_centre/_whitepaper_textlinks_top.html' --&gt;&lt;/p&gt;</summary>
  </entry>
  <entry>
    <id>tag:theregister.com,2005:story224519</id>
    <updated>2022-11-03T15:15:06Z</updated>
    <author>
      <name>Lindsay Clark</name>
      <uri>https://search.theregister.com/?author=Lindsay%20Clark</uri>
    </author>
    <link rel="alternate" type="text/html" href="https://go.theregister.com/feed/www.theregister.com/2022/11/03/redis_resp_app/"/>
    <title type="html">Redis swallows RESP.app biz that made its database easier on developers</title>
    <summary type="html" xml:base="https://www.theregister.com/">&lt;h4&gt;Acquisition of Ukrainian startup to help broaden appeal beyond popular cache&lt;/h4&gt; &lt;p&gt;Database provider Redis has acquired RESP.app, a popular developer tool used to ease developer experience on the popular key-value database.…&lt;/p&gt;</summary>
  </entry>
  <entry>
    <id>tag:theregister.com,2005:story224517</id>
    <updated>2022-11-03T13:35:04Z</updated>
    <author>
      <name>Dan Robinson</name>
      <uri>https://search.theregister.com/?author=Dan%20Robinson</uri>
    </author>
    <link rel="alternate" type="text/html" href="https://go.theregister.com/feed/www.theregister.com/2022/11/03/lenovo_q2_2023/"/>
    <title type="html">Lenovo revenues drop due to falling demand for PCs</title>
    <summary type="html" xml:base="https://www.theregister.com/">&lt;h4&gt;But overall profits are up thanks to cost cutting and success in other divisions&lt;/h4&gt; &lt;p&gt;Lenovo revenues declined for the first time in 10 quarters due to a steep fall in demand for PCs and tablets. Still, profits rose due to cost-cutting measures and growth in other areas such as its services division.…&lt;/p&gt;</summary>
  </entry>
  <entry>
    <id>tag:theregister.com,2005:story224516</id>
    <updated>2022-11-03T12:42:40Z</updated>
    <author>
      <name>Paul Kunert</name>
      <uri>https://search.theregister.com/?author=Paul%20Kunert</uri>
    </author>
    <link rel="alternate" type="text/html" href="https://go.theregister.com/feed/www.theregister.com/2022/11/03/bt_cost_cutting/"/>
    <title type="html">BT CEO ups cost-cutting plan amid rising inflation and soaring energy costs</title>
    <summary type="html" xml:base="https://www.theregister.com/">&lt;h4&gt;National telecom giant admits strike action is impacting customer broadband connections&lt;/h4&gt; &lt;p&gt;BT Group is looking to wrench out higher savings amid rising inflation in the relentless pursuit of improved profits.…&lt;/p&gt;</summary>
  </entry>
  <entry>
    <id>tag:theregister.com,2005:story224501</id>
    <updated>2022-11-03T11:35:07Z</updated>
    <author>
      <name>Liam Proven</name>
      <uri>https://search.theregister.com/?author=Liam%20Proven</uri>
    </author>
    <link rel="alternate" type="text/html" href="https://go.theregister.com/feed/www.theregister.com/2022/11/03/version_252_systemd/"/>
    <title type="html">Version 252 of systemd, as expected, locks down the Linux boot process</title>
    <summary type="html" xml:base="https://www.theregister.com/">&lt;h4&gt;The init system that everybody loves to hate&lt;/h4&gt; &lt;p&gt;The fall version of systemd is here, with support for increased boot security, including tightened full-disk encryption.…&lt;/p&gt;</summary>
  </entry>
  <entry>
    <id>tag:theregister.com,2005:story224515</id>
    <updated>2022-11-03T10:37:12Z</updated>
    <author>
      <name>Lindsay Clark</name>
      <uri>https://search.theregister.com/?author=Lindsay%20Clark</uri>
    </author>
    <link rel="alternate" type="text/html" href="https://go.theregister.com/feed/www.theregister.com/2022/11/03/oracle_erp_edinburgh_university/"/>
    <title type="html">University of Edinburgh staff paid late due to Oracle ERP troubles</title>
    <summary type="html" xml:base="https://www.theregister.com/">&lt;h4&gt;Project beginning in 2019 has left employees and suppliers waiting on payments&lt;/h4&gt; &lt;p&gt;Scotland's University of Edinburgh has paid staff and suppliers late owing to the troubled implementation of a new Oracle-based HR and finance system.…&lt;/p&gt; &lt;p&gt;&lt;!--#include virtual='/data_centre/_whitepaper_textlinks_top.html' --&gt;&lt;/p&gt;</summary>
  </entry>
  <entry>
    <id>t
339e
ag:theregister.com,2005:story224489</id>
    <updated>2022-11-03T09:30:06Z</updated>
    <author>
      <name>Dan Robinson</name>
      <uri>https://search.theregister.com/?author=Dan%20Robinson</uri>
    </author>
    <link rel="alternate" type="text/html" href="https://go.theregister.com/feed/www.theregister.com/2022/11/03/aviatrix_cloudiq/"/>
    <title type="html">Aviatrix releases tool to help enterprises prevent cloud network costs spiraling</title>
    <summary type="html" xml:base="https://www.theregister.com/">&lt;h4&gt;Just as providers prepare to crank up their fees&lt;/h4&gt; &lt;p&gt;Cloud networking outfit Aviatrix has extended its platform with a new capability that monitors network usage to help enterprises more accurately track costs and enable chargeback to individual departments.…&lt;

DEBUG counter: 22

B: 1536, HF:1
Builded XML size before: 33024
Builded XML size after: 33024

==Response L:1536
/p&gt;</summary>
  </entry>
  <entry>
    <id>tag:theregister.com,2005:story224508</id>
    <updated>2022-11-03T08:29:13Z</updated>
    <author>
      <name>Jessica Lyons Hardcastle</name>
      <uri>https://search.theregister.com/?author=Jessica%20Lyons%20Hardcastle</uri>
    </author>
    <link rel="alternate" type="text/html" href="https://go.theregister.com/feed/www.theregister.com/2022/11/03/royal_mail_customer_data_leak/"/>
    <title type="html">Royal Mail customer data leak shutters online Click and Drop</title>
    <summary type="html" xml:base="https://www.theregister.com/">&lt;h4&gt;Customers complain of exposed order info, multiple charges — but still no postage&lt;/h4&gt; &lt;p&gt;A technical SNAFU shut down the UK's Royal Mail Click and Drop website on Tuesday after a security "issue" allowed some customers to see others' order information. …&lt;/p&gt;</summary>
  </entry>
  <entry>
    <id>tag:theregister.com,2005:story224506</id>
    <updated>2022-11-03T07:32:09Z</updated>
    <author>
      <name>Katyanna Quach</name>
      <uri>https://search.theregister.com/?author=Katyanna%20Quach</uri>
    </author>
    <link rel="alternate" type="text/html" href="https://go.theregister.com/feed/www.theregister.com/2022/11/03/nasas_capstone_moon_orbit/"/>
    <title type="html">NASA's CAPSTONE satellite is out of safe mode and on track for Moon orbit this month</title>
    <summary type="html" xml:base="https://www.theregister.com/">&lt;h4&gt;Artemis orbit tester back in the pipe, five by five&lt;/h4&g
==

==XML builded
7dc0
<?xml version="1.0" encoding="UTF-8"?>
<feed xmlns="http://www.w3.org/2005/Atom" xml:lang="en">
  <id>tag:theregister.com,2005:feed/theregister.com/</id>
  <title>The Register</title>
  <link rel="self" type="application/atom+xml" href="https://www.theregister.com/headlines.atom"/>
  <link rel="alternate" type="text/html" href="https://www.theregister.com/"/>
  <rights>Copyright © 2022, Situation Publishing</rights>
  <author>
    <name>Team Register</name>
    <email>webmaster@theregister.co.uk</email>
    <uri>https://www.theregister.com/odds/about/contact/</uri>
  </author>
  <icon>https://www.theregister.com/Design/graphics/icons/favicon.png</icon>
  <subtitle>Biting the hand that feeds IT — Enterprise Technology News and Analysis</subtitle>
  <logo>https://www.theregister.com/Design/graphics/Reg_default/The_Register_r.png</logo>
  <updated>2022-11-04T19:15:11Z</updated>
  <entry>
    <id>tag,:theregister.com,2005:story224552</id>
    <updated>2022-11-04T19:15:11Z</updated>
    <author>
      <name>Brandon Vigliarolo</name>
      <uri>https://search.theregister.com/?author=Brandon%20Vigliarolo</uri>
    </author>
    <link rel="alternate" type="text/html" href="https://go.theregister.com/feed/www.theregister.com/2022/11/04/twitter_warn_act_lawsuit/"/>
    <title type="html">Twitter employees sue over lack of 60-day layoff notice</title>
    <summary type="html" xml:base="https://www.theregister.com/">&lt;h4&gt;Musk-owned companies have now faced 3 WARN Act lawsuits alleging the same thing&lt;/h4&gt; &lt;p&gt;The great Twitter cull of '22 is expected to begin today, but a group of tweeps have preempted the event by filing a class action lawsuit against Twitter for violating the WARN Act.…&lt;/p&gt;</summary>
  </entry>
  <entry>
    <id>tag:theregister.com,2005:story224550</id>
    <updated>2022-11-04T18:30:08Z</updated>
    <author>
      <name>Jeff Burt</name>
      <uri>https://search.theregister.com/?author=Jeff%20Burt</uri>
    </author>
    <link rel="alternate" type="text/html" href="https://go.theregister.com/feed/www.theregister.com/2022/11/04/crimson_kingsnake_bec_scam/"/>
    <title type="html">Double-check demand payment emails from law firms: Convincing fakes surface</title>
    <summary type="html" xml:base="https://www.theregister.com/">&lt;h4&gt;Crimson Kingsnake impersonates legit attorneys, fakes email threads from your colleagues in far-reaching BEC campaign&lt;/h4&gt; &lt;p&gt;A new threat group called Crimson Kingsnake is impersonating real law companies and debt recovery services to intimidate businessess into paying bogus overdue invoices.…&lt;/p&gt; &lt;p&gt;&lt;!--#include virtual='/data_centre/_whitepaper_textlinks_top.html' --&gt;&lt;/p&gt;</summary>
  </entry>
  <entry>
    <id>tag:theregister.com,2005:story224547</id>
    <updated>2022-11-04T17:30:08Z</updated>
    <author>
      <name>Liam Proven</name>
      <uri>https://search.theregister.com/?author=Liam%20Proven</uri>
    </author>
    <link rel="alternate" type="text/html" href="https://go.theregister.com/feed/www.theregister.com/2022/11/04/mozilla_ventures/"/>
    <title type="html">Mozilla Foundation launches ethical venture capital fund</title>
    <summary type="html" xml:base="https://www.theregister.com/">&lt;h4&gt;An unexpected move, but we suspect that Carl Sagan might have approved&lt;/h4&gt; &lt;p&gt;Mozilla has announced the successor to the Mozilla Builders incubator: Mozilla Ventures.…&lt;/p&gt;</summary>
  </entry>
  <entry>
    <id>tag:theregister.com,2005:story224549</id>
    <updated>2022-11-04T16:15:25Z</updated>
    <author>
      <name>Brandon Vigliarolo</name>
      <uri>https://search.theregister.com/?author=Brandon%20Vigliarolo</uri>
    </author>
    <link rel="alternate" type="text/html" href="https://go.theregister.com/feed/www.theregister.com/2022/11/04/starliner_launch_delay/"/>
    <title type="html">Boeing's Starliner launch pushed back again... to April 2023</title>
    <summary type="html" xml:base="https://www.theregister.com/">&lt;h4&gt;The official word is 'scheduling conflicts,' but NASA's safety panel has expressed concerns too&lt;/h4&gt; &lt;p&gt;The first crewed launch of Boeing's Starliner has been delayed again, this time being pushed back to April 2023 from an earlier planned launch date of February.…&lt;/p&gt;</summary>
  </entry>
  <entry>
    <id>tag:theregister.com,2005:story224545</id>
    <updated>2022-11-04T15:15:12Z</updated>
    <author>
      <name>Lindsay Clark</name>
      <uri>https://search.theregister.com/?author=Lindsay%20Clark</uri>
    </author>
    <link rel="alternate" type="text/html" href="https://go.theregister.com/feed/www.theregister.com/2022/11/04/uk_governement_set_to_extract/"/>
    <title type="html">UK government set to extract hospital data to Palantir system without patient consent</title>
    <summary type="html" xml:base="https://www.theregister.com/">&lt;h4&gt;'You'll be hearing from us,' say privacy campaigners who previously forced the government to back down&lt;/h4&gt; &lt;p&gt;The UK government is set to extract patient-identifiable data from NHS hospital systems and share this with its data platform based on technology from Palantir, a move that seems set to provoke another legal challenge.…&lt;/p&gt;</summary>
  </entry>
  <entry>
    <id>tag:theregister.com,2005:story224548</id>
    <updated>2022-11-04T14:15:35Z</updated>
    <author>
      <name>Dan Robinson</name>
      <uri>https://search.theregister.com/?author=Dan%20Robinson</uri>
    </author>
    <link rel="alternate" type="text/html" href="https://go.theregister.com/feed/www.theregister.com/2022/11/04/us_chip_industry_china_ban/"/>
    <title type="html">US chip industry worried it may lose out to rivals over China ban</title>
    <summary type="html" xml:base="https://www.theregister.com/">&lt;h4&gt;Just hang on while we convince the rest of the world, Commerce Sec tells makers&lt;/h4&gt; &lt;p&gt;US companies that build chipmaking equipment have been told to tough it out as they face a ban on selling to customers in China, while their rivals elsewhere in the world currently have no such restrictions.…&lt;/p&gt; &lt;p&gt;&lt;!--#include virtual='/data_centre/_whitepaper_textlinks_top.html' --&gt;&lt;/p&gt;</summary>
  </entry>
  <entry>
    <id>tag:theregister.com,2005:story224541</id>
    <updated>2022-11-04T13:30:42Z</updated>
    <author>
      <name>Jude Karabus</name>
      <uri>https://search.theregister.com/?author=Jude%20Karabus</uri>
    </author>
    <link rel="alternate" type="text/html" href="https://go.theregister.com/feed/www.theregister.com/2022/11/04/google_nlrb_complaint/"/>
    <title type="html">Google cut contractors off from online 'Share My Salary' spreadsheet, union claims</title>
    <summary type="html" xml:base="https://www.theregister.com/">&lt;h4&gt;Alphabet Workers Union says it's an illegal block of workers' right to discuss pay&lt;/h4&gt; &lt;p&gt;The Alphabet Workers Union (AWU) claims the company blocked access to a shared spreadsheet in which it reckons "hundreds" of subcontracted workers had shared their salary details and "up to 50,000" of those staffers are now prevented from looking them up.…&lt;/p&gt;</summary>
  </entry>
  <entry>
    <id>tag:theregister.com,2005:story224543</id>
    <updated>2022-11-04T12:50:15Z</updated>
    <author>
      <name>Dan Robinson</name>
      <uri>https://search.theregister.com/?author=Dan%20Robinson</uri>
    </author>
    <link rel="alternate" type="text/html" href="https://go.theregister.com/feed/www.theregister.com/2022/11/04/dell_australia_consumer_court/"/>
    <title type="html">Dell hit with Oz court case for misleading prices on monitors</title>
    <summary type="html" xml:base="https://www.theregister.com/">&lt;h4&gt;Watchdog claims add-ons to computer purchases appeared to be discounted but did not reflect the standalone RRP&lt;/h4&gt; &lt;p&gt;Dell's Australian business is in trouble with the country's consumer watchdog for allegedly misleading buyers about the price of displays purchased as an add-on with its computers.…&lt;/p&gt;</summary>
  </entry>
  <entry>
    <id>tag:theregister.com,2005:story224544</id>
    <updated>2022-11-04T12:20:09Z</updated>
    <author>
      <name>Paul Kunert</name>
      <uri>https://search.theregister.com/?author=Paul%20Kunert</uri>
    </author>
    <link rel="alternate" type="text/html" href="https://go.theregister.com/feed/www.theregister.com/2022/11/04/bt_pay_talks_reopened_says_cwu/"/>
    <title type="html">BT re-enters pay talks to prevent further strikes, says union</title>
    <summary type="html" xml:base="https://www.theregister.com/">&lt;h4&gt;What forced the change in attitude? The impact on 40,000 broadband connections possibly&lt;/h4&gt; &lt;p&gt;The Communication Workers Unions (CWU) claims BT Group has agreed to re-enter negotiations to find a solution to the protracted pay dispute that has caused thousands of engineers and call center operators to strike.…&lt;/p&gt;</summary>
  </entry>
  <entry>
    <id>tag:theregister.com,2005:story224542</id>
    <updated>2022-11-04T11:03:13Z</updated>
    <author>
      <name>Richard Currie</name>
      <uri>https://search.theregister.com/?author=Richard%20Currie</uri>
    </author>
    <link rel="alternate" type="text/html" href="https://go.theregister.com/feed/www.theregister.com/2022/11/04/nft_vending_machine/"/>
    <title type="html">NFT vending machine appears in London</title>
    <summary type="html" xml:base="https://www.theregister.com/">&lt;h4&gt;Don't everyone rush at once&lt;/h4&gt; &lt;p&gt;NFTs are dead. And stupid. Don't just take our word for it – Bill Gates, widely considered a pretty smart guy, described them as "100 percent based on greater fool theory" and analyst Forrester recently said "most consumers aren't interested in NFT stunts."…&lt;/p&gt; &lt;p&gt;&lt;!--#include virtual='/data_centre/_whitepaper_textlinks_top.html' --&gt;&lt;/p&gt;</summary>
  </entry>
  <entry>
    <id>tag:theregister.com,2005:story224531</id>
    <updated>2022-11-04T09:34:13Z</updated>
    <author>
      <name>Jeff Burt</name>
      <uri>https://search.theregister.com/?author=Jeff%20Burt</uri>
    </author>
    <link rel="alternate" type="text/html" href="https://go.theregister.com/feed/www.theregister.com/2022/11/04/microsoft_ukraine_tech_support/"/>
    <title type="html">Microsoft gives away '$400m in cloud support' to Ukraine</title>
    <summary type="html" xml:base="https://www.theregister.com/">&lt;h4&gt;Freedom isn't free&lt;/h4&gt; &lt;p&gt;The Ukraine government will continue to be able to run its digital infrastructure through the Microsoft Cloud for free in 2023, the tech giant confirmed today.…&lt;/p&gt;</summary>
  </entry>
  <entry>
    <id>tag:theregister.com,2005:story224518</id>
    <updated>2022-11-04T08:30:14Z</updated>
    <author>
      <name>Richard Currie</name>
      <uri>https://search.theregister.com/?author=Richard%20Currie</uri>
    </author>
    <link rel="alternate" type="text/html" href="https://go.theregister.com/feed/www.theregister.com/2022/11/04/norths_align_britain/"/>
    <title type="html">All of the norths are about to align over Britain</title>
    <summary type="html" xml:base="https://www.theregister.com/">&lt;h4&gt;Magnetic north is on a walkabout, and your OCD will benefit&lt;/h4&gt; &lt;p&gt;UK map lords at the Ordnance Survey have some big news for people with obsessive compulsive personality disorder or otherwise like everything to be neatly lined up.…&lt;/p&gt;</summary>
  </entry>
  <entry>
    <id>tag:theregister.com,2005:story224538</id>
    <updated>2022-11-04T07:32:08Z</updated>
    <author>
      <name>Simon Sharwood</name>
      <uri>https://search.theregister.com/?author=Simon%20Sharwood</uri>
    </author>
    <link rel="alternate" type="text/html" href="https://go.theregister.com/feed/www.theregister.com/2022/11/04/on_call/"/>
    <title type="html">Hot, sweaty builders hosed a server – literally – leaving support with an all-night RAID repair job</title>
    <summary type="html" xml:base="https://www.theregister.com/">&lt;h4&gt;Extension cords are good for power. Extension tubes? Not so good for air&lt;/h4&gt; &lt;p&gt;&lt;strong&gt;On Call&lt;/strong&gt;  As two precious days of free time loom, &lt;i&gt;The Register&lt;/i&gt; offers a two-minute taste of the energy-draining drama that makes weekends so important in another instalment of On-Call, our weekly reader-contributed tale of the messes IT people are asked to address.…&lt;/p&gt;</summary>
  </entry>
  <entry>
    <id>tag:theregister.com,2005:story224540</id>
    <updated>2022-11-04T06:58:13Z</updated>
    <author>
      <name>Simon Sharwood</name>
      <uri>https://search.theregister.com/?author=Simon%20Sharwood</uri>
    </author>
    <link rel="alternate" type="text/html" href="https://go.theregister.com/feed/www.theregister.com/2022/11/04/atlassian_q1_23/"/>
    <title type="html">You fire 'em, we'll hire 'em: Atlassian sees tech layoffs as HR heaven</title>
    <summary type="html" xml:base="https://www.theregister.com/">&lt;h4&gt;But investors aren't impressed by losses and unpleasant outlook&lt;/h4&gt; &lt;p&gt;Atlassian sees the current round of layoffs and hiring freezes across the tech industry as an opportunity on which it hopes to capitalise – even as its own share price slumps.…&lt;/p&gt;</summary>
  </entry>
  <entry>
    <id>tag:theregister.com,2005:story224529</id>
    <updated>2022-11-04T06:22:06Z</updated>
    <author>
      <name>Jessica Lyons Hardcastle</name>
      <uri>https://search.theregister.com/?author=Jessica%20Lyons%20Hardcastle</uri>
    </author>
    <link rel="alternate" type="text/html" href="https://go.theregister.com/feed/www.theregister.com/2022/11/04/french_opera1er_group_ib/"/>
    <title type="html">French-speaking voleurs stole $30m in 15-country bank, telecoms cyber-heist spree</title>
    <summary type="html" xml:base="https://www.theregister.com/">&lt;h4&gt;Smooth 'OPERA1ER' hit orgs around the world over four or more years&lt;/h4&gt; &lt;p&gt;A French-speaking criminal group codenamed OPERA1ER has pulled off more than 30 cyber-heists against telecom organizations and banks across Africa, Asia, and Latin America, stealing upwards of $30 million over four years, according to security researchers.…&lt;/p&gt; &lt;p&gt;&lt;!--#include virtual='/data_centre/_whitepaper_textlinks_top.html' --&gt;&lt;/p&gt;</summary>
  </entry>
  <entry>
    <id>tag:theregister.com,2005:story224539</id>
    <updated>2022-11-04T05:59:11Z</updated>
    <author>
      <name>Laura Dobberstein</name>
      <uri>https://search.theregister.com/?author=Laura%20Dobberstein</uri>
    </author>
    <link rel="alternate" type="text/html" href="https://go.theregister.com/feed/www.theregister.com/2022/11/04/xiaomi_concept_phone_with_mounted/"/>
    <title type="html">Xiaomi reveals bonkers phone with bolted-on Leica lens that will make you look like a dork</title>
    <summary type="html" xml:base="https://www.theregister.com/">&lt;h4&gt;A weighty lens, placed off-centre on a lightweight smartphone – what could possibly go wrong?&lt;/h4&gt; &lt;p&gt;Chinese smartphone darling has shown off a phone with a full camera lens bolted to its back – which looks very dorky, but thankfully is only a concept device.…&lt;/p&gt;</summary>
  </entry>
  <entry>
    <id>tag:theregister.com,2005:story224537</id>
    <updated>2022-11-04T04:58:05Z</updated>
    <author>
      <name>Simon Sharwood</name>
      <uri>https://search.theregister.com/?author=Simon%20Sharwood</uri>
    </author>
    <link rel="alternate" type="text/html" href="https://go.theregister.com/feed/www.theregister.com/2022/11/04/lenovo_isg_profitable_four_quarters/"/>
    <title type="html">After years of losses, Lenovo's infrastructure group posts 12 months of profits</title>
    <summary type="html" xml:base="https://www.theregister.com/">&lt;h4&gt;Execs say enterprise hardware biz is flying – don't mention the sub-one-percent profit&lt;/h4&gt; &lt;p&gt;In February 2022 Lenovo &lt;a target="_blank" href="https://www.theregister.com/2022/02/23/lenovo_q3_2022/"&gt;shared&lt;/a&gt; a slightly special number: $17 million. That's the first profit made by its Infrastructure Solutions Group (ISG) since its predecessor was formed by the &lt;a target="_blank" href="https://www.theregister.com/2014/09/29/lenovo_ibm_server_deal_to_close_october/"&gt;2014 acquisition of IBM's x86 server business&lt;/a&gt;.…&lt;/p&gt;</summary>
  </entry>
  <entry>
    <id>tag:theregister.com,2005:story224536</id>
    <updated>2022-11-04T03:44:59Z</updated>
    <author>
      <name>Simon Sharwood</name>
      <uri>https://search.theregister.com/?author=Simon%20Sharwood</uri>
    </author>
    <link rel="alternate" type="text/html" href="https://go.theregister.com/feed/www.theregister.com/2022/11/04/twitter_layoffs_email/"/>
    <title type="html">Elon Musk reportedly outlines horrible Twitter layoff process</title>
    <summary type="html" xml:base="https://www.theregister.com/">&lt;h4&gt;Email to your personal account is bad news, email to your work account means you still work at Twitter&lt;/h4&gt; &lt;p&gt;Twitter owner, sole director and – according to his Twitter profile, now also "Twitter Complaint Hotline Operator" – has reportedly informed company staff that layoffs begin tomorrow.…&lt;/p&gt;</summary>
  </entry>
  <entry>
    <id>tag:theregister.com,2005:story224535</id>
    <updated>2022-11-04T02:59:06Z</updated>
    <author>
      <name>Simon Sharwood</name>
      <uri>https://search.theregister.com/?author=Simon%20Sharwood</uri>
    </author>
    <link rel="alternate" type="text/html" href="https://go.theregister.com/feed/www.theregister.com/2022/11/04/alibaba_cloud_20_percent_arm/"/>
    <title type="html">Alibaba Cloud plans for a fifth of its servers to use homebrew Arm CPUs by 2025</title>
    <summary type="html" xml:base="https://www.theregister.com/">&lt;h4&gt;Sanctions? What sanctions? Just look at the low, low, power consumption figures&lt;/h4&gt; &lt;p&gt;Alibaba Cloud has revealed that it plans to power 20 percent of its operations with its own homebrew CPUs by 2025.…&lt;/p&gt;</summary>
  </entry>
  <entry>
    <id>tag:theregister.com,2005:story224522</id>
    <updated>2022-11-04T01:01:13Z</updated>
    <author>
      <name>Laura Dobberstein</name>
      <uri>https://search.theregister.com/?author=Laura%20Dobberstein</uri>
    </author>
    <link rel="alternate" type="text/html" href="https://go.theregister.com/feed/www.theregister.com/2022/11/04/mas_stablecoin_cbdc/"/>
    <title type="html">Singapore's fintech boss says stablecoins might win before CBDCs even get started</title>
    <summary type="html" xml:base="https://www.theregister.com/">&lt;h4&gt;Monetary authority presses ahead with Ubin+ cross-border CBDC trial anyway&lt;/h4&gt; &lt;p&gt;While central bank digital currencies (CBDCs) are often advanced as a way to improve the world's creaking cross-border payments infrastructure, some financial experts believe the government-issued tokens may be usurped by stablecoins and other products.…&lt;/p&gt; &lt;p&gt;&lt;!--#include virtual='/data_centre/_whitepaper_textlinks_top.html' --&gt;&lt;/p&gt;</summary>
  </entry>
  <entry>
    <id>tag:theregister.com,2005:story224530</id>
    <updated>2022-11-03T23:58:12Z</updated>
    <author>
      <name>Katyanna Quach</name>
      <uri>https://search.theregister.com/?author=Katyanna%20Quach</uri>
    </author>
    <link rel="alternate" type="text/html" href="https://go.theregister.com/feed/www.theregister.com/2022/11/03/nasa_artemis_launch/"/>
    <title type="html">NASA wheels SLS rocket out to the launchpad for another attempt to get off the ground</title>
    <summary type="html" xml:base="https://www.theregister.com/">&lt;h4&gt;After two previous failures, will third time be the charm?&lt;/h4&gt; &lt;p&gt;NASA will roll its Space Launch System back out to the launchpad at the Kennedy Space Center on Friday to prepare for a third attempt to put its most powerful rocket yet into the sky on November 14.…&lt;/p&gt;</summary>
  </entry>
  <entry>
    <id>tag:theregister.com,2005:story224533</id>
    <updated>2022-11-03T21:55:56Z</updated>
    <author>
      <name>Dylan Martin</name>
      <uri>https://search.theregister.com/?author=Dylan%20Martin</uri>
    </author>
    <link rel="alternate" type="text/html" href="https://go.theregister.com/feed/www.theregister.com/2022/11/03/amd_radeon_rx_7900_launched/"/>
    <title type="html">AMD’s latest, greatest Radeon graphics card $600 cheaper than Nvidia’s top RTX 4090</title>
    <summary type="html" xml:base="https://www.theregister.com/">&lt;h4&gt;Chiplet-based RNDA 3 GPU fans have been waiting for&lt;/h4&gt; &lt;p&gt;AMD has come out swinging at Nvidia with new flagship Radeon graphics cards that are cheaper than its rival's fresh GeForce RTX products.…&lt;/p&gt;</summary>
  </entry>
  <entry>
    <id>tag:theregister.com,2005:story224524</id>
    <updated>2022-11-03T20:45:15Z</updated>
    <author>
      <name>Jeff Burt</name>
      <uri>https://search.theregister.com/?author=Jeff%20Burt</uri>
    </author>
    <link rel="alternate" type="text/html" href="https://go.theregister.com/feed/www.theregister.com/2022/11/03/mfa_fatigue_enterprise_threat/"/>
    <title type="html">Multi-factor auth fatigue is real – and it's why you may be in the headlines next</title>
    <summary type="html" xml:base="https://www.theregister.com/">&lt;h4&gt;Overwhelmed by waves of push notifications, worn-down users inadvertently let the bad guys in&lt;/h4&gt; &lt;p&gt;&lt;strong&gt;Analysis&lt;/strong&gt;  The September cyberattack on ride-hailing service Uber began when a criminal bought the stolen credentials of a company contractor on the dark web.…&lt;/p&gt;</summary>
  </entry>
  <entry>
    <id>tag:theregister.com,2005:story224528</id>
    <updated>2022-11-03T19:46:07Z</updated>
    <author>
      <name>Brandon Vigliarolo</name>
      <uri>https://search.theregister.com/?author=Brandon%20Vigliarolo</uri>
    </author>
    <link rel="alternate" type="text/html" href="https://go.theregister.com/feed/www.theregister.com/2022/11/03/lyft_stripe_twitter_layoffs/"/>
    <title type="html">Latest layoffs: Lyft, Stripe more than decimate staff</title>
    <summary type="html" xml:base="https://www.theregister.com/">&lt;h4&gt;While Elon may just dump half of Twitter and scrap work-from-home&lt;/h4&gt; &lt;p&gt;Citing the likelihood of recession and increases in rideshare insurance costs, Lyft is laying off 13 percent of its workforce, with no team left unaffected.…&lt;/p&gt;</summary>
  </entry>
  <entry>
    <id>tag:theregister.com,2005:story224527</id>
    <updated>2022-11-03T19:15:13Z</updated>
    <author>
      <name>Liam Proven</name>
      <uri>https://search.theregister.com/?author=Liam%20Proven</uri>
    </author>
    <link rel="alternate" type="text/html" href="https://go.theregister.com/feed/www.theregister.com/2022/11/03/nitrux_25/"/>
    <title type="html">Nitrux 2.5: The latest update to a radical Linux</title>
    <summary type="html" xml:base="https://www.theregister.com/">&lt;h4&gt;Also one of the first distros we've seen with Kernel 6.0&lt;/h4&gt; &lt;p&gt;Nitrux OS is one of the most stylish and innovative distros we've seen so far: systemd-free, based on AppImages, and with a very unusual desktop.…&lt;/p&gt; &lt;p&gt;&lt;!--#include virtual='/data_centre/_whitepaper_textlinks_top.html' --&gt;&lt;/p&gt;</summary>
  </entry>
  <entry>
    <id>tag:theregister.com,2005:story224526</id>
    <updated>2022-11-03T18:45:10Z</updated>
    <author>
      <name>Tobias Mann</name>
      <uri>https://search.theregister.com/?author=Tobias%20Mann</uri>
    </author>
    <link rel="alternate" type="text/html" href="https://go.theregister.com/feed/www.theregister.com/2022/11/03/aws_freeze_hiring/"/>
    <title type="html">Amazon freezes corporate hiring amid worsening economic outlook</title>
    <summary type="html" xml:base="https://www.theregister.com/">&lt;h4&gt;The decision comes as the e-commerce giant stuggles with soaring energy prices and cash-strapped customers&lt;/h4&gt; &lt;p&gt;Amazon is freezing hiring of new corporate positions across the company for the rest of 2022 amid worsening economic conditions.…&lt;/p&gt;</summary>
  </entry>
  <entry>
    <id>tag:theregister.com,2005:story224525</id>
    <updated>2022-11-03T18:00:08Z</updated>
    <author>
      <name>Paul Kunert</name>
      <uri>https://search.theregister.com/?author=Paul%20Kunert</uri>
    </author>
    <link rel="alternate" type="text/html" href="https://go.theregister.com/feed/www.theregister.com/2022/11/03/kyndryl_q2_fiscal_2023/"/>
    <title type="html">Kyndryl loses $281m in the quarter as modernization agenda continues</title>
    <summary type="html" xml:base="https://www.theregister.com/">&lt;h4&gt;How to turn a classic infrastructure biz into something fit for the cloud era&lt;/h4&gt; &lt;p&gt;Shapeshifting infrastructure services biz Kyndryl can't plug its revenue leak but cutting costs did cut losses in half.…&lt;/p&gt;</summary>
  </entry>
  <entry>
    <id>tag:theregister.com,2005:story224520</id>
    <updated>2022-11-03T17:30:13Z</updated>
    <author>
      <name>Brandon Vigliarolo</name>
      <uri>https://search.theregister.com/?author=Brandon%20Vigliarolo</uri>
    </author>
    <link rel="alternate" type="text/html" href="https://go.theregister.com/feed/www.theregister.com/2022/11/03/tumblr_says_nudes_are_back/"/>
    <title type="html">Tumblr says nudes are back on the menu – within reason</title>
    <summary type="html" xml:base="https://www.theregister.com/">&lt;h4&gt;But old 'go nuts, show nuts' attitude is dead for good&lt;/h4&gt; &lt;p&gt;Tumblr has reversed course on its 2018 nudity ban, welcoming some – but not all – adult content creators back to the platform after a four-year hiatus.…&lt;/p&gt;</summary>
  </entry>
  <entry>
    <id>tag:theregister.com,2005:story224523</id>
    <updated>2022-11-03T16:45:13Z</updated>
    <author>
      <name>Brandon Vigliarolo</name>
      <uri>https://search.theregister.com/?author=Brandon%20Vigliarolo</uri>
    </author>
    <link rel="alternate" type="text/html" href="https://go.theregister.com/feed/www.theregister.com/2022/11/03/ransomware_summit_cryptocurrency/"/>
    <title type="html">International summit agrees crack down on crypto to combat ransomware</title>
    <summary type="html" xml:base="https://www.theregister.com/">&lt;h4&gt;Commitments include international wallet info sharing, KYC requirements, and an AML crackdown&lt;/h4&gt; &lt;p&gt;The White House's second International Counter Ransomware Initiative summit has concluded, and this year the 36-nation group has made clear it intends to crack down on how cryptocurrencies are used to finance ransomware operations.…&lt;/p&gt;</summary>
  </entry>
  <entry>
    <id>tag:theregister.com,2005:story224521</id>
    <updated>2022-11-03T15:50:10Z</updated>
    <author>
      <name>Dan Robinson</name>
      <uri>https://search.theregister.com/?author=Dan%20Robinson</uri>
    </author>
    <link rel="alternate" type="text/html" href="https://go.theregister.com/feed/www.theregister.com/2022/11/03/fcc_afc_providers_wifi/"/>
    <title type="html">FCC taps 13 providers to manage 6GHz band access for new Wi-Fi standards</title>
    <summary type="html" xml:base="https://www.theregister.com/">&lt;h4&gt;Public will be able to test each system as part of development process&lt;/h4&gt; &lt;p&gt;The US Federal Communications Commission (FCC) has conditionally approved 13 proposed automated frequency coordination (AFC) systems to manage spectrum access for unlicensed devices in the 6GHz band.…&lt;/p&gt; &lt;p&gt;&lt;!--#include virtual='/data_centre/_whitepaper_textlinks_top.html' --&gt;&lt;/p&gt;</summary>
  </entry>
  <entry>
    <id>tag:theregister.com,2005:story224519</id>
    <updated>2022-11-03T15:15:06Z</updated>
    <author>
      <name>Lindsay Clark</name>
      <uri>https://search.theregister.com/?author=Lindsay%20Clark</uri>
    </author>
    <link rel="alternate" type="text/html" href="https://go.theregister.com/feed/www.theregister.com/2022/11/03/redis_resp_app/"/>
    <title type="html">Redis swallows RESP.app biz that made its database easier on developers</title>
    <summary type="html" xml:base="https://www.theregister.com/">&lt;h4&gt;Acquisition of Ukrainian startup to help broaden appeal beyond popular cache&lt;/h4&gt; &lt;p&gt;Database provider Redis has acquired RESP.app, a popular developer tool used to ease developer experience on the popular key-value database.…&lt;/p&gt;</summary>
  </entry>
  <entry>
    <id>tag:theregister.com,2005:story224517</id>
    <updated>2022-11-03T13:35:04Z</updated>
    <author>
      <name>Dan Robinson</name>
      <uri>https://search.theregister.com/?author=Dan%20Robinson</uri>
    </author>
    <link rel="alternate" type="text/html" href="https://go.theregister.com/feed/www.theregister.com/2022/11/03/lenovo_q2_2023/"/>
    <title type="html">Lenovo revenues drop due to falling demand for PCs</title>
    <summary type="html" xml:base="https://www.theregister.com/">&lt;h4&gt;But overall profits are up thanks to cost cutting and success in other divisions&lt;/h4&gt; &lt;p&gt;Lenovo revenues declined for the first time in 10 quarters due to a steep fall in demand for PCs and tablets. Still, profits rose due to cost-cutting measures and growth in other areas such as its services division.…&lt;/p&gt;</summary>
  </entry>
  <entry>
    <id>tag:theregister.com,2005:story224516</id>
    <updated>2022-11-03T12:42:40Z</updated>
    <author>
      <name>Paul Kunert</name>
      <uri>https://search.theregister.com/?author=Paul%20Kunert</uri>
    </author>
    <link rel="alternate" type="text/html" href="https://go.theregister.com/feed/www.theregister.com/2022/11/03/bt_cost_cutting/"/>
    <title type="html">BT CEO ups cost-cutting plan amid rising inflation and soaring energy costs</title>
    <summary type="html" xml:base="https://www.theregister.com/">&lt;h4&gt;National telecom giant admits strike action is impacting customer broadband connections&lt;/h4&gt; &lt;p&gt;BT Group is looking to wrench out higher savings amid rising inflation in the relentless pursuit of improved profits.…&lt;/p&gt;</summary>
  </entry>
  <entry>
    <id>tag:theregister.com,2005:story224501</id>
    <updated>2022-11-03T11:35:07Z</updated>
    <author>
      <name>Liam Proven</name>
      <uri>https://search.theregister.com/?author=Liam%20Proven</uri>
    </author>
    <link rel="alternate" type="text/html" href="https://go.theregister.com/feed/www.theregister.com/2022/11/03/version_252_systemd/"/>
    <title type="html">Version 252 of systemd, as expected, locks down the Linux boot process</title>
    <summary type="html" xml:base="https://www.theregister.com/">&lt;h4&gt;The init system that everybody loves to hate&lt;/h4&gt; &lt;p&gt;The fall version of systemd is here, with support for increased boot security, including tightened full-disk encryption.…&lt;/p&gt;</summary>
  </entry>
  <entry>
    <id>tag:theregister.com,2005:story224515</id>
    <updated>2022-11-03T10:37:12Z</updated>
    <author>
      <name>Lindsay Clark</name>
      <uri>https://search.theregister.com/?author=Lindsay%20Clark</uri>
    </author>
    <link rel="alternate" type="text/html" href="https://go.theregister.com/feed/www.theregister.com/2022/11/03/oracle_erp_edinburgh_university/"/>
    <title type="html">University of Edinburgh staff paid late due to Oracle ERP troubles</title>
    <summary type="html" xml:base="https://www.theregister.com/">&lt;h4&gt;Project beginning in 2019 has left employees and suppliers waiting on payments&lt;/h4&gt; &lt;p&gt;Scotland's University of Edinburgh has paid staff and suppliers late owing to the troubled implementation of a new Oracle-based HR and finance system.…&lt;/p&gt; &lt;p&gt;&lt;!--#include virtual='/data_centre/_whitepaper_textlinks_top.html' --&gt;&lt;/p&gt;</summary>
  </entry>
  <entry>
    <id>t
339e
ag:theregister.com,2005:story224489</id>
    <updated>2022-11-03T09:30:06Z</updated>
    <author>
      <name>Dan Robinson</name>
      <uri>https://search.theregister.com/?author=Dan%20Robinson</uri>
    </author>
    <link rel="alternate" type="text/html" href="https://go.theregister.com/feed/www.theregister.com/2022/11/03/aviatrix_cloudiq/"/>
    <title type="html">Aviatrix releases tool to help enterprises prevent cloud network costs spiraling</title>
    <summary type="html" xml:base="https://www.theregister.com/">&lt;h4&gt;Just as providers prepare to crank up their fees&lt;/h4&gt; &lt;p&gt;Cloud networking outfit Aviatrix has extended its platform with a new capability that monitors network usage to help enterprises more accurately track costs and enable chargeback to individual departments.…&lt;/p&gt;</summary>
  </entry>
  <entry>
    <id>tag:theregister.com,2005:story224508</id>
    <updated>2022-11-03T08:29:13Z</updated>
    <author>
      <name>Jessica Lyons Hardcastle</name>
      <uri>https://search.theregister.com/?author=Jessica%20Lyons%20Hardcastle</uri>
    </author>
    <link rel="alternate" type="text/html" href="https://go.theregister.com/feed/www.theregister.com/2022/11/03/royal_mail_customer_data_leak/"/>
    <title type="html">Royal Mail customer data leak shutters online Click and Drop</title>
    <summary type="html" xml:base="https://www.theregister.com/">&lt;h4&gt;Customers complain of exposed order info, multiple charges — but still no postage&lt;/h4&gt; &lt;p&gt;A technical SNAFU shut down the UK's Royal Mail Click and Drop website on Tuesday after a security "issue" allowed some customers to see others' order information. …&lt;/p&gt;</summary>
  </entry>
  <entry>
    <id>tag:theregister.com,2005:story224506</id>
    <updated>2022-11-03T07:32:09Z</updated>
    <author>
      <name>Katyanna Quach</name>
      <uri>https://search.theregister.com/?author=Katyanna%20Quach</uri>
    </author>
    <link rel="alternate" type="text/html" href="https://go.theregister.com/feed/www.theregister.com/2022/11/03/nasas_capstone_moon_orbit/"/>
    <title type="html">NASA's CAPSTONE satellite is out of safe mode and on track for Moon orbit this month</title>
    <summary type="html" xml:base="https://www.theregister.com/">&lt;h4&gt;Artemis orbit tester back in the pipe, five by five&lt;/h4&g

DEBUG counter: 23

B: 1536, HF:1
Builded XML size before: 34560
Builded XML size after: 34560

==Response L:1536
t; &lt;p&gt;NASA has corrected the trajectory of the CAPSTONE cubesat, which is now set to reach lunar orbit on November 13.…&lt;/p&gt;</summary>
  </entry>
  <entry>
    <id>tag:theregister.com,2005:story224514</id>
    <updated>2022-11-03T06:57:10Z</updated>
    <author>
      <name>Laura Dobberstein</name>
      <uri>https://search.theregister.com/?author=Laura%20Dobberstein</uri>
    </author>
    <link rel="alternate" type="text/html" href="https://go.theregister.com/feed/www.theregister.com/2022/11/03/vitalik_buterin_elom_musk_twitter/"/>
    <title type="html">Ethereum co-founder Vitalik Buterin: If Musk's Twitter flops, it's not such a bad thing</title>
    <summary type="html" xml:base="https://www.theregister.com/">&lt;h4&gt;Predicts replacement, without Elon's problems, is waiting to fly&lt;/h4&gt; &lt;p&gt;Ethereum co-founder Vitalik Buterin told an audience at Singapore's FinTech Festival on Thursday he believes a social media platform to replace Twitter – one that avoids many of the bird-brand's existing problems – is already on the way somewhere.…&lt;/p&gt;</summary>
  </entry>
  <entry>
    <id>tag:theregister.com,2005:story224513</id>
    <updated>2022-11-03T06:15:07Z</updated>
    <author>
      <name>Simon Sharwood</name>
      <uri>https://search.theregister.com/?author=Simon%20Sharwood</uri>
    </author>
    <link rel="alternate" type="text/html" href="https://go.theregister.com/feed/www.theregister.com/2022/11/03/qualcomm_q4_2022/"/>
    <title type="html">Qualcomm predicts 2024 i
==

==XML builded
7dc0
<?xml version="1.0" encoding="UTF-8"?>
<feed xmlns="http://www.w3.org/2005/Atom" xml:lang="en">
  <id>tag:theregister.com,2005:feed/theregister.com/</id>
  <title>The Register</title>
  <link rel="self" type="application/atom+xml" href="https://www.theregister.com/headlines.atom"/>
  <link rel="alternate" type="text/html" href="https://www.theregister.com/"/>
  <rights>Copyright © 2022, Situation Publishing</rights>
  <author>
    <name>Team Register</name>
    <email>webmaster@theregister.co.uk</email>
    <uri>https://www.theregister.com/odds/about/contact/</uri>
  </author>
  <icon>https://www.theregister.com/Design/graphics/icons/favicon.png</icon>
  <subtitle>Biting the hand that feeds IT — Enterprise Technology News and Analysis</subtitle>
  <logo>https://www.theregister.com/Design/graphics/Reg_default/The_Register_r.png</logo>
  <updated>2022-11-04T19:15:11Z</updated>
  <entry>
    <id>tag,:theregister.com,2005:story224552</id>
    <updated>2022-11-04T19:15:11Z</updated>
    <author>
      <name>Brandon Vigliarolo</name>
      <uri>https://search.theregister.com/?author=Brandon%20Vigliarolo</uri>
    </author>
    <link rel="alternate" type="text/html" href="https://go.theregister.com/feed/www.theregister.com/2022/11/04/twitter_warn_act_lawsuit/"/>
    <title type="html">Twitter employees sue over lack of 60-day layoff notice</title>
    <summary type="html" xml:base="https://www.theregister.com/">&lt;h4&gt;Musk-owned companies have now faced 3 WARN Act lawsuits alleging the same thing&lt;/h4&gt; &lt;p&gt;The great Twitter cull of '22 is expected to begin today, but a group of tweeps have preempted the event by filing a class action lawsuit against Twitter for violating the WARN Act.…&lt;/p&gt;</summary>
  </entry>
  <entry>
    <id>tag:theregister.com,2005:story224550</id>
    <updated>2022-11-04T18:30:08Z</updated>
    <author>
      <name>Jeff Burt</name>
      <uri>https://search.theregister.com/?author=Jeff%20Burt</uri>
    </author>
    <link rel="alternate" type="text/html" href="https://go.theregister.com/feed/www.theregister.com/2022/11/04/crimson_kingsnake_bec_scam/"/>
    <title type="html">Double-check demand payment emails from law firms: Convincing fakes surface</title>
    <summary type="html" xml:base="https://www.theregister.com/">&lt;h4&gt;Crimson Kingsnake impersonates legit attorneys, fakes email threads from your colleagues in far-reaching BEC campaign&lt;/h4&gt; &lt;p&gt;A new threat group called Crimson Kingsnake is impersonating real law companies and debt recovery services to intimidate businessess into paying bogus overdue invoices.…&lt;/p&gt; &lt;p&gt;&lt;!--#include virtual='/data_centre/_whitepaper_textlinks_top.html' --&gt;&lt;/p&gt;</summary>
  </entry>
  <entry>
    <id>tag:theregister.com,2005:story224547</id>
    <updated>2022-11-04T17:30:08Z</updated>
    <author>
      <name>Liam Proven</name>
      <uri>https://search.theregister.com/?author=Liam%20Proven</uri>
    </author>
    <link rel="alternate" type="text/html" href="https://go.theregister.com/feed/www.theregister.com/2022/11/04/mozilla_ventures/"/>
    <title type="html">Mozilla Foundation launches ethical venture capital fund</title>
    <summary type="html" xml:base="https://www.theregister.com/">&lt;h4&gt;An unexpected move, but we suspect that Carl Sagan might have approved&lt;/h4&gt; &lt;p&gt;Mozilla has announced the successor to the Mozilla Builders incubator: Mozilla Ventures.…&lt;/p&gt;</summary>
  </entry>
  <entry>
    <id>tag:theregister.com,2005:story224549</id>
    <updated>2022-11-04T16:15:25Z</updated>
    <author>
      <name>Brandon Vigliarolo</name>
      <uri>https://search.theregister.com/?author=Brandon%20Vigliarolo</uri>
    </author>
    <link rel="alternate" type="text/html" href="https://go.theregister.com/feed/www.theregister.com/2022/11/04/starliner_launch_delay/"/>
    <title type="html">Boeing's Starliner launch pushed back again... to April 2023</title>
    <summary type="html" xml:base="https://www.theregister.com/">&lt;h4&gt;The official word is 'scheduling conflicts,' but NASA's safety panel has expressed concerns too&lt;/h4&gt; &lt;p&gt;The first crewed launch of Boeing's Starliner has been delayed again, this time being pushed back to April 2023 from an earlier planned launch date of February.…&lt;/p&gt;</summary>
  </entry>
  <entry>
    <id>tag:theregister.com,2005:story224545</id>
    <updated>2022-11-04T15:15:12Z</updated>
    <author>
      <name>Lindsay Clark</name>
      <uri>https://search.theregister.com/?author=Lindsay%20Clark</uri>
    </author>
    <link rel="alternate" type="text/html" href="https://go.theregister.com/feed/www.theregister.com/2022/11/04/uk_governement_set_to_extract/"/>
    <title type="html">UK government set to extract hospital data to Palantir system without patient consent</title>
    <summary type="html" xml:base="https://www.theregister.com/">&lt;h4&gt;'You'll be hearing from us,' say privacy campaigners who previously forced the government to back down&lt;/h4&gt; &lt;p&gt;The UK government is set to extract patient-identifiable data from NHS hospital systems and share this with its data platform based on technology from Palantir, a move that seems set to provoke another legal challenge.…&lt;/p&gt;</summary>
  </entry>
  <entry>
    <id>tag:theregister.com,2005:story224548</id>
    <updated>2022-11-04T14:15:35Z</updated>
    <author>
      <name>Dan Robinson</name>
      <uri>https://search.theregister.com/?author=Dan%20Robinson</uri>
    </author>
    <link rel="alternate" type="text/html" href="https://go.theregister.com/feed/www.theregister.com/2022/11/04/us_chip_industry_china_ban/"/>
    <title type="html">US chip industry worried it may lose out to rivals over China ban</title>
    <summary type="html" xml:base="https://www.theregister.com/">&lt;h4&gt;Just hang on while we convince the rest of the world, Commerce Sec tells makers&lt;/h4&gt; &lt;p&gt;US companies that build chipmaking equipment have been told to tough it out as they face a ban on selling to customers in China, while their rivals elsewhere in the world currently have no such restrictions.…&lt;/p&gt; &lt;p&gt;&lt;!--#include virtual='/data_centre/_whitepaper_textlinks_top.html' --&gt;&lt;/p&gt;</summary>
  </entry>
  <entry>
    <id>tag:theregister.com,2005:story224541</id>
    <updated>2022-11-04T13:30:42Z</updated>
    <author>
      <name>Jude Karabus</name>
      <uri>https://search.theregister.com/?author=Jude%20Karabus</uri>
    </author>
    <link rel="alternate" type="text/html" href="https://go.theregister.com/feed/www.theregister.com/2022/11/04/google_nlrb_complaint/"/>
    <title type="html">Google cut contractors off from online 'Share My Salary' spreadsheet, union claims</title>
    <summary type="html" xml:base="https://www.theregister.com/">&lt;h4&gt;Alphabet Workers Union says it's an illegal block of workers' right to discuss pay&lt;/h4&gt; &lt;p&gt;The Alphabet Workers Union (AWU) claims the company blocked access to a shared spreadsheet in which it reckons "hundreds" of subcontracted workers had shared their salary details and "up to 50,000" of those staffers are now prevented from looking them up.…&lt;/p&gt;</summary>
  </entry>
  <entry>
    <id>tag:theregister.com,2005:story224543</id>
    <updated>2022-11-04T12:50:15Z</updated>
    <author>
      <name>Dan Robinson</name>
      <uri>https://search.theregister.com/?author=Dan%20Robinson</uri>
    </author>
    <link rel="alternate" type="text/html" href="https://go.theregister.com/feed/www.theregister.com/2022/11/04/dell_australia_consumer_court/"/>
    <title type="html">Dell hit with Oz court case for misleading prices on monitors</title>
    <summary type="html" xml:base="https://www.theregister.com/">&lt;h4&gt;Watchdog claims add-ons to computer purchases appeared to be discounted but did not reflect the standalone RRP&lt;/h4&gt; &lt;p&gt;Dell's Australian business is in trouble with the country's consumer watchdog for allegedly misleading buyers about the price of displays purchased as an add-on with its computers.…&lt;/p&gt;</summary>
  </entry>
  <entry>
    <id>tag:theregister.com,2005:story224544</id>
    <updated>2022-11-04T12:20:09Z</updated>
    <author>
      <name>Paul Kunert</name>
      <uri>https://search.theregister.com/?author=Paul%20Kunert</uri>
    </author>
    <link rel="alternate" type="text/html" href="https://go.theregister.com/feed/www.theregister.com/2022/11/04/bt_pay_talks_reopened_says_cwu/"/>
    <title type="html">BT re-enters pay talks to prevent further strikes, says union</title>
    <summary type="html" xml:base="https://www.theregister.com/">&lt;h4&gt;What forced the change in attitude? The impact on 40,000 broadband connections possibly&lt;/h4&gt; &lt;p&gt;The Communication Workers Unions (CWU) claims BT Group has agreed to re-enter negotiations to find a solution to the protracted pay dispute that has caused thousands of engineers and call center operators to strike.…&lt;/p&gt;</summary>
  </entry>
  <entry>
    <id>tag:theregister.com,2005:story224542</id>
    <updated>2022-11-04T11:03:13Z</updated>
    <author>
      <name>Richard Currie</name>
      <uri>https://search.theregister.com/?author=Richard%20Currie</uri>
    </author>
    <link rel="alternate" type="text/html" href="https://go.theregister.com/feed/www.theregister.com/2022/11/04/nft_vending_machine/"/>
    <title type="html">NFT vending machine appears in London</title>
    <summary type="html" xml:base="https://www.theregister.com/">&lt;h4&gt;Don't everyone rush at once&lt;/h4&gt; &lt;p&gt;NFTs are dead. And stupid. Don't just take our word for it – Bill Gates, widely considered a pretty smart guy, described them as "100 percent based on greater fool theory" and analyst Forrester recently said "most consumers aren't interested in NFT stunts."…&lt;/p&gt; &lt;p&gt;&lt;!--#include virtual='/data_centre/_whitepaper_textlinks_top.html' --&gt;&lt;/p&gt;</summary>
  </entry>
  <entry>
    <id>tag:theregister.com,2005:story224531</id>
    <updated>2022-11-04T09:34:13Z</updated>
    <author>
      <name>Jeff Burt</name>
      <uri>https://search.theregister.com/?author=Jeff%20Burt</uri>
    </author>
    <link rel="alternate" type="text/html" href="https://go.theregister.com/feed/www.theregister.com/2022/11/04/microsoft_ukraine_tech_support/"/>
    <title type="html">Microsoft gives away '$400m in cloud support' to Ukraine</title>
    <summary type="html" xml:base="https://www.theregister.com/">&lt;h4&gt;Freedom isn't free&lt;/h4&gt; &lt;p&gt;The Ukraine government will continue to be able to run its digital infrastructure through the Microsoft Cloud for free in 2023, the tech giant confirmed today.…&lt;/p&gt;</summary>
  </entry>
  <entry>
    <id>tag:theregister.com,2005:story224518</id>
    <updated>2022-11-04T08:30:14Z</updated>
    <author>
      <name>Richard Currie</name>
      <uri>https://search.theregister.com/?author=Richard%20Currie</uri>
    </author>
    <link rel="alternate" type="text/html" href="https://go.theregister.com/feed/www.theregister.com/2022/11/04/norths_align_britain/"/>
    <title type="html">All of the norths are about to align over Britain</title>
    <summary type="html" xml:base="https://www.theregister.com/">&lt;h4&gt;Magnetic north is on a walkabout, and your OCD will benefit&lt;/h4&gt; &lt;p&gt;UK map lords at the Ordnance Survey have some big news for people with obsessive compulsive personality disorder or otherwise like everything to be neatly lined up.…&lt;/p&gt;</summary>
  </entry>
  <entry>
    <id>tag:theregister.com,2005:story224538</id>
    <updated>2022-11-04T07:32:08Z</updated>
    <author>
      <name>Simon Sharwood</name>
      <uri>https://search.theregister.com/?author=Simon%20Sharwood</uri>
    </author>
    <link rel="alternate" type="text/html" href="https://go.theregister.com/feed/www.theregister.com/2022/11/04/on_call/"/>
    <title type="html">Hot, sweaty builders hosed a server – literally – leaving support with an all-night RAID repair job</title>
    <summary type="html" xml:base="https://www.theregister.com/">&lt;h4&gt;Extension cords are good for power. Extension tubes? Not so good for air&lt;/h4&gt; &lt;p&gt;&lt;strong&gt;On Call&lt;/strong&gt;  As two precious days of free time loom, &lt;i&gt;The Register&lt;/i&gt; offers a two-minute taste of the energy-draining drama that makes weekends so important in another instalment of On-Call, our weekly reader-contributed tale of the messes IT people are asked to address.…&lt;/p&gt;</summary>
  </entry>
  <entry>
    <id>tag:theregister.com,2005:story224540</id>
    <updated>2022-11-04T06:58:13Z</updated>
    <author>
      <name>Simon Sharwood</name>
      <uri>https://search.theregister.com/?author=Simon%20Sharwood</uri>
    </author>
    <link rel="alternate" type="text/html" href="https://go.theregister.com/feed/www.theregister.com/2022/11/04/atlassian_q1_23/"/>
    <title type="html">You fire 'em, we'll hire 'em: Atlassian sees tech layoffs as HR heaven</title>
    <summary type="html" xml:base="https://www.theregister.com/">&lt;h4&gt;But investors aren't impressed by losses and unpleasant outlook&lt;/h4&gt; &lt;p&gt;Atlassian sees the current round of layoffs and hiring freezes across the tech industry as an opportunity on which it hopes to capitalise – even as its own share price slumps.…&lt;/p&gt;</summary>
  </entry>
  <entry>
    <id>tag:theregister.com,2005:story224529</id>
    <updated>2022-11-04T06:22:06Z</updated>
    <author>
      <name>Jessica Lyons Hardcastle</name>
      <uri>https://search.theregister.com/?author=Jessica%20Lyons%20Hardcastle</uri>
    </author>
    <link rel="alternate" type="text/html" href="https://go.theregister.com/feed/www.theregister.com/2022/11/04/french_opera1er_group_ib/"/>
    <title type="html">French-speaking voleurs stole $30m in 15-country bank, telecoms cyber-heist spree</title>
    <summary type="html" xml:base="https://www.theregister.com/">&lt;h4&gt;Smooth 'OPERA1ER' hit orgs around the world over four or more years&lt;/h4&gt; &lt;p&gt;A French-speaking criminal group codenamed OPERA1ER has pulled off more than 30 cyber-heists against telecom organizations and banks across Africa, Asia, and Latin America, stealing upwards of $30 million over four years, according to security researchers.…&lt;/p&gt; &lt;p&gt;&lt;!--#include virtual='/data_centre/_whitepaper_textlinks_top.html' --&gt;&lt;/p&gt;</summary>
  </entry>
  <entry>
    <id>tag:theregister.com,2005:story224539</id>
    <updated>2022-11-04T05:59:11Z</updated>
    <author>
      <name>Laura Dobberstein</name>
      <uri>https://search.theregister.com/?author=Laura%20Dobberstein</uri>
    </author>
    <link rel="alternate" type="text/html" href="https://go.theregister.com/feed/www.theregister.com/2022/11/04/xiaomi_concept_phone_with_mounted/"/>
    <title type="html">Xiaomi reveals bonkers phone with bolted-on Leica lens that will make you look like a dork</title>
    <summary type="html" xml:base="https://www.theregister.com/">&lt;h4&gt;A weighty lens, placed off-centre on a lightweight smartphone – what could possibly go wrong?&lt;/h4&gt; &lt;p&gt;Chinese smartphone darling has shown off a phone with a full camera lens bolted to its back – which looks very dorky, but thankfully is only a concept device.…&lt;/p&gt;</summary>
  </entry>
  <entry>
    <id>tag:theregister.com,2005:story224537</id>
    <updated>2022-11-04T04:58:05Z</updated>
    <author>
      <name>Simon Sharwood</name>
      <uri>https://search.theregister.com/?author=Simon%20Sharwood</uri>
    </author>
    <link rel="alternate" type="text/html" href="https://go.theregister.com/feed/www.theregister.com/2022/11/04/lenovo_isg_profitable_four_quarters/"/>
    <title type="html">After years of losses, Lenovo's infrastructure group posts 12 months of profits</title>
    <summary type="html" xml:base="https://www.theregister.com/">&lt;h4&gt;Execs say enterprise hardware biz is flying – don't mention the sub-one-percent profit&lt;/h4&gt; &lt;p&gt;In February 2022 Lenovo &lt;a target="_blank" href="https://www.theregister.com/2022/02/23/lenovo_q3_2022/"&gt;shared&lt;/a&gt; a slightly special number: $17 million. That's the first profit made by its Infrastructure Solutions Group (ISG) since its predecessor was formed by the &lt;a target="_blank" href="https://www.theregister.com/2014/09/29/lenovo_ibm_server_deal_to_close_october/"&gt;2014 acquisition of IBM's x86 server business&lt;/a&gt;.…&lt;/p&gt;</summary>
  </entry>
  <entry>
    <id>tag:theregister.com,2005:story224536</id>
    <updated>2022-11-04T03:44:59Z</updated>
    <author>
      <name>Simon Sharwood</name>
      <uri>https://search.theregister.com/?author=Simon%20Sharwood</uri>
    </author>
    <link rel="alternate" type="text/html" href="https://go.theregister.com/feed/www.theregister.com/2022/11/04/twitter_layoffs_email/"/>
    <title type="html">Elon Musk reportedly outlines horrible Twitter layoff process</title>
    <summary type="html" xml:base="https://www.theregister.com/">&lt;h4&gt;Email to your personal account is bad news, email to your work account means you still work at Twitter&lt;/h4&gt; &lt;p&gt;Twitter owner, sole director and – according to his Twitter profile, now also "Twitter Complaint Hotline Operator" – has reportedly informed company staff that layoffs begin tomorrow.…&lt;/p&gt;</summary>
  </entry>
  <entry>
    <id>tag:theregister.com,2005:story224535</id>
    <updated>2022-11-04T02:59:06Z</updated>
    <author>
      <name>Simon Sharwood</name>
      <uri>https://search.theregister.com/?author=Simon%20Sharwood</uri>
    </author>
    <link rel="alternate" type="text/html" href="https://go.theregister.com/feed/www.theregister.com/2022/11/04/alibaba_cloud_20_percent_arm/"/>
    <title type="html">Alibaba Cloud plans for a fifth of its servers to use homebrew Arm CPUs by 2025</title>
    <summary type="html" xml:base="https://www.theregister.com/">&lt;h4&gt;Sanctions? What sanctions? Just look at the low, low, power consumption figures&lt;/h4&gt; &lt;p&gt;Alibaba Cloud has revealed that it plans to power 20 percent of its operations with its own homebrew CPUs by 2025.…&lt;/p&gt;</summary>
  </entry>
  <entry>
    <id>tag:theregister.com,2005:story224522</id>
    <updated>2022-11-04T01:01:13Z</updated>
    <author>
      <name>Laura Dobberstein</name>
      <uri>https://search.theregister.com/?author=Laura%20Dobberstein</uri>
    </author>
    <link rel="alternate" type="text/html" href="https://go.theregister.com/feed/www.theregister.com/2022/11/04/mas_stablecoin_cbdc/"/>
    <title type="html">Singapore's fintech boss says stablecoins might win before CBDCs even get started</title>
    <summary type="html" xml:base="https://www.theregister.com/">&lt;h4&gt;Monetary authority presses ahead with Ubin+ cross-border CBDC trial anyway&lt;/h4&gt; &lt;p&gt;While central bank digital currencies (CBDCs) are often advanced as a way to improve the world's creaking cross-border payments infrastructure, some financial experts believe the government-issued tokens may be usurped by stablecoins and other products.…&lt;/p&gt; &lt;p&gt;&lt;!--#include virtual='/data_centre/_whitepaper_textlinks_top.html' --&gt;&lt;/p&gt;</summary>
  </entry>
  <entry>
    <id>tag:theregister.com,2005:story224530</id>
    <updated>2022-11-03T23:58:12Z</updated>
    <author>
      <name>Katyanna Quach</name>
      <uri>https://search.theregister.com/?author=Katyanna%20Quach</uri>
    </author>
    <link rel="alternate" type="text/html" href="https://go.theregister.com/feed/www.theregister.com/2022/11/03/nasa_artemis_launch/"/>
    <title type="html">NASA wheels SLS rocket out to the launchpad for another attempt to get off the ground</title>
    <summary type="html" xml:base="https://www.theregister.com/">&lt;h4&gt;After two previous failures, will third time be the charm?&lt;/h4&gt; &lt;p&gt;NASA will roll its Space Launch System back out to the launchpad at the Kennedy Space Center on Friday to prepare for a third attempt to put its most powerful rocket yet into the sky on November 14.…&lt;/p&gt;</summary>
  </entry>
  <entry>
    <id>tag:theregister.com,2005:story224533</id>
    <updated>2022-11-03T21:55:56Z</updated>
    <author>
      <name>Dylan Martin</name>
      <uri>https://search.theregister.com/?author=Dylan%20Martin</uri>
    </author>
    <link rel="alternate" type="text/html" href="https://go.theregister.com/feed/www.theregister.com/2022/11/03/amd_radeon_rx_7900_launched/"/>
    <title type="html">AMD’s latest, greatest Radeon graphics card $600 cheaper than Nvidia’s top RTX 4090</title>
    <summary type="html" xml:base="https://www.theregister.com/">&lt;h4&gt;Chiplet-based RNDA 3 GPU fans have been waiting for&lt;/h4&gt; &lt;p&gt;AMD has come out swinging at Nvidia with new flagship Radeon graphics cards that are cheaper than its rival's fresh GeForce RTX products.…&lt;/p&gt;</summary>
  </entry>
  <entry>
    <id>tag:theregister.com,2005:story224524</id>
    <updated>2022-11-03T20:45:15Z</updated>
    <author>
      <name>Jeff Burt</name>
      <uri>https://search.theregister.com/?author=Jeff%20Burt</uri>
    </author>
    <link rel="alternate" type="text/html" href="https://go.theregister.com/feed/www.theregister.com/2022/11/03/mfa_fatigue_enterprise_threat/"/>
    <title type="html">Multi-factor auth fatigue is real – and it's why you may be in the headlines next</title>
    <summary type="html" xml:base="https://www.theregister.com/">&lt;h4&gt;Overwhelmed by waves of push notifications, worn-down users inadvertently let the bad guys in&lt;/h4&gt; &lt;p&gt;&lt;strong&gt;Analysis&lt;/strong&gt;  The September cyberattack on ride-hailing service Uber began when a criminal bought the stolen credentials of a company contractor on the dark web.…&lt;/p&gt;</summary>
  </entry>
  <entry>
    <id>tag:theregister.com,2005:story224528</id>
    <updated>2022-11-03T19:46:07Z</updated>
    <author>
      <name>Brandon Vigliarolo</name>
      <uri>https://search.theregister.com/?author=Brandon%20Vigliarolo</uri>
    </author>
    <link rel="alternate" type="text/html" href="https://go.theregister.com/feed/www.theregister.com/2022/11/03/lyft_stripe_twitter_layoffs/"/>
    <title type="html">Latest layoffs: Lyft, Stripe more than decimate staff</title>
    <summary type="html" xml:base="https://www.theregister.com/">&lt;h4&gt;While Elon may just dump half of Twitter and scrap work-from-home&lt;/h4&gt; &lt;p&gt;Citing the likelihood of recession and increases in rideshare insurance costs, Lyft is laying off 13 percent of its workforce, with no team left unaffected.…&lt;/p&gt;</summary>
  </entry>
  <entry>
    <id>tag:theregister.com,2005:story224527</id>
    <updated>2022-11-03T19:15:13Z</updated>
    <author>
      <name>Liam Proven</name>
      <uri>https://search.theregister.com/?author=Liam%20Proven</uri>
    </author>
    <link rel="alternate" type="text/html" href="https://go.theregister.com/feed/www.theregister.com/2022/11/03/nitrux_25/"/>
    <title type="html">Nitrux 2.5: The latest update to a radical Linux</title>
    <summary type="html" xml:base="https://www.theregister.com/">&lt;h4&gt;Also one of the first distros we've seen with Kernel 6.0&lt;/h4&gt; &lt;p&gt;Nitrux OS is one of the most stylish and innovative distros we've seen so far: systemd-free, based on AppImages, and with a very unusual desktop.…&lt;/p&gt; &lt;p&gt;&lt;!--#include virtual='/data_centre/_whitepaper_textlinks_top.html' --&gt;&lt;/p&gt;</summary>
  </entry>
  <entry>
    <id>tag:theregister.com,2005:story224526</id>
    <updated>2022-11-03T18:45:10Z</updated>
    <author>
      <name>Tobias Mann</name>
      <uri>https://search.theregister.com/?author=Tobias%20Mann</uri>
    </author>
    <link rel="alternate" type="text/html" href="https://go.theregister.com/feed/www.theregister.com/2022/11/03/aws_freeze_hiring/"/>
    <title type="html">Amazon freezes corporate hiring amid worsening economic outlook</title>
    <summary type="html" xml:base="https://www.theregister.com/">&lt;h4&gt;The decision comes as the e-commerce giant stuggles with soaring energy prices and cash-strapped customers&lt;/h4&gt; &lt;p&gt;Amazon is freezing hiring of new corporate positions across the company for the rest of 2022 amid worsening economic conditions.…&lt;/p&gt;</summary>
  </entry>
  <entry>
    <id>tag:theregister.com,2005:story224525</id>
    <updated>2022-11-03T18:00:08Z</updated>
    <author>
      <name>Paul Kunert</name>
      <uri>https://search.theregister.com/?author=Paul%20Kunert</uri>
    </author>
    <link rel="alternate" type="text/html" href="https://go.theregister.com/feed/www.theregister.com/2022/11/03/kyndryl_q2_fiscal_2023/"/>
    <title type="html">Kyndryl loses $281m in the quarter as modernization agenda continues</title>
    <summary type="html" xml:base="https://www.theregister.com/">&lt;h4&gt;How to turn a classic infrastructure biz into something fit for the cloud era&lt;/h4&gt; &lt;p&gt;Shapeshifting infrastructure services biz Kyndryl can't plug its revenue leak but cutting costs did cut losses in half.…&lt;/p&gt;</summary>
  </entry>
  <entry>
    <id>tag:theregister.com,2005:story224520</id>
    <updated>2022-11-03T17:30:13Z</updated>
    <author>
      <name>Brandon Vigliarolo</name>
      <uri>https://search.theregister.com/?author=Brandon%20Vigliarolo</uri>
    </author>
    <link rel="alternate" type="text/html" href="https://go.theregister.com/feed/www.theregister.com/2022/11/03/tumblr_says_nudes_are_back/"/>
    <title type="html">Tumblr says nudes are back on the menu – within reason</title>
    <summary type="html" xml:base="https://www.theregister.com/">&lt;h4&gt;But old 'go nuts, show nuts' attitude is dead for good&lt;/h4&gt; &lt;p&gt;Tumblr has reversed course on its 2018 nudity ban, welcoming some – but not all – adult content creators back to the platform after a four-year hiatus.…&lt;/p&gt;</summary>
  </entry>
  <entry>
    <id>tag:theregister.com,2005:story224523</id>
    <updated>2022-11-03T16:45:13Z</updated>
    <author>
      <name>Brandon Vigliarolo</name>
      <uri>https://search.theregister.com/?author=Brandon%20Vigliarolo</uri>
    </author>
    <link rel="alternate" type="text/html" href="https://go.theregister.com/feed/www.theregister.com/2022/11/03/ransomware_summit_cryptocurrency/"/>
    <title type="html">International summit agrees crack down on crypto to combat ransomware</title>
    <summary type="html" xml:base="https://www.theregister.com/">&lt;h4&gt;Commitments include international wallet info sharing, KYC requirements, and an AML crackdown&lt;/h4&gt; &lt;p&gt;The White House's second International Counter Ransomware Initiative summit has concluded, and this year the 36-nation group has made clear it intends to crack down on how cryptocurrencies are used to finance ransomware operations.…&lt;/p&gt;</summary>
  </entry>
  <entry>
    <id>tag:theregister.com,2005:story224521</id>
    <updated>2022-11-03T15:50:10Z</updated>
    <author>
      <name>Dan Robinson</name>
      <uri>https://search.theregister.com/?author=Dan%20Robinson</uri>
    </author>
    <link rel="alternate" type="text/html" href="https://go.theregister.com/feed/www.theregister.com/2022/11/03/fcc_afc_providers_wifi/"/>
    <title type="html">FCC taps 13 providers to manage 6GHz band access for new Wi-Fi standards</title>
    <summary type="html" xml:base="https://www.theregister.com/">&lt;h4&gt;Public will be able to test each system as part of development process&lt;/h4&gt; &lt;p&gt;The US Federal Communications Commission (FCC) has conditionally approved 13 proposed automated frequency coordination (AFC) systems to manage spectrum access for unlicensed devices in the 6GHz band.…&lt;/p&gt; &lt;p&gt;&lt;!--#include virtual='/data_centre/_whitepaper_textlinks_top.html' --&gt;&lt;/p&gt;</summary>
  </entry>
  <entry>
    <id>tag:theregister.com,2005:story224519</id>
    <updated>2022-11-03T15:15:06Z</updated>
    <author>
      <name>Lindsay Clark</name>
      <uri>https://search.theregister.com/?author=Lindsay%20Clark</uri>
    </author>
    <link rel="alternate" type="text/html" href="https://go.theregister.com/feed/www.theregister.com/2022/11/03/redis_resp_app/"/>
    <title type="html">Redis swallows RESP.app biz that made its database easier on developers</title>
    <summary type="html" xml:base="https://www.theregister.com/">&lt;h4&gt;Acquisition of Ukrainian startup to help broaden appeal beyond popular cache&lt;/h4&gt; &lt;p&gt;Database provider Redis has acquired RESP.app, a popular developer tool used to ease developer experience on the popular key-value database.…&lt;/p&gt;</summary>
  </entry>
  <entry>
    <id>tag:theregister.com,2005:story224517</id>
    <updated>2022-11-03T13:35:04Z</updated>
    <author>
      <name>Dan Robinson</name>
      <uri>https://search.theregister.com/?author=Dan%20Robinson</uri>
    </author>
    <link rel="alternate" type="text/html" href="https://go.theregister.com/feed/www.theregister.com/2022/11/03/lenovo_q2_2023/"/>
    <title type="html">Lenovo revenues drop due to falling demand for PCs</title>
    <summary type="html" xml:base="https://www.theregister.com/">&lt;h4&gt;But overall profits are up thanks to cost cutting and success in other divisions&lt;/h4&gt; &lt;p&gt;Lenovo revenues declined for the first time in 10 quarters due to a steep fall in demand for PCs and tablets. Still, profits rose due to cost-cutting measures and growth in other areas such as its services division.…&lt;/p&gt;</summary>
  </entry>
  <entry>
    <id>tag:theregister.com,2005:story224516</id>
    <updated>2022-11-03T12:42:40Z</updated>
    <author>
      <name>Paul Kunert</name>
      <uri>https://search.theregister.com/?author=Paul%20Kunert</uri>
    </author>
    <link rel="alternate" type="text/html" href="https://go.theregister.com/feed/www.theregister.com/2022/11/03/bt_cost_cutting/"/>
    <title type="html">BT CEO ups cost-cutting plan amid rising inflation and soaring energy costs</title>
    <summary type="html" xml:base="https://www.theregister.com/">&lt;h4&gt;National telecom giant admits strike action is impacting customer broadband connections&lt;/h4&gt; &lt;p&gt;BT Group is looking to wrench out higher savings amid rising inflation in the relentless pursuit of improved profits.…&lt;/p&gt;</summary>
  </entry>
  <entry>
    <id>tag:theregister.com,2005:story224501</id>
    <updated>2022-11-03T11:35:07Z</updated>
    <author>
      <name>Liam Proven</name>
      <uri>https://search.theregister.com/?author=Liam%20Proven</uri>
    </author>
    <link rel="alternate" type="text/html" href="https://go.theregister.com/feed/www.theregister.com/2022/11/03/version_252_systemd/"/>
    <title type="html">Version 252 of systemd, as expected, locks down the Linux boot process</title>
    <summary type="html" xml:base="https://www.theregister.com/">&lt;h4&gt;The init system that everybody loves to hate&lt;/h4&gt; &lt;p&gt;The fall version of systemd is here, with support for increased boot security, including tightened full-disk encryption.…&lt;/p&gt;</summary>
  </entry>
  <entry>
    <id>tag:theregister.com,2005:story224515</id>
    <updated>2022-11-03T10:37:12Z</updated>
    <author>
      <name>Lindsay Clark</name>
      <uri>https://search.theregister.com/?author=Lindsay%20Clark</uri>
    </author>
    <link rel="alternate" type="text/html" href="https://go.theregister.com/feed/www.theregister.com/2022/11/03/oracle_erp_edinburgh_university/"/>
    <title type="html">University of Edinburgh staff paid late due to Oracle ERP troubles</title>
    <summary type="html" xml:base="https://www.theregister.com/">&lt;h4&gt;Project beginning in 2019 has left employees and suppliers waiting on payments&lt;/h4&gt; &lt;p&gt;Scotland's University of Edinburgh has paid staff and suppliers late owing to the troubled implementation of a new Oracle-based HR and finance system.…&lt;/p&gt; &lt;p&gt;&lt;!--#include virtual='/data_centre/_whitepaper_textlinks_top.html' --&gt;&lt;/p&gt;</summary>
  </entry>
  <entry>
    <id>t
339e
ag:theregister.com,2005:story224489</id>
    <updated>2022-11-03T09:30:06Z</updated>
    <author>
      <name>Dan Robinson</name>
      <uri>https://search.theregister.com/?author=Dan%20Robinson</uri>
    </author>
    <link rel="alternate" type="text/html" href="https://go.theregister.com/feed/www.theregister.com/2022/11/03/aviatrix_cloudiq/"/>
    <title type="html">Aviatrix releases tool to help enterprises prevent cloud network costs spiraling</title>
    <summary type="html" xml:base="https://www.theregister.com/">&lt;h4&gt;Just as providers prepare to crank up their fees&lt;/h4&gt; &lt;p&gt;Cloud networking outfit Aviatrix has extended its platform with a new capability that monitors network usage to help enterprises more accurately track costs and enable chargeback to individual departments.…&lt;/p&gt;</summary>
  </entry>
  <entry>
    <id>tag:theregister.com,2005:story224508</id>
    <updated>2022-11-03T08:29:13Z</updated>
    <author>
      <name>Jessica Lyons Hardcastle</name>
      <uri>https://search.theregister.com/?author=Jessica%20Lyons%20Hardcastle</uri>
    </author>
    <link rel="alternate" type="text/html" href="https://go.theregister.com/feed/www.theregister.com/2022/11/03/royal_mail_customer_data_leak/"/>
    <title type="html">Royal Mail customer data leak shutters online Click and Drop</title>
    <summary type="html" xml:base="https://www.theregister.com/">&lt;h4&gt;Customers complain of exposed order info, multiple charges — but still no postage&lt;/h4&gt; &lt;p&gt;A technical SNAFU shut down the UK's Royal Mail Click and Drop website on Tuesday after a security "issue" allowed some customers to see others' order information. …&lt;/p&gt;</summary>
  </entry>
  <entry>
    <id>tag:theregister.com,2005:story224506</id>
    <updated>2022-11-03T07:32:09Z</updated>
    <author>
      <name>Katyanna Quach</name>
      <uri>https://search.theregister.com/?author=Katyanna%20Quach</uri>
    </author>
    <link rel="alternate" type="text/html" href="https://go.theregister.com/feed/www.theregister.com/2022/11/03/nasas_capstone_moon_orbit/"/>
    <title type="html">NASA's CAPSTONE satellite is out of safe mode and on track for Moon orbit this month</title>
    <summary type="html" xml:base="https://www.theregister.com/">&lt;h4&gt;Artemis orbit tester back in the pipe, five by five&lt;/h4&gt; &lt;p&gt;NASA has corrected the trajectory of the CAPSTONE cubesat, which is now set to reach lunar orbit on November 13.…&lt;/p&gt;</summary>
  </entry>
  <entry>
    <id>tag:theregister.com,2005:story224514</id>
    <updated>2022-11-03T06:57:10Z</updated>
    <author>
      <name>Laura Dobberstein</name>
      <uri>https://search.theregister.com/?author=Laura%20Dobberstein</uri>
    </author>
    <link rel="alternate" type="text/html" href="https://go.theregister.com/feed/www.theregister.com/2022/11/03/vitalik_buterin_elom_musk_twitter/"/>
    <title type="html">Ethereum co-founder Vitalik Buterin: If Musk's Twitter flops, it's not such a bad thing</title>
    <summary type="html" xml:base="https://www.theregister.com/">&lt;h4&gt;Predicts replacement, without Elon's problems, is waiting to fly&lt;/h4&gt; &lt;p&gt;Ethereum co-founder Vitalik Buterin told an audience at Singapore's FinTech Festival on Thursday he believes a social media platform to replace Twitter – one that avoids many of the bird-brand's existing problems – is already on the way somewhere.…&lt;/p&gt;</summary>
  </entry>
  <entry>
    <id>tag:theregister.com,2005:story224513</id>
    <updated>2022-11-03T06:15:07Z</updated>
    <author>
      <name>Simon Sharwood</name>
      <uri>https://search.theregister.com/?author=Simon%20Sharwood</uri>
    </author>
    <link rel="alternate" type="text/html" href="https://go.theregister.com/feed/www.theregister.com/2022/11/03/qualcomm_q4_2022/"/>
    <title type="html">Qualcomm predicts 2024 i

DEBUG counter: 24

B: 1536, HF:1
Builded XML size before: 36096
Builded XML size after: 36096

==Response L:1536
s the year Windows on Arm goes large</title>
    <summary type="html" xml:base="https://www.theregister.com/">&lt;h4&gt;For now, have a hiring freeze to preserve fat profits&lt;/h4&gt; &lt;p&gt;Qualcomm CEO and president Cristiano Amon has tipped 2024 as the year in which PCs using his company’s Snapdragon silicon make a mark.…&lt;/p&gt; &lt;p&gt;&lt;!--#include virtual='/data_centre/_whitepaper_textlinks_top.html' --&gt;&lt;/p&gt;</summary>
  </entry>
  <entry>
    <id>tag:theregister.com,2005:story224512</id>
    <updated>2022-11-03T04:31:12Z</updated>
    <author>
      <name>Simon Sharwood</name>
      <uri>https://search.theregister.com/?author=Simon%20Sharwood</uri>
    </author>
    <link rel="alternate" type="text/html" href="https://go.theregister.com/feed/www.theregister.com/2022/11/03/alibaba_cloud_utility_wuying_laptop/"/>
    <title type="html">Alibaba Cloud goes even more serverless as it tries to become a utility</title>
    <summary type="html" xml:base="https://www.theregister.com/">&lt;h4&gt;Laptop-shaped thin client tied to DaaS also illustrates the concept, and its downsides&lt;/h4&gt; &lt;p&gt;Alibaba Cloud has kicked off its annual Apsara conference by declaring an ambition to become a "computility" – a service that provides an endless stream of computational resource that users can consume as if it were electricity.…&lt;/p&gt;</summary>
  </entry>
  <entry>
    <id>tag:theregister.com,2005:story224511</id>
    <updated>2022-11-03T02:01:12Z</updated>
    <author>
      <name>Simon 
==

==XML builded
7dc0
<?xml version="1.0" encoding="UTF-8"?>
<feed xmlns="http://www.w3.org/2005/Atom" xml:lang="en">
  <id>tag:theregister.com,2005:feed/theregister.com/</id>
  <title>The Register</title>
  <link rel="self" type="application/atom+xml" href="https://www.theregister.com/headlines.atom"/>
  <link rel="alternate" type="text/html" href="https://www.theregister.com/"/>
  <rights>Copyright © 2022, Situation Publishing</rights>
  <author>
    <name>Team Register</name>
    <email>webmaster@theregister.co.uk</email>
    <uri>https://www.theregister.com/odds/about/contact/</uri>
  </author>
  <icon>https://www.theregister.com/Design/graphics/icons/favicon.png</icon>
  <subtitle>Biting the hand that feeds IT — Enterprise Technology News and Analysis</subtitle>
  <logo>https://www.theregister.com/Design/graphics/Reg_default/The_Register_r.png</logo>
  <updated>2022-11-04T19:15:11Z</updated>
  <entry>
    <id>tag,:theregister.com,2005:story224552</id>
    <updated>2022-11-04T19:15:11Z</updated>
    <author>
      <name>Brandon Vigliarolo</name>
      <uri>https://search.theregister.com/?author=Brandon%20Vigliarolo</uri>
    </author>
    <link rel="alternate" type="text/html" href="https://go.theregister.com/feed/www.theregister.com/2022/11/04/twitter_warn_act_lawsuit/"/>
    <title type="html">Twitter employees sue over lack of 60-day layoff notice</title>
    <summary type="html" xml:base="https://www.theregister.com/">&lt;h4&gt;Musk-owned companies have now faced 3 WARN Act lawsuits alleging the same thing&lt;/h4&gt; &lt;p&gt;The great Twitter cull of '22 is expected to begin today, but a group of tweeps have preempted the event by filing a class action lawsuit against Twitter for violating the WARN Act.…&lt;/p&gt;</summary>
  </entry>
  <entry>
    <id>tag:theregister.com,2005:story224550</id>
    <updated>2022-11-04T18:30:08Z</updated>
    <author>
      <name>Jeff Burt</name>
      <uri>https://search.theregister.com/?author=Jeff%20Burt</uri>
    </author>
    <link rel="alternate" type="text/html" href="https://go.theregister.com/feed/www.theregister.com/2022/11/04/crimson_kingsnake_bec_scam/"/>
    <title type="html">Double-check demand payment emails from law firms: Convincing fakes surface</title>
    <summary type="html" xml:base="https://www.theregister.com/">&lt;h4&gt;Crimson Kingsnake impersonates legit attorneys, fakes email threads from your colleagues in far-reaching BEC campaign&lt;/h4&gt; &lt;p&gt;A new threat group called Crimson Kingsnake is impersonating real law companies and debt recovery services to intimidate businessess into paying bogus overdue invoices.…&lt;/p&gt; &lt;p&gt;&lt;!--#include virtual='/data_centre/_whitepaper_textlinks_top.html' --&gt;&lt;/p&gt;</summary>
  </entry>
  <entry>
    <id>tag:theregister.com,2005:story224547</id>
    <updated>2022-11-04T17:30:08Z</updated>
    <author>
      <name>Liam Proven</name>
      <uri>https://search.theregister.com/?author=Liam%20Proven</uri>
    </author>
    <link rel="alternate" type="text/html" href="https://go.theregister.com/feed/www.theregister.com/2022/11/04/mozilla_ventures/"/>
    <title type="html">Mozilla Foundation launches ethical venture capital fund</title>
    <summary type="html" xml:base="https://www.theregister.com/">&lt;h4&gt;An unexpected move, but we suspect that Carl Sagan might have approved&lt;/h4&gt; &lt;p&gt;Mozilla has announced the successor to the Mozilla Builders incubator: Mozilla Ventures.…&lt;/p&gt;</summary>
  </entry>
  <entry>
    <id>tag:theregister.com,2005:story224549</id>
    <updated>2022-11-04T16:15:25Z</updated>
    <author>
      <name>Brandon Vigliarolo</name>
      <uri>https://search.theregister.com/?author=Brandon%20Vigliarolo</uri>
    </author>
    <link rel="alternate" type="text/html" href="https://go.theregister.com/feed/www.theregister.com/2022/11/04/starliner_launch_delay/"/>
    <title type="html">Boeing's Starliner launch pushed back again... to April 2023</title>
    <summary type="html" xml:base="https://www.theregister.com/">&lt;h4&gt;The official word is 'scheduling conflicts,' but NASA's safety panel has expressed concerns too&lt;/h4&gt; &lt;p&gt;The first crewed launch of Boeing's Starliner has been delayed again, this time being pushed back to April 2023 from an earlier planned launch date of February.…&lt;/p&gt;</summary>
  </entry>
  <entry>
    <id>tag:theregister.com,2005:story224545</id>
    <updated>2022-11-04T15:15:12Z</updated>
    <author>
      <name>Lindsay Clark</name>
      <uri>https://search.theregister.com/?author=Lindsay%20Clark</uri>
    </author>
    <link rel="alternate" type="text/html" href="https://go.theregister.com/feed/www.theregister.com/2022/11/04/uk_governement_set_to_extract/"/>
    <title type="html">UK government set to extract hospital data to Palantir system without patient consent</title>
    <summary type="html" xml:base="https://www.theregister.com/">&lt;h4&gt;'You'll be hearing from us,' say privacy campaigners who previously forced the government to back down&lt;/h4&gt; &lt;p&gt;The UK government is set to extract patient-identifiable data from NHS hospital systems and share this with its data platform based on technology from Palantir, a move that seems set to provoke another legal challenge.…&lt;/p&gt;</summary>
  </entry>
  <entry>
    <id>tag:theregister.com,2005:story224548</id>
    <updated>2022-11-04T14:15:35Z</updated>
    <author>
      <name>Dan Robinson</name>
      <uri>https://search.theregister.com/?author=Dan%20Robinson</uri>
    </author>
    <link rel="alternate" type="text/html" href="https://go.theregister.com/feed/www.theregister.com/2022/11/04/us_chip_industry_china_ban/"/>
    <title type="html">US chip industry worried it may lose out to rivals over China ban</title>
    <summary type="html" xml:base="https://www.theregister.com/">&lt;h4&gt;Just hang on while we convince the rest of the world, Commerce Sec tells makers&lt;/h4&gt; &lt;p&gt;US companies that build chipmaking equipment have been told to tough it out as they face a ban on selling to customers in China, while their rivals elsewhere in the world currently have no such restrictions.…&lt;/p&gt; &lt;p&gt;&lt;!--#include virtual='/data_centre/_whitepaper_textlinks_top.html' --&gt;&lt;/p&gt;</summary>
  </entry>
  <entry>
    <id>tag:theregister.com,2005:story224541</id>
    <updated>2022-11-04T13:30:42Z</updated>
    <author>
      <name>Jude Karabus</name>
      <uri>https://search.theregister.com/?author=Jude%20Karabus</uri>
    </author>
    <link rel="alternate" type="text/html" href="https://go.theregister.com/feed/www.theregister.com/2022/11/04/google_nlrb_complaint/"/>
    <title type="html">Google cut contractors off from online 'Share My Salary' spreadsheet, union claims</title>
    <summary type="html" xml:base="https://www.theregister.com/">&lt;h4&gt;Alphabet Workers Union says it's an illegal block of workers' right to discuss pay&lt;/h4&gt; &lt;p&gt;The Alphabet Workers Union (AWU) claims the company blocked access to a shared spreadsheet in which it reckons "hundreds" of subcontracted workers had shared their salary details and "up to 50,000" of those staffers are now prevented from looking them up.…&lt;/p&gt;</summary>
  </entry>
  <entry>
    <id>tag:theregister.com,2005:story224543</id>
    <updated>2022-11-04T12:50:15Z</updated>
    <author>
      <name>Dan Robinson</name>
      <uri>https://search.theregister.com/?author=Dan%20Robinson</uri>
    </author>
    <link rel="alternate" type="text/html" href="https://go.theregister.com/feed/www.theregister.com/2022/11/04/dell_australia_consumer_court/"/>
    <title type="html">Dell hit with Oz court case for misleading prices on monitors</title>
    <summary type="html" xml:base="https://www.theregister.com/">&lt;h4&gt;Watchdog claims add-ons to computer purchases appeared to be discounted but did not reflect the standalone RRP&lt;/h4&gt; &lt;p&gt;Dell's Australian business is in trouble with the country's consumer watchdog for allegedly misleading buyers about the price of displays purchased as an add-on with its computers.…&lt;/p&gt;</summary>
  </entry>
  <entry>
    <id>tag:theregister.com,2005:story224544</id>
    <updated>2022-11-04T12:20:09Z</updated>
    <author>
      <name>Paul Kunert</name>
      <uri>https://search.theregister.com/?author=Paul%20Kunert</uri>
    </author>
    <link rel="alternate" type="text/html" href="https://go.theregister.com/feed/www.theregister.com/2022/11/04/bt_pay_talks_reopened_says_cwu/"/>
    <title type="html">BT re-enters pay talks to prevent further strikes, says union</title>
    <summary type="html" xml:base="https://www.theregister.com/">&lt;h4&gt;What forced the change in attitude? The impact on 40,000 broadband connections possibly&lt;/h4&gt; &lt;p&gt;The Communication Workers Unions (CWU) claims BT Group has agreed to re-enter negotiations to find a solution to the protracted pay dispute that has caused thousands of engineers and call center operators to strike.…&lt;/p&gt;</summary>
  </entry>
  <entry>
    <id>tag:theregister.com,2005:story224542</id>
    <updated>2022-11-04T11:03:13Z</updated>
    <author>
      <name>Richard Currie</name>
      <uri>https://search.theregister.com/?author=Richard%20Currie</uri>
    </author>
    <link rel="alternate" type="text/html" href="https://go.theregister.com/feed/www.theregister.com/2022/11/04/nft_vending_machine/"/>
    <title type="html">NFT vending machine appears in London</title>
    <summary type="html" xml:base="https://www.theregister.com/">&lt;h4&gt;Don't everyone rush at once&lt;/h4&gt; &lt;p&gt;NFTs are dead. And stupid. Don't just take our word for it – Bill Gates, widely considered a pretty smart guy, described them as "100 percent based on greater fool theory" and analyst Forrester recently said "most consumers aren't interested in NFT stunts."…&lt;/p&gt; &lt;p&gt;&lt;!--#include virtual='/data_centre/_whitepaper_textlinks_top.html' --&gt;&lt;/p&gt;</summary>
  </entry>
  <entry>
    <id>tag:theregister.com,2005:story224531</id>
    <updated>2022-11-04T09:34:13Z</updated>
    <author>
      <name>Jeff Burt</name>
      <uri>https://search.theregister.com/?author=Jeff%20Burt</uri>
    </author>
    <link rel="alternate" type="text/html" href="https://go.theregister.com/feed/www.theregister.com/2022/11/04/microsoft_ukraine_tech_support/"/>
    <title type="html">Microsoft gives away '$400m in cloud support' to Ukraine</title>
    <summary type="html" xml:base="https://www.theregister.com/">&lt;h4&gt;Freedom isn't free&lt;/h4&gt; &lt;p&gt;The Ukraine government will continue to be able to run its digital infrastructure through the Microsoft Cloud for free in 2023, the tech giant confirmed today.…&lt;/p&gt;</summary>
  </entry>
  <entry>
    <id>tag:theregister.com,2005:story224518</id>
    <updated>2022-11-04T08:30:14Z</updated>
    <author>
      <name>Richard Currie</name>
      <uri>https://search.theregister.com/?author=Richard%20Currie</uri>
    </author>
    <link rel="alternate" type="text/html" href="https://go.theregister.com/feed/www.theregister.com/2022/11/04/norths_align_britain/"/>
    <title type="html">All of the norths are about to align over Britain</title>
    <summary type="html" xml:base="https://www.theregister.com/">&lt;h4&gt;Magnetic north is on a walkabout, and your OCD will benefit&lt;/h4&gt; &lt;p&gt;UK map lords at the Ordnance Survey have some big news for people with obsessive compulsive personality disorder or otherwise like everything to be neatly lined up.…&lt;/p&gt;</summary>
  </entry>
  <entry>
    <id>tag:theregister.com,2005:story224538</id>
    <updated>2022-11-04T07:32:08Z</updated>
    <author>
      <name>Simon Sharwood</name>
      <uri>https://search.theregister.com/?author=Simon%20Sharwood</uri>
    </author>
    <link rel="alternate" type="text/html" href="https://go.theregister.com/feed/www.theregister.com/2022/11/04/on_call/"/>
    <title type="html">Hot, sweaty builders hosed a server – literally – leaving support with an all-night RAID repair job</title>
    <summary type="html" xml:base="https://www.theregister.com/">&lt;h4&gt;Extension cords are good for power. Extension tubes? Not so good for air&lt;/h4&gt; &lt;p&gt;&lt;strong&gt;On Call&lt;/strong&gt;  As two precious days of free time loom, &lt;i&gt;The Register&lt;/i&gt; offers a two-minute taste of the energy-draining drama that makes weekends so important in another instalment of On-Call, our weekly reader-contributed tale of the messes IT people are asked to address.…&lt;/p&gt;</summary>
  </entry>
  <entry>
    <id>tag:theregister.com,2005:story224540</id>
    <updated>2022-11-04T06:58:13Z</updated>
    <author>
      <name>Simon Sharwood</name>
      <uri>https://search.theregister.com/?author=Simon%20Sharwood</uri>
    </author>
    <link rel="alternate" type="text/html" href="https://go.theregister.com/feed/www.theregister.com/2022/11/04/atlassian_q1_23/"/>
    <title type="html">You fire 'em, we'll hire 'em: Atlassian sees tech layoffs as HR heaven</title>
    <summary type="html" xml:base="https://www.theregister.com/">&lt;h4&gt;But investors aren't impressed by losses and unpleasant outlook&lt;/h4&gt; &lt;p&gt;Atlassian sees the current round of layoffs and hiring freezes across the tech industry as an opportunity on which it hopes to capitalise – even as its own share price slumps.…&lt;/p&gt;</summary>
  </entry>
  <entry>
    <id>tag:theregister.com,2005:story224529</id>
    <updated>2022-11-04T06:22:06Z</updated>
    <author>
      <name>Jessica Lyons Hardcastle</name>
      <uri>https://search.theregister.com/?author=Jessica%20Lyons%20Hardcastle</uri>
    </author>
    <link rel="alternate" type="text/html" href="https://go.theregister.com/feed/www.theregister.com/2022/11/04/french_opera1er_group_ib/"/>
    <title type="html">French-speaking voleurs stole $30m in 15-country bank, telecoms cyber-heist spree</title>
    <summary type="html" xml:base="https://www.theregister.com/">&lt;h4&gt;Smooth 'OPERA1ER' hit orgs around the world over four or more years&lt;/h4&gt; &lt;p&gt;A French-speaking criminal group codenamed OPERA1ER has pulled off more than 30 cyber-heists against telecom organizations and banks across Africa, Asia, and Latin America, stealing upwards of $30 million over four years, according to security researchers.…&lt;/p&gt; &lt;p&gt;&lt;!--#include virtual='/data_centre/_whitepaper_textlinks_top.html' --&gt;&lt;/p&gt;</summary>
  </entry>
  <entry>
    <id>tag:theregister.com,2005:story224539</id>
    <updated>2022-11-04T05:59:11Z</updated>
    <author>
      <name>Laura Dobberstein</name>
      <uri>https://search.theregister.com/?author=Laura%20Dobberstein</uri>
    </author>
    <link rel="alternate" type="text/html" href="https://go.theregister.com/feed/www.theregister.com/2022/11/04/xiaomi_concept_phone_with_mounted/"/>
    <title type="html">Xiaomi reveals bonkers phone with bolted-on Leica lens that will make you look like a dork</title>
    <summary type="html" xml:base="https://www.theregister.com/">&lt;h4&gt;A weighty lens, placed off-centre on a lightweight smartphone – what could possibly go wrong?&lt;/h4&gt; &lt;p&gt;Chinese smartphone darling has shown off a phone with a full camera lens bolted to its back – which looks very dorky, but thankfully is only a concept device.…&lt;/p&gt;</summary>
  </entry>
  <entry>
    <id>tag:theregister.com,2005:story224537</id>
    <updated>2022-11-04T04:58:05Z</updated>
    <author>
      <name>Simon Sharwood</name>
      <uri>https://search.theregister.com/?author=Simon%20Sharwood</uri>
    </author>
    <link rel="alternate" type="text/html" href="https://go.theregister.com/feed/www.theregister.com/2022/11/04/lenovo_isg_profitable_four_quarters/"/>
    <title type="html">After years of losses, Lenovo's infrastructure group posts 12 months of profits</title>
    <summary type="html" xml:base="https://www.theregister.com/">&lt;h4&gt;Execs say enterprise hardware biz is flying – don't mention the sub-one-percent profit&lt;/h4&gt; &lt;p&gt;In February 2022 Lenovo &lt;a target="_blank" href="https://www.theregister.com/2022/02/23/lenovo_q3_2022/"&gt;shared&lt;/a&gt; a slightly special number: $17 million. That's the first profit made by its Infrastructure Solutions Group (ISG) since its predecessor was formed by the &lt;a target="_blank" href="https://www.theregister.com/2014/09/29/lenovo_ibm_server_deal_to_close_october/"&gt;2014 acquisition of IBM's x86 server business&lt;/a&gt;.…&lt;/p&gt;</summary>
  </entry>
  <entry>
    <id>tag:theregister.com,2005:story224536</id>
    <updated>2022-11-04T03:44:59Z</updated>
    <author>
      <name>Simon Sharwood</name>
      <uri>https://search.theregister.com/?author=Simon%20Sharwood</uri>
    </author>
    <link rel="alternate" type="text/html" href="https://go.theregister.com/feed/www.theregister.com/2022/11/04/twitter_layoffs_email/"/>
    <title type="html">Elon Musk reportedly outlines horrible Twitter layoff process</title>
    <summary type="html" xml:base="https://www.theregister.com/">&lt;h4&gt;Email to your personal account is bad news, email to your work account means you still work at Twitter&lt;/h4&gt; &lt;p&gt;Twitter owner, sole director and – according to his Twitter profile, now also "Twitter Complaint Hotline Operator" – has reportedly informed company staff that layoffs begin tomorrow.…&lt;/p&gt;</summary>
  </entry>
  <entry>
    <id>tag:theregister.com,2005:story224535</id>
    <updated>2022-11-04T02:59:06Z</updated>
    <author>
      <name>Simon Sharwood</name>
      <uri>https://search.theregister.com/?author=Simon%20Sharwood</uri>
    </author>
    <link rel="alternate" type="text/html" href="https://go.theregister.com/feed/www.theregister.com/2022/11/04/alibaba_cloud_20_percent_arm/"/>
    <title type="html">Alibaba Cloud plans for a fifth of its servers to use homebrew Arm CPUs by 2025</title>
    <summary type="html" xml:base="https://www.theregister.com/">&lt;h4&gt;Sanctions? What sanctions? Just look at the low, low, power consumption figures&lt;/h4&gt; &lt;p&gt;Alibaba Cloud has revealed that it plans to power 20 percent of its operations with its own homebrew CPUs by 2025.…&lt;/p&gt;</summary>
  </entry>
  <entry>
    <id>tag:theregister.com,2005:story224522</id>
    <updated>2022-11-04T01:01:13Z</updated>
    <author>
      <name>Laura Dobberstein</name>
      <uri>https://search.theregister.com/?author=Laura%20Dobberstein</uri>
    </author>
    <link rel="alternate" type="text/html" href="https://go.theregister.com/feed/www.theregister.com/2022/11/04/mas_stablecoin_cbdc/"/>
    <title type="html">Singapore's fintech boss says stablecoins might win before CBDCs even get started</title>
    <summary type="html" xml:base="https://www.theregister.com/">&lt;h4&gt;Monetary authority presses ahead with Ubin+ cross-border CBDC trial anyway&lt;/h4&gt; &lt;p&gt;While central bank digital currencies (CBDCs) are often advanced as a way to improve the world's creaking cross-border payments infrastructure, some financial experts believe the government-issued tokens may be usurped by stablecoins and other products.…&lt;/p&gt; &lt;p&gt;&lt;!--#include virtual='/data_centre/_whitepaper_textlinks_top.html' --&gt;&lt;/p&gt;</summary>
  </entry>
  <entry>
    <id>tag:theregister.com,2005:story224530</id>
    <updated>2022-11-03T23:58:12Z</updated>
    <author>
      <name>Katyanna Quach</name>
      <uri>https://search.theregister.com/?author=Katyanna%20Quach</uri>
    </author>
    <link rel="alternate" type="text/html" href="https://go.theregister.com/feed/www.theregister.com/2022/11/03/nasa_artemis_launch/"/>
    <title type="html">NASA wheels SLS rocket out to the launchpad for another attempt to get off the ground</title>
    <summary type="html" xml:base="https://www.theregister.com/">&lt;h4&gt;After two previous failures, will third time be the charm?&lt;/h4&gt; &lt;p&gt;NASA will roll its Space Launch System back out to the launchpad at the Kennedy Space Center on Friday to prepare for a third attempt to put its most powerful rocket yet into the sky on November 14.…&lt;/p&gt;</summary>
  </entry>
  <entry>
    <id>tag:theregister.com,2005:story224533</id>
    <updated>2022-11-03T21:55:56Z</updated>
    <author>
      <name>Dylan Martin</name>
      <uri>https://search.theregister.com/?author=Dylan%20Martin</uri>
    </author>
    <link rel="alternate" type="text/html" href="https://go.theregister.com/feed/www.theregister.com/2022/11/03/amd_radeon_rx_7900_launched/"/>
    <title type="html">AMD’s latest, greatest Radeon graphics card $600 cheaper than Nvidia’s top RTX 4090</title>
    <summary type="html" xml:base="https://www.theregister.com/">&lt;h4&gt;Chiplet-based RNDA 3 GPU fans have been waiting for&lt;/h4&gt; &lt;p&gt;AMD has come out swinging at Nvidia with new flagship Radeon graphics cards that are cheaper than its rival's fresh GeForce RTX products.…&lt;/p&gt;</summary>
  </entry>
  <entry>
    <id>tag:theregister.com,2005:story224524</id>
    <updated>2022-11-03T20:45:15Z</updated>
    <author>
      <name>Jeff Burt</name>
      <uri>https://search.theregister.com/?author=Jeff%20Burt</uri>
    </author>
    <link rel="alternate" type="text/html" href="https://go.theregister.com/feed/www.theregister.com/2022/11/03/mfa_fatigue_enterprise_threat/"/>
    <title type="html">Multi-factor auth fatigue is real – and it's why you may be in the headlines next</title>
    <summary type="html" xml:base="https://www.theregister.com/">&lt;h4&gt;Overwhelmed by waves of push notifications, worn-down users inadvertently let the bad guys in&lt;/h4&gt; &lt;p&gt;&lt;strong&gt;Analysis&lt;/strong&gt;  The September cyberattack on ride-hailing service Uber began when a criminal bought the stolen credentials of a company contractor on the dark web.…&lt;/p&gt;</summary>
  </entry>
  <entry>
    <id>tag:theregister.com,2005:story224528</id>
    <updated>2022-11-03T19:46:07Z</updated>
    <author>
      <name>Brandon Vigliarolo</name>
      <uri>https://search.theregister.com/?author=Brandon%20Vigliarolo</uri>
    </author>
    <link rel="alternate" type="text/html" href="https://go.theregister.com/feed/www.theregister.com/2022/11/03/lyft_stripe_twitter_layoffs/"/>
    <title type="html">Latest layoffs: Lyft, Stripe more than decimate staff</title>
    <summary type="html" xml:base="https://www.theregister.com/">&lt;h4&gt;While Elon may just dump half of Twitter and scrap work-from-home&lt;/h4&gt; &lt;p&gt;Citing the likelihood of recession and increases in rideshare insurance costs, Lyft is laying off 13 percent of its workforce, with no team left unaffected.…&lt;/p&gt;</summary>
  </entry>
  <entry>
    <id>tag:theregister.com,2005:story224527</id>
    <updated>2022-11-03T19:15:13Z</updated>
    <author>
      <name>Liam Proven</name>
      <uri>https://search.theregister.com/?author=Liam%20Proven</uri>
    </author>
    <link rel="alternate" type="text/html" href="https://go.theregister.com/feed/www.theregister.com/2022/11/03/nitrux_25/"/>
    <title type="html">Nitrux 2.5: The latest update to a radical Linux</title>
    <summary type="html" xml:base="https://www.theregister.com/">&lt;h4&gt;Also one of the first distros we've seen with Kernel 6.0&lt;/h4&gt; &lt;p&gt;Nitrux OS is one of the most stylish and innovative distros we've seen so far: systemd-free, based on AppImages, and with a very unusual desktop.…&lt;/p&gt; &lt;p&gt;&lt;!--#include virtual='/data_centre/_whitepaper_textlinks_top.html' --&gt;&lt;/p&gt;</summary>
  </entry>
  <entry>
    <id>tag:theregister.com,2005:story224526</id>
    <updated>2022-11-03T18:45:10Z</updated>
    <author>
      <name>Tobias Mann</name>
      <uri>https://search.theregister.com/?author=Tobias%20Mann</uri>
    </author>
    <link rel="alternate" type="text/html" href="https://go.theregister.com/feed/www.theregister.com/2022/11/03/aws_freeze_hiring/"/>
    <title type="html">Amazon freezes corporate hiring amid worsening economic outlook</title>
    <summary type="html" xml:base="https://www.theregister.com/">&lt;h4&gt;The decision comes as the e-commerce giant stuggles with soaring energy prices and cash-strapped customers&lt;/h4&gt; &lt;p&gt;Amazon is freezing hiring of new corporate positions across the company for the rest of 2022 amid worsening economic conditions.…&lt;/p&gt;</summary>
  </entry>
  <entry>
    <id>tag:theregister.com,2005:story224525</id>
    <updated>2022-11-03T18:00:08Z</updated>
    <author>
      <name>Paul Kunert</name>
      <uri>https://search.theregister.com/?author=Paul%20Kunert</uri>
    </author>
    <link rel="alternate" type="text/html" href="https://go.theregister.com/feed/www.theregister.com/2022/11/03/kyndryl_q2_fiscal_2023/"/>
    <title type="html">Kyndryl loses $281m in the quarter as modernization agenda continues</title>
    <summary type="html" xml:base="https://www.theregister.com/">&lt;h4&gt;How to turn a classic infrastructure biz into something fit for the cloud era&lt;/h4&gt; &lt;p&gt;Shapeshifting infrastructure services biz Kyndryl can't plug its revenue leak but cutting costs did cut losses in half.…&lt;/p&gt;</summary>
  </entry>
  <entry>
    <id>tag:theregister.com,2005:story224520</id>
    <updated>2022-11-03T17:30:13Z</updated>
    <author>
      <name>Brandon Vigliarolo</name>
      <uri>https://search.theregister.com/?author=Brandon%20Vigliarolo</uri>
    </author>
    <link rel="alternate" type="text/html" href="https://go.theregister.com/feed/www.theregister.com/2022/11/03/tumblr_says_nudes_are_back/"/>
    <title type="html">Tumblr says nudes are back on the menu – within reason</title>
    <summary type="html" xml:base="https://www.theregister.com/">&lt;h4&gt;But old 'go nuts, show nuts' attitude is dead for good&lt;/h4&gt; &lt;p&gt;Tumblr has reversed course on its 2018 nudity ban, welcoming some – but not all – adult content creators back to the platform after a four-year hiatus.…&lt;/p&gt;</summary>
  </entry>
  <entry>
    <id>tag:theregister.com,2005:story224523</id>
    <updated>2022-11-03T16:45:13Z</updated>
    <author>
      <name>Brandon Vigliarolo</name>
      <uri>https://search.theregister.com/?author=Brandon%20Vigliarolo</uri>
    </author>
    <link rel="alternate" type="text/html" href="https://go.theregister.com/feed/www.theregister.com/2022/11/03/ransomware_summit_cryptocurrency/"/>
    <title type="html">International summit agrees crack down on crypto to combat ransomware</title>
    <summary type="html" xml:base="https://www.theregister.com/">&lt;h4&gt;Commitments include international wallet info sharing, KYC requirements, and an AML crackdown&lt;/h4&gt; &lt;p&gt;The White House's second International Counter Ransomware Initiative summit has concluded, and this year the 36-nation group has made clear it intends to crack down on how cryptocurrencies are used to finance ransomware operations.…&lt;/p&gt;</summary>
  </entry>
  <entry>
    <id>tag:theregister.com,2005:story224521</id>
    <updated>2022-11-03T15:50:10Z</updated>
    <author>
      <name>Dan Robinson</name>
      <uri>https://search.theregister.com/?author=Dan%20Robinson</uri>
    </author>
    <link rel="alternate" type="text/html" href="https://go.theregister.com/feed/www.theregister.com/2022/11/03/fcc_afc_providers_wifi/"/>
    <title type="html">FCC taps 13 providers to manage 6GHz band access for new Wi-Fi standards</title>
    <summary type="html" xml:base="https://www.theregister.com/">&lt;h4&gt;Public will be able to test each system as part of development process&lt;/h4&gt; &lt;p&gt;The US Federal Communications Commission (FCC) has conditionally approved 13 proposed automated frequency coordination (AFC) systems to manage spectrum access for unlicensed devices in the 6GHz band.…&lt;/p&gt; &lt;p&gt;&lt;!--#include virtual='/data_centre/_whitepaper_textlinks_top.html' --&gt;&lt;/p&gt;</summary>
  </entry>
  <entry>
    <id>tag:theregister.com,2005:story224519</id>
    <updated>2022-11-03T15:15:06Z</updated>
    <author>
      <name>Lindsay Clark</name>
      <uri>https://search.theregister.com/?author=Lindsay%20Clark</uri>
    </author>
    <link rel="alternate" type="text/html" href="https://go.theregister.com/feed/www.theregister.com/2022/11/03/redis_resp_app/"/>
    <title type="html">Redis swallows RESP.app biz that made its database easier on developers</title>
    <summary type="html" xml:base="https://www.theregister.com/">&lt;h4&gt;Acquisition of Ukrainian startup to help broaden appeal beyond popular cache&lt;/h4&gt; &lt;p&gt;Database provider Redis has acquired RESP.app, a popular developer tool used to ease developer experience on the popular key-value database.…&lt;/p&gt;</summary>
  </entry>
  <entry>
    <id>tag:theregister.com,2005:story224517</id>
    <updated>2022-11-03T13:35:04Z</updated>
    <author>
      <name>Dan Robinson</name>
      <uri>https://search.theregister.com/?author=Dan%20Robinson</uri>
    </author>
    <link rel="alternate" type="text/html" href="https://go.theregister.com/feed/www.theregister.com/2022/11/03/lenovo_q2_2023/"/>
    <title type="html">Lenovo revenues drop due to falling demand for PCs</title>
    <summary type="html" xml:base="https://www.theregister.com/">&lt;h4&gt;But overall profits are up thanks to cost cutting and success in other divisions&lt;/h4&gt; &lt;p&gt;Lenovo revenues declined for the first time in 10 quarters due to a steep fall in demand for PCs and tablets. Still, profits rose due to cost-cutting measures and growth in other areas such as its services division.…&lt;/p&gt;</summary>
  </entry>
  <entry>
    <id>tag:theregister.com,2005:story224516</id>
    <updated>2022-11-03T12:42:40Z</updated>
    <author>
      <name>Paul Kunert</name>
      <uri>https://search.theregister.com/?author=Paul%20Kunert</uri>
    </author>
    <link rel="alternate" type="text/html" href="https://go.theregister.com/feed/www.theregister.com/2022/11/03/bt_cost_cutting/"/>
    <title type="html">BT CEO ups cost-cutting plan amid rising inflation and soaring energy costs</title>
    <summary type="html" xml:base="https://www.theregister.com/">&lt;h4&gt;National telecom giant admits strike action is impacting customer broadband connections&lt;/h4&gt; &lt;p&gt;BT Group is looking to wrench out higher savings amid rising inflation in the relentless pursuit of improved profits.…&lt;/p&gt;</summary>
  </entry>
  <entry>
    <id>tag:theregister.com,2005:story224501</id>
    <updated>2022-11-03T11:35:07Z</updated>
    <author>
      <name>Liam Proven</name>
      <uri>https://search.theregister.com/?author=Liam%20Proven</uri>
    </author>
    <link rel="alternate" type="text/html" href="https://go.theregister.com/feed/www.theregister.com/2022/11/03/version_252_systemd/"/>
    <title type="html">Version 252 of systemd, as expected, locks down the Linux boot process</title>
    <summary type="html" xml:base="https://www.theregister.com/">&lt;h4&gt;The init system that everybody loves to hate&lt;/h4&gt; &lt;p&gt;The fall version of systemd is here, with support for increased boot security, including tightened full-disk encryption.…&lt;/p&gt;</summary>
  </entry>
  <entry>
    <id>tag:theregister.com,2005:story224515</id>
    <updated>2022-11-03T10:37:12Z</updated>
    <author>
      <name>Lindsay Clark</name>
      <uri>https://search.theregister.com/?author=Lindsay%20Clark</uri>
    </author>
    <link rel="alternate" type="text/html" href="https://go.theregister.com/feed/www.theregister.com/2022/11/03/oracle_erp_edinburgh_university/"/>
    <title type="html">University of Edinburgh staff paid late due to Oracle ERP troubles</title>
    <summary type="html" xml:base="https://www.theregister.com/">&lt;h4&gt;Project beginning in 2019 has left employees and suppliers waiting on payments&lt;/h4&gt; &lt;p&gt;Scotland's University of Edinburgh has paid staff and suppliers late owing to the troubled implementation of a new Oracle-based HR and finance system.…&lt;/p&gt; &lt;p&gt;&lt;!--#include virtual='/data_centre/_whitepaper_textlinks_top.html' --&gt;&lt;/p&gt;</summary>
  </entry>
  <entry>
    <id>t
339e
ag:theregister.com,2005:story224489</id>
    <updated>2022-11-03T09:30:06Z</updated>
    <author>
      <name>Dan Robinson</name>
      <uri>https://search.theregister.com/?author=Dan%20Robinson</uri>
    </author>
    <link rel="alternate" type="text/html" href="https://go.theregister.com/feed/www.theregister.com/2022/11/03/aviatrix_cloudiq/"/>
    <title type="html">Aviatrix releases tool to help enterprises prevent cloud network costs spiraling</title>
    <summary type="html" xml:base="https://www.theregister.com/">&lt;h4&gt;Just as providers prepare to crank up their fees&lt;/h4&gt; &lt;p&gt;Cloud networking outfit Aviatrix has extended its platform with a new capability that monitors network usage to help enterprises more accurately track costs and enable chargeback to individual departments.…&lt;/p&gt;</summary>
  </entry>
  <entry>
    <id>tag:theregister.com,2005:story224508</id>
    <updated>2022-11-03T08:29:13Z</updated>
    <author>
      <name>Jessica Lyons Hardcastle</name>
      <uri>https://search.theregister.com/?author=Jessica%20Lyons%20Hardcastle</uri>
    </author>
    <link rel="alternate" type="text/html" href="https://go.theregister.com/feed/www.theregister.com/2022/11/03/royal_mail_customer_data_leak/"/>
    <title type="html">Royal Mail customer data leak shutters online Click and Drop</title>
    <summary type="html" xml:base="https://www.theregister.com/">&lt;h4&gt;Customers complain of exposed order info, multiple charges — but still no postage&lt;/h4&gt; &lt;p&gt;A technical SNAFU shut down the UK's Royal Mail Click and Drop website on Tuesday after a security "issue" allowed some customers to see others' order information. …&lt;/p&gt;</summary>
  </entry>
  <entry>
    <id>tag:theregister.com,2005:story224506</id>
    <updated>2022-11-03T07:32:09Z</updated>
    <author>
      <name>Katyanna Quach</name>
      <uri>https://search.theregister.com/?author=Katyanna%20Quach</uri>
    </author>
    <link rel="alternate" type="text/html" href="https://go.theregister.com/feed/www.theregister.com/2022/11/03/nasas_capstone_moon_orbit/"/>
    <title type="html">NASA's CAPSTONE satellite is out of safe mode and on track for Moon orbit this month</title>
    <summary type="html" xml:base="https://www.theregister.com/">&lt;h4&gt;Artemis orbit tester back in the pipe, five by five&lt;/h4&gt; &lt;p&gt;NASA has corrected the trajectory of the CAPSTONE cubesat, which is now set to reach lunar orbit on November 13.…&lt;/p&gt;</summary>
  </entry>
  <entry>
    <id>tag:theregister.com,2005:story224514</id>
    <updated>2022-11-03T06:57:10Z</updated>
    <author>
      <name>Laura Dobberstein</name>
      <uri>https://search.theregister.com/?author=Laura%20Dobberstein</uri>
    </author>
    <link rel="alternate" type="text/html" href="https://go.theregister.com/feed/www.theregister.com/2022/11/03/vitalik_buterin_elom_musk_twitter/"/>
    <title type="html">Ethereum co-founder Vitalik Buterin: If Musk's Twitter flops, it's not such a bad thing</title>
    <summary type="html" xml:base="https://www.theregister.com/">&lt;h4&gt;Predicts replacement, without Elon's problems, is waiting to fly&lt;/h4&gt; &lt;p&gt;Ethereum co-founder Vitalik Buterin told an audience at Singapore's FinTech Festival on Thursday he believes a social media platform to replace Twitter – one that avoids many of the bird-brand's existing problems – is already on the way somewhere.…&lt;/p&gt;</summary>
  </entry>
  <entry>
    <id>tag:theregister.com,2005:story224513</id>
    <updated>2022-11-03T06:15:07Z</updated>
    <author>
      <name>Simon Sharwood</name>
      <uri>https://search.theregister.com/?author=Simon%20Sharwood</uri>
    </author>
    <link rel="alternate" type="text/html" href="https://go.theregister.com/feed/www.theregister.com/2022/11/03/qualcomm_q4_2022/"/>
    <title type="html">Qualcomm predicts 2024 is the year Windows on Arm goes large</title>
    <summary type="html" xml:base="https://www.theregister.com/">&lt;h4&gt;For now, have a hiring freeze to preserve fat profits&lt;/h4&gt; &lt;p&gt;Qualcomm CEO and president Cristiano Amon has tipped 2024 as the year in which PCs using his company’s Snapdragon silicon make a mark.…&lt;/p&gt; &lt;p&gt;&lt;!--#include virtual='/data_centre/_whitepaper_textlinks_top.html' --&gt;&lt;/p&gt;</summary>
  </entry>
  <entry>
    <id>tag:theregister.com,2005:story224512</id>
    <updated>2022-11-03T04:31:12Z</updated>
    <author>
      <name>Simon Sharwood</name>
      <uri>https://search.theregister.com/?author=Simon%20Sharwood</uri>
    </author>
    <link rel="alternate" type="text/html" href="https://go.theregister.com/feed/www.theregister.com/2022/11/03/alibaba_cloud_utility_wuying_laptop/"/>
    <title type="html">Alibaba Cloud goes even more serverless as it tries to become a utility</title>
    <summary type="html" xml:base="https://www.theregister.com/">&lt;h4&gt;Laptop-shaped thin client tied to DaaS also illustrates the concept, and its downsides&lt;/h4&gt; &lt;p&gt;Alibaba Cloud has kicked off its annual Apsara conference by declaring an ambition to become a "computility" – a service that provides an endless stream of computational resource that users can consume as if it were electricity.…&lt;/p&gt;</summary>
  </entry>
  <entry>
    <id>tag:theregister.com,2005:story224511</id>
    <updated>2022-11-03T02:01:12Z</updated>
    <author>
      <name>Simon 

DEBUG counter: 25

B: 1536, HF:1
Builded XML size before: 37632
Builded XML size after: 37632

==Response L:1536
Sharwood</name>
      <uri>https://search.theregister.com/?author=Simon%20Sharwood</uri>
    </author>
    <link rel="alternate" type="text/html" href="https://go.theregister.com/feed/www.theregister.com/2022/11/03/china_rare_earth_supply_chain/"/>
    <title type="html">China reminds world shock and ore can hurt tech supply chains</title>
    <summary type="html" xml:base="https://www.theregister.com/">&lt;h4&gt;Nice chip and EV factories you're building there. Would be a shame if they couldn't get any rare earths to work with&lt;/h4&gt; &lt;p&gt;China has immense leverage over technology supply chains due to the happy accident that its territories contain most of the rare earths needed to manufacture electronics and batteries, and that it dominates industries that ready them for use.…&lt;/p&gt;</summary>
  </entry>
  <entry>
    <id>tag:theregister.com,2005:story224509</id>
    <updated>2022-11-03T00:54:12Z</updated>
    <author>
      <name>Dylan Martin</name>
      <uri>https://search.theregister.com/?author=Dylan%20Martin</uri>
    </author>
    <link rel="alternate" type="text/html" href="https://go.theregister.com/feed/www.theregister.com/2022/11/03/us_chip_workers_china/"/>
    <title type="html">Some American techies can still work for Chinese chipmakers, turns out</title>
    <summary type="html" xml:base="https://www.theregister.com/">&lt;h4&gt;But if you authorize or handle delivery of factory kit – or service it – you're out&lt;/h4&gt; &lt;p&gt;Remember that warning that the USA's new restric
==

==XML builded
7dc0
<?xml version="1.0" encoding="UTF-8"?>
<feed xmlns="http://www.w3.org/2005/Atom" xml:lang="en">
  <id>tag:theregister.com,2005:feed/theregister.com/</id>
  <title>The Register</title>
  <link rel="self" type="application/atom+xml" href="https://www.theregister.com/headlines.atom"/>
  <link rel="alternate" type="text/html" href="https://www.theregister.com/"/>
  <rights>Copyright © 2022, Situation Publishing</rights>
  <author>
    <name>Team Register</name>
    <email>webmaster@theregister.co.uk</email>
    <uri>https://www.theregister.com/odds/about/contact/</uri>
  </author>
  <icon>https://www.theregister.com/Design/graphics/icons/favicon.png</icon>
  <subtitle>Biting the hand that feeds IT — Enterprise Technology News and Analysis</subtitle>
  <logo>https://www.theregister.com/Design/graphics/Reg_default/The_Register_r.png</logo>
  <updated>2022-11-04T19:15:11Z</updated>
  <entry>
    <id>tag,:theregister.com,2005:story224552</id>
    <updated>2022-11-04T19:15:11Z</updated>
    <author>
      <name>Brandon Vigliarolo</name>
      <uri>https://search.theregister.com/?author=Brandon%20Vigliarolo</uri>
    </author>
    <link rel="alternate" type="text/html" href="https://go.theregister.com/feed/www.theregister.com/2022/11/04/twitter_warn_act_lawsuit/"/>
    <title type="html">Twitter employees sue over lack of 60-day layoff notice</title>
    <summary type="html" xml:base="https://www.theregister.com/">&lt;h4&gt;Musk-owned companies have now faced 3 WARN Act lawsuits alleging the same thing&lt;/h4&gt; &lt;p&gt;The great Twitter cull of '22 is expected to begin today, but a group of tweeps have preempted the event by filing a class action lawsuit against Twitter for violating the WARN Act.…&lt;/p&gt;</summary>
  </entry>
  <entry>
    <id>tag:theregister.com,2005:story224550</id>
    <updated>2022-11-04T18:30:08Z</updated>
    <author>
      <name>Jeff Burt</name>
      <uri>https://search.theregister.com/?author=Jeff%20Burt</uri>
    </author>
    <link rel="alternate" type="text/html" href="https://go.theregister.com/feed/www.theregister.com/2022/11/04/crimson_kingsnake_bec_scam/"/>
    <title type="html">Double-check demand payment emails from law firms: Convincing fakes surface</title>
    <summary type="html" xml:base="https://www.theregister.com/">&lt;h4&gt;Crimson Kingsnake impersonates legit attorneys, fakes email threads from your colleagues in far-reaching BEC campaign&lt;/h4&gt; &lt;p&gt;A new threat group called Crimson Kingsnake is impersonating real law companies and debt recovery services to intimidate businessess into paying bogus overdue invoices.…&lt;/p&gt; &lt;p&gt;&lt;!--#include virtual='/data_centre/_whitepaper_textlinks_top.html' --&gt;&lt;/p&gt;</summary>
  </entry>
  <entry>
    <id>tag:theregister.com,2005:story224547</id>
    <updated>2022-11-04T17:30:08Z</updated>
    <author>
      <name>Liam Proven</name>
      <uri>https://search.theregister.com/?author=Liam%20Proven</uri>
    </author>
    <link rel="alternate" type="text/html" href="https://go.theregister.com/feed/www.theregister.com/2022/11/04/mozilla_ventures/"/>
    <title type="html">Mozilla Foundation launches ethical venture capital fund</title>
    <summary type="html" xml:base="https://www.theregister.com/">&lt;h4&gt;An unexpected move, but we suspect that Carl Sagan might have approved&lt;/h4&gt; &lt;p&gt;Mozilla has announced the successor to the Mozilla Builders incubator: Mozilla Ventures.…&lt;/p&gt;</summary>
  </entry>
  <entry>
    <id>tag:theregister.com,2005:story224549</id>
    <updated>2022-11-04T16:15:25Z</updated>
    <author>
      <name>Brandon Vigliarolo</name>
      <uri>https://search.theregister.com/?author=Brandon%20Vigliarolo</uri>
    </author>
    <link rel="alternate" type="text/html" href="https://go.theregister.com/feed/www.theregister.com/2022/11/04/starliner_launch_delay/"/>
    <title type="html">Boeing's Starliner launch pushed back again... to April 2023</title>
    <summary type="html" xml:base="https://www.theregister.com/">&lt;h4&gt;The official word is 'scheduling conflicts,' but NASA's safety panel has expressed concerns too&lt;/h4&gt; &lt;p&gt;The first crewed launch of Boeing's Starliner has been delayed again, this time being pushed back to April 2023 from an earlier planned launch date of February.…&lt;/p&gt;</summary>
  </entry>
  <entry>
    <id>tag:theregister.com,2005:story224545</id>
    <updated>2022-11-04T15:15:12Z</updated>
    <author>
      <name>Lindsay Clark</name>
      <uri>https://search.theregister.com/?author=Lindsay%20Clark</uri>
    </author>
    <link rel="alternate" type="text/html" href="https://go.theregister.com/feed/www.theregister.com/2022/11/04/uk_governement_set_to_extract/"/>
    <title type="html">UK government set to extract hospital data to Palantir system without patient consent</title>
    <summary type="html" xml:base="https://www.theregister.com/">&lt;h4&gt;'You'll be hearing from us,' say privacy campaigners who previously forced the government to back down&lt;/h4&gt; &lt;p&gt;The UK government is set to extract patient-identifiable data from NHS hospital systems and share this with its data platform based on technology from Palantir, a move that seems set to provoke another legal challenge.…&lt;/p&gt;</summary>
  </entry>
  <entry>
    <id>tag:theregister.com,2005:story224548</id>
    <updated>2022-11-04T14:15:35Z</updated>
    <author>
      <name>Dan Robinson</name>
      <uri>https://search.theregister.com/?author=Dan%20Robinson</uri>
    </author>
    <link rel="alternate" type="text/html" href="https://go.theregister.com/feed/www.theregister.com/2022/11/04/us_chip_industry_china_ban/"/>
    <title type="html">US chip industry worried it may lose out to rivals over China ban</title>
    <summary type="html" xml:base="https://www.theregister.com/">&lt;h4&gt;Just hang on while we convince the rest of the world, Commerce Sec tells makers&lt;/h4&gt; &lt;p&gt;US companies that build chipmaking equipment have been told to tough it out as they face a ban on selling to customers in China, while their rivals elsewhere in the world currently have no such restrictions.…&lt;/p&gt; &lt;p&gt;&lt;!--#include virtual='/data_centre/_whitepaper_textlinks_top.html' --&gt;&lt;/p&gt;</summary>
  </entry>
  <entry>
    <id>tag:theregister.com,2005:story224541</id>
    <updated>2022-11-04T13:30:42Z</updated>
    <author>
      <name>Jude Karabus</name>
      <uri>https://search.theregister.com/?author=Jude%20Karabus</uri>
    </author>
    <link rel="alternate" type="text/html" href="https://go.theregister.com/feed/www.theregister.com/2022/11/04/google_nlrb_complaint/"/>
    <title type="html">Google cut contractors off from online 'Share My Salary' spreadsheet, union claims</title>
    <summary type="html" xml:base="https://www.theregister.com/">&lt;h4&gt;Alphabet Workers Union says it's an illegal block of workers' right to discuss pay&lt;/h4&gt; &lt;p&gt;The Alphabet Workers Union (AWU) claims the company blocked access to a shared spreadsheet in which it reckons "hundreds" of subcontracted workers had shared their salary details and "up to 50,000" of those staffers are now prevented from looking them up.…&lt;/p&gt;</summary>
  </entry>
  <entry>
    <id>tag:theregister.com,2005:story224543</id>
    <updated>2022-11-04T12:50:15Z</updated>
    <author>
      <name>Dan Robinson</name>
      <uri>https://search.theregister.com/?author=Dan%20Robinson</uri>
    </author>
    <link rel="alternate" type="text/html" href="https://go.theregister.com/feed/www.theregister.com/2022/11/04/dell_australia_consumer_court/"/>
    <title type="html">Dell hit with Oz court case for misleading prices on monitors</title>
    <summary type="html" xml:base="https://www.theregister.com/">&lt;h4&gt;Watchdog claims add-ons to computer purchases appeared to be discounted but did not reflect the standalone RRP&lt;/h4&gt; &lt;p&gt;Dell's Australian business is in trouble with the country's consumer watchdog for allegedly misleading buyers about the price of displays purchased as an add-on with its computers.…&lt;/p&gt;</summary>
  </entry>
  <entry>
    <id>tag:theregister.com,2005:story224544</id>
    <updated>2022-11-04T12:20:09Z</updated>
    <author>
      <name>Paul Kunert</name>
      <uri>https://search.theregister.com/?author=Paul%20Kunert</uri>
    </author>
    <link rel="alternate" type="text/html" href="https://go.theregister.com/feed/www.theregister.com/2022/11/04/bt_pay_talks_reopened_says_cwu/"/>
    <title type="html">BT re-enters pay talks to prevent further strikes, says union</title>
    <summary type="html" xml:base="https://www.theregister.com/">&lt;h4&gt;What forced the change in attitude? The impact on 40,000 broadband connections possibly&lt;/h4&gt; &lt;p&gt;The Communication Workers Unions (CWU) claims BT Group has agreed to re-enter negotiations to find a solution to the protracted pay dispute that has caused thousands of engineers and call center operators to strike.…&lt;/p&gt;</summary>
  </entry>
  <entry>
    <id>tag:theregister.com,2005:story224542</id>
    <updated>2022-11-04T11:03:13Z</updated>
    <author>
      <name>Richard Currie</name>
      <uri>https://search.theregister.com/?author=Richard%20Currie</uri>
    </author>
    <link rel="alternate" type="text/html" href="https://go.theregister.com/feed/www.theregister.com/2022/11/04/nft_vending_machine/"/>
    <title type="html">NFT vending machine appears in London</title>
    <summary type="html" xml:base="https://www.theregister.com/">&lt;h4&gt;Don't everyone rush at once&lt;/h4&gt; &lt;p&gt;NFTs are dead. And stupid. Don't just take our word for it – Bill Gates, widely considered a pretty smart guy, described them as "100 percent based on greater fool theory" and analyst Forrester recently said "most consumers aren't interested in NFT stunts."…&lt;/p&gt; &lt;p&gt;&lt;!--#include virtual='/data_centre/_whitepaper_textlinks_top.html' --&gt;&lt;/p&gt;</summary>
  </entry>
  <entry>
    <id>tag:theregister.com,2005:story224531</id>
    <updated>2022-11-04T09:34:13Z</updated>
    <author>
      <name>Jeff Burt</name>
      <uri>https://search.theregister.com/?author=Jeff%20Burt</uri>
    </author>
    <link rel="alternate" type="text/html" href="https://go.theregister.com/feed/www.theregister.com/2022/11/04/microsoft_ukraine_tech_support/"/>
    <title type="html">Microsoft gives away '$400m in cloud support' to Ukraine</title>
    <summary type="html" xml:base="https://www.theregister.com/">&lt;h4&gt;Freedom isn't free&lt;/h4&gt; &lt;p&gt;The Ukraine government will continue to be able to run its digital infrastructure through the Microsoft Cloud for free in 2023, the tech giant confirmed today.…&lt;/p&gt;</summary>
  </entry>
  <entry>
    <id>tag:theregister.com,2005:story224518</id>
    <updated>2022-11-04T08:30:14Z</updated>
    <author>
      <name>Richard Currie</name>
      <uri>https://search.theregister.com/?author=Richard%20Currie</uri>
    </author>
    <link rel="alternate" type="text/html" href="https://go.theregister.com/feed/www.theregister.com/2022/11/04/norths_align_britain/"/>
    <title type="html">All of the norths are about to align over Britain</title>
    <summary type="html" xml:base="https://www.theregister.com/">&lt;h4&gt;Magnetic north is on a walkabout, and your OCD will benefit&lt;/h4&gt; &lt;p&gt;UK map lords at the Ordnance Survey have some big news for people with obsessive compulsive personality disorder or otherwise like everything to be neatly lined up.…&lt;/p&gt;</summary>
  </entry>
  <entry>
    <id>tag:theregister.com,2005:story224538</id>
    <updated>2022-11-04T07:32:08Z</updated>
    <author>
      <name>Simon Sharwood</name>
      <uri>https://search.theregister.com/?author=Simon%20Sharwood</uri>
    </author>
    <link rel="alternate" type="text/html" href="https://go.theregister.com/feed/www.theregister.com/2022/11/04/on_call/"/>
    <title type="html">Hot, sweaty builders hosed a server – literally – leaving support with an all-night RAID repair job</title>
    <summary type="html" xml:base="https://www.theregister.com/">&lt;h4&gt;Extension cords are good for power. Extension tubes? Not so good for air&lt;/h4&gt; &lt;p&gt;&lt;strong&gt;On Call&lt;/strong&gt;  As two precious days of free time loom, &lt;i&gt;The Register&lt;/i&gt; offers a two-minute taste of the energy-draining drama that makes weekends so important in another instalment of On-Call, our weekly reader-contributed tale of the messes IT people are asked to address.…&lt;/p&gt;</summary>
  </entry>
  <entry>
    <id>tag:theregister.com,2005:story224540</id>
    <updated>2022-11-04T06:58:13Z</updated>
    <author>
      <name>Simon Sharwood</name>
      <uri>https://search.theregister.com/?author=Simon%20Sharwood</uri>
    </author>
    <link rel="alternate" type="text/html" href="https://go.theregister.com/feed/www.theregister.com/2022/11/04/atlassian_q1_23/"/>
    <title type="html">You fire 'em, we'll hire 'em: Atlassian sees tech layoffs as HR heaven</title>
    <summary type="html" xml:base="https://www.theregister.com/">&lt;h4&gt;But investors aren't impressed by losses and unpleasant outlook&lt;/h4&gt; &lt;p&gt;Atlassian sees the current round of layoffs and hiring freezes across the tech industry as an opportunity on which it hopes to capitalise – even as its own share price slumps.…&lt;/p&gt;</summary>
  </entry>
  <entry>
    <id>tag:theregister.com,2005:story224529</id>
    <updated>2022-11-04T06:22:06Z</updated>
    <author>
      <name>Jessica Lyons Hardcastle</name>
      <uri>https://search.theregister.com/?author=Jessica%20Lyons%20Hardcastle</uri>
    </author>
    <link rel="alternate" type="text/html" href="https://go.theregister.com/feed/www.theregister.com/2022/11/04/french_opera1er_group_ib/"/>
    <title type="html">French-speaking voleurs stole $30m in 15-country bank, telecoms cyber-heist spree</title>
    <summary type="html" xml:base="https://www.theregister.com/">&lt;h4&gt;Smooth 'OPERA1ER' hit orgs around the world over four or more years&lt;/h4&gt; &lt;p&gt;A French-speaking criminal group codenamed OPERA1ER has pulled off more than 30 cyber-heists against telecom organizations and banks across Africa, Asia, and Latin America, stealing upwards of $30 million over four years, according to security researchers.…&lt;/p&gt; &lt;p&gt;&lt;!--#include virtual='/data_centre/_whitepaper_textlinks_top.html' --&gt;&lt;/p&gt;</summary>
  </entry>
  <entry>
    <id>tag:theregister.com,2005:story224539</id>
    <updated>2022-11-04T05:59:11Z</updated>
    <author>
      <name>Laura Dobberstein</name>
      <uri>https://search.theregister.com/?author=Laura%20Dobberstein</uri>
    </author>
    <link rel="alternate" type="text/html" href="https://go.theregister.com/feed/www.theregister.com/2022/11/04/xiaomi_concept_phone_with_mounted/"/>
    <title type="html">Xiaomi reveals bonkers phone with bolted-on Leica lens that will make you look like a dork</title>
    <summary type="html" xml:base="https://www.theregister.com/">&lt;h4&gt;A weighty lens, placed off-centre on a lightweight smartphone – what could possibly go wrong?&lt;/h4&gt; &lt;p&gt;Chinese smartphone darling has shown off a phone with a full camera lens bolted to its back – which looks very dorky, but thankfully is only a concept device.…&lt;/p&gt;</summary>
  </entry>
  <entry>
    <id>tag:theregister.com,2005:story224537</id>
    <updated>2022-11-04T04:58:05Z</updated>
    <author>
      <name>Simon Sharwood</name>
      <uri>https://search.theregister.com/?author=Simon%20Sharwood</uri>
    </author>
    <link rel="alternate" type="text/html" href="https://go.theregister.com/feed/www.theregister.com/2022/11/04/lenovo_isg_profitable_four_quarters/"/>
    <title type="html">After years of losses, Lenovo's infrastructure group posts 12 months of profits</title>
    <summary type="html" xml:base="https://www.theregister.com/">&lt;h4&gt;Execs say enterprise hardware biz is flying – don't mention the sub-one-percent profit&lt;/h4&gt; &lt;p&gt;In February 2022 Lenovo &lt;a target="_blank" href="https://www.theregister.com/2022/02/23/lenovo_q3_2022/"&gt;shared&lt;/a&gt; a slightly special number: $17 million. That's the first profit made by its Infrastructure Solutions Group (ISG) since its predecessor was formed by the &lt;a target="_blank" href="https://www.theregister.com/2014/09/29/lenovo_ibm_server_deal_to_close_october/"&gt;2014 acquisition of IBM's x86 server business&lt;/a&gt;.…&lt;/p&gt;</summary>
  </entry>
  <entry>
    <id>tag:theregister.com,2005:story224536</id>
    <updated>2022-11-04T03:44:59Z</updated>
    <author>
      <name>Simon Sharwood</name>
      <uri>https://search.theregister.com/?author=Simon%20Sharwood</uri>
    </author>
    <link rel="alternate" type="text/html" href="https://go.theregister.com/feed/www.theregister.com/2022/11/04/twitter_layoffs_email/"/>
    <title type="html">Elon Musk reportedly outlines horrible Twitter layoff process</title>
    <summary type="html" xml:base="https://www.theregister.com/">&lt;h4&gt;Email to your personal account is bad news, email to your work account means you still work at Twitter&lt;/h4&gt; &lt;p&gt;Twitter owner, sole director and – according to his Twitter profile, now also "Twitter Complaint Hotline Operator" – has reportedly informed company staff that layoffs begin tomorrow.…&lt;/p&gt;</summary>
  </entry>
  <entry>
    <id>tag:theregister.com,2005:story224535</id>
    <updated>2022-11-04T02:59:06Z</updated>
    <author>
      <name>Simon Sharwood</name>
      <uri>https://search.theregister.com/?author=Simon%20Sharwood</uri>
    </author>
    <link rel="alternate" type="text/html" href="https://go.theregister.com/feed/www.theregister.com/2022/11/04/alibaba_cloud_20_percent_arm/"/>
    <title type="html">Alibaba Cloud plans for a fifth of its servers to use homebrew Arm CPUs by 2025</title>
    <summary type="html" xml:base="https://www.theregister.com/">&lt;h4&gt;Sanctions? What sanctions? Just look at the low, low, power consumption figures&lt;/h4&gt; &lt;p&gt;Alibaba Cloud has revealed that it plans to power 20 percent of its operations with its own homebrew CPUs by 2025.…&lt;/p&gt;</summary>
  </entry>
  <entry>
    <id>tag:theregister.com,2005:story224522</id>
    <updated>2022-11-04T01:01:13Z</updated>
    <author>
      <name>Laura Dobberstein</name>
      <uri>https://search.theregister.com/?author=Laura%20Dobberstein</uri>
    </author>
    <link rel="alternate" type="text/html" href="https://go.theregister.com/feed/www.theregister.com/2022/11/04/mas_stablecoin_cbdc/"/>
    <title type="html">Singapore's fintech boss says stablecoins might win before CBDCs even get started</title>
    <summary type="html" xml:base="https://www.theregister.com/">&lt;h4&gt;Monetary authority presses ahead with Ubin+ cross-border CBDC trial anyway&lt;/h4&gt; &lt;p&gt;While central bank digital currencies (CBDCs) are often advanced as a way to improve the world's creaking cross-border payments infrastructure, some financial experts believe the government-issued tokens may be usurped by stablecoins and other products.…&lt;/p&gt; &lt;p&gt;&lt;!--#include virtual='/data_centre/_whitepaper_textlinks_top.html' --&gt;&lt;/p&gt;</summary>
  </entry>
  <entry>
    <id>tag:theregister.com,2005:story224530</id>
    <updated>2022-11-03T23:58:12Z</updated>
    <author>
      <name>Katyanna Quach</name>
      <uri>https://search.theregister.com/?author=Katyanna%20Quach</uri>
    </author>
    <link rel="alternate" type="text/html" href="https://go.theregister.com/feed/www.theregister.com/2022/11/03/nasa_artemis_launch/"/>
    <title type="html">NASA wheels SLS rocket out to the launchpad for another attempt to get off the ground</title>
    <summary type="html" xml:base="https://www.theregister.com/">&lt;h4&gt;After two previous failures, will third time be the charm?&lt;/h4&gt; &lt;p&gt;NASA will roll its Space Launch System back out to the launchpad at the Kennedy Space Center on Friday to prepare for a third attempt to put its most powerful rocket yet into the sky on November 14.…&lt;/p&gt;</summary>
  </entry>
  <entry>
    <id>tag:theregister.com,2005:story224533</id>
    <updated>2022-11-03T21:55:56Z</updated>
    <author>
      <name>Dylan Martin</name>
      <uri>https://search.theregister.com/?author=Dylan%20Martin</uri>
    </author>
    <link rel="alternate" type="text/html" href="https://go.theregister.com/feed/www.theregister.com/2022/11/03/amd_radeon_rx_7900_launched/"/>
    <title type="html">AMD’s latest, greatest Radeon graphics card $600 cheaper than Nvidia’s top RTX 4090</title>
    <summary type="html" xml:base="https://www.theregister.com/">&lt;h4&gt;Chiplet-based RNDA 3 GPU fans have been waiting for&lt;/h4&gt; &lt;p&gt;AMD has come out swinging at Nvidia with new flagship Radeon graphics cards that are cheaper than its rival's fresh GeForce RTX products.…&lt;/p&gt;</summary>
  </entry>
  <entry>
    <id>tag:theregister.com,2005:story224524</id>
    <updated>2022-11-03T20:45:15Z</updated>
    <author>
      <name>Jeff Burt</name>
      <uri>https://search.theregister.com/?author=Jeff%20Burt</uri>
    </author>
    <link rel="alternate" type="text/html" href="https://go.theregister.com/feed/www.theregister.com/2022/11/03/mfa_fatigue_enterprise_threat/"/>
    <title type="html">Multi-factor auth fatigue is real – and it's why you may be in the headlines next</title>
    <summary type="html" xml:base="https://www.theregister.com/">&lt;h4&gt;Overwhelmed by waves of push notifications, worn-down users inadvertently let the bad guys in&lt;/h4&gt; &lt;p&gt;&lt;strong&gt;Analysis&lt;/strong&gt;  The September cyberattack on ride-hailing service Uber began when a criminal bought the stolen credentials of a company contractor on the dark web.…&lt;/p&gt;</summary>
  </entry>
  <entry>
    <id>tag:theregister.com,2005:story224528</id>
    <updated>2022-11-03T19:46:07Z</updated>
    <author>
      <name>Brandon Vigliarolo</name>
      <uri>https://search.theregister.com/?author=Brandon%20Vigliarolo</uri>
    </author>
    <link rel="alternate" type="text/html" href="https://go.theregister.com/feed/www.theregister.com/2022/11/03/lyft_stripe_twitter_layoffs/"/>
    <title type="html">Latest layoffs: Lyft, Stripe more than decimate staff</title>
    <summary type="html" xml:base="https://www.theregister.com/">&lt;h4&gt;While Elon may just dump half of Twitter and scrap work-from-home&lt;/h4&gt; &lt;p&gt;Citing the likelihood of recession and increases in rideshare insurance costs, Lyft is laying off 13 percent of its workforce, with no team left unaffected.…&lt;/p&gt;</summary>
  </entry>
  <entry>
    <id>tag:theregister.com,2005:story224527</id>
    <updated>2022-11-03T19:15:13Z</updated>
    <author>
      <name>Liam Proven</name>
      <uri>https://search.theregister.com/?author=Liam%20Proven</uri>
    </author>
    <link rel="alternate" type="text/html" href="https://go.theregister.com/feed/www.theregister.com/2022/11/03/nitrux_25/"/>
    <title type="html">Nitrux 2.5: The latest update to a radical Linux</title>
    <summary type="html" xml:base="https://www.theregister.com/">&lt;h4&gt;Also one of the first distros we've seen with Kernel 6.0&lt;/h4&gt; &lt;p&gt;Nitrux OS is one of the most stylish and innovative distros we've seen so far: systemd-free, based on AppImages, and with a very unusual desktop.…&lt;/p&gt; &lt;p&gt;&lt;!--#include virtual='/data_centre/_whitepaper_textlinks_top.html' --&gt;&lt;/p&gt;</summary>
  </entry>
  <entry>
    <id>tag:theregister.com,2005:story224526</id>
    <updated>2022-11-03T18:45:10Z</updated>
    <author>
      <name>Tobias Mann</name>
      <uri>https://search.theregister.com/?author=Tobias%20Mann</uri>
    </author>
    <link rel="alternate" type="text/html" href="https://go.theregister.com/feed/www.theregister.com/2022/11/03/aws_freeze_hiring/"/>
    <title type="html">Amazon freezes corporate hiring amid worsening economic outlook</title>
    <summary type="html" xml:base="https://www.theregister.com/">&lt;h4&gt;The decision comes as the e-commerce giant stuggles with soaring energy prices and cash-strapped customers&lt;/h4&gt; &lt;p&gt;Amazon is freezing hiring of new corporate positions across the company for the rest of 2022 amid worsening economic conditions.…&lt;/p&gt;</summary>
  </entry>
  <entry>
    <id>tag:theregister.com,2005:story224525</id>
    <updated>2022-11-03T18:00:08Z</updated>
    <author>
      <name>Paul Kunert</name>
      <uri>https://search.theregister.com/?author=Paul%20Kunert</uri>
    </author>
    <link rel="alternate" type="text/html" href="https://go.theregister.com/feed/www.theregister.com/2022/11/03/kyndryl_q2_fiscal_2023/"/>
    <title type="html">Kyndryl loses $281m in the quarter as modernization agenda continues</title>
    <summary type="html" xml:base="https://www.theregister.com/">&lt;h4&gt;How to turn a classic infrastructure biz into something fit for the cloud era&lt;/h4&gt; &lt;p&gt;Shapeshifting infrastructure services biz Kyndryl can't plug its revenue leak but cutting costs did cut losses in half.…&lt;/p&gt;</summary>
  </entry>
  <entry>
    <id>tag:theregister.com,2005:story224520</id>
    <updated>2022-11-03T17:30:13Z</updated>
    <author>
      <name>Brandon Vigliarolo</name>
      <uri>https://search.theregister.com/?author=Brandon%20Vigliarolo</uri>
    </author>
    <link rel="alternate" type="text/html" href="https://go.theregister.com/feed/www.theregister.com/2022/11/03/tumblr_says_nudes_are_back/"/>
    <title type="html">Tumblr says nudes are back on the menu – within reason</title>
    <summary type="html" xml:base="https://www.theregister.com/">&lt;h4&gt;But old 'go nuts, show nuts' attitude is dead for good&lt;/h4&gt; &lt;p&gt;Tumblr has reversed course on its 2018 nudity ban, welcoming some – but not all – adult content creators back to the platform after a four-year hiatus.…&lt;/p&gt;</summary>
  </entry>
  <entry>
    <id>tag:theregister.com,2005:story224523</id>
    <updated>2022-11-03T16:45:13Z</updated>
    <author>
      <name>Brandon Vigliarolo</name>
      <uri>https://search.theregister.com/?author=Brandon%20Vigliarolo</uri>
    </author>
    <link rel="alternate" type="text/html" href="https://go.theregister.com/feed/www.theregister.com/2022/11/03/ransomware_summit_cryptocurrency/"/>
    <title type="html">International summit agrees crack down on crypto to combat ransomware</title>
    <summary type="html" xml:base="https://www.theregister.com/">&lt;h4&gt;Commitments include international wallet info sharing, KYC requirements, and an AML crackdown&lt;/h4&gt; &lt;p&gt;The White House's second International Counter Ransomware Initiative summit has concluded, and this year the 36-nation group has made clear it intends to crack down on how cryptocurrencies are used to finance ransomware operations.…&lt;/p&gt;</summary>
  </entry>
  <entry>
    <id>tag:theregister.com,2005:story224521</id>
    <updated>2022-11-03T15:50:10Z</updated>
    <author>
      <name>Dan Robinson</name>
      <uri>https://search.theregister.com/?author=Dan%20Robinson</uri>
    </author>
    <link rel="alternate" type="text/html" href="https://go.theregister.com/feed/www.theregister.com/2022/11/03/fcc_afc_providers_wifi/"/>
    <title type="html">FCC taps 13 providers to manage 6GHz band access for new Wi-Fi standards</title>
    <summary type="html" xml:base="https://www.theregister.com/">&lt;h4&gt;Public will be able to test each system as part of development process&lt;/h4&gt; &lt;p&gt;The US Federal Communications Commission (FCC) has conditionally approved 13 proposed automated frequency coordination (AFC) systems to manage spectrum access for unlicensed devices in the 6GHz band.…&lt;/p&gt; &lt;p&gt;&lt;!--#include virtual='/data_centre/_whitepaper_textlinks_top.html' --&gt;&lt;/p&gt;</summary>
  </entry>
  <entry>
    <id>tag:theregister.com,2005:story224519</id>
    <updated>2022-11-03T15:15:06Z</updated>
    <author>
      <name>Lindsay Clark</name>
      <uri>https://search.theregister.com/?author=Lindsay%20Clark</uri>
    </author>
    <link rel="alternate" type="text/html" href="https://go.theregister.com/feed/www.theregister.com/2022/11/03/redis_resp_app/"/>
    <title type="html">Redis swallows RESP.app biz that made its database easier on developers</title>
    <summary type="html" xml:base="https://www.theregister.com/">&lt;h4&gt;Acquisition of Ukrainian startup to help broaden appeal beyond popular cache&lt;/h4&gt; &lt;p&gt;Database provider Redis has acquired RESP.app, a popular developer tool used to ease developer experience on the popular key-value database.…&lt;/p&gt;</summary>
  </entry>
  <entry>
    <id>tag:theregister.com,2005:story224517</id>
    <updated>2022-11-03T13:35:04Z</updated>
    <author>
      <name>Dan Robinson</name>
      <uri>https://search.theregister.com/?author=Dan%20Robinson</uri>
    </author>
    <link rel="alternate" type="text/html" href="https://go.theregister.com/feed/www.theregister.com/2022/11/03/lenovo_q2_2023/"/>
    <title type="html">Lenovo revenues drop due to falling demand for PCs</title>
    <summary type="html" xml:base="https://www.theregister.com/">&lt;h4&gt;But overall profits are up thanks to cost cutting and success in other divisions&lt;/h4&gt; &lt;p&gt;Lenovo revenues declined for the first time in 10 quarters due to a steep fall in demand for PCs and tablets. Still, profits rose due to cost-cutting measures and growth in other areas such as its services division.…&lt;/p&gt;</summary>
  </entry>
  <entry>
    <id>tag:theregister.com,2005:story224516</id>
    <updated>2022-11-03T12:42:40Z</updated>
    <author>
      <name>Paul Kunert</name>
      <uri>https://search.theregister.com/?author=Paul%20Kunert</uri>
    </author>
    <link rel="alternate" type="text/html" href="https://go.theregister.com/feed/www.theregister.com/2022/11/03/bt_cost_cutting/"/>
    <title type="html">BT CEO ups cost-cutting plan amid rising inflation and soaring energy costs</title>
    <summary type="html" xml:base="https://www.theregister.com/">&lt;h4&gt;National telecom giant admits strike action is impacting customer broadband connections&lt;/h4&gt; &lt;p&gt;BT Group is looking to wrench out higher savings amid rising inflation in the relentless pursuit of improved profits.…&lt;/p&gt;</summary>
  </entry>
  <entry>
    <id>tag:theregister.com,2005:story224501</id>
    <updated>2022-11-03T11:35:07Z</updated>
    <author>
      <name>Liam Proven</name>
      <uri>https://search.theregister.com/?author=Liam%20Proven</uri>
    </author>
    <link rel="alternate" type="text/html" href="https://go.theregister.com/feed/www.theregister.com/2022/11/03/version_252_systemd/"/>
    <title type="html">Version 252 of systemd, as expected, locks down the Linux boot process</title>
    <summary type="html" xml:base="https://www.theregister.com/">&lt;h4&gt;The init system that everybody loves to hate&lt;/h4&gt; &lt;p&gt;The fall version of systemd is here, with support for increased boot security, including tightened full-disk encryption.…&lt;/p&gt;</summary>
  </entry>
  <entry>
    <id>tag:theregister.com,2005:story224515</id>
    <updated>2022-11-03T10:37:12Z</updated>
    <author>
      <name>Lindsay Clark</name>
      <uri>https://search.theregister.com/?author=Lindsay%20Clark</uri>
    </author>
    <link rel="alternate" type="text/html" href="https://go.theregister.com/feed/www.theregister.com/2022/11/03/oracle_erp_edinburgh_university/"/>
    <title type="html">University of Edinburgh staff paid late due to Oracle ERP troubles</title>
    <summary type="html" xml:base="https://www.theregister.com/">&lt;h4&gt;Project beginning in 2019 has left employees and suppliers waiting on payments&lt;/h4&gt; &lt;p&gt;Scotland's University of Edinburgh has paid staff and suppliers late owing to the troubled implementation of a new Oracle-based HR and finance system.…&lt;/p&gt; &lt;p&gt;&lt;!--#include virtual='/data_centre/_whitepaper_textlinks_top.html' --&gt;&lt;/p&gt;</summary>
  </entry>
  <entry>
    <id>t
339e
ag:theregister.com,2005:story224489</id>
    <updated>2022-11-03T09:30:06Z</updated>
    <author>
      <name>Dan Robinson</name>
      <uri>https://search.theregister.com/?author=Dan%20Robinson</uri>
    </author>
    <link rel="alternate" type="text/html" href="https://go.theregister.com/feed/www.theregister.com/2022/11/03/aviatrix_cloudiq/"/>
    <title type="html">Aviatrix releases tool to help enterprises prevent cloud network costs spiraling</title>
    <summary type="html" xml:base="https://www.theregister.com/">&lt;h4&gt;Just as providers prepare to crank up their fees&lt;/h4&gt; &lt;p&gt;Cloud networking outfit Aviatrix has extended its platform with a new capability that monitors network usage to help enterprises more accurately track costs and enable chargeback to individual departments.…&lt;/p&gt;</summary>
  </entry>
  <entry>
    <id>tag:theregister.com,2005:story224508</id>
    <updated>2022-11-03T08:29:13Z</updated>
    <author>
      <name>Jessica Lyons Hardcastle</name>
      <uri>https://search.theregister.com/?author=Jessica%20Lyons%20Hardcastle</uri>
    </author>
    <link rel="alternate" type="text/html" href="https://go.theregister.com/feed/www.theregister.com/2022/11/03/royal_mail_customer_data_leak/"/>
    <title type="html">Royal Mail customer data leak shutters online Click and Drop</title>
    <summary type="html" xml:base="https://www.theregister.com/">&lt;h4&gt;Customers complain of exposed order info, multiple charges — but still no postage&lt;/h4&gt; &lt;p&gt;A technical SNAFU shut down the UK's Royal Mail Click and Drop website on Tuesday after a security "issue" allowed some customers to see others' order information. …&lt;/p&gt;</summary>
  </entry>
  <entry>
    <id>tag:theregister.com,2005:story224506</id>
    <updated>2022-11-03T07:32:09Z</updated>
    <author>
      <name>Katyanna Quach</name>
      <uri>https://search.theregister.com/?author=Katyanna%20Quach</uri>
    </author>
    <link rel="alternate" type="text/html" href="https://go.theregister.com/feed/www.theregister.com/2022/11/03/nasas_capstone_moon_orbit/"/>
    <title type="html">NASA's CAPSTONE satellite is out of safe mode and on track for Moon orbit this month</title>
    <summary type="html" xml:base="https://www.theregister.com/">&lt;h4&gt;Artemis orbit tester back in the pipe, five by five&lt;/h4&gt; &lt;p&gt;NASA has corrected the trajectory of the CAPSTONE cubesat, which is now set to reach lunar orbit on November 13.…&lt;/p&gt;</summary>
  </entry>
  <entry>
    <id>tag:theregister.com,2005:story224514</id>
    <updated>2022-11-03T06:57:10Z</updated>
    <author>
      <name>Laura Dobberstein</name>
      <uri>https://search.theregister.com/?author=Laura%20Dobberstein</uri>
    </author>
    <link rel="alternate" type="text/html" href="https://go.theregister.com/feed/www.theregister.com/2022/11/03/vitalik_buterin_elom_musk_twitter/"/>
    <title type="html">Ethereum co-founder Vitalik Buterin: If Musk's Twitter flops, it's not such a bad thing</title>
    <summary type="html" xml:base="https://www.theregister.com/">&lt;h4&gt;Predicts replacement, without Elon's problems, is waiting to fly&lt;/h4&gt; &lt;p&gt;Ethereum co-founder Vitalik Buterin told an audience at Singapore's FinTech Festival on Thursday he believes a social media platform to replace Twitter – one that avoids many of the bird-brand's existing problems – is already on the way somewhere.…&lt;/p&gt;</summary>
  </entry>
  <entry>
    <id>tag:theregister.com,2005:story224513</id>
    <updated>2022-11-03T06:15:07Z</updated>
    <author>
      <name>Simon Sharwood</name>
      <uri>https://search.theregister.com/?author=Simon%20Sharwood</uri>
    </author>
    <link rel="alternate" type="text/html" href="https://go.theregister.com/feed/www.theregister.com/2022/11/03/qualcomm_q4_2022/"/>
    <title type="html">Qualcomm predicts 2024 is the year Windows on Arm goes large</title>
    <summary type="html" xml:base="https://www.theregister.com/">&lt;h4&gt;For now, have a hiring freeze to preserve fat profits&lt;/h4&gt; &lt;p&gt;Qualcomm CEO and president Cristiano Amon has tipped 2024 as the year in which PCs using his company’s Snapdragon silicon make a mark.…&lt;/p&gt; &lt;p&gt;&lt;!--#include virtual='/data_centre/_whitepaper_textlinks_top.html' --&gt;&lt;/p&gt;</summary>
  </entry>
  <entry>
    <id>tag:theregister.com,2005:story224512</id>
    <updated>2022-11-03T04:31:12Z</updated>
    <author>
      <name>Simon Sharwood</name>
      <uri>https://search.theregister.com/?author=Simon%20Sharwood</uri>
    </author>
    <link rel="alternate" type="text/html" href="https://go.theregister.com/feed/www.theregister.com/2022/11/03/alibaba_cloud_utility_wuying_laptop/"/>
    <title type="html">Alibaba Cloud goes even more serverless as it tries to become a utility</title>
    <summary type="html" xml:base="https://www.theregister.com/">&lt;h4&gt;Laptop-shaped thin client tied to DaaS also illustrates the concept, and its downsides&lt;/h4&gt; &lt;p&gt;Alibaba Cloud has kicked off its annual Apsara conference by declaring an ambition to become a "computility" – a service that provides an endless stream of computational resource that users can consume as if it were electricity.…&lt;/p&gt;</summary>
  </entry>
  <entry>
    <id>tag:theregister.com,2005:story224511</id>
    <updated>2022-11-03T02:01:12Z</updated>
    <author>
      <name>Simon Sharwood</name>
      <uri>https://search.theregister.com/?author=Simon%20Sharwood</uri>
    </author>
    <link rel="alternate" type="text/html" href="https://go.theregister.com/feed/www.theregister.com/2022/11/03/china_rare_earth_supply_chain/"/>
    <title type="html">China reminds world shock and ore can hurt tech supply chains</title>
    <summary type="html" xml:base="https://www.theregister.com/">&lt;h4&gt;Nice chip and EV factories you're building there. Would be a shame if they couldn't get any rare earths to work with&lt;/h4&gt; &lt;p&gt;China has immense leverage over technology supply chains due to the happy accident that its territories contain most of the rare earths needed to manufacture electronics and batteries, and that it dominates industries that ready them for use.…&lt;/p&gt;</summary>
  </entry>
  <entry>
    <id>tag:theregister.com,2005:story224509</id>
    <updated>2022-11-03T00:54:12Z</updated>
    <author>
      <name>Dylan Martin</name>
      <uri>https://search.theregister.com/?author=Dylan%20Martin</uri>
    </author>
    <link rel="alternate" type="text/html" href="https://go.theregister.com/feed/www.theregister.com/2022/11/03/us_chip_workers_china/"/>
    <title type="html">Some American techies can still work for Chinese chipmakers, turns out</title>
    <summary type="html" xml:base="https://www.theregister.com/">&lt;h4&gt;But if you authorize or handle delivery of factory kit – or service it – you're out&lt;/h4&gt; &lt;p&gt;Remember that warning that the USA's new restric

DEBUG counter: 26

B: 1536, HF:1
Builded XML size before: 39168
Builded XML size after: 39168

==Response L:1536
tions on semiconductor technology transfer to China would prevent any American from working in the Middle Kingdom's chip-making industry?…&lt;/p&gt;</summary>
  </entry>
  <entry>
    <id>tag:theregister.com,2005:story224510</id>
    <updated>2022-11-02T23:58:46Z</updated>
    <author>
      <name>Katyanna Quach</name>
      <uri>https://search.theregister.com/?author=Katyanna%20Quach</uri>
    </author>
    <link rel="alternate" type="text/html" href="https://go.theregister.com/feed/www.theregister.com/2022/11/02/us_senator_ftc_realpage/"/>
    <title type="html">Watchdog urged to sniff out any collusion, deception in rent-setting algorithms</title>
    <summary type="html" xml:base="https://www.theregister.com/">&lt;h4&gt;Things could get real for RealPage real fast&lt;/h4&gt; &lt;p&gt;A US Senator has urged the FTC to scrutinize algorithms used to calculate the optimum rent for properties over fears the software could potentially allow landlords to illegally collude in cities with a housing shortage.…&lt;/p&gt;</summary>
  </entry>
  <entry>
    <id>tag:theregister.com,2005:story224507</id>
    <updated>2022-11-02T23:02:23Z</updated>
    <author>
      <name>Brandon Vigliarolo</name>
      <uri>https://search.theregister.com/?author=Brandon%20Vigliarolo</uri>
    </author>
    <link rel="alternate" type="text/html" href="https://go.theregister.com/feed/www.theregister.com/2022/11/02/google_solar_power_texas/"/>
    <title type="html">Google taps up Softbank solar plants for Dallas datacenter</title>
    
==

==XML builded
7dc0
<?xml version="1.0" encoding="UTF-8"?>
<feed xmlns="http://www.w3.org/2005/Atom" xml:lang="en">
  <id>tag:theregister.com,2005:feed/theregister.com/</id>
  <title>The Register</title>
  <link rel="self" type="application/atom+xml" href="https://www.theregister.com/headlines.atom"/>
  <link rel="alternate" type="text/html" href="https://www.theregister.com/"/>
  <rights>Copyright © 2022, Situation Publishing</rights>
  <author>
    <name>Team Register</name>
    <email>webmaster@theregister.co.uk</email>
    <uri>https://www.theregister.com/odds/about/contact/</uri>
  </author>
  <icon>https://www.theregister.com/Design/graphics/icons/favicon.png</icon>
  <subtitle>Biting the hand that feeds IT — Enterprise Technology News and Analysis</subtitle>
  <logo>https://www.theregister.com/Design/graphics/Reg_default/The_Register_r.png</logo>
  <updated>2022-11-04T19:15:11Z</updated>
  <entry>
    <id>tag,:theregister.com,2005:story224552</id>
    <updated>2022-11-04T19:15:11Z</updated>
    <author>
      <name>Brandon Vigliarolo</name>
      <uri>https://search.theregister.com/?author=Brandon%20Vigliarolo</uri>
    </author>
    <link rel="alternate" type="text/html" href="https://go.theregister.com/feed/www.theregister.com/2022/11/04/twitter_warn_act_lawsuit/"/>
    <title type="html">Twitter employees sue over lack of 60-day layoff notice</title>
    <summary type="html" xml:base="https://www.theregister.com/">&lt;h4&gt;Musk-owned companies have now faced 3 WARN Act lawsuits alleging the same thing&lt;/h4&gt; &lt;p&gt;The great Twitter cull of '22 is expected to begin today, but a group of tweeps have preempted the event by filing a class action lawsuit against Twitter for violating the WARN Act.…&lt;/p&gt;</summary>
  </entry>
  <entry>
    <id>tag:theregister.com,2005:story224550</id>
    <updated>2022-11-04T18:30:08Z</updated>
    <author>
      <name>Jeff Burt</name>
      <uri>https://search.theregister.com/?author=Jeff%20Burt</uri>
    </author>
    <link rel="alternate" type="text/html" href="https://go.theregister.com/feed/www.theregister.com/2022/11/04/crimson_kingsnake_bec_scam/"/>
    <title type="html">Double-check demand payment emails from law firms: Convincing fakes surface</title>
    <summary type="html" xml:base="https://www.theregister.com/">&lt;h4&gt;Crimson Kingsnake impersonates legit attorneys, fakes email threads from your colleagues in far-reaching BEC campaign&lt;/h4&gt; &lt;p&gt;A new threat group called Crimson Kingsnake is impersonating real law companies and debt recovery services to intimidate businessess into paying bogus overdue invoices.…&lt;/p&gt; &lt;p&gt;&lt;!--#include virtual='/data_centre/_whitepaper_textlinks_top.html' --&gt;&lt;/p&gt;</summary>
  </entry>
  <entry>
    <id>tag:theregister.com,2005:story224547</id>
    <updated>2022-11-04T17:30:08Z</updated>
    <author>
      <name>Liam Proven</name>
      <uri>https://search.theregister.com/?author=Liam%20Proven</uri>
    </author>
    <link rel="alternate" type="text/html" href="https://go.theregister.com/feed/www.theregister.com/2022/11/04/mozilla_ventures/"/>
    <title type="html">Mozilla Foundation launches ethical venture capital fund</title>
    <summary type="html" xml:base="https://www.theregister.com/">&lt;h4&gt;An unexpected move, but we suspect that Carl Sagan might have approved&lt;/h4&gt; &lt;p&gt;Mozilla has announced the successor to the Mozilla Builders incubator: Mozilla Ventures.…&lt;/p&gt;</summary>
  </entry>
  <entry>
    <id>tag:theregister.com,2005:story224549</id>
    <updated>2022-11-04T16:15:25Z</updated>
    <author>
      <name>Brandon Vigliarolo</name>
      <uri>https://search.theregister.com/?author=Brandon%20Vigliarolo</uri>
    </author>
    <link rel="alternate" type="text/html" href="https://go.theregister.com/feed/www.theregister.com/2022/11/04/starliner_launch_delay/"/>
    <title type="html">Boeing's Starliner launch pushed back again... to April 2023</title>
    <summary type="html" xml:base="https://www.theregister.com/">&lt;h4&gt;The official word is 'scheduling conflicts,' but NASA's safety panel has expressed concerns too&lt;/h4&gt; &lt;p&gt;The first crewed launch of Boeing's Starliner has been delayed again, this time being pushed back to April 2023 from an earlier planned launch date of February.…&lt;/p&gt;</summary>
  </entry>
  <entry>
    <id>tag:theregister.com,2005:story224545</id>
    <updated>2022-11-04T15:15:12Z</updated>
    <author>
      <name>Lindsay Clark</name>
      <uri>https://search.theregister.com/?author=Lindsay%20Clark</uri>
    </author>
    <link rel="alternate" type="text/html" href="https://go.theregister.com/feed/www.theregister.com/2022/11/04/uk_governement_set_to_extract/"/>
    <title type="html">UK government set to extract hospital data to Palantir system without patient consent</title>
    <summary type="html" xml:base="https://www.theregister.com/">&lt;h4&gt;'You'll be hearing from us,' say privacy campaigners who previously forced the government to back down&lt;/h4&gt; &lt;p&gt;The UK government is set to extract patient-identifiable data from NHS hospital systems and share this with its data platform based on technology from Palantir, a move that seems set to provoke another legal challenge.…&lt;/p&gt;</summary>
  </entry>
  <entry>
    <id>tag:theregister.com,2005:story224548</id>
    <updated>2022-11-04T14:15:35Z</updated>
    <author>
      <name>Dan Robinson</name>
      <uri>https://search.theregister.com/?author=Dan%20Robinson</uri>
    </author>
    <link rel="alternate" type="text/html" href="https://go.theregister.com/feed/www.theregister.com/2022/11/04/us_chip_industry_china_ban/"/>
    <title type="html">US chip industry worried it may lose out to rivals over China ban</title>
    <summary type="html" xml:base="https://www.theregister.com/">&lt;h4&gt;Just hang on while we convince the rest of the world, Commerce Sec tells makers&lt;/h4&gt; &lt;p&gt;US companies that build chipmaking equipment have been told to tough it out as they face a ban on selling to customers in China, while their rivals elsewhere in the world currently have no such restrictions.…&lt;/p&gt; &lt;p&gt;&lt;!--#include virtual='/data_centre/_whitepaper_textlinks_top.html' --&gt;&lt;/p&gt;</summary>
  </entry>
  <entry>
    <id>tag:theregister.com,2005:story224541</id>
    <updated>2022-11-04T13:30:42Z</updated>
    <author>
      <name>Jude Karabus</name>
      <uri>https://search.theregister.com/?author=Jude%20Karabus</uri>
    </author>
    <link rel="alternate" type="text/html" href="https://go.theregister.com/feed/www.theregister.com/2022/11/04/google_nlrb_complaint/"/>
    <title type="html">Google cut contractors off from online 'Share My Salary' spreadsheet, union claims</title>
    <summary type="html" xml:base="https://www.theregister.com/">&lt;h4&gt;Alphabet Workers Union says it's an illegal block of workers' right to discuss pay&lt;/h4&gt; &lt;p&gt;The Alphabet Workers Union (AWU) claims the company blocked access to a shared spreadsheet in which it reckons "hundreds" of subcontracted workers had shared their salary details and "up to 50,000" of those staffers are now prevented from looking them up.…&lt;/p&gt;</summary>
  </entry>
  <entry>
    <id>tag:theregister.com,2005:story224543</id>
    <updated>2022-11-04T12:50:15Z</updated>
    <author>
      <name>Dan Robinson</name>
      <uri>https://search.theregister.com/?author=Dan%20Robinson</uri>
    </author>
    <link rel="alternate" type="text/html" href="https://go.theregister.com/feed/www.theregister.com/2022/11/04/dell_australia_consumer_court/"/>
    <title type="html">Dell hit with Oz court case for misleading prices on monitors</title>
    <summary type="html" xml:base="https://www.theregister.com/">&lt;h4&gt;Watchdog claims add-ons to computer purchases appeared to be discounted but did not reflect the standalone RRP&lt;/h4&gt; &lt;p&gt;Dell's Australian business is in trouble with the country's consumer watchdog for allegedly misleading buyers about the price of displays purchased as an add-on with its computers.…&lt;/p&gt;</summary>
  </entry>
  <entry>
    <id>tag:theregister.com,2005:story224544</id>
    <updated>2022-11-04T12:20:09Z</updated>
    <author>
      <name>Paul Kunert</name>
      <uri>https://search.theregister.com/?author=Paul%20Kunert</uri>
    </author>
    <link rel="alternate" type="text/html" href="https://go.theregister.com/feed/www.theregister.com/2022/11/04/bt_pay_talks_reopened_says_cwu/"/>
    <title type="html">BT re-enters pay talks to prevent further strikes, says union</title>
    <summary type="html" xml:base="https://www.theregister.com/">&lt;h4&gt;What forced the change in attitude? The impact on 40,000 broadband connections possibly&lt;/h4&gt; &lt;p&gt;The Communication Workers Unions (CWU) claims BT Group has agreed to re-enter negotiations to find a solution to the protracted pay dispute that has caused thousands of engineers and call center operators to strike.…&lt;/p&gt;</summary>
  </entry>
  <entry>
    <id>tag:theregister.com,2005:story224542</id>
    <updated>2022-11-04T11:03:13Z</updated>
    <author>
      <name>Richard Currie</name>
      <uri>https://search.theregister.com/?author=Richard%20Currie</uri>
    </author>
    <link rel="alternate" type="text/html" href="https://go.theregister.com/feed/www.theregister.com/2022/11/04/nft_vending_machine/"/>
    <title type="html">NFT vending machine appears in London</title>
    <summary type="html" xml:base="https://www.theregister.com/">&lt;h4&gt;Don't everyone rush at once&lt;/h4&gt; &lt;p&gt;NFTs are dead. And stupid. Don't just take our word for it – Bill Gates, widely considered a pretty smart guy, described them as "100 percent based on greater fool theory" and analyst Forrester recently said "most consumers aren't interested in NFT stunts."…&lt;/p&gt; &lt;p&gt;&lt;!--#include virtual='/data_centre/_whitepaper_textlinks_top.html' --&gt;&lt;/p&gt;</summary>
  </entry>
  <entry>
    <id>tag:theregister.com,2005:story224531</id>
    <updated>2022-11-04T09:34:13Z</updated>
    <author>
      <name>Jeff Burt</name>
      <uri>https://search.theregister.com/?author=Jeff%20Burt</uri>
    </author>
    <link rel="alternate" type="text/html" href="https://go.theregister.com/feed/www.theregister.com/2022/11/04/microsoft_ukraine_tech_support/"/>
    <title type="html">Microsoft gives away '$400m in cloud support' to Ukraine</title>
    <summary type="html" xml:base="https://www.theregister.com/">&lt;h4&gt;Freedom isn't free&lt;/h4&gt; &lt;p&gt;The Ukraine government will continue to be able to run its digital infrastructure through the Microsoft Cloud for free in 2023, the tech giant confirmed today.…&lt;/p&gt;</summary>
  </entry>
  <entry>
    <id>tag:theregister.com,2005:story224518</id>
    <updated>2022-11-04T08:30:14Z</updated>
    <author>
      <name>Richard Currie</name>
      <uri>https://search.theregister.com/?author=Richard%20Currie</uri>
    </author>
    <link rel="alternate" type="text/html" href="https://go.theregister.com/feed/www.theregister.com/2022/11/04/norths_align_britain/"/>
    <title type="html">All of the norths are about to align over Britain</title>
    <summary type="html" xml:base="https://www.theregister.com/">&lt;h4&gt;Magnetic north is on a walkabout, and your OCD will benefit&lt;/h4&gt; &lt;p&gt;UK map lords at the Ordnance Survey have some big news for people with obsessive compulsive personality disorder or otherwise like everything to be neatly lined up.…&lt;/p&gt;</summary>
  </entry>
  <entry>
    <id>tag:theregister.com,2005:story224538</id>
    <updated>2022-11-04T07:32:08Z</updated>
    <author>
      <name>Simon Sharwood</name>
      <uri>https://search.theregister.com/?author=Simon%20Sharwood</uri>
    </author>
    <link rel="alternate" type="text/html" href="https://go.theregister.com/feed/www.theregister.com/2022/11/04/on_call/"/>
    <title type="html">Hot, sweaty builders hosed a server – literally – leaving support with an all-night RAID repair job</title>
    <summary type="html" xml:base="https://www.theregister.com/">&lt;h4&gt;Extension cords are good for power. Extension tubes? Not so good for air&lt;/h4&gt; &lt;p&gt;&lt;strong&gt;On Call&lt;/strong&gt;  As two precious days of free time loom, &lt;i&gt;The Register&lt;/i&gt; offers a two-minute taste of the energy-draining drama that makes weekends so important in another instalment of On-Call, our weekly reader-contributed tale of the messes IT people are asked to address.…&lt;/p&gt;</summary>
  </entry>
  <entry>
    <id>tag:theregister.com,2005:story224540</id>
    <updated>2022-11-04T06:58:13Z</updated>
    <author>
      <name>Simon Sharwood</name>
      <uri>https://search.theregister.com/?author=Simon%20Sharwood</uri>
    </author>
    <link rel="alternate" type="text/html" href="https://go.theregister.com/feed/www.theregister.com/2022/11/04/atlassian_q1_23/"/>
    <title type="html">You fire 'em, we'll hire 'em: Atlassian sees tech layoffs as HR heaven</title>
    <summary type="html" xml:base="https://www.theregister.com/">&lt;h4&gt;But investors aren't impressed by losses and unpleasant outlook&lt;/h4&gt; &lt;p&gt;Atlassian sees the current round of layoffs and hiring freezes across the tech industry as an opportunity on which it hopes to capitalise – even as its own share price slumps.…&lt;/p&gt;</summary>
  </entry>
  <entry>
    <id>tag:theregister.com,2005:story224529</id>
    <updated>2022-11-04T06:22:06Z</updated>
    <author>
      <name>Jessica Lyons Hardcastle</name>
      <uri>https://search.theregister.com/?author=Jessica%20Lyons%20Hardcastle</uri>
    </author>
    <link rel="alternate" type="text/html" href="https://go.theregister.com/feed/www.theregister.com/2022/11/04/french_opera1er_group_ib/"/>
    <title type="html">French-speaking voleurs stole $30m in 15-country bank, telecoms cyber-heist spree</title>
    <summary type="html" xml:base="https://www.theregister.com/">&lt;h4&gt;Smooth 'OPERA1ER' hit orgs around the world over four or more years&lt;/h4&gt; &lt;p&gt;A French-speaking criminal group codenamed OPERA1ER has pulled off more than 30 cyber-heists against telecom organizations and banks across Africa, Asia, and Latin America, stealing upwards of $30 million over four years, according to security researchers.…&lt;/p&gt; &lt;p&gt;&lt;!--#include virtual='/data_centre/_whitepaper_textlinks_top.html' --&gt;&lt;/p&gt;</summary>
  </entry>
  <entry>
    <id>tag:theregister.com,2005:story224539</id>
    <updated>2022-11-04T05:59:11Z</updated>
    <author>
      <name>Laura Dobberstein</name>
      <uri>https://search.theregister.com/?author=Laura%20Dobberstein</uri>
    </author>
    <link rel="alternate" type="text/html" href="https://go.theregister.com/feed/www.theregister.com/2022/11/04/xiaomi_concept_phone_with_mounted/"/>
    <title type="html">Xiaomi reveals bonkers phone with bolted-on Leica lens that will make you look like a dork</title>
    <summary type="html" xml:base="https://www.theregister.com/">&lt;h4&gt;A weighty lens, placed off-centre on a lightweight smartphone – what could possibly go wrong?&lt;/h4&gt; &lt;p&gt;Chinese smartphone darling has shown off a phone with a full camera lens bolted to its back – which looks very dorky, but thankfully is only a concept device.…&lt;/p&gt;</summary>
  </entry>
  <entry>
    <id>tag:theregister.com,2005:story224537</id>
    <updated>2022-11-04T04:58:05Z</updated>
    <author>
      <name>Simon Sharwood</name>
      <uri>https://search.theregister.com/?author=Simon%20Sharwood</uri>
    </author>
    <link rel="alternate" type="text/html" href="https://go.theregister.com/feed/www.theregister.com/2022/11/04/lenovo_isg_profitable_four_quarters/"/>
    <title type="html">After years of losses, Lenovo's infrastructure group posts 12 months of profits</title>
    <summary type="html" xml:base="https://www.theregister.com/">&lt;h4&gt;Execs say enterprise hardware biz is flying – don't mention the sub-one-percent profit&lt;/h4&gt; &lt;p&gt;In February 2022 Lenovo &lt;a target="_blank" href="https://www.theregister.com/2022/02/23/lenovo_q3_2022/"&gt;shared&lt;/a&gt; a slightly special number: $17 million. That's the first profit made by its Infrastructure Solutions Group (ISG) since its predecessor was formed by the &lt;a target="_blank" href="https://www.theregister.com/2014/09/29/lenovo_ibm_server_deal_to_close_october/"&gt;2014 acquisition of IBM's x86 server business&lt;/a&gt;.…&lt;/p&gt;</summary>
  </entry>
  <entry>
    <id>tag:theregister.com,2005:story224536</id>
    <updated>2022-11-04T03:44:59Z</updated>
    <author>
      <name>Simon Sharwood</name>
      <uri>https://search.theregister.com/?author=Simon%20Sharwood</uri>
    </author>
    <link rel="alternate" type="text/html" href="https://go.theregister.com/feed/www.theregister.com/2022/11/04/twitter_layoffs_email/"/>
    <title type="html">Elon Musk reportedly outlines horrible Twitter layoff process</title>
    <summary type="html" xml:base="https://www.theregister.com/">&lt;h4&gt;Email to your personal account is bad news, email to your work account means you still work at Twitter&lt;/h4&gt; &lt;p&gt;Twitter owner, sole director and – according to his Twitter profile, now also "Twitter Complaint Hotline Operator" – has reportedly informed company staff that layoffs begin tomorrow.…&lt;/p&gt;</summary>
  </entry>
  <entry>
    <id>tag:theregister.com,2005:story224535</id>
    <updated>2022-11-04T02:59:06Z</updated>
    <author>
      <name>Simon Sharwood</name>
      <uri>https://search.theregister.com/?author=Simon%20Sharwood</uri>
    </author>
    <link rel="alternate" type="text/html" href="https://go.theregister.com/feed/www.theregister.com/2022/11/04/alibaba_cloud_20_percent_arm/"/>
    <title type="html">Alibaba Cloud plans for a fifth of its servers to use homebrew Arm CPUs by 2025</title>
    <summary type="html" xml:base="https://www.theregister.com/">&lt;h4&gt;Sanctions? What sanctions? Just look at the low, low, power consumption figures&lt;/h4&gt; &lt;p&gt;Alibaba Cloud has revealed that it plans to power 20 percent of its operations with its own homebrew CPUs by 2025.…&lt;/p&gt;</summary>
  </entry>
  <entry>
    <id>tag:theregister.com,2005:story224522</id>
    <updated>2022-11-04T01:01:13Z</updated>
    <author>
      <name>Laura Dobberstein</name>
      <uri>https://search.theregister.com/?author=Laura%20Dobberstein</uri>
    </author>
    <link rel="alternate" type="text/html" href="https://go.theregister.com/feed/www.theregister.com/2022/11/04/mas_stablecoin_cbdc/"/>
    <title type="html">Singapore's fintech boss says stablecoins might win before CBDCs even get started</title>
    <summary type="html" xml:base="https://www.theregister.com/">&lt;h4&gt;Monetary authority presses ahead with Ubin+ cross-border CBDC trial anyway&lt;/h4&gt; &lt;p&gt;While central bank digital currencies (CBDCs) are often advanced as a way to improve the world's creaking cross-border payments infrastructure, some financial experts believe the government-issued tokens may be usurped by stablecoins and other products.…&lt;/p&gt; &lt;p&gt;&lt;!--#include virtual='/data_centre/_whitepaper_textlinks_top.html' --&gt;&lt;/p&gt;</summary>
  </entry>
  <entry>
    <id>tag:theregister.com,2005:story224530</id>
    <updated>2022-11-03T23:58:12Z</updated>
    <author>
      <name>Katyanna Quach</name>
      <uri>https://search.theregister.com/?author=Katyanna%20Quach</uri>
    </author>
    <link rel="alternate" type="text/html" href="https://go.theregister.com/feed/www.theregister.com/2022/11/03/nasa_artemis_launch/"/>
    <title type="html">NASA wheels SLS rocket out to the launchpad for another attempt to get off the ground</title>
    <summary type="html" xml:base="https://www.theregister.com/">&lt;h4&gt;After two previous failures, will third time be the charm?&lt;/h4&gt; &lt;p&gt;NASA will roll its Space Launch System back out to the launchpad at the Kennedy Space Center on Friday to prepare for a third attempt to put its most powerful rocket yet into the sky on November 14.…&lt;/p&gt;</summary>
  </entry>
  <entry>
    <id>tag:theregister.com,2005:story224533</id>
    <updated>2022-11-03T21:55:56Z</updated>
    <author>
      <name>Dylan Martin</name>
      <uri>https://search.theregister.com/?author=Dylan%20Martin</uri>
    </author>
    <link rel="alternate" type="text/html" href="https://go.theregister.com/feed/www.theregister.com/2022/11/03/amd_radeon_rx_7900_launched/"/>
    <title type="html">AMD’s latest, greatest Radeon graphics card $600 cheaper than Nvidia’s top RTX 4090</title>
    <summary type="html" xml:base="https://www.theregister.com/">&lt;h4&gt;Chiplet-based RNDA 3 GPU fans have been waiting for&lt;/h4&gt; &lt;p&gt;AMD has come out swinging at Nvidia with new flagship Radeon graphics cards that are cheaper than its rival's fresh GeForce RTX products.…&lt;/p&gt;</summary>
  </entry>
  <entry>
    <id>tag:theregister.com,2005:story224524</id>
    <updated>2022-11-03T20:45:15Z</updated>
    <author>
      <name>Jeff Burt</name>
      <uri>https://search.theregister.com/?author=Jeff%20Burt</uri>
    </author>
    <link rel="alternate" type="text/html" href="https://go.theregister.com/feed/www.theregister.com/2022/11/03/mfa_fatigue_enterprise_threat/"/>
    <title type="html">Multi-factor auth fatigue is real – and it's why you may be in the headlines next</title>
    <summary type="html" xml:base="https://www.theregister.com/">&lt;h4&gt;Overwhelmed by waves of push notifications, worn-down users inadvertently let the bad guys in&lt;/h4&gt; &lt;p&gt;&lt;strong&gt;Analysis&lt;/strong&gt;  The September cyberattack on ride-hailing service Uber began when a criminal bought the stolen credentials of a company contractor on the dark web.…&lt;/p&gt;</summary>
  </entry>
  <entry>
    <id>tag:theregister.com,2005:story224528</id>
    <updated>2022-11-03T19:46:07Z</updated>
    <author>
      <name>Brandon Vigliarolo</name>
      <uri>https://search.theregister.com/?author=Brandon%20Vigliarolo</uri>
    </author>
    <link rel="alternate" type="text/html" href="https://go.theregister.com/feed/www.theregister.com/2022/11/03/lyft_stripe_twitter_layoffs/"/>
    <title type="html">Latest layoffs: Lyft, Stripe more than decimate staff</title>
    <summary type="html" xml:base="https://www.theregister.com/">&lt;h4&gt;While Elon may just dump half of Twitter and scrap work-from-home&lt;/h4&gt; &lt;p&gt;Citing the likelihood of recession and increases in rideshare insurance costs, Lyft is laying off 13 percent of its workforce, with no team left unaffected.…&lt;/p&gt;</summary>
  </entry>
  <entry>
    <id>tag:theregister.com,2005:story224527</id>
    <updated>2022-11-03T19:15:13Z</updated>
    <author>
      <name>Liam Proven</name>
      <uri>https://search.theregister.com/?author=Liam%20Proven</uri>
    </author>
    <link rel="alternate" type="text/html" href="https://go.theregister.com/feed/www.theregister.com/2022/11/03/nitrux_25/"/>
    <title type="html">Nitrux 2.5: The latest update to a radical Linux</title>
    <summary type="html" xml:base="https://www.theregister.com/">&lt;h4&gt;Also one of the first distros we've seen with Kernel 6.0&lt;/h4&gt; &lt;p&gt;Nitrux OS is one of the most stylish and innovative distros we've seen so far: systemd-free, based on AppImages, and with a very unusual desktop.…&lt;/p&gt; &lt;p&gt;&lt;!--#include virtual='/data_centre/_whitepaper_textlinks_top.html' --&gt;&lt;/p&gt;</summary>
  </entry>
  <entry>
    <id>tag:theregister.com,2005:story224526</id>
    <updated>2022-11-03T18:45:10Z</updated>
    <author>
      <name>Tobias Mann</name>
      <uri>https://search.theregister.com/?author=Tobias%20Mann</uri>
    </author>
    <link rel="alternate" type="text/html" href="https://go.theregister.com/feed/www.theregister.com/2022/11/03/aws_freeze_hiring/"/>
    <title type="html">Amazon freezes corporate hiring amid worsening economic outlook</title>
    <summary type="html" xml:base="https://www.theregister.com/">&lt;h4&gt;The decision comes as the e-commerce giant stuggles with soaring energy prices and cash-strapped customers&lt;/h4&gt; &lt;p&gt;Amazon is freezing hiring of new corporate positions across the company for the rest of 2022 amid worsening economic conditions.…&lt;/p&gt;</summary>
  </entry>
  <entry>
    <id>tag:theregister.com,2005:story224525</id>
    <updated>2022-11-03T18:00:08Z</updated>
    <author>
      <name>Paul Kunert</name>
      <uri>https://search.theregister.com/?author=Paul%20Kunert</uri>
    </author>
    <link rel="alternate" type="text/html" href="https://go.theregister.com/feed/www.theregister.com/2022/11/03/kyndryl_q2_fiscal_2023/"/>
    <title type="html">Kyndryl loses $281m in the quarter as modernization agenda continues</title>
    <summary type="html" xml:base="https://www.theregister.com/">&lt;h4&gt;How to turn a classic infrastructure biz into something fit for the cloud era&lt;/h4&gt; &lt;p&gt;Shapeshifting infrastructure services biz Kyndryl can't plug its revenue leak but cutting costs did cut losses in half.…&lt;/p&gt;</summary>
  </entry>
  <entry>
    <id>tag:theregister.com,2005:story224520</id>
    <updated>2022-11-03T17:30:13Z</updated>
    <author>
      <name>Brandon Vigliarolo</name>
      <uri>https://search.theregister.com/?author=Brandon%20Vigliarolo</uri>
    </author>
    <link rel="alternate" type="text/html" href="https://go.theregister.com/feed/www.theregister.com/2022/11/03/tumblr_says_nudes_are_back/"/>
    <title type="html">Tumblr says nudes are back on the menu – within reason</title>
    <summary type="html" xml:base="https://www.theregister.com/">&lt;h4&gt;But old 'go nuts, show nuts' attitude is dead for good&lt;/h4&gt; &lt;p&gt;Tumblr has reversed course on its 2018 nudity ban, welcoming some – but not all – adult content creators back to the platform after a four-year hiatus.…&lt;/p&gt;</summary>
  </entry>
  <entry>
    <id>tag:theregister.com,2005:story224523</id>
    <updated>2022-11-03T16:45:13Z</updated>
    <author>
      <name>Brandon Vigliarolo</name>
      <uri>https://search.theregister.com/?author=Brandon%20Vigliarolo</uri>
    </author>
    <link rel="alternate" type="text/html" href="https://go.theregister.com/feed/www.theregister.com/2022/11/03/ransomware_summit_cryptocurrency/"/>
    <title type="html">International summit agrees crack down on crypto to combat ransomware</title>
    <summary type="html" xml:base="https://www.theregister.com/">&lt;h4&gt;Commitments include international wallet info sharing, KYC requirements, and an AML crackdown&lt;/h4&gt; &lt;p&gt;The White House's second International Counter Ransomware Initiative summit has concluded, and this year the 36-nation group has made clear it intends to crack down on how cryptocurrencies are used to finance ransomware operations.…&lt;/p&gt;</summary>
  </entry>
  <entry>
    <id>tag:theregister.com,2005:story224521</id>
    <updated>2022-11-03T15:50:10Z</updated>
    <author>
      <name>Dan Robinson</name>
      <uri>https://search.theregister.com/?author=Dan%20Robinson</uri>
    </author>
    <link rel="alternate" type="text/html" href="https://go.theregister.com/feed/www.theregister.com/2022/11/03/fcc_afc_providers_wifi/"/>
    <title type="html">FCC taps 13 providers to manage 6GHz band access for new Wi-Fi standards</title>
    <summary type="html" xml:base="https://www.theregister.com/">&lt;h4&gt;Public will be able to test each system as part of development process&lt;/h4&gt; &lt;p&gt;The US Federal Communications Commission (FCC) has conditionally approved 13 proposed automated frequency coordination (AFC) systems to manage spectrum access for unlicensed devices in the 6GHz band.…&lt;/p&gt; &lt;p&gt;&lt;!--#include virtual='/data_centre/_whitepaper_textlinks_top.html' --&gt;&lt;/p&gt;</summary>
  </entry>
  <entry>
    <id>tag:theregister.com,2005:story224519</id>
    <updated>2022-11-03T15:15:06Z</updated>
    <author>
      <name>Lindsay Clark</name>
      <uri>https://search.theregister.com/?author=Lindsay%20Clark</uri>
    </author>
    <link rel="alternate" type="text/html" href="https://go.theregister.com/feed/www.theregister.com/2022/11/03/redis_resp_app/"/>
    <title type="html">Redis swallows RESP.app biz that made its database easier on developers</title>
    <summary type="html" xml:base="https://www.theregister.com/">&lt;h4&gt;Acquisition of Ukrainian startup to help broaden appeal beyond popular cache&lt;/h4&gt; &lt;p&gt;Database provider Redis has acquired RESP.app, a popular developer tool used to ease developer experience on the popular key-value database.…&lt;/p&gt;</summary>
  </entry>
  <entry>
    <id>tag:theregister.com,2005:story224517</id>
    <updated>2022-11-03T13:35:04Z</updated>
    <author>
      <name>Dan Robinson</name>
      <uri>https://search.theregister.com/?author=Dan%20Robinson</uri>
    </author>
    <link rel="alternate" type="text/html" href="https://go.theregister.com/feed/www.theregister.com/2022/11/03/lenovo_q2_2023/"/>
    <title type="html">Lenovo revenues drop due to falling demand for PCs</title>
    <summary type="html" xml:base="https://www.theregister.com/">&lt;h4&gt;But overall profits are up thanks to cost cutting and success in other divisions&lt;/h4&gt; &lt;p&gt;Lenovo revenues declined for the first time in 10 quarters due to a steep fall in demand for PCs and tablets. Still, profits rose due to cost-cutting measures and growth in other areas such as its services division.…&lt;/p&gt;</summary>
  </entry>
  <entry>
    <id>tag:theregister.com,2005:story224516</id>
    <updated>2022-11-03T12:42:40Z</updated>
    <author>
      <name>Paul Kunert</name>
      <uri>https://search.theregister.com/?author=Paul%20Kunert</uri>
    </author>
    <link rel="alternate" type="text/html" href="https://go.theregister.com/feed/www.theregister.com/2022/11/03/bt_cost_cutting/"/>
    <title type="html">BT CEO ups cost-cutting plan amid rising inflation and soaring energy costs</title>
    <summary type="html" xml:base="https://www.theregister.com/">&lt;h4&gt;National telecom giant admits strike action is impacting customer broadband connections&lt;/h4&gt; &lt;p&gt;BT Group is looking to wrench out higher savings amid rising inflation in the relentless pursuit of improved profits.…&lt;/p&gt;</summary>
  </entry>
  <entry>
    <id>tag:theregister.com,2005:story224501</id>
    <updated>2022-11-03T11:35:07Z</updated>
    <author>
      <name>Liam Proven</name>
      <uri>https://search.theregister.com/?author=Liam%20Proven</uri>
    </author>
    <link rel="alternate" type="text/html" href="https://go.theregister.com/feed/www.theregister.com/2022/11/03/version_252_systemd/"/>
    <title type="html">Version 252 of systemd, as expected, locks down the Linux boot process</title>
    <summary type="html" xml:base="https://www.theregister.com/">&lt;h4&gt;The init system that everybody loves to hate&lt;/h4&gt; &lt;p&gt;The fall version of systemd is here, with support for increased boot security, including tightened full-disk encryption.…&lt;/p&gt;</summary>
  </entry>
  <entry>
    <id>tag:theregister.com,2005:story224515</id>
    <updated>2022-11-03T10:37:12Z</updated>
    <author>
      <name>Lindsay Clark</name>
      <uri>https://search.theregister.com/?author=Lindsay%20Clark</uri>
    </author>
    <link rel="alternate" type="text/html" href="https://go.theregister.com/feed/www.theregister.com/2022/11/03/oracle_erp_edinburgh_university/"/>
    <title type="html">University of Edinburgh staff paid late due to Oracle ERP troubles</title>
    <summary type="html" xml:base="https://www.theregister.com/">&lt;h4&gt;Project beginning in 2019 has left employees and suppliers waiting on payments&lt;/h4&gt; &lt;p&gt;Scotland's University of Edinburgh has paid staff and suppliers late owing to the troubled implementation of a new Oracle-based HR and finance system.…&lt;/p&gt; &lt;p&gt;&lt;!--#include virtual='/data_centre/_whitepaper_textlinks_top.html' --&gt;&lt;/p&gt;</summary>
  </entry>
  <entry>
    <id>t
339e
ag:theregister.com,2005:story224489</id>
    <updated>2022-11-03T09:30:06Z</updated>
    <author>
      <name>Dan Robinson</name>
      <uri>https://search.theregister.com/?author=Dan%20Robinson</uri>
    </author>
    <link rel="alternate" type="text/html" href="https://go.theregister.com/feed/www.theregister.com/2022/11/03/aviatrix_cloudiq/"/>
    <title type="html">Aviatrix releases tool to help enterprises prevent cloud network costs spiraling</title>
    <summary type="html" xml:base="https://www.theregister.com/">&lt;h4&gt;Just as providers prepare to crank up their fees&lt;/h4&gt; &lt;p&gt;Cloud networking outfit Aviatrix has extended its platform with a new capability that monitors network usage to help enterprises more accurately track costs and enable chargeback to individual departments.…&lt;/p&gt;</summary>
  </entry>
  <entry>
    <id>tag:theregister.com,2005:story224508</id>
    <updated>2022-11-03T08:29:13Z</updated>
    <author>
      <name>Jessica Lyons Hardcastle</name>
      <uri>https://search.theregister.com/?author=Jessica%20Lyons%20Hardcastle</uri>
    </author>
    <link rel="alternate" type="text/html" href="https://go.theregister.com/feed/www.theregister.com/2022/11/03/royal_mail_customer_data_leak/"/>
    <title type="html">Royal Mail customer data leak shutters online Click and Drop</title>
    <summary type="html" xml:base="https://www.theregister.com/">&lt;h4&gt;Customers complain of exposed order info, multiple charges — but still no postage&lt;/h4&gt; &lt;p&gt;A technical SNAFU shut down the UK's Royal Mail Click and Drop website on Tuesday after a security "issue" allowed some customers to see others' order information. …&lt;/p&gt;</summary>
  </entry>
  <entry>
    <id>tag:theregister.com,2005:story224506</id>
    <updated>2022-11-03T07:32:09Z</updated>
    <author>
      <name>Katyanna Quach</name>
      <uri>https://search.theregister.com/?author=Katyanna%20Quach</uri>
    </author>
    <link rel="alternate" type="text/html" href="https://go.theregister.com/feed/www.theregister.com/2022/11/03/nasas_capstone_moon_orbit/"/>
    <title type="html">NASA's CAPSTONE satellite is out of safe mode and on track for Moon orbit this month</title>
    <summary type="html" xml:base="https://www.theregister.com/">&lt;h4&gt;Artemis orbit tester back in the pipe, five by five&lt;/h4&gt; &lt;p&gt;NASA has corrected the trajectory of the CAPSTONE cubesat, which is now set to reach lunar orbit on November 13.…&lt;/p&gt;</summary>
  </entry>
  <entry>
    <id>tag:theregister.com,2005:story224514</id>
    <updated>2022-11-03T06:57:10Z</updated>
    <author>
      <name>Laura Dobberstein</name>
      <uri>https://search.theregister.com/?author=Laura%20Dobberstein</uri>
    </author>
    <link rel="alternate" type="text/html" href="https://go.theregister.com/feed/www.theregister.com/2022/11/03/vitalik_buterin_elom_musk_twitter/"/>
    <title type="html">Ethereum co-founder Vitalik Buterin: If Musk's Twitter flops, it's not such a bad thing</title>
    <summary type="html" xml:base="https://www.theregister.com/">&lt;h4&gt;Predicts replacement, without Elon's problems, is waiting to fly&lt;/h4&gt; &lt;p&gt;Ethereum co-founder Vitalik Buterin told an audience at Singapore's FinTech Festival on Thursday he believes a social media platform to replace Twitter – one that avoids many of the bird-brand's existing problems – is already on the way somewhere.…&lt;/p&gt;</summary>
  </entry>
  <entry>
    <id>tag:theregister.com,2005:story224513</id>
    <updated>2022-11-03T06:15:07Z</updated>
    <author>
      <name>Simon Sharwood</name>
      <uri>https://search.theregister.com/?author=Simon%20Sharwood</uri>
    </author>
    <link rel="alternate" type="text/html" href="https://go.theregister.com/feed/www.theregister.com/2022/11/03/qualcomm_q4_2022/"/>
    <title type="html">Qualcomm predicts 2024 is the year Windows on Arm goes large</title>
    <summary type="html" xml:base="https://www.theregister.com/">&lt;h4&gt;For now, have a hiring freeze to preserve fat profits&lt;/h4&gt; &lt;p&gt;Qualcomm CEO and president Cristiano Amon has tipped 2024 as the year in which PCs using his company’s Snapdragon silicon make a mark.…&lt;/p&gt; &lt;p&gt;&lt;!--#include virtual='/data_centre/_whitepaper_textlinks_top.html' --&gt;&lt;/p&gt;</summary>
  </entry>
  <entry>
    <id>tag:theregister.com,2005:story224512</id>
    <updated>2022-11-03T04:31:12Z</updated>
    <author>
      <name>Simon Sharwood</name>
      <uri>https://search.theregister.com/?author=Simon%20Sharwood</uri>
    </author>
    <link rel="alternate" type="text/html" href="https://go.theregister.com/feed/www.theregister.com/2022/11/03/alibaba_cloud_utility_wuying_laptop/"/>
    <title type="html">Alibaba Cloud goes even more serverless as it tries to become a utility</title>
    <summary type="html" xml:base="https://www.theregister.com/">&lt;h4&gt;Laptop-shaped thin client tied to DaaS also illustrates the concept, and its downsides&lt;/h4&gt; &lt;p&gt;Alibaba Cloud has kicked off its annual Apsara conference by declaring an ambition to become a "computility" – a service that provides an endless stream of computational resource that users can consume as if it were electricity.…&lt;/p&gt;</summary>
  </entry>
  <entry>
    <id>tag:theregister.com,2005:story224511</id>
    <updated>2022-11-03T02:01:12Z</updated>
    <author>
      <name>Simon Sharwood</name>
      <uri>https://search.theregister.com/?author=Simon%20Sharwood</uri>
    </author>
    <link rel="alternate" type="text/html" href="https://go.theregister.com/feed/www.theregister.com/2022/11/03/china_rare_earth_supply_chain/"/>
    <title type="html">China reminds world shock and ore can hurt tech supply chains</title>
    <summary type="html" xml:base="https://www.theregister.com/">&lt;h4&gt;Nice chip and EV factories you're building there. Would be a shame if they couldn't get any rare earths to work with&lt;/h4&gt; &lt;p&gt;China has immense leverage over technology supply chains due to the happy accident that its territories contain most of the rare earths needed to manufacture electronics and batteries, and that it dominates industries that ready them for use.…&lt;/p&gt;</summary>
  </entry>
  <entry>
    <id>tag:theregister.com,2005:story224509</id>
    <updated>2022-11-03T00:54:12Z</updated>
    <author>
      <name>Dylan Martin</name>
      <uri>https://search.theregister.com/?author=Dylan%20Martin</uri>
    </author>
    <link rel="alternate" type="text/html" href="https://go.theregister.com/feed/www.theregister.com/2022/11/03/us_chip_workers_china/"/>
    <title type="html">Some American techies can still work for Chinese chipmakers, turns out</title>
    <summary type="html" xml:base="https://www.theregister.com/">&lt;h4&gt;But if you authorize or handle delivery of factory kit – or service it – you're out&lt;/h4&gt; &lt;p&gt;Remember that warning that the USA's new restrictions on semiconductor technology transfer to China would prevent any American from working in the Middle Kingdom's chip-making industry?…&lt;/p&gt;</summary>
  </entry>
  <entry>
    <id>tag:theregister.com,2005:story224510</id>
    <updated>2022-11-02T23:58:46Z</updated>
    <author>
      <name>Katyanna Quach</name>
      <uri>https://search.theregister.com/?author=Katyanna%20Quach</uri>
    </author>
    <link rel="alternate" type="text/html" href="https://go.theregister.com/feed/www.theregister.com/2022/11/02/us_senator_ftc_realpage/"/>
    <title type="html">Watchdog urged to sniff out any collusion, deception in rent-setting algorithms</title>
    <summary type="html" xml:base="https://www.theregister.com/">&lt;h4&gt;Things could get real for RealPage real fast&lt;/h4&gt; &lt;p&gt;A US Senator has urged the FTC to scrutinize algorithms used to calculate the optimum rent for properties over fears the software could potentially allow landlords to illegally collude in cities with a housing shortage.…&lt;/p&gt;</summary>
  </entry>
  <entry>
    <id>tag:theregister.com,2005:story224507</id>
    <updated>2022-11-02T23:02:23Z</updated>
    <author>
      <name>Brandon Vigliarolo</name>
      <uri>https://search.theregister.com/?author=Brandon%20Vigliarolo</uri>
    </author>
    <link rel="alternate" type="text/html" href="https://go.theregister.com/feed/www.theregister.com/2022/11/02/google_solar_power_texas/"/>
    <title type="html">Google taps up Softbank solar plants for Dallas datacenter</title>
    

DEBUG counter: 27

B: 258, HF:1
Builded XML size before: 40704
Builded XML size after: 40704

==Response L:258
<summary type="html" xml:base="https://www.theregister.com/">&lt;h4&gt;900MW coming web giant's way ... in 2024&lt;/h4&gt; &lt;p&gt;Google has just inked a deal with a Softbank subsidiary to buy 75 percent of the power from four solar power installations the
==

==XML builded
7dc0
<?xml version="1.0" encoding="UTF-8"?>
<feed xmlns="http://www.w3.org/2005/Atom" xml:lang="en">
  <id>tag:theregister.com,2005:feed/theregister.com/</id>
  <title>The Register</title>
  <link rel="self" type="application/atom+xml" href="https://www.theregister.com/headlines.atom"/>
  <link rel="alternate" type="text/html" href="https://www.theregister.com/"/>
  <rights>Copyright © 2022, Situation Publishing</rights>
  <author>
    <name>Team Register</name>
    <email>webmaster@theregister.co.uk</email>
    <uri>https://www.theregister.com/odds/about/contact/</uri>
  </author>
  <icon>https://www.theregister.com/Design/graphics/icons/favicon.png</icon>
  <subtitle>Biting the hand that feeds IT — Enterprise Technology News and Analysis</subtitle>
  <logo>https://www.theregister.com/Design/graphics/Reg_default/The_Register_r.png</logo>
  <updated>2022-11-04T19:15:11Z</updated>
  <entry>
    <id>tag,:theregister.com,2005:story224552</id>
    <updated>2022-11-04T19:15:11Z</updated>
    <author>
      <name>Brandon Vigliarolo</name>
      <uri>https://search.theregister.com/?author=Brandon%20Vigliarolo</uri>
    </author>
    <link rel="alternate" type="text/html" href="https://go.theregister.com/feed/www.theregister.com/2022/11/04/twitter_warn_act_lawsuit/"/>
    <title type="html">Twitter employees sue over lack of 60-day layoff notice</title>
    <summary type="html" xml:base="https://www.theregister.com/">&lt;h4&gt;Musk-owned companies have now faced 3 WARN Act lawsuits alleging the same thing&lt;/h4&gt; &lt;p&gt;The great Twitter cull of '22 is expected to begin today, but a group of tweeps have preempted the event by filing a class action lawsuit against Twitter for violating the WARN Act.…&lt;/p&gt;</summary>
  </entry>
  <entry>
    <id>tag:theregister.com,2005:story224550</id>
    <updated>2022-11-04T18:30:08Z</updated>
    <author>
      <name>Jeff Burt</name>
      <uri>https://search.theregister.com/?author=Jeff%20Burt</uri>
    </author>
    <link rel="alternate" type="text/html" href="https://go.theregister.com/feed/www.theregister.com/2022/11/04/crimson_kingsnake_bec_scam/"/>
    <title type="html">Double-check demand payment emails from law firms: Convincing fakes surface</title>
    <summary type="html" xml:base="https://www.theregister.com/">&lt;h4&gt;Crimson Kingsnake impersonates legit attorneys, fakes email threads from your colleagues in far-reaching BEC campaign&lt;/h4&gt; &lt;p&gt;A new threat group called Crimson Kingsnake is impersonating real law companies and debt recovery services to intimidate businessess into paying bogus overdue invoices.…&lt;/p&gt; &lt;p&gt;&lt;!--#include virtual='/data_centre/_whitepaper_textlinks_top.html' --&gt;&lt;/p&gt;</summary>
  </entry>
  <entry>
    <id>tag:theregister.com,2005:story224547</id>
    <updated>2022-11-04T17:30:08Z</updated>
    <author>
      <name>Liam Proven</name>
      <uri>https://search.theregister.com/?author=Liam%20Proven</uri>
    </author>
    <link rel="alternate" type="text/html" href="https://go.theregister.com/feed/www.theregister.com/2022/11/04/mozilla_ventures/"/>
    <title type="html">Mozilla Foundation launches ethical venture capital fund</title>
    <summary type="html" xml:base="https://www.theregister.com/">&lt;h4&gt;An unexpected move, but we suspect that Carl Sagan might have approved&lt;/h4&gt; &lt;p&gt;Mozilla has announced the successor to the Mozilla Builders incubator: Mozilla Ventures.…&lt;/p&gt;</summary>
  </entry>
  <entry>
    <id>tag:theregister.com,2005:story224549</id>
    <updated>2022-11-04T16:15:25Z</updated>
    <author>
      <name>Brandon Vigliarolo</name>
      <uri>https://search.theregister.com/?author=Brandon%20Vigliarolo</uri>
    </author>
    <link rel="alternate" type="text/html" href="https://go.theregister.com/feed/www.theregister.com/2022/11/04/starliner_launch_delay/"/>
    <title type="html">Boeing's Starliner launch pushed back again... to April 2023</title>
    <summary type="html" xml:base="https://www.theregister.com/">&lt;h4&gt;The official word is 'scheduling conflicts,' but NASA's safety panel has expressed concerns too&lt;/h4&gt; &lt;p&gt;The first crewed launch of Boeing's Starliner has been delayed again, this time being pushed back to April 2023 from an earlier planned launch date of February.…&lt;/p&gt;</summary>
  </entry>
  <entry>
    <id>tag:theregister.com,2005:story224545</id>
    <updated>2022-11-04T15:15:12Z</updated>
    <author>
      <name>Lindsay Clark</name>
      <uri>https://search.theregister.com/?author=Lindsay%20Clark</uri>
    </author>
    <link rel="alternate" type="text/html" href="https://go.theregister.com/feed/www.theregister.com/2022/11/04/uk_governement_set_to_extract/"/>
    <title type="html">UK government set to extract hospital data to Palantir system without patient consent</title>
    <summary type="html" xml:base="https://www.theregister.com/">&lt;h4&gt;'You'll be hearing from us,' say privacy campaigners who previously forced the government to back down&lt;/h4&gt; &lt;p&gt;The UK government is set to extract patient-identifiable data from NHS hospital systems and share this with its data platform based on technology from Palantir, a move that seems set to provoke another legal challenge.…&lt;/p&gt;</summary>
  </entry>
  <entry>
    <id>tag:theregister.com,2005:story224548</id>
    <updated>2022-11-04T14:15:35Z</updated>
    <author>
      <name>Dan Robinson</name>
      <uri>https://search.theregister.com/?author=Dan%20Robinson</uri>
    </author>
    <link rel="alternate" type="text/html" href="https://go.theregister.com/feed/www.theregister.com/2022/11/04/us_chip_industry_china_ban/"/>
    <title type="html">US chip industry worried it may lose out to rivals over China ban</title>
    <summary type="html" xml:base="https://www.theregister.com/">&lt;h4&gt;Just hang on while we convince the rest of the world, Commerce Sec tells makers&lt;/h4&gt; &lt;p&gt;US companies that build chipmaking equipment have been told to tough it out as they face a ban on selling to customers in China, while their rivals elsewhere in the world currently have no such restrictions.…&lt;/p&gt; &lt;p&gt;&lt;!--#include virtual='/data_centre/_whitepaper_textlinks_top.html' --&gt;&lt;/p&gt;</summary>
  </entry>
  <entry>
    <id>tag:theregister.com,2005:story224541</id>
    <updated>2022-11-04T13:30:42Z</updated>
    <author>
      <name>Jude Karabus</name>
      <uri>https://search.theregister.com/?author=Jude%20Karabus</uri>
    </author>
    <link rel="alternate" type="text/html" href="https://go.theregister.com/feed/www.theregister.com/2022/11/04/google_nlrb_complaint/"/>
    <title type="html">Google cut contractors off from online 'Share My Salary' spreadsheet, union claims</title>
    <summary type="html" xml:base="https://www.theregister.com/">&lt;h4&gt;Alphabet Workers Union says it's an illegal block of workers' right to discuss pay&lt;/h4&gt; &lt;p&gt;The Alphabet Workers Union (AWU) claims the company blocked access to a shared spreadsheet in which it reckons "hundreds" of subcontracted workers had shared their salary details and "up to 50,000" of those staffers are now prevented from looking them up.…&lt;/p&gt;</summary>
  </entry>
  <entry>
    <id>tag:theregister.com,2005:story224543</id>
    <updated>2022-11-04T12:50:15Z</updated>
    <author>
      <name>Dan Robinson</name>
      <uri>https://search.theregister.com/?author=Dan%20Robinson</uri>
    </author>
    <link rel="alternate" type="text/html" href="https://go.theregister.com/feed/www.theregister.com/2022/11/04/dell_australia_consumer_court/"/>
    <title type="html">Dell hit with Oz court case for misleading prices on monitors</title>
    <summary type="html" xml:base="https://www.theregister.com/">&lt;h4&gt;Watchdog claims add-ons to computer purchases appeared to be discounted but did not reflect the standalone RRP&lt;/h4&gt; &lt;p&gt;Dell's Australian business is in trouble with the country's consumer watchdog for allegedly misleading buyers about the price of displays purchased as an add-on with its computers.…&lt;/p&gt;</summary>
  </entry>
  <entry>
    <id>tag:theregister.com,2005:story224544</id>
    <updated>2022-11-04T12:20:09Z</updated>
    <author>
      <name>Paul Kunert</name>
      <uri>https://search.theregister.com/?author=Paul%20Kunert</uri>
    </author>
    <link rel="alternate" type="text/html" href="https://go.theregister.com/feed/www.theregister.com/2022/11/04/bt_pay_talks_reopened_says_cwu/"/>
    <title type="html">BT re-enters pay talks to prevent further strikes, says union</title>
    <summary type="html" xml:base="https://www.theregister.com/">&lt;h4&gt;What forced the change in attitude? The impact on 40,000 broadband connections possibly&lt;/h4&gt; &lt;p&gt;The Communication Workers Unions (CWU) claims BT Group has agreed to re-enter negotiations to find a solution to the protracted pay dispute that has caused thousands of engineers and call center operators to strike.…&lt;/p&gt;</summary>
  </entry>
  <entry>
    <id>tag:theregister.com,2005:story224542</id>
    <updated>2022-11-04T11:03:13Z</updated>
    <author>
      <name>Richard Currie</name>
      <uri>https://search.theregister.com/?author=Richard%20Currie</uri>
    </author>
    <link rel="alternate" type="text/html" href="https://go.theregister.com/feed/www.theregister.com/2022/11/04/nft_vending_machine/"/>
    <title type="html">NFT vending machine appears in London</title>
    <summary type="html" xml:base="https://www.theregister.com/">&lt;h4&gt;Don't everyone rush at once&lt;/h4&gt; &lt;p&gt;NFTs are dead. And stupid. Don't just take our word for it – Bill Gates, widely considered a pretty smart guy, described them as "100 percent based on greater fool theory" and analyst Forrester recently said "most consumers aren't interested in NFT stunts."…&lt;/p&gt; &lt;p&gt;&lt;!--#include virtual='/data_centre/_whitepaper_textlinks_top.html' --&gt;&lt;/p&gt;</summary>
  </entry>
  <entry>
    <id>tag:theregister.com,2005:story224531</id>
    <updated>2022-11-04T09:34:13Z</updated>
    <author>
      <name>Jeff Burt</name>
      <uri>https://search.theregister.com/?author=Jeff%20Burt</uri>
    </author>
    <link rel="alternate" type="text/html" href="https://go.theregister.com/feed/www.theregister.com/2022/11/04/microsoft_ukraine_tech_support/"/>
    <title type="html">Microsoft gives away '$400m in cloud support' to Ukraine</title>
    <summary type="html" xml:base="https://www.theregister.com/">&lt;h4&gt;Freedom isn't free&lt;/h4&gt; &lt;p&gt;The Ukraine government will continue to be able to run its digital infrastructure through the Microsoft Cloud for free in 2023, the tech giant confirmed today.…&lt;/p&gt;</summary>
  </entry>
  <entry>
    <id>tag:theregister.com,2005:story224518</id>
    <updated>2022-11-04T08:30:14Z</updated>
    <author>
      <name>Richard Currie</name>
      <uri>https://search.theregister.com/?author=Richard%20Currie</uri>
    </author>
    <link rel="alternate" type="text/html" href="https://go.theregister.com/feed/www.theregister.com/2022/11/04/norths_align_britain/"/>
    <title type="html">All of the norths are about to align over Britain</title>
    <summary type="html" xml:base="https://www.theregister.com/">&lt;h4&gt;Magnetic north is on a walkabout, and your OCD will benefit&lt;/h4&gt; &lt;p&gt;UK map lords at the Ordnance Survey have some big news for people with obsessive compulsive personality disorder or otherwise like everything to be neatly lined up.…&lt;/p&gt;</summary>
  </entry>
  <entry>
    <id>tag:theregister.com,2005:story224538</id>
    <updated>2022-11-04T07:32:08Z</updated>
    <author>
      <name>Simon Sharwood</name>
      <uri>https://search.theregister.com/?author=Simon%20Sharwood</uri>
    </author>
    <link rel="alternate" type="text/html" href="https://go.theregister.com/feed/www.theregister.com/2022/11/04/on_call/"/>
    <title type="html">Hot, sweaty builders hosed a server – literally – leaving support with an all-night RAID repair job</title>
    <summary type="html" xml:base="https://www.theregister.com/">&lt;h4&gt;Extension cords are good for power. Extension tubes? Not so good for air&lt;/h4&gt; &lt;p&gt;&lt;strong&gt;On Call&lt;/strong&gt;  As two precious days of free time loom, &lt;i&gt;The Register&lt;/i&gt; offers a two-minute taste of the energy-draining drama that makes weekends so important in another instalment of On-Call, our weekly reader-contributed tale of the messes IT people are asked to address.…&lt;/p&gt;</summary>
  </entry>
  <entry>
    <id>tag:theregister.com,2005:story224540</id>
    <updated>2022-11-04T06:58:13Z</updated>
    <author>
      <name>Simon Sharwood</name>
      <uri>https://search.theregister.com/?author=Simon%20Sharwood</uri>
    </author>
    <link rel="alternate" type="text/html" href="https://go.theregister.com/feed/www.theregister.com/2022/11/04/atlassian_q1_23/"/>
    <title type="html">You fire 'em, we'll hire 'em: Atlassian sees tech layoffs as HR heaven</title>
    <summary type="html" xml:base="https://www.theregister.com/">&lt;h4&gt;But investors aren't impressed by losses and unpleasant outlook&lt;/h4&gt; &lt;p&gt;Atlassian sees the current round of layoffs and hiring freezes across the tech industry as an opportunity on which it hopes to capitalise – even as its own share price slumps.…&lt;/p&gt;</summary>
  </entry>
  <entry>
    <id>tag:theregister.com,2005:story224529</id>
    <updated>2022-11-04T06:22:06Z</updated>
    <author>
      <name>Jessica Lyons Hardcastle</name>
      <uri>https://search.theregister.com/?author=Jessica%20Lyons%20Hardcastle</uri>
    </author>
    <link rel="alternate" type="text/html" href="https://go.theregister.com/feed/www.theregister.com/2022/11/04/french_opera1er_group_ib/"/>
    <title type="html">French-speaking voleurs stole $30m in 15-country bank, telecoms cyber-heist spree</title>
    <summary type="html" xml:base="https://www.theregister.com/">&lt;h4&gt;Smooth 'OPERA1ER' hit orgs around the world over four or more years&lt;/h4&gt; &lt;p&gt;A French-speaking criminal group codenamed OPERA1ER has pulled off more than 30 cyber-heists against telecom organizations and banks across Africa, Asia, and Latin America, stealing upwards of $30 million over four years, according to security researchers.…&lt;/p&gt; &lt;p&gt;&lt;!--#include virtual='/data_centre/_whitepaper_textlinks_top.html' --&gt;&lt;/p&gt;</summary>
  </entry>
  <entry>
    <id>tag:theregister.com,2005:story224539</id>
    <updated>2022-11-04T05:59:11Z</updated>
    <author>
      <name>Laura Dobberstein</name>
      <uri>https://search.theregister.com/?author=Laura%20Dobberstein</uri>
    </author>
    <link rel="alternate" type="text/html" href="https://go.theregister.com/feed/www.theregister.com/2022/11/04/xiaomi_concept_phone_with_mounted/"/>
    <title type="html">Xiaomi reveals bonkers phone with bolted-on Leica lens that will make you look like a dork</title>
    <summary type="html" xml:base="https://www.theregister.com/">&lt;h4&gt;A weighty lens, placed off-centre on a lightweight smartphone – what could possibly go wrong?&lt;/h4&gt; &lt;p&gt;Chinese smartphone darling has shown off a phone with a full camera lens bolted to its back – which looks very dorky, but thankfully is only a concept device.…&lt;/p&gt;</summary>
  </entry>
  <entry>
    <id>tag:theregister.com,2005:story224537</id>
    <updated>2022-11-04T04:58:05Z</updated>
    <author>
      <name>Simon Sharwood</name>
      <uri>https://search.theregister.com/?author=Simon%20Sharwood</uri>
    </author>
    <link rel="alternate" type="text/html" href="https://go.theregister.com/feed/www.theregister.com/2022/11/04/lenovo_isg_profitable_four_quarters/"/>
    <title type="html">After years of losses, Lenovo's infrastructure group posts 12 months of profits</title>
    <summary type="html" xml:base="https://www.theregister.com/">&lt;h4&gt;Execs say enterprise hardware biz is flying – don't mention the sub-one-percent profit&lt;/h4&gt; &lt;p&gt;In February 2022 Lenovo &lt;a target="_blank" href="https://www.theregister.com/2022/02/23/lenovo_q3_2022/"&gt;shared&lt;/a&gt; a slightly special number: $17 million. That's the first profit made by its Infrastructure Solutions Group (ISG) since its predecessor was formed by the &lt;a target="_blank" href="https://www.theregister.com/2014/09/29/lenovo_ibm_server_deal_to_close_october/"&gt;2014 acquisition of IBM's x86 server business&lt;/a&gt;.…&lt;/p&gt;</summary>
  </entry>
  <entry>
    <id>tag:theregister.com,2005:story224536</id>
    <updated>2022-11-04T03:44:59Z</updated>
    <author>
      <name>Simon Sharwood</name>
      <uri>https://search.theregister.com/?author=Simon%20Sharwood</uri>
    </author>
    <link rel="alternate" type="text/html" href="https://go.theregister.com/feed/www.theregister.com/2022/11/04/twitter_layoffs_email/"/>
    <title type="html">Elon Musk reportedly outlines horrible Twitter layoff process</title>
    <summary type="html" xml:base="https://www.theregister.com/">&lt;h4&gt;Email to your personal account is bad news, email to your work account means you still work at Twitter&lt;/h4&gt; &lt;p&gt;Twitter owner, sole director and – according to his Twitter profile, now also "Twitter Complaint Hotline Operator" – has reportedly informed company staff that layoffs begin tomorrow.…&lt;/p&gt;</summary>
  </entry>
  <entry>
    <id>tag:theregister.com,2005:story224535</id>
    <updated>2022-11-04T02:59:06Z</updated>
    <author>
      <name>Simon Sharwood</name>
      <uri>https://search.theregister.com/?author=Simon%20Sharwood</uri>
    </author>
    <link rel="alternate" type="text/html" href="https://go.theregister.com/feed/www.theregister.com/2022/11/04/alibaba_cloud_20_percent_arm/"/>
    <title type="html">Alibaba Cloud plans for a fifth of its servers to use homebrew Arm CPUs by 2025</title>
    <summary type="html" xml:base="https://www.theregister.com/">&lt;h4&gt;Sanctions? What sanctions? Just look at the low, low, power consumption figures&lt;/h4&gt; &lt;p&gt;Alibaba Cloud has revealed that it plans to power 20 percent of its operations with its own homebrew CPUs by 2025.…&lt;/p&gt;</summary>
  </entry>
  <entry>
    <id>tag:theregister.com,2005:story224522</id>
    <updated>2022-11-04T01:01:13Z</updated>
    <author>
      <name>Laura Dobberstein</name>
      <uri>https://search.theregister.com/?author=Laura%20Dobberstein</uri>
    </author>
    <link rel="alternate" type="text/html" href="https://go.theregister.com/feed/www.theregister.com/2022/11/04/mas_stablecoin_cbdc/"/>
    <title type="html">Singapore's fintech boss says stablecoins might win before CBDCs even get started</title>
    <summary type="html" xml:base="https://www.theregister.com/">&lt;h4&gt;Monetary authority presses ahead with Ubin+ cross-border CBDC trial anyway&lt;/h4&gt; &lt;p&gt;While central bank digital currencies (CBDCs) are often advanced as a way to improve the world's creaking cross-border payments infrastructure, some financial experts believe the government-issued tokens may be usurped by stablecoins and other products.…&lt;/p&gt; &lt;p&gt;&lt;!--#include virtual='/data_centre/_whitepaper_textlinks_top.html' --&gt;&lt;/p&gt;</summary>
  </entry>
  <entry>
    <id>tag:theregister.com,2005:story224530</id>
    <updated>2022-11-03T23:58:12Z</updated>
    <author>
      <name>Katyanna Quach</name>
      <uri>https://search.theregister.com/?author=Katyanna%20Quach</uri>
    </author>
    <link rel="alternate" type="text/html" href="https://go.theregister.com/feed/www.theregister.com/2022/11/03/nasa_artemis_launch/"/>
    <title type="html">NASA wheels SLS rocket out to the launchpad for another attempt to get off the ground</title>
    <summary type="html" xml:base="https://www.theregister.com/">&lt;h4&gt;After two previous failures, will third time be the charm?&lt;/h4&gt; &lt;p&gt;NASA will roll its Space Launch System back out to the launchpad at the Kennedy Space Center on Friday to prepare for a third attempt to put its most powerful rocket yet into the sky on November 14.…&lt;/p&gt;</summary>
  </entry>
  <entry>
    <id>tag:theregister.com,2005:story224533</id>
    <updated>2022-11-03T21:55:56Z</updated>
    <author>
      <name>Dylan Martin</name>
      <uri>https://search.theregister.com/?author=Dylan%20Martin</uri>
    </author>
    <link rel="alternate" type="text/html" href="https://go.theregister.com/feed/www.theregister.com/2022/11/03/amd_radeon_rx_7900_launched/"/>
    <title type="html">AMD’s latest, greatest Radeon graphics card $600 cheaper than Nvidia’s top RTX 4090</title>
    <summary type="html" xml:base="https://www.theregister.com/">&lt;h4&gt;Chiplet-based RNDA 3 GPU fans have been waiting for&lt;/h4&gt; &lt;p&gt;AMD has come out swinging at Nvidia with new flagship Radeon graphics cards that are cheaper than its rival's fresh GeForce RTX products.…&lt;/p&gt;</summary>
  </entry>
  <entry>
    <id>tag:theregister.com,2005:story224524</id>
    <updated>2022-11-03T20:45:15Z</updated>
    <author>
      <name>Jeff Burt</name>
      <uri>https://search.theregister.com/?author=Jeff%20Burt</uri>
    </author>
    <link rel="alternate" type="text/html" href="https://go.theregister.com/feed/www.theregister.com/2022/11/03/mfa_fatigue_enterprise_threat/"/>
    <title type="html">Multi-factor auth fatigue is real – and it's why you may be in the headlines next</title>
    <summary type="html" xml:base="https://www.theregister.com/">&lt;h4&gt;Overwhelmed by waves of push notifications, worn-down users inadvertently let the bad guys in&lt;/h4&gt; &lt;p&gt;&lt;strong&gt;Analysis&lt;/strong&gt;  The September cyberattack on ride-hailing service Uber began when a criminal bought the stolen credentials of a company contractor on the dark web.…&lt;/p&gt;</summary>
  </entry>
  <entry>
    <id>tag:theregister.com,2005:story224528</id>
    <updated>2022-11-03T19:46:07Z</updated>
    <author>
      <name>Brandon Vigliarolo</name>
      <uri>https://search.theregister.com/?author=Brandon%20Vigliarolo</uri>
    </author>
    <link rel="alternate" type="text/html" href="https://go.theregister.com/feed/www.theregister.com/2022/11/03/lyft_stripe_twitter_layoffs/"/>
    <title type="html">Latest layoffs: Lyft, Stripe more than decimate staff</title>
    <summary type="html" xml:base="https://www.theregister.com/">&lt;h4&gt;While Elon may just dump half of Twitter and scrap work-from-home&lt;/h4&gt; &lt;p&gt;Citing the likelihood of recession and increases in rideshare insurance costs, Lyft is laying off 13 percent of its workforce, with no team left unaffected.…&lt;/p&gt;</summary>
  </entry>
  <entry>
    <id>tag:theregister.com,2005:story224527</id>
    <updated>2022-11-03T19:15:13Z</updated>
    <author>
      <name>Liam Proven</name>
      <uri>https://search.theregister.com/?author=Liam%20Proven</uri>
    </author>
    <link rel="alternate" type="text/html" href="https://go.theregister.com/feed/www.theregister.com/2022/11/03/nitrux_25/"/>
    <title type="html">Nitrux 2.5: The latest update to a radical Linux</title>
    <summary type="html" xml:base="https://www.theregister.com/">&lt;h4&gt;Also one of the first distros we've seen with Kernel 6.0&lt;/h4&gt; &lt;p&gt;Nitrux OS is one of the most stylish and innovative distros we've seen so far: systemd-free, based on AppImages, and with a very unusual desktop.…&lt;/p&gt; &lt;p&gt;&lt;!--#include virtual='/data_centre/_whitepaper_textlinks_top.html' --&gt;&lt;/p&gt;</summary>
  </entry>
  <entry>
    <id>tag:theregister.com,2005:story224526</id>
    <updated>2022-11-03T18:45:10Z</updated>
    <author>
      <name>Tobias Mann</name>
      <uri>https://search.theregister.com/?author=Tobias%20Mann</uri>
    </author>
    <link rel="alternate" type="text/html" href="https://go.theregister.com/feed/www.theregister.com/2022/11/03/aws_freeze_hiring/"/>
    <title type="html">Amazon freezes corporate hiring amid worsening economic outlook</title>
    <summary type="html" xml:base="https://www.theregister.com/">&lt;h4&gt;The decision comes as the e-commerce giant stuggles with soaring energy prices and cash-strapped customers&lt;/h4&gt; &lt;p&gt;Amazon is freezing hiring of new corporate positions across the company for the rest of 2022 amid worsening economic conditions.…&lt;/p&gt;</summary>
  </entry>
  <entry>
    <id>tag:theregister.com,2005:story224525</id>
    <updated>2022-11-03T18:00:08Z</updated>
    <author>
      <name>Paul Kunert</name>
      <uri>https://search.theregister.com/?author=Paul%20Kunert</uri>
    </author>
    <link rel="alternate" type="text/html" href="https://go.theregister.com/feed/www.theregister.com/2022/11/03/kyndryl_q2_fiscal_2023/"/>
    <title type="html">Kyndryl loses $281m in the quarter as modernization agenda continues</title>
    <summary type="html" xml:base="https://www.theregister.com/">&lt;h4&gt;How to turn a classic infrastructure biz into something fit for the cloud era&lt;/h4&gt; &lt;p&gt;Shapeshifting infrastructure services biz Kyndryl can't plug its revenue leak but cutting costs did cut losses in half.…&lt;/p&gt;</summary>
  </entry>
  <entry>
    <id>tag:theregister.com,2005:story224520</id>
    <updated>2022-11-03T17:30:13Z</updated>
    <author>
      <name>Brandon Vigliarolo</name>
      <uri>https://search.theregister.com/?author=Brandon%20Vigliarolo</uri>
    </author>
    <link rel="alternate" type="text/html" href="https://go.theregister.com/feed/www.theregister.com/2022/11/03/tumblr_says_nudes_are_back/"/>
    <title type="html">Tumblr says nudes are back on the menu – within reason</title>
    <summary type="html" xml:base="https://www.theregister.com/">&lt;h4&gt;But old 'go nuts, show nuts' attitude is dead for good&lt;/h4&gt; &lt;p&gt;Tumblr has reversed course on its 2018 nudity ban, welcoming some – but not all – adult content creators back to the platform after a four-year hiatus.…&lt;/p&gt;</summary>
  </entry>
  <entry>
    <id>tag:theregister.com,2005:story224523</id>
    <updated>2022-11-03T16:45:13Z</updated>
    <author>
      <name>Brandon Vigliarolo</name>
      <uri>https://search.theregister.com/?author=Brandon%20Vigliarolo</uri>
    </author>
    <link rel="alternate" type="text/html" href="https://go.theregister.com/feed/www.theregister.com/2022/11/03/ransomware_summit_cryptocurrency/"/>
    <title type="html">International summit agrees crack down on crypto to combat ransomware</title>
    <summary type="html" xml:base="https://www.theregister.com/">&lt;h4&gt;Commitments include international wallet info sharing, KYC requirements, and an AML crackdown&lt;/h4&gt; &lt;p&gt;The White House's second International Counter Ransomware Initiative summit has concluded, and this year the 36-nation group has made clear it intends to crack down on how cryptocurrencies are used to finance ransomware operations.…&lt;/p&gt;</summary>
  </entry>
  <entry>
    <id>tag:theregister.com,2005:story224521</id>
    <updated>2022-11-03T15:50:10Z</updated>
    <author>
      <name>Dan Robinson</name>
      <uri>https://search.theregister.com/?author=Dan%20Robinson</uri>
    </author>
    <link rel="alternate" type="text/html" href="https://go.theregister.com/feed/www.theregister.com/2022/11/03/fcc_afc_providers_wifi/"/>
    <title type="html">FCC taps 13 providers to manage 6GHz band access for new Wi-Fi standards</title>
    <summary type="html" xml:base="https://www.theregister.com/">&lt;h4&gt;Public will be able to test each system as part of development process&lt;/h4&gt; &lt;p&gt;The US Federal Communications Commission (FCC) has conditionally approved 13 proposed automated frequency coordination (AFC) systems to manage spectrum access for unlicensed devices in the 6GHz band.…&lt;/p&gt; &lt;p&gt;&lt;!--#include virtual='/data_centre/_whitepaper_textlinks_top.html' --&gt;&lt;/p&gt;</summary>
  </entry>
  <entry>
    <id>tag:theregister.com,2005:story224519</id>
    <updated>2022-11-03T15:15:06Z</updated>
    <author>
      <name>Lindsay Clark</name>
      <uri>https://search.theregister.com/?author=Lindsay%20Clark</uri>
    </author>
    <link rel="alternate" type="text/html" href="https://go.theregister.com/feed/www.theregister.com/2022/11/03/redis_resp_app/"/>
    <title type="html">Redis swallows RESP.app biz that made its database easier on developers</title>
    <summary type="html" xml:base="https://www.theregister.com/">&lt;h4&gt;Acquisition of Ukrainian startup to help broaden appeal beyond popular cache&lt;/h4&gt; &lt;p&gt;Database provider Redis has acquired RESP.app, a popular developer tool used to ease developer experience on the popular key-value database.…&lt;/p&gt;</summary>
  </entry>
  <entry>
    <id>tag:theregister.com,2005:story224517</id>
    <updated>2022-11-03T13:35:04Z</updated>
    <author>
      <name>Dan Robinson</name>
      <uri>https://search.theregister.com/?author=Dan%20Robinson</uri>
    </author>
    <link rel="alternate" type="text/html" href="https://go.theregister.com/feed/www.theregister.com/2022/11/03/lenovo_q2_2023/"/>
    <title type="html">Lenovo revenues drop due to falling demand for PCs</title>
    <summary type="html" xml:base="https://www.theregister.com/">&lt;h4&gt;But overall profits are up thanks to cost cutting and success in other divisions&lt;/h4&gt; &lt;p&gt;Lenovo revenues declined for the first time in 10 quarters due to a steep fall in demand for PCs and tablets. Still, profits rose due to cost-cutting measures and growth in other areas such as its services division.…&lt;/p&gt;</summary>
  </entry>
  <entry>
    <id>tag:theregister.com,2005:story224516</id>
    <updated>2022-11-03T12:42:40Z</updated>
    <author>
      <name>Paul Kunert</name>
      <uri>https://search.theregister.com/?author=Paul%20Kunert</uri>
    </author>
    <link rel="alternate" type="text/html" href="https://go.theregister.com/feed/www.theregister.com/2022/11/03/bt_cost_cutting/"/>
    <title type="html">BT CEO ups cost-cutting plan amid rising inflation and soaring energy costs</title>
    <summary type="html" xml:base="https://www.theregister.com/">&lt;h4&gt;National telecom giant admits strike action is impacting customer broadband connections&lt;/h4&gt; &lt;p&gt;BT Group is looking to wrench out higher savings amid rising inflation in the relentless pursuit of improved profits.…&lt;/p&gt;</summary>
  </entry>
  <entry>
    <id>tag:theregister.com,2005:story224501</id>
    <updated>2022-11-03T11:35:07Z</updated>
    <author>
      <name>Liam Proven</name>
      <uri>https://search.theregister.com/?author=Liam%20Proven</uri>
    </author>
    <link rel="alternate" type="text/html" href="https://go.theregister.com/feed/www.theregister.com/2022/11/03/version_252_systemd/"/>
    <title type="html">Version 252 of systemd, as expected, locks down the Linux boot process</title>
    <summary type="html" xml:base="https://www.theregister.com/">&lt;h4&gt;The init system that everybody loves to hate&lt;/h4&gt; &lt;p&gt;The fall version of systemd is here, with support for increased boot security, including tightened full-disk encryption.…&lt;/p&gt;</summary>
  </entry>
  <entry>
    <id>tag:theregister.com,2005:story224515</id>
    <updated>2022-11-03T10:37:12Z</updated>
    <author>
      <name>Lindsay Clark</name>
      <uri>https://search.theregister.com/?author=Lindsay%20Clark</uri>
    </author>
    <link rel="alternate" type="text/html" href="https://go.theregister.com/feed/www.theregister.com/2022/11/03/oracle_erp_edinburgh_university/"/>
    <title type="html">University of Edinburgh staff paid late due to Oracle ERP troubles</title>
    <summary type="html" xml:base="https://www.theregister.com/">&lt;h4&gt;Project beginning in 2019 has left employees and suppliers waiting on payments&lt;/h4&gt; &lt;p&gt;Scotland's University of Edinburgh has paid staff and suppliers late owing to the troubled implementation of a new Oracle-based HR and finance system.…&lt;/p&gt; &lt;p&gt;&lt;!--#include virtual='/data_centre/_whitepaper_textlinks_top.html' --&gt;&lt;/p&gt;</summary>
  </entry>
  <entry>
    <id>t
339e
ag:theregister.com,2005:story224489</id>
    <updated>2022-11-03T09:30:06Z</updated>
    <author>
      <name>Dan Robinson</name>
      <uri>https://search.theregister.com/?author=Dan%20Robinson</uri>
    </author>
    <link rel="alternate" type="text/html" href="https://go.theregister.com/feed/www.theregister.com/2022/11/03/aviatrix_cloudiq/"/>
    <title type="html">Aviatrix releases tool to help enterprises prevent cloud network costs spiraling</title>
    <summary type="html" xml:base="https://www.theregister.com/">&lt;h4&gt;Just as providers prepare to crank up their fees&lt;/h4&gt; &lt;p&gt;Cloud networking outfit Aviatrix has extended its platform with a new capability that monitors network usage to help enterprises more accurately track costs and enable chargeback to individual departments.…&lt;/p&gt;</summary>
  </entry>
  <entry>
    <id>tag:theregister.com,2005:story224508</id>
    <updated>2022-11-03T08:29:13Z</updated>
    <author>
      <name>Jessica Lyons Hardcastle</name>
      <uri>https://search.theregister.com/?author=Jessica%20Lyons%20Hardcastle</uri>
    </author>
    <link rel="alternate" type="text/html" href="https://go.theregister.com/feed/www.theregister.com/2022/11/03/royal_mail_customer_data_leak/"/>
    <title type="html">Royal Mail customer data leak shutters online Click and Drop</title>
    <summary type="html" xml:base="https://www.theregister.com/">&lt;h4&gt;Customers complain of exposed order info, multiple charges — but still no postage&lt;/h4&gt; &lt;p&gt;A technical SNAFU shut down the UK's Royal Mail Click and Drop website on Tuesday after a security "issue" allowed some customers to see others' order information. …&lt;/p&gt;</summary>
  </entry>
  <entry>
    <id>tag:theregister.com,2005:story224506</id>
    <updated>2022-11-03T07:32:09Z</updated>
    <author>
      <name>Katyanna Quach</name>
      <uri>https://search.theregister.com/?author=Katyanna%20Quach</uri>
    </author>
    <link rel="alternate" type="text/html" href="https://go.theregister.com/feed/www.theregister.com/2022/11/03/nasas_capstone_moon_orbit/"/>
    <title type="html">NASA's CAPSTONE satellite is out of safe mode and on track for Moon orbit this month</title>
    <summary type="html" xml:base="https://www.theregister.com/">&lt;h4&gt;Artemis orbit tester back in the pipe, five by five&lt;/h4&gt; &lt;p&gt;NASA has corrected the trajectory of the CAPSTONE cubesat, which is now set to reach lunar orbit on November 13.…&lt;/p&gt;</summary>
  </entry>
  <entry>
    <id>tag:theregister.com,2005:story224514</id>
    <updated>2022-11-03T06:57:10Z</updated>
    <author>
      <name>Laura Dobberstein</name>
      <uri>https://search.theregister.com/?author=Laura%20Dobberstein</uri>
    </author>
    <link rel="alternate" type="text/html" href="https://go.theregister.com/feed/www.theregister.com/2022/11/03/vitalik_buterin_elom_musk_twitter/"/>
    <title type="html">Ethereum co-founder Vitalik Buterin: If Musk's Twitter flops, it's not such a bad thing</title>
    <summary type="html" xml:base="https://www.theregister.com/">&lt;h4&gt;Predicts replacement, without Elon's problems, is waiting to fly&lt;/h4&gt; &lt;p&gt;Ethereum co-founder Vitalik Buterin told an audience at Singapore's FinTech Festival on Thursday he believes a social media platform to replace Twitter – one that avoids many of the bird-brand's existing problems – is already on the way somewhere.…&lt;/p&gt;</summary>
  </entry>
  <entry>
    <id>tag:theregister.com,2005:story224513</id>
    <updated>2022-11-03T06:15:07Z</updated>
    <author>
      <name>Simon Sharwood</name>
      <uri>https://search.theregister.com/?author=Simon%20Sharwood</uri>
    </author>
    <link rel="alternate" type="text/html" href="https://go.theregister.com/feed/www.theregister.com/2022/11/03/qualcomm_q4_2022/"/>
    <title type="html">Qualcomm predicts 2024 is the year Windows on Arm goes large</title>
    <summary type="html" xml:base="https://www.theregister.com/">&lt;h4&gt;For now, have a hiring freeze to preserve fat profits&lt;/h4&gt; &lt;p&gt;Qualcomm CEO and president Cristiano Amon has tipped 2024 as the year in which PCs using his company’s Snapdragon silicon make a mark.…&lt;/p&gt; &lt;p&gt;&lt;!--#include virtual='/data_centre/_whitepaper_textlinks_top.html' --&gt;&lt;/p&gt;</summary>
  </entry>
  <entry>
    <id>tag:theregister.com,2005:story224512</id>
    <updated>2022-11-03T04:31:12Z</updated>
    <author>
      <name>Simon Sharwood</name>
      <uri>https://search.theregister.com/?author=Simon%20Sharwood</uri>
    </author>
    <link rel="alternate" type="text/html" href="https://go.theregister.com/feed/www.theregister.com/2022/11/03/alibaba_cloud_utility_wuying_laptop/"/>
    <title type="html">Alibaba Cloud goes even more serverless as it tries to become a utility</title>
    <summary type="html" xml:base="https://www.theregister.com/">&lt;h4&gt;Laptop-shaped thin client tied to DaaS also illustrates the concept, and its downsides&lt;/h4&gt; &lt;p&gt;Alibaba Cloud has kicked off its annual Apsara conference by declaring an ambition to become a "computility" – a service that provides an endless stream of computational resource that users can consume as if it were electricity.…&lt;/p&gt;</summary>
  </entry>
  <entry>
    <id>tag:theregister.com,2005:story224511</id>
    <updated>2022-11-03T02:01:12Z</updated>
    <author>
      <name>Simon Sharwood</name>
      <uri>https://search.theregister.com/?author=Simon%20Sharwood</uri>
    </author>
    <link rel="alternate" type="text/html" href="https://go.theregister.com/feed/www.theregister.com/2022/11/03/china_rare_earth_supply_chain/"/>
    <title type="html">China reminds world shock and ore can hurt tech supply chains</title>
    <summary type="html" xml:base="https://www.theregister.com/">&lt;h4&gt;Nice chip and EV factories you're building there. Would be a shame if they couldn't get any rare earths to work with&lt;/h4&gt; &lt;p&gt;China has immense leverage over technology supply chains due to the happy accident that its territories contain most of the rare earths needed to manufacture electronics and batteries, and that it dominates industries that ready them for use.…&lt;/p&gt;</summary>
  </entry>
  <entry>
    <id>tag:theregister.com,2005:story224509</id>
    <updated>2022-11-03T00:54:12Z</updated>
    <author>
      <name>Dylan Martin</name>
      <uri>https://search.theregister.com/?author=Dylan%20Martin</uri>
    </author>
    <link rel="alternate" type="text/html" href="https://go.theregister.com/feed/www.theregister.com/2022/11/03/us_chip_workers_china/"/>
    <title type="html">Some American techies can still work for Chinese chipmakers, turns out</title>
    <summary type="html" xml:base="https://www.theregister.com/">&lt;h4&gt;But if you authorize or handle delivery of factory kit – or service it – you're out&lt;/h4&gt; &lt;p&gt;Remember that warning that the USA's new restrictions on semiconductor technology transfer to China would prevent any American from working in the Middle Kingdom's chip-making industry?…&lt;/p&gt;</summary>
  </entry>
  <entry>
    <id>tag:theregister.com,2005:story224510</id>
    <updated>2022-11-02T23:58:46Z</updated>
    <author>
      <name>Katyanna Quach</name>
      <uri>https://search.theregister.com/?author=Katyanna%20Quach</uri>
    </author>
    <link rel="alternate" type="text/html" href="https://go.theregister.com/feed/www.theregister.com/2022/11/02/us_senator_ftc_realpage/"/>
    <title type="html">Watchdog urged to sniff out any collusion, deception in rent-setting algorithms</title>
    <summary type="html" xml:base="https://www.theregister.com/">&lt;h4&gt;Things could get real for RealPage real fast&lt;/h4&gt; &lt;p&gt;A US Senator has urged the FTC to scrutinize algorithms used to calculate the optimum rent for properties over fears the software could potentially allow landlords to illegally collude in cities with a housing shortage.…&lt;/p&gt;</summary>
  </entry>
  <entry>
    <id>tag:theregister.com,2005:story224507</id>
    <updated>2022-11-02T23:02:23Z</updated>
    <author>
      <name>Brandon Vigliarolo</name>
      <uri>https://search.theregister.com/?author=Brandon%20Vigliarolo</uri>
    </author>
    <link rel="alternate" type="text/html" href="https://go.theregister.com/feed/www.theregister.com/2022/11/02/google_solar_power_texas/"/>
    <title type="html">Google taps up Softbank solar plants for Dallas datacenter</title>
    <summary type="html" xml:base="https://www.theregister.com/">&lt;h4&gt;900MW coming web giant's way ... in 2024&lt;/h4&gt; &lt;p&gt;Google has just inked a deal with a Softbank subsidiary to buy 75 percent of the power from four solar power installations the

DEBUG counter: 28

B: 1460, HF:1
Builded XML size before: 40962
Builded XML size after: 40962

==Response L:1460
 Japanese firm is building in Texas, the largest combined clean energy purchase Google has made in the Lone Star state. …&lt;/p&gt; &lt;p&gt;&lt;!--#include virtual='/data_centre/_whitepaper_textlinks_top.html' --&gt;&lt;/p&gt;</summary>
  </entry>
  <entry>
    <id>tag:theregister.com,2005:story224496</id>
    <updated>2022-11-02T22:00:09Z</updated>
    <author>
      <name>Lindsay Clark</name>
      <uri>https://search.theregister.com/?author=Lindsay%20Clark</uri>
    </author>
    <link rel="alternate" type="text/html" href="https://go.theregister.com/feed/www.theregister.com/2022/11/02/us_partisan_democracy_research/"/>
    <title type="html">Reducing partisan divide alone does not boost support for democracy, study finds</title>
    <summary type="html" xml:base="https://www.theregister.com/">&lt;h4&gt;Ending anti-democratic attitudes not so easy stateside, researchers claim&lt;/h4&gt; &lt;p&gt;Researchers have found that working to reduce emotional partisan attitudes across the US political divide does not reduce anti-democratic tendencies.…&lt;/p&gt;</summary>
  </entry>
  <entry>
    <id>tag:theregister.com,2005:story224504</id>
    <updated>2022-11-02T20:45:13Z</updated>
    <author>
      <name>Jessica Lyons Hardcastle</name>
      <uri>https://search.theregister.com/?author=Jessica%20Lyons%20Hardcastle</uri>
    </author>
    <link rel="alternate" type="text/html" href="https://go.theregister.com/feed/www.theregister.com
==

==XML builded
7dc0
<?xml version="1.0" encoding="UTF-8"?>
<feed xmlns="http://www.w3.org/2005/Atom" xml:lang="en">
  <id>tag:theregister.com,2005:feed/theregister.com/</id>
  <title>The Register</title>
  <link rel="self" type="application/atom+xml" href="https://www.theregister.com/headlines.atom"/>
  <link rel="alternate" type="text/html" href="https://www.theregister.com/"/>
  <rights>Copyright © 2022, Situation Publishing</rights>
  <author>
    <name>Team Register</name>
    <email>webmaster@theregister.co.uk</email>
    <uri>https://www.theregister.com/odds/about/contact/</uri>
  </author>
  <icon>https://www.theregister.com/Design/graphics/icons/favicon.png</icon>
  <subtitle>Biting the hand that feeds IT — Enterprise Technology News and Analysis</subtitle>
  <logo>https://www.theregister.com/Design/graphics/Reg_default/The_Register_r.png</logo>
  <updated>2022-11-04T19:15:11Z</updated>
  <entry>
    <id>tag,:theregister.com,2005:story224552</id>
    <updated>2022-11-04T19:15:11Z</updated>
    <author>
      <name>Brandon Vigliarolo</name>
      <uri>https://search.theregister.com/?author=Brandon%20Vigliarolo</uri>
    </author>
    <link rel="alternate" type="text/html" href="https://go.theregister.com/feed/www.theregister.com/2022/11/04/twitter_warn_act_lawsuit/"/>
    <title type="html">Twitter employees sue over lack of 60-day layoff notice</title>
    <summary type="html" xml:base="https://www.theregister.com/">&lt;h4&gt;Musk-owned companies have now faced 3 WARN Act lawsuits alleging the same thing&lt;/h4&gt; &lt;p&gt;The great Twitter cull of '22 is expected to begin today, but a group of tweeps have preempted the event by filing a class action lawsuit against Twitter for violating the WARN Act.…&lt;/p&gt;</summary>
  </entry>
  <entry>
    <id>tag:theregister.com,2005:story224550</id>
    <updated>2022-11-04T18:30:08Z</updated>
    <author>
      <name>Jeff Burt</name>
      <uri>https://search.theregister.com/?author=Jeff%20Burt</uri>
    </author>
    <link rel="alternate" type="text/html" href="https://go.theregister.com/feed/www.theregister.com/2022/11/04/crimson_kingsnake_bec_scam/"/>
    <title type="html">Double-check demand payment emails from law firms: Convincing fakes surface</title>
    <summary type="html" xml:base="https://www.theregister.com/">&lt;h4&gt;Crimson Kingsnake impersonates legit attorneys, fakes email threads from your colleagues in far-reaching BEC campaign&lt;/h4&gt; &lt;p&gt;A new threat group called Crimson Kingsnake is impersonating real law companies and debt recovery services to intimidate businessess into paying bogus overdue invoices.…&lt;/p&gt; &lt;p&gt;&lt;!--#include virtual='/data_centre/_whitepaper_textlinks_top.html' --&gt;&lt;/p&gt;</summary>
  </entry>
  <entry>
    <id>tag:theregister.com,2005:story224547</id>
    <updated>2022-11-04T17:30:08Z</updated>
    <author>
      <name>Liam Proven</name>
      <uri>https://search.theregister.com/?author=Liam%20Proven</uri>
    </author>
    <link rel="alternate" type="text/html" href="https://go.theregister.com/feed/www.theregister.com/2022/11/04/mozilla_ventures/"/>
    <title type="html">Mozilla Foundation launches ethical venture capital fund</title>
    <summary type="html" xml:base="https://www.theregister.com/">&lt;h4&gt;An unexpected move, but we suspect that Carl Sagan might have approved&lt;/h4&gt; &lt;p&gt;Mozilla has announced the successor to the Mozilla Builders incubator: Mozilla Ventures.…&lt;/p&gt;</summary>
  </entry>
  <entry>
    <id>tag:theregister.com,2005:story224549</id>
    <updated>2022-11-04T16:15:25Z</updated>
    <author>
      <name>Brandon Vigliarolo</name>
      <uri>https://search.theregister.com/?author=Brandon%20Vigliarolo</uri>
    </author>
    <link rel="alternate" type="text/html" href="https://go.theregister.com/feed/www.theregister.com/2022/11/04/starliner_launch_delay/"/>
    <title type="html">Boeing's Starliner launch pushed back again... to April 2023</title>
    <summary type="html" xml:base="https://www.theregister.com/">&lt;h4&gt;The official word is 'scheduling conflicts,' but NASA's safety panel has expressed concerns too&lt;/h4&gt; &lt;p&gt;The first crewed launch of Boeing's Starliner has been delayed again, this time being pushed back to April 2023 from an earlier planned launch date of February.…&lt;/p&gt;</summary>
  </entry>
  <entry>
    <id>tag:theregister.com,2005:story224545</id>
    <updated>2022-11-04T15:15:12Z</updated>
    <author>
      <name>Lindsay Clark</name>
      <uri>https://search.theregister.com/?author=Lindsay%20Clark</uri>
    </author>
    <link rel="alternate" type="text/html" href="https://go.theregister.com/feed/www.theregister.com/2022/11/04/uk_governement_set_to_extract/"/>
    <title type="html">UK government set to extract hospital data to Palantir system without patient consent</title>
    <summary type="html" xml:base="https://www.theregister.com/">&lt;h4&gt;'You'll be hearing from us,' say privacy campaigners who previously forced the government to back down&lt;/h4&gt; &lt;p&gt;The UK government is set to extract patient-identifiable data from NHS hospital systems and share this with its data platform based on technology from Palantir, a move that seems set to provoke another legal challenge.…&lt;/p&gt;</summary>
  </entry>
  <entry>
    <id>tag:theregister.com,2005:story224548</id>
    <updated>2022-11-04T14:15:35Z</updated>
    <author>
      <name>Dan Robinson</name>
      <uri>https://search.theregister.com/?author=Dan%20Robinson</uri>
    </author>
    <link rel="alternate" type="text/html" href="https://go.theregister.com/feed/www.theregister.com/2022/11/04/us_chip_industry_china_ban/"/>
    <title type="html">US chip industry worried it may lose out to rivals over China ban</title>
    <summary type="html" xml:base="https://www.theregister.com/">&lt;h4&gt;Just hang on while we convince the rest of the world, Commerce Sec tells makers&lt;/h4&gt; &lt;p&gt;US companies that build chipmaking equipment have been told to tough it out as they face a ban on selling to customers in China, while their rivals elsewhere in the world currently have no such restrictions.…&lt;/p&gt; &lt;p&gt;&lt;!--#include virtual='/data_centre/_whitepaper_textlinks_top.html' --&gt;&lt;/p&gt;</summary>
  </entry>
  <entry>
    <id>tag:theregister.com,2005:story224541</id>
    <updated>2022-11-04T13:30:42Z</updated>
    <author>
      <name>Jude Karabus</name>
      <uri>https://search.theregister.com/?author=Jude%20Karabus</uri>
    </author>
    <link rel="alternate" type="text/html" href="https://go.theregister.com/feed/www.theregister.com/2022/11/04/google_nlrb_complaint/"/>
    <title type="html">Google cut contractors off from online 'Share My Salary' spreadsheet, union claims</title>
    <summary type="html" xml:base="https://www.theregister.com/">&lt;h4&gt;Alphabet Workers Union says it's an illegal block of workers' right to discuss pay&lt;/h4&gt; &lt;p&gt;The Alphabet Workers Union (AWU) claims the company blocked access to a shared spreadsheet in which it reckons "hundreds" of subcontracted workers had shared their salary details and "up to 50,000" of those staffers are now prevented from looking them up.…&lt;/p&gt;</summary>
  </entry>
  <entry>
    <id>tag:theregister.com,2005:story224543</id>
    <updated>2022-11-04T12:50:15Z</updated>
    <author>
      <name>Dan Robinson</name>
      <uri>https://search.theregister.com/?author=Dan%20Robinson</uri>
    </author>
    <link rel="alternate" type="text/html" href="https://go.theregister.com/feed/www.theregister.com/2022/11/04/dell_australia_consumer_court/"/>
    <title type="html">Dell hit with Oz court case for misleading prices on monitors</title>
    <summary type="html" xml:base="https://www.theregister.com/">&lt;h4&gt;Watchdog claims add-ons to computer purchases appeared to be discounted but did not reflect the standalone RRP&lt;/h4&gt; &lt;p&gt;Dell's Australian business is in trouble with the country's consumer watchdog for allegedly misleading buyers about the price of displays purchased as an add-on with its computers.…&lt;/p&gt;</summary>
  </entry>
  <entry>
    <id>tag:theregister.com,2005:story224544</id>
    <updated>2022-11-04T12:20:09Z</updated>
    <author>
      <name>Paul Kunert</name>
      <uri>https://search.theregister.com/?author=Paul%20Kunert</uri>
    </author>
    <link rel="alternate" type="text/html" href="https://go.theregister.com/feed/www.theregister.com/2022/11/04/bt_pay_talks_reopened_says_cwu/"/>
    <title type="html">BT re-enters pay talks to prevent further strikes, says union</title>
    <summary type="html" xml:base="https://www.theregister.com/">&lt;h4&gt;What forced the change in attitude? The impact on 40,000 broadband connections possibly&lt;/h4&gt; &lt;p&gt;The Communication Workers Unions (CWU) claims BT Group has agreed to re-enter negotiations to find a solution to the protracted pay dispute that has caused thousands of engineers and call center operators to strike.…&lt;/p&gt;</summary>
  </entry>
  <entry>
    <id>tag:theregister.com,2005:story224542</id>
    <updated>2022-11-04T11:03:13Z</updated>
    <author>
      <name>Richard Currie</name>
      <uri>https://search.theregister.com/?author=Richard%20Currie</uri>
    </author>
    <link rel="alternate" type="text/html" href="https://go.theregister.com/feed/www.theregister.com/2022/11/04/nft_vending_machine/"/>
    <title type="html">NFT vending machine appears in London</title>
    <summary type="html" xml:base="https://www.theregister.com/">&lt;h4&gt;Don't everyone rush at once&lt;/h4&gt; &lt;p&gt;NFTs are dead. And stupid. Don't just take our word for it – Bill Gates, widely considered a pretty smart guy, described them as "100 percent based on greater fool theory" and analyst Forrester recently said "most consumers aren't interested in NFT stunts."…&lt;/p&gt; &lt;p&gt;&lt;!--#include virtual='/data_centre/_whitepaper_textlinks_top.html' --&gt;&lt;/p&gt;</summary>
  </entry>
  <entry>
    <id>tag:theregister.com,2005:story224531</id>
    <updated>2022-11-04T09:34:13Z</updated>
    <author>
      <name>Jeff Burt</name>
      <uri>https://search.theregister.com/?author=Jeff%20Burt</uri>
    </author>
    <link rel="alternate" type="text/html" href="https://go.theregister.com/feed/www.theregister.com/2022/11/04/microsoft_ukraine_tech_support/"/>
    <title type="html">Microsoft gives away '$400m in cloud support' to Ukraine</title>
    <summary type="html" xml:base="https://www.theregister.com/">&lt;h4&gt;Freedom isn't free&lt;/h4&gt; &lt;p&gt;The Ukraine government will continue to be able to run its digital infrastructure through the Microsoft Cloud for free in 2023, the tech giant confirmed today.…&lt;/p&gt;</summary>
  </entry>
  <entry>
    <id>tag:theregister.com,2005:story224518</id>
    <updated>2022-11-04T08:30:14Z</updated>
    <author>
      <name>Richard Currie</name>
      <uri>https://search.theregister.com/?author=Richard%20Currie</uri>
    </author>
    <link rel="alternate" type="text/html" href="https://go.theregister.com/feed/www.theregister.com/2022/11/04/norths_align_britain/"/>
    <title type="html">All of the norths are about to align over Britain</title>
    <summary type="html" xml:base="https://www.theregister.com/">&lt;h4&gt;Magnetic north is on a walkabout, and your OCD will benefit&lt;/h4&gt; &lt;p&gt;UK map lords at the Ordnance Survey have some big news for people with obsessive compulsive personality disorder or otherwise like everything to be neatly lined up.…&lt;/p&gt;</summary>
  </entry>
  <entry>
    <id>tag:theregister.com,2005:story224538</id>
    <updated>2022-11-04T07:32:08Z</updated>
    <author>
      <name>Simon Sharwood</name>
      <uri>https://search.theregister.com/?author=Simon%20Sharwood</uri>
    </author>
    <link rel="alternate" type="text/html" href="https://go.theregister.com/feed/www.theregister.com/2022/11/04/on_call/"/>
    <title type="html">Hot, sweaty builders hosed a server – literally – leaving support with an all-night RAID repair job</title>
    <summary type="html" xml:base="https://www.theregister.com/">&lt;h4&gt;Extension cords are good for power. Extension tubes? Not so good for air&lt;/h4&gt; &lt;p&gt;&lt;strong&gt;On Call&lt;/strong&gt;  As two precious days of free time loom, &lt;i&gt;The Register&lt;/i&gt; offers a two-minute taste of the energy-draining drama that makes weekends so important in another instalment of On-Call, our weekly reader-contributed tale of the messes IT people are asked to address.…&lt;/p&gt;</summary>
  </entry>
  <entry>
    <id>tag:theregister.com,2005:story224540</id>
    <updated>2022-11-04T06:58:13Z</updated>
    <author>
      <name>Simon Sharwood</name>
      <uri>https://search.theregister.com/?author=Simon%20Sharwood</uri>
    </author>
    <link rel="alternate" type="text/html" href="https://go.theregister.com/feed/www.theregister.com/2022/11/04/atlassian_q1_23/"/>
    <title type="html">You fire 'em, we'll hire 'em: Atlassian sees tech layoffs as HR heaven</title>
    <summary type="html" xml:base="https://www.theregister.com/">&lt;h4&gt;But investors aren't impressed by losses and unpleasant outlook&lt;/h4&gt; &lt;p&gt;Atlassian sees the current round of layoffs and hiring freezes across the tech industry as an opportunity on which it hopes to capitalise – even as its own share price slumps.…&lt;/p&gt;</summary>
  </entry>
  <entry>
    <id>tag:theregister.com,2005:story224529</id>
    <updated>2022-11-04T06:22:06Z</updated>
    <author>
      <name>Jessica Lyons Hardcastle</name>
      <uri>https://search.theregister.com/?author=Jessica%20Lyons%20Hardcastle</uri>
    </author>
    <link rel="alternate" type="text/html" href="https://go.theregister.com/feed/www.theregister.com/2022/11/04/french_opera1er_group_ib/"/>
    <title type="html">French-speaking voleurs stole $30m in 15-country bank, telecoms cyber-heist spree</title>
    <summary type="html" xml:base="https://www.theregister.com/">&lt;h4&gt;Smooth 'OPERA1ER' hit orgs around the world over four or more years&lt;/h4&gt; &lt;p&gt;A French-speaking criminal group codenamed OPERA1ER has pulled off more than 30 cyber-heists against telecom organizations and banks across Africa, Asia, and Latin America, stealing upwards of $30 million over four years, according to security researchers.…&lt;/p&gt; &lt;p&gt;&lt;!--#include virtual='/data_centre/_whitepaper_textlinks_top.html' --&gt;&lt;/p&gt;</summary>
  </entry>
  <entry>
    <id>tag:theregister.com,2005:story224539</id>
    <updated>2022-11-04T05:59:11Z</updated>
    <author>
      <name>Laura Dobberstein</name>
      <uri>https://search.theregister.com/?author=Laura%20Dobberstein</uri>
    </author>
    <link rel="alternate" type="text/html" href="https://go.theregister.com/feed/www.theregister.com/2022/11/04/xiaomi_concept_phone_with_mounted/"/>
    <title type="html">Xiaomi reveals bonkers phone with bolted-on Leica lens that will make you look like a dork</title>
    <summary type="html" xml:base="https://www.theregister.com/">&lt;h4&gt;A weighty lens, placed off-centre on a lightweight smartphone – what could possibly go wrong?&lt;/h4&gt; &lt;p&gt;Chinese smartphone darling has shown off a phone with a full camera lens bolted to its back – which looks very dorky, but thankfully is only a concept device.…&lt;/p&gt;</summary>
  </entry>
  <entry>
    <id>tag:theregister.com,2005:story224537</id>
    <updated>2022-11-04T04:58:05Z</updated>
    <author>
      <name>Simon Sharwood</name>
      <uri>https://search.theregister.com/?author=Simon%20Sharwood</uri>
    </author>
    <link rel="alternate" type="text/html" href="https://go.theregister.com/feed/www.theregister.com/2022/11/04/lenovo_isg_profitable_four_quarters/"/>
    <title type="html">After years of losses, Lenovo's infrastructure group posts 12 months of profits</title>
    <summary type="html" xml:base="https://www.theregister.com/">&lt;h4&gt;Execs say enterprise hardware biz is flying – don't mention the sub-one-percent profit&lt;/h4&gt; &lt;p&gt;In February 2022 Lenovo &lt;a target="_blank" href="https://www.theregister.com/2022/02/23/lenovo_q3_2022/"&gt;shared&lt;/a&gt; a slightly special number: $17 million. That's the first profit made by its Infrastructure Solutions Group (ISG) since its predecessor was formed by the &lt;a target="_blank" href="https://www.theregister.com/2014/09/29/lenovo_ibm_server_deal_to_close_october/"&gt;2014 acquisition of IBM's x86 server business&lt;/a&gt;.…&lt;/p&gt;</summary>
  </entry>
  <entry>
    <id>tag:theregister.com,2005:story224536</id>
    <updated>2022-11-04T03:44:59Z</updated>
    <author>
      <name>Simon Sharwood</name>
      <uri>https://search.theregister.com/?author=Simon%20Sharwood</uri>
    </author>
    <link rel="alternate" type="text/html" href="https://go.theregister.com/feed/www.theregister.com/2022/11/04/twitter_layoffs_email/"/>
    <title type="html">Elon Musk reportedly outlines horrible Twitter layoff process</title>
    <summary type="html" xml:base="https://www.theregister.com/">&lt;h4&gt;Email to your personal account is bad news, email to your work account means you still work at Twitter&lt;/h4&gt; &lt;p&gt;Twitter owner, sole director and – according to his Twitter profile, now also "Twitter Complaint Hotline Operator" – has reportedly informed company staff that layoffs begin tomorrow.…&lt;/p&gt;</summary>
  </entry>
  <entry>
    <id>tag:theregister.com,2005:story224535</id>
    <updated>2022-11-04T02:59:06Z</updated>
    <author>
      <name>Simon Sharwood</name>
      <uri>https://search.theregister.com/?author=Simon%20Sharwood</uri>
    </author>
    <link rel="alternate" type="text/html" href="https://go.theregister.com/feed/www.theregister.com/2022/11/04/alibaba_cloud_20_percent_arm/"/>
    <title type="html">Alibaba Cloud plans for a fifth of its servers to use homebrew Arm CPUs by 2025</title>
    <summary type="html" xml:base="https://www.theregister.com/">&lt;h4&gt;Sanctions? What sanctions? Just look at the low, low, power consumption figures&lt;/h4&gt; &lt;p&gt;Alibaba Cloud has revealed that it plans to power 20 percent of its operations with its own homebrew CPUs by 2025.…&lt;/p&gt;</summary>
  </entry>
  <entry>
    <id>tag:theregister.com,2005:story224522</id>
    <updated>2022-11-04T01:01:13Z</updated>
    <author>
      <name>Laura Dobberstein</name>
      <uri>https://search.theregister.com/?author=Laura%20Dobberstein</uri>
    </author>
    <link rel="alternate" type="text/html" href="https://go.theregister.com/feed/www.theregister.com/2022/11/04/mas_stablecoin_cbdc/"/>
    <title type="html">Singapore's fintech boss says stablecoins might win before CBDCs even get started</title>
    <summary type="html" xml:base="https://www.theregister.com/">&lt;h4&gt;Monetary authority presses ahead with Ubin+ cross-border CBDC trial anyway&lt;/h4&gt; &lt;p&gt;While central bank digital currencies (CBDCs) are often advanced as a way to improve the world's creaking cross-border payments infrastructure, some financial experts believe the government-issued tokens may be usurped by stablecoins and other products.…&lt;/p&gt; &lt;p&gt;&lt;!--#include virtual='/data_centre/_whitepaper_textlinks_top.html' --&gt;&lt;/p&gt;</summary>
  </entry>
  <entry>
    <id>tag:theregister.com,2005:story224530</id>
    <updated>2022-11-03T23:58:12Z</updated>
    <author>
      <name>Katyanna Quach</name>
      <uri>https://search.theregister.com/?author=Katyanna%20Quach</uri>
    </author>
    <link rel="alternate" type="text/html" href="https://go.theregister.com/feed/www.theregister.com/2022/11/03/nasa_artemis_launch/"/>
    <title type="html">NASA wheels SLS rocket out to the launchpad for another attempt to get off the ground</title>
    <summary type="html" xml:base="https://www.theregister.com/">&lt;h4&gt;After two previous failures, will third time be the charm?&lt;/h4&gt; &lt;p&gt;NASA will roll its Space Launch System back out to the launchpad at the Kennedy Space Center on Friday to prepare for a third attempt to put its most powerful rocket yet into the sky on November 14.…&lt;/p&gt;</summary>
  </entry>
  <entry>
    <id>tag:theregister.com,2005:story224533</id>
    <updated>2022-11-03T21:55:56Z</updated>
    <author>
      <name>Dylan Martin</name>
      <uri>https://search.theregister.com/?author=Dylan%20Martin</uri>
    </author>
    <link rel="alternate" type="text/html" href="https://go.theregister.com/feed/www.theregister.com/2022/11/03/amd_radeon_rx_7900_launched/"/>
    <title type="html">AMD’s latest, greatest Radeon graphics card $600 cheaper than Nvidia’s top RTX 4090</title>
    <summary type="html" xml:base="https://www.theregister.com/">&lt;h4&gt;Chiplet-based RNDA 3 GPU fans have been waiting for&lt;/h4&gt; &lt;p&gt;AMD has come out swinging at Nvidia with new flagship Radeon graphics cards that are cheaper than its rival's fresh GeForce RTX products.…&lt;/p&gt;</summary>
  </entry>
  <entry>
    <id>tag:theregister.com,2005:story224524</id>
    <updated>2022-11-03T20:45:15Z</updated>
    <author>
      <name>Jeff Burt</name>
      <uri>https://search.theregister.com/?author=Jeff%20Burt</uri>
    </author>
    <link rel="alternate" type="text/html" href="https://go.theregister.com/feed/www.theregister.com/2022/11/03/mfa_fatigue_enterprise_threat/"/>
    <title type="html">Multi-factor auth fatigue is real – and it's why you may be in the headlines next</title>
    <summary type="html" xml:base="https://www.theregister.com/">&lt;h4&gt;Overwhelmed by waves of push notifications, worn-down users inadvertently let the bad guys in&lt;/h4&gt; &lt;p&gt;&lt;strong&gt;Analysis&lt;/strong&gt;  The September cyberattack on ride-hailing service Uber began when a criminal bought the stolen credentials of a company contractor on the dark web.…&lt;/p&gt;</summary>
  </entry>
  <entry>
    <id>tag:theregister.com,2005:story224528</id>
    <updated>2022-11-03T19:46:07Z</updated>
    <author>
      <name>Brandon Vigliarolo</name>
      <uri>https://search.theregister.com/?author=Brandon%20Vigliarolo</uri>
    </author>
    <link rel="alternate" type="text/html" href="https://go.theregister.com/feed/www.theregister.com/2022/11/03/lyft_stripe_twitter_layoffs/"/>
    <title type="html">Latest layoffs: Lyft, Stripe more than decimate staff</title>
    <summary type="html" xml:base="https://www.theregister.com/">&lt;h4&gt;While Elon may just dump half of Twitter and scrap work-from-home&lt;/h4&gt; &lt;p&gt;Citing the likelihood of recession and increases in rideshare insurance costs, Lyft is laying off 13 percent of its workforce, with no team left unaffected.…&lt;/p&gt;</summary>
  </entry>
  <entry>
    <id>tag:theregister.com,2005:story224527</id>
    <updated>2022-11-03T19:15:13Z</updated>
    <author>
      <name>Liam Proven</name>
      <uri>https://search.theregister.com/?author=Liam%20Proven</uri>
    </author>
    <link rel="alternate" type="text/html" href="https://go.theregister.com/feed/www.theregister.com/2022/11/03/nitrux_25/"/>
    <title type="html">Nitrux 2.5: The latest update to a radical Linux</title>
    <summary type="html" xml:base="https://www.theregister.com/">&lt;h4&gt;Also one of the first distros we've seen with Kernel 6.0&lt;/h4&gt; &lt;p&gt;Nitrux OS is one of the most stylish and innovative distros we've seen so far: systemd-free, based on AppImages, and with a very unusual desktop.…&lt;/p&gt; &lt;p&gt;&lt;!--#include virtual='/data_centre/_whitepaper_textlinks_top.html' --&gt;&lt;/p&gt;</summary>
  </entry>
  <entry>
    <id>tag:theregister.com,2005:story224526</id>
    <updated>2022-11-03T18:45:10Z</updated>
    <author>
      <name>Tobias Mann</name>
      <uri>https://search.theregister.com/?author=Tobias%20Mann</uri>
    </author>
    <link rel="alternate" type="text/html" href="https://go.theregister.com/feed/www.theregister.com/2022/11/03/aws_freeze_hiring/"/>
    <title type="html">Amazon freezes corporate hiring amid worsening economic outlook</title>
    <summary type="html" xml:base="https://www.theregister.com/">&lt;h4&gt;The decision comes as the e-commerce giant stuggles with soaring energy prices and cash-strapped customers&lt;/h4&gt; &lt;p&gt;Amazon is freezing hiring of new corporate positions across the company for the rest of 2022 amid worsening economic conditions.…&lt;/p&gt;</summary>
  </entry>
  <entry>
    <id>tag:theregister.com,2005:story224525</id>
    <updated>2022-11-03T18:00:08Z</updated>
    <author>
      <name>Paul Kunert</name>
      <uri>https://search.theregister.com/?author=Paul%20Kunert</uri>
    </author>
    <link rel="alternate" type="text/html" href="https://go.theregister.com/feed/www.theregister.com/2022/11/03/kyndryl_q2_fiscal_2023/"/>
    <title type="html">Kyndryl loses $281m in the quarter as modernization agenda continues</title>
    <summary type="html" xml:base="https://www.theregister.com/">&lt;h4&gt;How to turn a classic infrastructure biz into something fit for the cloud era&lt;/h4&gt; &lt;p&gt;Shapeshifting infrastructure services biz Kyndryl can't plug its revenue leak but cutting costs did cut losses in half.…&lt;/p&gt;</summary>
  </entry>
  <entry>
    <id>tag:theregister.com,2005:story224520</id>
    <updated>2022-11-03T17:30:13Z</updated>
    <author>
      <name>Brandon Vigliarolo</name>
      <uri>https://search.theregister.com/?author=Brandon%20Vigliarolo</uri>
    </author>
    <link rel="alternate" type="text/html" href="https://go.theregister.com/feed/www.theregister.com/2022/11/03/tumblr_says_nudes_are_back/"/>
    <title type="html">Tumblr says nudes are back on the menu – within reason</title>
    <summary type="html" xml:base="https://www.theregister.com/">&lt;h4&gt;But old 'go nuts, show nuts' attitude is dead for good&lt;/h4&gt; &lt;p&gt;Tumblr has reversed course on its 2018 nudity ban, welcoming some – but not all – adult content creators back to the platform after a four-year hiatus.…&lt;/p&gt;</summary>
  </entry>
  <entry>
    <id>tag:theregister.com,2005:story224523</id>
    <updated>2022-11-03T16:45:13Z</updated>
    <author>
      <name>Brandon Vigliarolo</name>
      <uri>https://search.theregister.com/?author=Brandon%20Vigliarolo</uri>
    </author>
    <link rel="alternate" type="text/html" href="https://go.theregister.com/feed/www.theregister.com/2022/11/03/ransomware_summit_cryptocurrency/"/>
    <title type="html">International summit agrees crack down on crypto to combat ransomware</title>
    <summary type="html" xml:base="https://www.theregister.com/">&lt;h4&gt;Commitments include international wallet info sharing, KYC requirements, and an AML crackdown&lt;/h4&gt; &lt;p&gt;The White House's second International Counter Ransomware Initiative summit has concluded, and this year the 36-nation group has made clear it intends to crack down on how cryptocurrencies are used to finance ransomware operations.…&lt;/p&gt;</summary>
  </entry>
  <entry>
    <id>tag:theregister.com,2005:story224521</id>
    <updated>2022-11-03T15:50:10Z</updated>
    <author>
      <name>Dan Robinson</name>
      <uri>https://search.theregister.com/?author=Dan%20Robinson</uri>
    </author>
    <link rel="alternate" type="text/html" href="https://go.theregister.com/feed/www.theregister.com/2022/11/03/fcc_afc_providers_wifi/"/>
    <title type="html">FCC taps 13 providers to manage 6GHz band access for new Wi-Fi standards</title>
    <summary type="html" xml:base="https://www.theregister.com/">&lt;h4&gt;Public will be able to test each system as part of development process&lt;/h4&gt; &lt;p&gt;The US Federal Communications Commission (FCC) has conditionally approved 13 proposed automated frequency coordination (AFC) systems to manage spectrum access for unlicensed devices in the 6GHz band.…&lt;/p&gt; &lt;p&gt;&lt;!--#include virtual='/data_centre/_whitepaper_textlinks_top.html' --&gt;&lt;/p&gt;</summary>
  </entry>
  <entry>
    <id>tag:theregister.com,2005:story224519</id>
    <updated>2022-11-03T15:15:06Z</updated>
    <author>
      <name>Lindsay Clark</name>
      <uri>https://search.theregister.com/?author=Lindsay%20Clark</uri>
    </author>
    <link rel="alternate" type="text/html" href="https://go.theregister.com/feed/www.theregister.com/2022/11/03/redis_resp_app/"/>
    <title type="html">Redis swallows RESP.app biz that made its database easier on developers</title>
    <summary type="html" xml:base="https://www.theregister.com/">&lt;h4&gt;Acquisition of Ukrainian startup to help broaden appeal beyond popular cache&lt;/h4&gt; &lt;p&gt;Database provider Redis has acquired RESP.app, a popular developer tool used to ease developer experience on the popular key-value database.…&lt;/p&gt;</summary>
  </entry>
  <entry>
    <id>tag:theregister.com,2005:story224517</id>
    <updated>2022-11-03T13:35:04Z</updated>
    <author>
      <name>Dan Robinson</name>
      <uri>https://search.theregister.com/?author=Dan%20Robinson</uri>
    </author>
    <link rel="alternate" type="text/html" href="https://go.theregister.com/feed/www.theregister.com/2022/11/03/lenovo_q2_2023/"/>
    <title type="html">Lenovo revenues drop due to falling demand for PCs</title>
    <summary type="html" xml:base="https://www.theregister.com/">&lt;h4&gt;But overall profits are up thanks to cost cutting and success in other divisions&lt;/h4&gt; &lt;p&gt;Lenovo revenues declined for the first time in 10 quarters due to a steep fall in demand for PCs and tablets. Still, profits rose due to cost-cutting measures and growth in other areas such as its services division.…&lt;/p&gt;</summary>
  </entry>
  <entry>
    <id>tag:theregister.com,2005:story224516</id>
    <updated>2022-11-03T12:42:40Z</updated>
    <author>
      <name>Paul Kunert</name>
      <uri>https://search.theregister.com/?author=Paul%20Kunert</uri>
    </author>
    <link rel="alternate" type="text/html" href="https://go.theregister.com/feed/www.theregister.com/2022/11/03/bt_cost_cutting/"/>
    <title type="html">BT CEO ups cost-cutting plan amid rising inflation and soaring energy costs</title>
    <summary type="html" xml:base="https://www.theregister.com/">&lt;h4&gt;National telecom giant admits strike action is impacting customer broadband connections&lt;/h4&gt; &lt;p&gt;BT Group is looking to wrench out higher savings amid rising inflation in the relentless pursuit of improved profits.…&lt;/p&gt;</summary>
  </entry>
  <entry>
    <id>tag:theregister.com,2005:story224501</id>
    <updated>2022-11-03T11:35:07Z</updated>
    <author>
      <name>Liam Proven</name>
      <uri>https://search.theregister.com/?author=Liam%20Proven</uri>
    </author>
    <link rel="alternate" type="text/html" href="https://go.theregister.com/feed/www.theregister.com/2022/11/03/version_252_systemd/"/>
    <title type="html">Version 252 of systemd, as expected, locks down the Linux boot process</title>
    <summary type="html" xml:base="https://www.theregister.com/">&lt;h4&gt;The init system that everybody loves to hate&lt;/h4&gt; &lt;p&gt;The fall version of systemd is here, with support for increased boot security, including tightened full-disk encryption.…&lt;/p&gt;</summary>
  </entry>
  <entry>
    <id>tag:theregister.com,2005:story224515</id>
    <updated>2022-11-03T10:37:12Z</updated>
    <author>
      <name>Lindsay Clark</name>
      <uri>https://search.theregister.com/?author=Lindsay%20Clark</uri>
    </author>
    <link rel="alternate" type="text/html" href="https://go.theregister.com/feed/www.theregister.com/2022/11/03/oracle_erp_edinburgh_university/"/>
    <title type="html">University of Edinburgh staff paid late due to Oracle ERP troubles</title>
    <summary type="html" xml:base="https://www.theregister.com/">&lt;h4&gt;Project beginning in 2019 has left employees and suppliers waiting on payments&lt;/h4&gt; &lt;p&gt;Scotland's University of Edinburgh has paid staff and suppliers late owing to the troubled implementation of a new Oracle-based HR and finance system.…&lt;/p&gt; &lt;p&gt;&lt;!--#include virtual='/data_centre/_whitepaper_textlinks_top.html' --&gt;&lt;/p&gt;</summary>
  </entry>
  <entry>
    <id>t
339e
ag:theregister.com,2005:story224489</id>
    <updated>2022-11-03T09:30:06Z</updated>
    <author>
      <name>Dan Robinson</name>
      <uri>https://search.theregister.com/?author=Dan%20Robinson</uri>
    </author>
    <link rel="alternate" type="text/html" href="https://go.theregister.com/feed/www.theregister.com/2022/11/03/aviatrix_cloudiq/"/>
    <title type="html">Aviatrix releases tool to help enterprises prevent cloud network costs spiraling</title>
    <summary type="html" xml:base="https://www.theregister.com/">&lt;h4&gt;Just as providers prepare to crank up their fees&lt;/h4&gt; &lt;p&gt;Cloud networking outfit Aviatrix has extended its platform with a new capability that monitors network usage to help enterprises more accurately track costs and enable chargeback to individual departments.…&lt;/p&gt;</summary>
  </entry>
  <entry>
    <id>tag:theregister.com,2005:story224508</id>
    <updated>2022-11-03T08:29:13Z</updated>
    <author>
      <name>Jessica Lyons Hardcastle</name>
      <uri>https://search.theregister.com/?author=Jessica%20Lyons%20Hardcastle</uri>
    </author>
    <link rel="alternate" type="text/html" href="https://go.theregister.com/feed/www.theregister.com/2022/11/03/royal_mail_customer_data_leak/"/>
    <title type="html">Royal Mail customer data leak shutters online Click and Drop</title>
    <summary type="html" xml:base="https://www.theregister.com/">&lt;h4&gt;Customers complain of exposed order info, multiple charges — but still no postage&lt;/h4&gt; &lt;p&gt;A technical SNAFU shut down the UK's Royal Mail Click and Drop website on Tuesday after a security "issue" allowed some customers to see others' order information. …&lt;/p&gt;</summary>
  </entry>
  <entry>
    <id>tag:theregister.com,2005:story224506</id>
    <updated>2022-11-03T07:32:09Z</updated>
    <author>
      <name>Katyanna Quach</name>
      <uri>https://search.theregister.com/?author=Katyanna%20Quach</uri>
    </author>
    <link rel="alternate" type="text/html" href="https://go.theregister.com/feed/www.theregister.com/2022/11/03/nasas_capstone_moon_orbit/"/>
    <title type="html">NASA's CAPSTONE satellite is out of safe mode and on track for Moon orbit this month</title>
    <summary type="html" xml:base="https://www.theregister.com/">&lt;h4&gt;Artemis orbit tester back in the pipe, five by five&lt;/h4&gt; &lt;p&gt;NASA has corrected the trajectory of the CAPSTONE cubesat, which is now set to reach lunar orbit on November 13.…&lt;/p&gt;</summary>
  </entry>
  <entry>
    <id>tag:theregister.com,2005:story224514</id>
    <updated>2022-11-03T06:57:10Z</updated>
    <author>
      <name>Laura Dobberstein</name>
      <uri>https://search.theregister.com/?author=Laura%20Dobberstein</uri>
    </author>
    <link rel="alternate" type="text/html" href="https://go.theregister.com/feed/www.theregister.com/2022/11/03/vitalik_buterin_elom_musk_twitter/"/>
    <title type="html">Ethereum co-founder Vitalik Buterin: If Musk's Twitter flops, it's not such a bad thing</title>
    <summary type="html" xml:base="https://www.theregister.com/">&lt;h4&gt;Predicts replacement, without Elon's problems, is waiting to fly&lt;/h4&gt; &lt;p&gt;Ethereum co-founder Vitalik Buterin told an audience at Singapore's FinTech Festival on Thursday he believes a social media platform to replace Twitter – one that avoids many of the bird-brand's existing problems – is already on the way somewhere.…&lt;/p&gt;</summary>
  </entry>
  <entry>
    <id>tag:theregister.com,2005:story224513</id>
    <updated>2022-11-03T06:15:07Z</updated>
    <author>
      <name>Simon Sharwood</name>
      <uri>https://search.theregister.com/?author=Simon%20Sharwood</uri>
    </author>
    <link rel="alternate" type="text/html" href="https://go.theregister.com/feed/www.theregister.com/2022/11/03/qualcomm_q4_2022/"/>
    <title type="html">Qualcomm predicts 2024 is the year Windows on Arm goes large</title>
    <summary type="html" xml:base="https://www.theregister.com/">&lt;h4&gt;For now, have a hiring freeze to preserve fat profits&lt;/h4&gt; &lt;p&gt;Qualcomm CEO and president Cristiano Amon has tipped 2024 as the year in which PCs using his company’s Snapdragon silicon make a mark.…&lt;/p&gt; &lt;p&gt;&lt;!--#include virtual='/data_centre/_whitepaper_textlinks_top.html' --&gt;&lt;/p&gt;</summary>
  </entry>
  <entry>
    <id>tag:theregister.com,2005:story224512</id>
    <updated>2022-11-03T04:31:12Z</updated>
    <author>
      <name>Simon Sharwood</name>
      <uri>https://search.theregister.com/?author=Simon%20Sharwood</uri>
    </author>
    <link rel="alternate" type="text/html" href="https://go.theregister.com/feed/www.theregister.com/2022/11/03/alibaba_cloud_utility_wuying_laptop/"/>
    <title type="html">Alibaba Cloud goes even more serverless as it tries to become a utility</title>
    <summary type="html" xml:base="https://www.theregister.com/">&lt;h4&gt;Laptop-shaped thin client tied to DaaS also illustrates the concept, and its downsides&lt;/h4&gt; &lt;p&gt;Alibaba Cloud has kicked off its annual Apsara conference by declaring an ambition to become a "computility" – a service that provides an endless stream of computational resource that users can consume as if it were electricity.…&lt;/p&gt;</summary>
  </entry>
  <entry>
    <id>tag:theregister.com,2005:story224511</id>
    <updated>2022-11-03T02:01:12Z</updated>
    <author>
      <name>Simon Sharwood</name>
      <uri>https://search.theregister.com/?author=Simon%20Sharwood</uri>
    </author>
    <link rel="alternate" type="text/html" href="https://go.theregister.com/feed/www.theregister.com/2022/11/03/china_rare_earth_supply_chain/"/>
    <title type="html">China reminds world shock and ore can hurt tech supply chains</title>
    <summary type="html" xml:base="https://www.theregister.com/">&lt;h4&gt;Nice chip and EV factories you're building there. Would be a shame if they couldn't get any rare earths to work with&lt;/h4&gt; &lt;p&gt;China has immense leverage over technology supply chains due to the happy accident that its territories contain most of the rare earths needed to manufacture electronics and batteries, and that it dominates industries that ready them for use.…&lt;/p&gt;</summary>
  </entry>
  <entry>
    <id>tag:theregister.com,2005:story224509</id>
    <updated>2022-11-03T00:54:12Z</updated>
    <author>
      <name>Dylan Martin</name>
      <uri>https://search.theregister.com/?author=Dylan%20Martin</uri>
    </author>
    <link rel="alternate" type="text/html" href="https://go.theregister.com/feed/www.theregister.com/2022/11/03/us_chip_workers_china/"/>
    <title type="html">Some American techies can still work for Chinese chipmakers, turns out</title>
    <summary type="html" xml:base="https://www.theregister.com/">&lt;h4&gt;But if you authorize or handle delivery of factory kit – or service it – you're out&lt;/h4&gt; &lt;p&gt;Remember that warning that the USA's new restrictions on semiconductor technology transfer to China would prevent any American from working in the Middle Kingdom's chip-making industry?…&lt;/p&gt;</summary>
  </entry>
  <entry>
    <id>tag:theregister.com,2005:story224510</id>
    <updated>2022-11-02T23:58:46Z</updated>
    <author>
      <name>Katyanna Quach</name>
      <uri>https://search.theregister.com/?author=Katyanna%20Quach</uri>
    </author>
    <link rel="alternate" type="text/html" href="https://go.theregister.com/feed/www.theregister.com/2022/11/02/us_senator_ftc_realpage/"/>
    <title type="html">Watchdog urged to sniff out any collusion, deception in rent-setting algorithms</title>
    <summary type="html" xml:base="https://www.theregister.com/">&lt;h4&gt;Things could get real for RealPage real fast&lt;/h4&gt; &lt;p&gt;A US Senator has urged the FTC to scrutinize algorithms used to calculate the optimum rent for properties over fears the software could potentially allow landlords to illegally collude in cities with a housing shortage.…&lt;/p&gt;</summary>
  </entry>
  <entry>
    <id>tag:theregister.com,2005:story224507</id>
    <updated>2022-11-02T23:02:23Z</updated>
    <author>
      <name>Brandon Vigliarolo</name>
      <uri>https://search.theregister.com/?author=Brandon%20Vigliarolo</uri>
    </author>
    <link rel="alternate" type="text/html" href="https://go.theregister.com/feed/www.theregister.com/2022/11/02/google_solar_power_texas/"/>
    <title type="html">Google taps up Softbank solar plants for Dallas datacenter</title>
    <summary type="html" xml:base="https://www.theregister.com/">&lt;h4&gt;900MW coming web giant's way ... in 2024&lt;/h4&gt; &lt;p&gt;Google has just inked a deal with a Softbank subsidiary to buy 75 percent of the power from four solar power installations the Japanese firm is building in Texas, the largest combined clean energy purchase Google has made in the Lone Star state. …&lt;/p&gt; &lt;p&gt;&lt;!--#include virtual='/data_centre/_whitepaper_textlinks_top.html' --&gt;&lt;/p&gt;</summary>
  </entry>
  <entry>
    <id>tag:theregister.com,2005:story224496</id>
    <updated>2022-11-02T22:00:09Z</updated>
    <author>
      <name>Lindsay Clark</name>
      <uri>https://search.theregister.com/?author=Lindsay%20Clark</uri>
    </author>
    <link rel="alternate" type="text/html" href="https://go.theregister.com/feed/www.theregister.com/2022/11/02/us_partisan_democracy_research/"/>
    <title type="html">Reducing partisan divide alone does not boost support for democracy, study finds</title>
    <summary type="html" xml:base="https://www.theregister.com/">&lt;h4&gt;Ending anti-democratic attitudes not so easy stateside, researchers claim&lt;/h4&gt; &lt;p&gt;Researchers have found that working to reduce emotional partisan attitudes across the US political divide does not reduce anti-democratic tendencies.…&lt;/p&gt;</summary>
  </entry>
  <entry>
    <id>tag:theregister.com,2005:story224504</id>
    <updated>2022-11-02T20:45:13Z</updated>
    <author>
      <name>Jessica Lyons Hardcastle</name>
      <uri>https://search.theregister.com/?author=Jessica%20Lyons%20Hardcastle</uri>
    </author>
    <link rel="alternate" type="text/html" href="https://go.theregister.com/feed/www.theregister.com

DEBUG counter: 29

B: 1460, HF:1
Builded XML size before: 42422
Builded XML size after: 42422

==Response L:1460
/2022/11/02/killnet_us_treasury_ddos/"/>
    <title type="html">US Treasury thwarts DDoS attack from Russian Killnet group</title>
    <summary type="html" xml:base="https://www.theregister.com/">&lt;h4&gt;Yet another pathetic 'stunt' from pro-Kremlin criminals&lt;/h4&gt; &lt;p&gt;The US Treasury Department has thwarted a distributed denial of service (DDoS) attack that officials attributed to Russian hacktivist group Killnet.…&lt;/p&gt;</summary>
  </entry>
  <entry>
    <id>tag:theregister.com,2005:story224505</id>
    <updated>2022-11-02T20:10:33Z</updated>
    <author>
      <name>Tobias Mann</name>
      <uri>https://search.theregister.com/?author=Tobias%20Mann</uri>
    </author>
    <link rel="alternate" type="text/html" href="https://go.theregister.com/feed/www.theregister.com/2022/11/02/google_oracles_cloud_arm/"/>
    <title type="html">Google, Oracle’s Ampere VMs get Arm’s SystemReady seal of approval</title>
    <summary type="html" xml:base="https://www.theregister.com/">&lt;h4&gt;So that means everything just works now, right?&lt;/h4&gt; &lt;p&gt;Arm has added two cloud instances from Google and Oracle Cloud, both powered by Ampere’s Altra datacenter processors, into its SystemReady certification program.…&lt;/p&gt;</summary>
  </entry>
  <entry>
    <id>tag:theregister.com,2005:story224492</id>
    <updated>2022-11-02T20:00:07Z</updated>
    <author>
      <name>Richard Currie</name>
      <uri>https://search.th
==

==XML builded
7dc0
<?xml version="1.0" encoding="UTF-8"?>
<feed xmlns="http://www.w3.org/2005/Atom" xml:lang="en">
  <id>tag:theregister.com,2005:feed/theregister.com/</id>
  <title>The Register</title>
  <link rel="self" type="application/atom+xml" href="https://www.theregister.com/headlines.atom"/>
  <link rel="alternate" type="text/html" href="https://www.theregister.com/"/>
  <rights>Copyright © 2022, Situation Publishing</rights>
  <author>
    <name>Team Register</name>
    <email>webmaster@theregister.co.uk</email>
    <uri>https://www.theregister.com/odds/about/contact/</uri>
  </author>
  <icon>https://www.theregister.com/Design/graphics/icons/favicon.png</icon>
  <subtitle>Biting the hand that feeds IT — Enterprise Technology News and Analysis</subtitle>
  <logo>https://www.theregister.com/Design/graphics/Reg_default/The_Register_r.png</logo>
  <updated>2022-11-04T19:15:11Z</updated>
  <entry>
    <id>tag,:theregister.com,2005:story224552</id>
    <updated>2022-11-04T19:15:11Z</updated>
    <author>
      <name>Brandon Vigliarolo</name>
      <uri>https://search.theregister.com/?author=Brandon%20Vigliarolo</uri>
    </author>
    <link rel="alternate" type="text/html" href="https://go.theregister.com/feed/www.theregister.com/2022/11/04/twitter_warn_act_lawsuit/"/>
    <title type="html">Twitter employees sue over lack of 60-day layoff notice</title>
    <summary type="html" xml:base="https://www.theregister.com/">&lt;h4&gt;Musk-owned companies have now faced 3 WARN Act lawsuits alleging the same thing&lt;/h4&gt; &lt;p&gt;The great Twitter cull of '22 is expected to begin today, but a group of tweeps have preempted the event by filing a class action lawsuit against Twitter for violating the WARN Act.…&lt;/p&gt;</summary>
  </entry>
  <entry>
    <id>tag:theregister.com,2005:story224550</id>
    <updated>2022-11-04T18:30:08Z</updated>
    <author>
      <name>Jeff Burt</name>
      <uri>https://search.theregister.com/?author=Jeff%20Burt</uri>
    </author>
    <link rel="alternate" type="text/html" href="https://go.theregister.com/feed/www.theregister.com/2022/11/04/crimson_kingsnake_bec_scam/"/>
    <title type="html">Double-check demand payment emails from law firms: Convincing fakes surface</title>
    <summary type="html" xml:base="https://www.theregister.com/">&lt;h4&gt;Crimson Kingsnake impersonates legit attorneys, fakes email threads from your colleagues in far-reaching BEC campaign&lt;/h4&gt; &lt;p&gt;A new threat group called Crimson Kingsnake is impersonating real law companies and debt recovery services to intimidate businessess into paying bogus overdue invoices.…&lt;/p&gt; &lt;p&gt;&lt;!--#include virtual='/data_centre/_whitepaper_textlinks_top.html' --&gt;&lt;/p&gt;</summary>
  </entry>
  <entry>
    <id>tag:theregister.com,2005:story224547</id>
    <updated>2022-11-04T17:30:08Z</updated>
    <author>
      <name>Liam Proven</name>
      <uri>https://search.theregister.com/?author=Liam%20Proven</uri>
    </author>
    <link rel="alternate" type="text/html" href="https://go.theregister.com/feed/www.theregister.com/2022/11/04/mozilla_ventures/"/>
    <title type="html">Mozilla Foundation launches ethical venture capital fund</title>
    <summary type="html" xml:base="https://www.theregister.com/">&lt;h4&gt;An unexpected move, but we suspect that Carl Sagan might have approved&lt;/h4&gt; &lt;p&gt;Mozilla has announced the successor to the Mozilla Builders incubator: Mozilla Ventures.…&lt;/p&gt;</summary>
  </entry>
  <entry>
    <id>tag:theregister.com,2005:story224549</id>
    <updated>2022-11-04T16:15:25Z</updated>
    <author>
      <name>Brandon Vigliarolo</name>
      <uri>https://search.theregister.com/?author=Brandon%20Vigliarolo</uri>
    </author>
    <link rel="alternate" type="text/html" href="https://go.theregister.com/feed/www.theregister.com/2022/11/04/starliner_launch_delay/"/>
    <title type="html">Boeing's Starliner launch pushed back again... to April 2023</title>
    <summary type="html" xml:base="https://www.theregister.com/">&lt;h4&gt;The official word is 'scheduling conflicts,' but NASA's safety panel has expressed concerns too&lt;/h4&gt; &lt;p&gt;The first crewed launch of Boeing's Starliner has been delayed again, this time being pushed back to April 2023 from an earlier planned launch date of February.…&lt;/p&gt;</summary>
  </entry>
  <entry>
    <id>tag:theregister.com,2005:story224545</id>
    <updated>2022-11-04T15:15:12Z</updated>
    <author>
      <name>Lindsay Clark</name>
      <uri>https://search.theregister.com/?author=Lindsay%20Clark</uri>
    </author>
    <link rel="alternate" type="text/html" href="https://go.theregister.com/feed/www.theregister.com/2022/11/04/uk_governement_set_to_extract/"/>
    <title type="html">UK government set to extract hospital data to Palantir system without patient consent</title>
    <summary type="html" xml:base="https://www.theregister.com/">&lt;h4&gt;'You'll be hearing from us,' say privacy campaigners who previously forced the government to back down&lt;/h4&gt; &lt;p&gt;The UK government is set to extract patient-identifiable data from NHS hospital systems and share this with its data platform based on technology from Palantir, a move that seems set to provoke another legal challenge.…&lt;/p&gt;</summary>
  </entry>
  <entry>
    <id>tag:theregister.com,2005:story224548</id>
    <updated>2022-11-04T14:15:35Z</updated>
    <author>
      <name>Dan Robinson</name>
      <uri>https://search.theregister.com/?author=Dan%20Robinson</uri>
    </author>
    <link rel="alternate" type="text/html" href="https://go.theregister.com/feed/www.theregister.com/2022/11/04/us_chip_industry_china_ban/"/>
    <title type="html">US chip industry worried it may lose out to rivals over China ban</title>
    <summary type="html" xml:base="https://www.theregister.com/">&lt;h4&gt;Just hang on while we convince the rest of the world, Commerce Sec tells makers&lt;/h4&gt; &lt;p&gt;US companies that build chipmaking equipment have been told to tough it out as they face a ban on selling to customers in China, while their rivals elsewhere in the world currently have no such restrictions.…&lt;/p&gt; &lt;p&gt;&lt;!--#include virtual='/data_centre/_whitepaper_textlinks_top.html' --&gt;&lt;/p&gt;</summary>
  </entry>
  <entry>
    <id>tag:theregister.com,2005:story224541</id>
    <updated>2022-11-04T13:30:42Z</updated>
    <author>
      <name>Jude Karabus</name>
      <uri>https://search.theregister.com/?author=Jude%20Karabus</uri>
    </author>
    <link rel="alternate" type="text/html" href="https://go.theregister.com/feed/www.theregister.com/2022/11/04/google_nlrb_complaint/"/>
    <title type="html">Google cut contractors off from online 'Share My Salary' spreadsheet, union claims</title>
    <summary type="html" xml:base="https://www.theregister.com/">&lt;h4&gt;Alphabet Workers Union says it's an illegal block of workers' right to discuss pay&lt;/h4&gt; &lt;p&gt;The Alphabet Workers Union (AWU) claims the company blocked access to a shared spreadsheet in which it reckons "hundreds" of subcontracted workers had shared their salary details and "up to 50,000" of those staffers are now prevented from looking them up.…&lt;/p&gt;</summary>
  </entry>
  <entry>
    <id>tag:theregister.com,2005:story224543</id>
    <updated>2022-11-04T12:50:15Z</updated>
    <author>
      <name>Dan Robinson</name>
      <uri>https://search.theregister.com/?author=Dan%20Robinson</uri>
    </author>
    <link rel="alternate" type="text/html" href="https://go.theregister.com/feed/www.theregister.com/2022/11/04/dell_australia_consumer_court/"/>
    <title type="html">Dell hit with Oz court case for misleading prices on monitors</title>
    <summary type="html" xml:base="https://www.theregister.com/">&lt;h4&gt;Watchdog claims add-ons to computer purchases appeared to be discounted but did not reflect the standalone RRP&lt;/h4&gt; &lt;p&gt;Dell's Australian business is in trouble with the country's consumer watchdog for allegedly misleading buyers about the price of displays purchased as an add-on with its computers.…&lt;/p&gt;</summary>
  </entry>
  <entry>
    <id>tag:theregister.com,2005:story224544</id>
    <updated>2022-11-04T12:20:09Z</updated>
    <author>
      <name>Paul Kunert</name>
      <uri>https://search.theregister.com/?author=Paul%20Kunert</uri>
    </author>
    <link rel="alternate" type="text/html" href="https://go.theregister.com/feed/www.theregister.com/2022/11/04/bt_pay_talks_reopened_says_cwu/"/>
    <title type="html">BT re-enters pay talks to prevent further strikes, says union</title>
    <summary type="html" xml:base="https://www.theregister.com/">&lt;h4&gt;What forced the change in attitude? The impact on 40,000 broadband connections possibly&lt;/h4&gt; &lt;p&gt;The Communication Workers Unions (CWU) claims BT Group has agreed to re-enter negotiations to find a solution to the protracted pay dispute that has caused thousands of engineers and call center operators to strike.…&lt;/p&gt;</summary>
  </entry>
  <entry>
    <id>tag:theregister.com,2005:story224542</id>
    <updated>2022-11-04T11:03:13Z</updated>
    <author>
      <name>Richard Currie</name>
      <uri>https://search.theregister.com/?author=Richard%20Currie</uri>
    </author>
    <link rel="alternate" type="text/html" href="https://go.theregister.com/feed/www.theregister.com/2022/11/04/nft_vending_machine/"/>
    <title type="html">NFT vending machine appears in London</title>
    <summary type="html" xml:base="https://www.theregister.com/">&lt;h4&gt;Don't everyone rush at once&lt;/h4&gt; &lt;p&gt;NFTs are dead. And stupid. Don't just take our word for it – Bill Gates, widely considered a pretty smart guy, described them as "100 percent based on greater fool theory" and analyst Forrester recently said "most consumers aren't interested in NFT stunts."…&lt;/p&gt; &lt;p&gt;&lt;!--#include virtual='/data_centre/_whitepaper_textlinks_top.html' --&gt;&lt;/p&gt;</summary>
  </entry>
  <entry>
    <id>tag:theregister.com,2005:story224531</id>
    <updated>2022-11-04T09:34:13Z</updated>
    <author>
      <name>Jeff Burt</name>
      <uri>https://search.theregister.com/?author=Jeff%20Burt</uri>
    </author>
    <link rel="alternate" type="text/html" href="https://go.theregister.com/feed/www.theregister.com/2022/11/04/microsoft_ukraine_tech_support/"/>
    <title type="html">Microsoft gives away '$400m in cloud support' to Ukraine</title>
    <summary type="html" xml:base="https://www.theregister.com/">&lt;h4&gt;Freedom isn't free&lt;/h4&gt; &lt;p&gt;The Ukraine government will continue to be able to run its digital infrastructure through the Microsoft Cloud for free in 2023, the tech giant confirmed today.…&lt;/p&gt;</summary>
  </entry>
  <entry>
    <id>tag:theregister.com,2005:story224518</id>
    <updated>2022-11-04T08:30:14Z</updated>
    <author>
      <name>Richard Currie</name>
      <uri>https://search.theregister.com/?author=Richard%20Currie</uri>
    </author>
    <link rel="alternate" type="text/html" href="https://go.theregister.com/feed/www.theregister.com/2022/11/04/norths_align_britain/"/>
    <title type="html">All of the norths are about to align over Britain</title>
    <summary type="html" xml:base="https://www.theregister.com/">&lt;h4&gt;Magnetic north is on a walkabout, and your OCD will benefit&lt;/h4&gt; &lt;p&gt;UK map lords at the Ordnance Survey have some big news for people with obsessive compulsive personality disorder or otherwise like everything to be neatly lined up.…&lt;/p&gt;</summary>
  </entry>
  <entry>
    <id>tag:theregister.com,2005:story224538</id>
    <updated>2022-11-04T07:32:08Z</updated>
    <author>
      <name>Simon Sharwood</name>
      <uri>https://search.theregister.com/?author=Simon%20Sharwood</uri>
    </author>
    <link rel="alternate" type="text/html" href="https://go.theregister.com/feed/www.theregister.com/2022/11/04/on_call/"/>
    <title type="html">Hot, sweaty builders hosed a server – literally – leaving support with an all-night RAID repair job</title>
    <summary type="html" xml:base="https://www.theregister.com/">&lt;h4&gt;Extension cords are good for power. Extension tubes? Not so good for air&lt;/h4&gt; &lt;p&gt;&lt;strong&gt;On Call&lt;/strong&gt;  As two precious days of free time loom, &lt;i&gt;The Register&lt;/i&gt; offers a two-minute taste of the energy-draining drama that makes weekends so important in another instalment of On-Call, our weekly reader-contributed tale of the messes IT people are asked to address.…&lt;/p&gt;</summary>
  </entry>
  <entry>
    <id>tag:theregister.com,2005:story224540</id>
    <updated>2022-11-04T06:58:13Z</updated>
    <author>
      <name>Simon Sharwood</name>
      <uri>https://search.theregister.com/?author=Simon%20Sharwood</uri>
    </author>
    <link rel="alternate" type="text/html" href="https://go.theregister.com/feed/www.theregister.com/2022/11/04/atlassian_q1_23/"/>
    <title type="html">You fire 'em, we'll hire 'em: Atlassian sees tech layoffs as HR heaven</title>
    <summary type="html" xml:base="https://www.theregister.com/">&lt;h4&gt;But investors aren't impressed by losses and unpleasant outlook&lt;/h4&gt; &lt;p&gt;Atlassian sees the current round of layoffs and hiring freezes across the tech industry as an opportunity on which it hopes to capitalise – even as its own share price slumps.…&lt;/p&gt;</summary>
  </entry>
  <entry>
    <id>tag:theregister.com,2005:story224529</id>
    <updated>2022-11-04T06:22:06Z</updated>
    <author>
      <name>Jessica Lyons Hardcastle</name>
      <uri>https://search.theregister.com/?author=Jessica%20Lyons%20Hardcastle</uri>
    </author>
    <link rel="alternate" type="text/html" href="https://go.theregister.com/feed/www.theregister.com/2022/11/04/french_opera1er_group_ib/"/>
    <title type="html">French-speaking voleurs stole $30m in 15-country bank, telecoms cyber-heist spree</title>
    <summary type="html" xml:base="https://www.theregister.com/">&lt;h4&gt;Smooth 'OPERA1ER' hit orgs around the world over four or more years&lt;/h4&gt; &lt;p&gt;A French-speaking criminal group codenamed OPERA1ER has pulled off more than 30 cyber-heists against telecom organizations and banks across Africa, Asia, and Latin America, stealing upwards of $30 million over four years, according to security researchers.…&lt;/p&gt; &lt;p&gt;&lt;!--#include virtual='/data_centre/_whitepaper_textlinks_top.html' --&gt;&lt;/p&gt;</summary>
  </entry>
  <entry>
    <id>tag:theregister.com,2005:story224539</id>
    <updated>2022-11-04T05:59:11Z</updated>
    <author>
      <name>Laura Dobberstein</name>
      <uri>https://search.theregister.com/?author=Laura%20Dobberstein</uri>
    </author>
    <link rel="alternate" type="text/html" href="https://go.theregister.com/feed/www.theregister.com/2022/11/04/xiaomi_concept_phone_with_mounted/"/>
    <title type="html">Xiaomi reveals bonkers phone with bolted-on Leica lens that will make you look like a dork</title>
    <summary type="html" xml:base="https://www.theregister.com/">&lt;h4&gt;A weighty lens, placed off-centre on a lightweight smartphone – what could possibly go wrong?&lt;/h4&gt; &lt;p&gt;Chinese smartphone darling has shown off a phone with a full camera lens bolted to its back – which looks very dorky, but thankfully is only a concept device.…&lt;/p&gt;</summary>
  </entry>
  <entry>
    <id>tag:theregister.com,2005:story224537</id>
    <updated>2022-11-04T04:58:05Z</updated>
    <author>
      <name>Simon Sharwood</name>
      <uri>https://search.theregister.com/?author=Simon%20Sharwood</uri>
    </author>
    <link rel="alternate" type="text/html" href="https://go.theregister.com/feed/www.theregister.com/2022/11/04/lenovo_isg_profitable_four_quarters/"/>
    <title type="html">After years of losses, Lenovo's infrastructure group posts 12 months of profits</title>
    <summary type="html" xml:base="https://www.theregister.com/">&lt;h4&gt;Execs say enterprise hardware biz is flying – don't mention the sub-one-percent profit&lt;/h4&gt; &lt;p&gt;In February 2022 Lenovo &lt;a target="_blank" href="https://www.theregister.com/2022/02/23/lenovo_q3_2022/"&gt;shared&lt;/a&gt; a slightly special number: $17 million. That's the first profit made by its Infrastructure Solutions Group (ISG) since its predecessor was formed by the &lt;a target="_blank" href="https://www.theregister.com/2014/09/29/lenovo_ibm_server_deal_to_close_october/"&gt;2014 acquisition of IBM's x86 server business&lt;/a&gt;.…&lt;/p&gt;</summary>
  </entry>
  <entry>
    <id>tag:theregister.com,2005:story224536</id>
    <updated>2022-11-04T03:44:59Z</updated>
    <author>
      <name>Simon Sharwood</name>
      <uri>https://search.theregister.com/?author=Simon%20Sharwood</uri>
    </author>
    <link rel="alternate" type="text/html" href="https://go.theregister.com/feed/www.theregister.com/2022/11/04/twitter_layoffs_email/"/>
    <title type="html">Elon Musk reportedly outlines horrible Twitter layoff process</title>
    <summary type="html" xml:base="https://www.theregister.com/">&lt;h4&gt;Email to your personal account is bad news, email to your work account means you still work at Twitter&lt;/h4&gt; &lt;p&gt;Twitter owner, sole director and – according to his Twitter profile, now also "Twitter Complaint Hotline Operator" – has reportedly informed company staff that layoffs begin tomorrow.…&lt;/p&gt;</summary>
  </entry>
  <entry>
    <id>tag:theregister.com,2005:story224535</id>
    <updated>2022-11-04T02:59:06Z</updated>
    <author>
      <name>Simon Sharwood</name>
      <uri>https://search.theregister.com/?author=Simon%20Sharwood</uri>
    </author>
    <link rel="alternate" type="text/html" href="https://go.theregister.com/feed/www.theregister.com/2022/11/04/alibaba_cloud_20_percent_arm/"/>
    <title type="html">Alibaba Cloud plans for a fifth of its servers to use homebrew Arm CPUs by 2025</title>
    <summary type="html" xml:base="https://www.theregister.com/">&lt;h4&gt;Sanctions? What sanctions? Just look at the low, low, power consumption figures&lt;/h4&gt; &lt;p&gt;Alibaba Cloud has revealed that it plans to power 20 percent of its operations with its own homebrew CPUs by 2025.…&lt;/p&gt;</summary>
  </entry>
  <entry>
    <id>tag:theregister.com,2005:story224522</id>
    <updated>2022-11-04T01:01:13Z</updated>
    <author>
      <name>Laura Dobberstein</name>
      <uri>https://search.theregister.com/?author=Laura%20Dobberstein</uri>
    </author>
    <link rel="alternate" type="text/html" href="https://go.theregister.com/feed/www.theregister.com/2022/11/04/mas_stablecoin_cbdc/"/>
    <title type="html">Singapore's fintech boss says stablecoins might win before CBDCs even get started</title>
    <summary type="html" xml:base="https://www.theregister.com/">&lt;h4&gt;Monetary authority presses ahead with Ubin+ cross-border CBDC trial anyway&lt;/h4&gt; &lt;p&gt;While central bank digital currencies (CBDCs) are often advanced as a way to improve the world's creaking cross-border payments infrastructure, some financial experts believe the government-issued tokens may be usurped by stablecoins and other products.…&lt;/p&gt; &lt;p&gt;&lt;!--#include virtual='/data_centre/_whitepaper_textlinks_top.html' --&gt;&lt;/p&gt;</summary>
  </entry>
  <entry>
    <id>tag:theregister.com,2005:story224530</id>
    <updated>2022-11-03T23:58:12Z</updated>
    <author>
      <name>Katyanna Quach</name>
      <uri>https://search.theregister.com/?author=Katyanna%20Quach</uri>
    </author>
    <link rel="alternate" type="text/html" href="https://go.theregister.com/feed/www.theregister.com/2022/11/03/nasa_artemis_launch/"/>
    <title type="html">NASA wheels SLS rocket out to the launchpad for another attempt to get off the ground</title>
    <summary type="html" xml:base="https://www.theregister.com/">&lt;h4&gt;After two previous failures, will third time be the charm?&lt;/h4&gt; &lt;p&gt;NASA will roll its Space Launch System back out to the launchpad at the Kennedy Space Center on Friday to prepare for a third attempt to put its most powerful rocket yet into the sky on November 14.…&lt;/p&gt;</summary>
  </entry>
  <entry>
    <id>tag:theregister.com,2005:story224533</id>
    <updated>2022-11-03T21:55:56Z</updated>
    <author>
      <name>Dylan Martin</name>
      <uri>https://search.theregister.com/?author=Dylan%20Martin</uri>
    </author>
    <link rel="alternate" type="text/html" href="https://go.theregister.com/feed/www.theregister.com/2022/11/03/amd_radeon_rx_7900_launched/"/>
    <title type="html">AMD’s latest, greatest Radeon graphics card $600 cheaper than Nvidia’s top RTX 4090</title>
    <summary type="html" xml:base="https://www.theregister.com/">&lt;h4&gt;Chiplet-based RNDA 3 GPU fans have been waiting for&lt;/h4&gt; &lt;p&gt;AMD has come out swinging at Nvidia with new flagship Radeon graphics cards that are cheaper than its rival's fresh GeForce RTX products.…&lt;/p&gt;</summary>
  </entry>
  <entry>
    <id>tag:theregister.com,2005:story224524</id>
    <updated>2022-11-03T20:45:15Z</updated>
    <author>
      <name>Jeff Burt</name>
      <uri>https://search.theregister.com/?author=Jeff%20Burt</uri>
    </author>
    <link rel="alternate" type="text/html" href="https://go.theregister.com/feed/www.theregister.com/2022/11/03/mfa_fatigue_enterprise_threat/"/>
    <title type="html">Multi-factor auth fatigue is real – and it's why you may be in the headlines next</title>
    <summary type="html" xml:base="https://www.theregister.com/">&lt;h4&gt;Overwhelmed by waves of push notifications, worn-down users inadvertently let the bad guys in&lt;/h4&gt; &lt;p&gt;&lt;strong&gt;Analysis&lt;/strong&gt;  The September cyberattack on ride-hailing service Uber began when a criminal bought the stolen credentials of a company contractor on the dark web.…&lt;/p&gt;</summary>
  </entry>
  <entry>
    <id>tag:theregister.com,2005:story224528</id>
    <updated>2022-11-03T19:46:07Z</updated>
    <author>
      <name>Brandon Vigliarolo</name>
      <uri>https://search.theregister.com/?author=Brandon%20Vigliarolo</uri>
    </author>
    <link rel="alternate" type="text/html" href="https://go.theregister.com/feed/www.theregister.com/2022/11/03/lyft_stripe_twitter_layoffs/"/>
    <title type="html">Latest layoffs: Lyft, Stripe more than decimate staff</title>
    <summary type="html" xml:base="https://www.theregister.com/">&lt;h4&gt;While Elon may just dump half of Twitter and scrap work-from-home&lt;/h4&gt; &lt;p&gt;Citing the likelihood of recession and increases in rideshare insurance costs, Lyft is laying off 13 percent of its workforce, with no team left unaffected.…&lt;/p&gt;</summary>
  </entry>
  <entry>
    <id>tag:theregister.com,2005:story224527</id>
    <updated>2022-11-03T19:15:13Z</updated>
    <author>
      <name>Liam Proven</name>
      <uri>https://search.theregister.com/?author=Liam%20Proven</uri>
    </author>
    <link rel="alternate" type="text/html" href="https://go.theregister.com/feed/www.theregister.com/2022/11/03/nitrux_25/"/>
    <title type="html">Nitrux 2.5: The latest update to a radical Linux</title>
    <summary type="html" xml:base="https://www.theregister.com/">&lt;h4&gt;Also one of the first distros we've seen with Kernel 6.0&lt;/h4&gt; &lt;p&gt;Nitrux OS is one of the most stylish and innovative distros we've seen so far: systemd-free, based on AppImages, and with a very unusual desktop.…&lt;/p&gt; &lt;p&gt;&lt;!--#include virtual='/data_centre/_whitepaper_textlinks_top.html' --&gt;&lt;/p&gt;</summary>
  </entry>
  <entry>
    <id>tag:theregister.com,2005:story224526</id>
    <updated>2022-11-03T18:45:10Z</updated>
    <author>
      <name>Tobias Mann</name>
      <uri>https://search.theregister.com/?author=Tobias%20Mann</uri>
    </author>
    <link rel="alternate" type="text/html" href="https://go.theregister.com/feed/www.theregister.com/2022/11/03/aws_freeze_hiring/"/>
    <title type="html">Amazon freezes corporate hiring amid worsening economic outlook</title>
    <summary type="html" xml:base="https://www.theregister.com/">&lt;h4&gt;The decision comes as the e-commerce giant stuggles with soaring energy prices and cash-strapped customers&lt;/h4&gt; &lt;p&gt;Amazon is freezing hiring of new corporate positions across the company for the rest of 2022 amid worsening economic conditions.…&lt;/p&gt;</summary>
  </entry>
  <entry>
    <id>tag:theregister.com,2005:story224525</id>
    <updated>2022-11-03T18:00:08Z</updated>
    <author>
      <name>Paul Kunert</name>
      <uri>https://search.theregister.com/?author=Paul%20Kunert</uri>
    </author>
    <link rel="alternate" type="text/html" href="https://go.theregister.com/feed/www.theregister.com/2022/11/03/kyndryl_q2_fiscal_2023/"/>
    <title type="html">Kyndryl loses $281m in the quarter as modernization agenda continues</title>
    <summary type="html" xml:base="https://www.theregister.com/">&lt;h4&gt;How to turn a classic infrastructure biz into something fit for the cloud era&lt;/h4&gt; &lt;p&gt;Shapeshifting infrastructure services biz Kyndryl can't plug its revenue leak but cutting costs did cut losses in half.…&lt;/p&gt;</summary>
  </entry>
  <entry>
    <id>tag:theregister.com,2005:story224520</id>
    <updated>2022-11-03T17:30:13Z</updated>
    <author>
      <name>Brandon Vigliarolo</name>
      <uri>https://search.theregister.com/?author=Brandon%20Vigliarolo</uri>
    </author>
    <link rel="alternate" type="text/html" href="https://go.theregister.com/feed/www.theregister.com/2022/11/03/tumblr_says_nudes_are_back/"/>
    <title type="html">Tumblr says nudes are back on the menu – within reason</title>
    <summary type="html" xml:base="https://www.theregister.com/">&lt;h4&gt;But old 'go nuts, show nuts' attitude is dead for good&lt;/h4&gt; &lt;p&gt;Tumblr has reversed course on its 2018 nudity ban, welcoming some – but not all – adult content creators back to the platform after a four-year hiatus.…&lt;/p&gt;</summary>
  </entry>
  <entry>
    <id>tag:theregister.com,2005:story224523</id>
    <updated>2022-11-03T16:45:13Z</updated>
    <author>
      <name>Brandon Vigliarolo</name>
      <uri>https://search.theregister.com/?author=Brandon%20Vigliarolo</uri>
    </author>
    <link rel="alternate" type="text/html" href="https://go.theregister.com/feed/www.theregister.com/2022/11/03/ransomware_summit_cryptocurrency/"/>
    <title type="html">International summit agrees crack down on crypto to combat ransomware</title>
    <summary type="html" xml:base="https://www.theregister.com/">&lt;h4&gt;Commitments include international wallet info sharing, KYC requirements, and an AML crackdown&lt;/h4&gt; &lt;p&gt;The White House's second International Counter Ransomware Initiative summit has concluded, and this year the 36-nation group has made clear it intends to crack down on how cryptocurrencies are used to finance ransomware operations.…&lt;/p&gt;</summary>
  </entry>
  <entry>
    <id>tag:theregister.com,2005:story224521</id>
    <updated>2022-11-03T15:50:10Z</updated>
    <author>
      <name>Dan Robinson</name>
      <uri>https://search.theregister.com/?author=Dan%20Robinson</uri>
    </author>
    <link rel="alternate" type="text/html" href="https://go.theregister.com/feed/www.theregister.com/2022/11/03/fcc_afc_providers_wifi/"/>
    <title type="html">FCC taps 13 providers to manage 6GHz band access for new Wi-Fi standards</title>
    <summary type="html" xml:base="https://www.theregister.com/">&lt;h4&gt;Public will be able to test each system as part of development process&lt;/h4&gt; &lt;p&gt;The US Federal Communications Commission (FCC) has conditionally approved 13 proposed automated frequency coordination (AFC) systems to manage spectrum access for unlicensed devices in the 6GHz band.…&lt;/p&gt; &lt;p&gt;&lt;!--#include virtual='/data_centre/_whitepaper_textlinks_top.html' --&gt;&lt;/p&gt;</summary>
  </entry>
  <entry>
    <id>tag:theregister.com,2005:story224519</id>
    <updated>2022-11-03T15:15:06Z</updated>
    <author>
      <name>Lindsay Clark</name>
      <uri>https://search.theregister.com/?author=Lindsay%20Clark</uri>
    </author>
    <link rel="alternate" type="text/html" href="https://go.theregister.com/feed/www.theregister.com/2022/11/03/redis_resp_app/"/>
    <title type="html">Redis swallows RESP.app biz that made its database easier on developers</title>
    <summary type="html" xml:base="https://www.theregister.com/">&lt;h4&gt;Acquisition of Ukrainian startup to help broaden appeal beyond popular cache&lt;/h4&gt; &lt;p&gt;Database provider Redis has acquired RESP.app, a popular developer tool used to ease developer experience on the popular key-value database.…&lt;/p&gt;</summary>
  </entry>
  <entry>
    <id>tag:theregister.com,2005:story224517</id>
    <updated>2022-11-03T13:35:04Z</updated>
    <author>
      <name>Dan Robinson</name>
      <uri>https://search.theregister.com/?author=Dan%20Robinson</uri>
    </author>
    <link rel="alternate" type="text/html" href="https://go.theregister.com/feed/www.theregister.com/2022/11/03/lenovo_q2_2023/"/>
    <title type="html">Lenovo revenues drop due to falling demand for PCs</title>
    <summary type="html" xml:base="https://www.theregister.com/">&lt;h4&gt;But overall profits are up thanks to cost cutting and success in other divisions&lt;/h4&gt; &lt;p&gt;Lenovo revenues declined for the first time in 10 quarters due to a steep fall in demand for PCs and tablets. Still, profits rose due to cost-cutting measures and growth in other areas such as its services division.…&lt;/p&gt;</summary>
  </entry>
  <entry>
    <id>tag:theregister.com,2005:story224516</id>
    <updated>2022-11-03T12:42:40Z</updated>
    <author>
      <name>Paul Kunert</name>
      <uri>https://search.theregister.com/?author=Paul%20Kunert</uri>
    </author>
    <link rel="alternate" type="text/html" href="https://go.theregister.com/feed/www.theregister.com/2022/11/03/bt_cost_cutting/"/>
    <title type="html">BT CEO ups cost-cutting plan amid rising inflation and soaring energy costs</title>
    <summary type="html" xml:base="https://www.theregister.com/">&lt;h4&gt;National telecom giant admits strike action is impacting customer broadband connections&lt;/h4&gt; &lt;p&gt;BT Group is looking to wrench out higher savings amid rising inflation in the relentless pursuit of improved profits.…&lt;/p&gt;</summary>
  </entry>
  <entry>
    <id>tag:theregister.com,2005:story224501</id>
    <updated>2022-11-03T11:35:07Z</updated>
    <author>
      <name>Liam Proven</name>
      <uri>https://search.theregister.com/?author=Liam%20Proven</uri>
    </author>
    <link rel="alternate" type="text/html" href="https://go.theregister.com/feed/www.theregister.com/2022/11/03/version_252_systemd/"/>
    <title type="html">Version 252 of systemd, as expected, locks down the Linux boot process</title>
    <summary type="html" xml:base="https://www.theregister.com/">&lt;h4&gt;The init system that everybody loves to hate&lt;/h4&gt; &lt;p&gt;The fall version of systemd is here, with support for increased boot security, including tightened full-disk encryption.…&lt;/p&gt;</summary>
  </entry>
  <entry>
    <id>tag:theregister.com,2005:story224515</id>
    <updated>2022-11-03T10:37:12Z</updated>
    <author>
      <name>Lindsay Clark</name>
      <uri>https://search.theregister.com/?author=Lindsay%20Clark</uri>
    </author>
    <link rel="alternate" type="text/html" href="https://go.theregister.com/feed/www.theregister.com/2022/11/03/oracle_erp_edinburgh_university/"/>
    <title type="html">University of Edinburgh staff paid late due to Oracle ERP troubles</title>
    <summary type="html" xml:base="https://www.theregister.com/">&lt;h4&gt;Project beginning in 2019 has left employees and suppliers waiting on payments&lt;/h4&gt; &lt;p&gt;Scotland's University of Edinburgh has paid staff and suppliers late owing to the troubled implementation of a new Oracle-based HR and finance system.…&lt;/p&gt; &lt;p&gt;&lt;!--#include virtual='/data_centre/_whitepaper_textlinks_top.html' --&gt;&lt;/p&gt;</summary>
  </entry>
  <entry>
    <id>t
339e
ag:theregister.com,2005:story224489</id>
    <updated>2022-11-03T09:30:06Z</updated>
    <author>
      <name>Dan Robinson</name>
      <uri>https://search.theregister.com/?author=Dan%20Robinson</uri>
    </author>
    <link rel="alternate" type="text/html" href="https://go.theregister.com/feed/www.theregister.com/2022/11/03/aviatrix_cloudiq/"/>
    <title type="html">Aviatrix releases tool to help enterprises prevent cloud network costs spiraling</title>
    <summary type="html" xml:base="https://www.theregister.com/">&lt;h4&gt;Just as providers prepare to crank up their fees&lt;/h4&gt; &lt;p&gt;Cloud networking outfit Aviatrix has extended its platform with a new capability that monitors network usage to help enterprises more accurately track costs and enable chargeback to individual departments.…&lt;/p&gt;</summary>
  </entry>
  <entry>
    <id>tag:theregister.com,2005:story224508</id>
    <updated>2022-11-03T08:29:13Z</updated>
    <author>
      <name>Jessica Lyons Hardcastle</name>
      <uri>https://search.theregister.com/?author=Jessica%20Lyons%20Hardcastle</uri>
    </author>
    <link rel="alternate" type="text/html" href="https://go.theregister.com/feed/www.theregister.com/2022/11/03/royal_mail_customer_data_leak/"/>
    <title type="html">Royal Mail customer data leak shutters online Click and Drop</title>
    <summary type="html" xml:base="https://www.theregister.com/">&lt;h4&gt;Customers complain of exposed order info, multiple charges — but still no postage&lt;/h4&gt; &lt;p&gt;A technical SNAFU shut down the UK's Royal Mail Click and Drop website on Tuesday after a security "issue" allowed some customers to see others' order information. …&lt;/p&gt;</summary>
  </entry>
  <entry>
    <id>tag:theregister.com,2005:story224506</id>
    <updated>2022-11-03T07:32:09Z</updated>
    <author>
      <name>Katyanna Quach</name>
      <uri>https://search.theregister.com/?author=Katyanna%20Quach</uri>
    </author>
    <link rel="alternate" type="text/html" href="https://go.theregister.com/feed/www.theregister.com/2022/11/03/nasas_capstone_moon_orbit/"/>
    <title type="html">NASA's CAPSTONE satellite is out of safe mode and on track for Moon orbit this month</title>
    <summary type="html" xml:base="https://www.theregister.com/">&lt;h4&gt;Artemis orbit tester back in the pipe, five by five&lt;/h4&gt; &lt;p&gt;NASA has corrected the trajectory of the CAPSTONE cubesat, which is now set to reach lunar orbit on November 13.…&lt;/p&gt;</summary>
  </entry>
  <entry>
    <id>tag:theregister.com,2005:story224514</id>
    <updated>2022-11-03T06:57:10Z</updated>
    <author>
      <name>Laura Dobberstein</name>
      <uri>https://search.theregister.com/?author=Laura%20Dobberstein</uri>
    </author>
    <link rel="alternate" type="text/html" href="https://go.theregister.com/feed/www.theregister.com/2022/11/03/vitalik_buterin_elom_musk_twitter/"/>
    <title type="html">Ethereum co-founder Vitalik Buterin: If Musk's Twitter flops, it's not such a bad thing</title>
    <summary type="html" xml:base="https://www.theregister.com/">&lt;h4&gt;Predicts replacement, without Elon's problems, is waiting to fly&lt;/h4&gt; &lt;p&gt;Ethereum co-founder Vitalik Buterin told an audience at Singapore's FinTech Festival on Thursday he believes a social media platform to replace Twitter – one that avoids many of the bird-brand's existing problems – is already on the way somewhere.…&lt;/p&gt;</summary>
  </entry>
  <entry>
    <id>tag:theregister.com,2005:story224513</id>
    <updated>2022-11-03T06:15:07Z</updated>
    <author>
      <name>Simon Sharwood</name>
      <uri>https://search.theregister.com/?author=Simon%20Sharwood</uri>
    </author>
    <link rel="alternate" type="text/html" href="https://go.theregister.com/feed/www.theregister.com/2022/11/03/qualcomm_q4_2022/"/>
    <title type="html">Qualcomm predicts 2024 is the year Windows on Arm goes large</title>
    <summary type="html" xml:base="https://www.theregister.com/">&lt;h4&gt;For now, have a hiring freeze to preserve fat profits&lt;/h4&gt; &lt;p&gt;Qualcomm CEO and president Cristiano Amon has tipped 2024 as the year in which PCs using his company’s Snapdragon silicon make a mark.…&lt;/p&gt; &lt;p&gt;&lt;!--#include virtual='/data_centre/_whitepaper_textlinks_top.html' --&gt;&lt;/p&gt;</summary>
  </entry>
  <entry>
    <id>tag:theregister.com,2005:story224512</id>
    <updated>2022-11-03T04:31:12Z</updated>
    <author>
      <name>Simon Sharwood</name>
      <uri>https://search.theregister.com/?author=Simon%20Sharwood</uri>
    </author>
    <link rel="alternate" type="text/html" href="https://go.theregister.com/feed/www.theregister.com/2022/11/03/alibaba_cloud_utility_wuying_laptop/"/>
    <title type="html">Alibaba Cloud goes even more serverless as it tries to become a utility</title>
    <summary type="html" xml:base="https://www.theregister.com/">&lt;h4&gt;Laptop-shaped thin client tied to DaaS also illustrates the concept, and its downsides&lt;/h4&gt; &lt;p&gt;Alibaba Cloud has kicked off its annual Apsara conference by declaring an ambition to become a "computility" – a service that provides an endless stream of computational resource that users can consume as if it were electricity.…&lt;/p&gt;</summary>
  </entry>
  <entry>
    <id>tag:theregister.com,2005:story224511</id>
    <updated>2022-11-03T02:01:12Z</updated>
    <author>
      <name>Simon Sharwood</name>
      <uri>https://search.theregister.com/?author=Simon%20Sharwood</uri>
    </author>
    <link rel="alternate" type="text/html" href="https://go.theregister.com/feed/www.theregister.com/2022/11/03/china_rare_earth_supply_chain/"/>
    <title type="html">China reminds world shock and ore can hurt tech supply chains</title>
    <summary type="html" xml:base="https://www.theregister.com/">&lt;h4&gt;Nice chip and EV factories you're building there. Would be a shame if they couldn't get any rare earths to work with&lt;/h4&gt; &lt;p&gt;China has immense leverage over technology supply chains due to the happy accident that its territories contain most of the rare earths needed to manufacture electronics and batteries, and that it dominates industries that ready them for use.…&lt;/p&gt;</summary>
  </entry>
  <entry>
    <id>tag:theregister.com,2005:story224509</id>
    <updated>2022-11-03T00:54:12Z</updated>
    <author>
      <name>Dylan Martin</name>
      <uri>https://search.theregister.com/?author=Dylan%20Martin</uri>
    </author>
    <link rel="alternate" type="text/html" href="https://go.theregister.com/feed/www.theregister.com/2022/11/03/us_chip_workers_china/"/>
    <title type="html">Some American techies can still work for Chinese chipmakers, turns out</title>
    <summary type="html" xml:base="https://www.theregister.com/">&lt;h4&gt;But if you authorize or handle delivery of factory kit – or service it – you're out&lt;/h4&gt; &lt;p&gt;Remember that warning that the USA's new restrictions on semiconductor technology transfer to China would prevent any American from working in the Middle Kingdom's chip-making industry?…&lt;/p&gt;</summary>
  </entry>
  <entry>
    <id>tag:theregister.com,2005:story224510</id>
    <updated>2022-11-02T23:58:46Z</updated>
    <author>
      <name>Katyanna Quach</name>
      <uri>https://search.theregister.com/?author=Katyanna%20Quach</uri>
    </author>
    <link rel="alternate" type="text/html" href="https://go.theregister.com/feed/www.theregister.com/2022/11/02/us_senator_ftc_realpage/"/>
    <title type="html">Watchdog urged to sniff out any collusion, deception in rent-setting algorithms</title>
    <summary type="html" xml:base="https://www.theregister.com/">&lt;h4&gt;Things could get real for RealPage real fast&lt;/h4&gt; &lt;p&gt;A US Senator has urged the FTC to scrutinize algorithms used to calculate the optimum rent for properties over fears the software could potentially allow landlords to illegally collude in cities with a housing shortage.…&lt;/p&gt;</summary>
  </entry>
  <entry>
    <id>tag:theregister.com,2005:story224507</id>
    <updated>2022-11-02T23:02:23Z</updated>
    <author>
      <name>Brandon Vigliarolo</name>
      <uri>https://search.theregister.com/?author=Brandon%20Vigliarolo</uri>
    </author>
    <link rel="alternate" type="text/html" href="https://go.theregister.com/feed/www.theregister.com/2022/11/02/google_solar_power_texas/"/>
    <title type="html">Google taps up Softbank solar plants for Dallas datacenter</title>
    <summary type="html" xml:base="https://www.theregister.com/">&lt;h4&gt;900MW coming web giant's way ... in 2024&lt;/h4&gt; &lt;p&gt;Google has just inked a deal with a Softbank subsidiary to buy 75 percent of the power from four solar power installations the Japanese firm is building in Texas, the largest combined clean energy purchase Google has made in the Lone Star state. …&lt;/p&gt; &lt;p&gt;&lt;!--#include virtual='/data_centre/_whitepaper_textlinks_top.html' --&gt;&lt;/p&gt;</summary>
  </entry>
  <entry>
    <id>tag:theregister.com,2005:story224496</id>
    <updated>2022-11-02T22:00:09Z</updated>
    <author>
      <name>Lindsay Clark</name>
      <uri>https://search.theregister.com/?author=Lindsay%20Clark</uri>
    </author>
    <link rel="alternate" type="text/html" href="https://go.theregister.com/feed/www.theregister.com/2022/11/02/us_partisan_democracy_research/"/>
    <title type="html">Reducing partisan divide alone does not boost support for democracy, study finds</title>
    <summary type="html" xml:base="https://www.theregister.com/">&lt;h4&gt;Ending anti-democratic attitudes not so easy stateside, researchers claim&lt;/h4&gt; &lt;p&gt;Researchers have found that working to reduce emotional partisan attitudes across the US political divide does not reduce anti-democratic tendencies.…&lt;/p&gt;</summary>
  </entry>
  <entry>
    <id>tag:theregister.com,2005:story224504</id>
    <updated>2022-11-02T20:45:13Z</updated>
    <author>
      <name>Jessica Lyons Hardcastle</name>
      <uri>https://search.theregister.com/?author=Jessica%20Lyons%20Hardcastle</uri>
    </author>
    <link rel="alternate" type="text/html" href="https://go.theregister.com/feed/www.theregister.com/2022/11/02/killnet_us_treasury_ddos/"/>
    <title type="html">US Treasury thwarts DDoS attack from Russian Killnet group</title>
    <summary type="html" xml:base="https://www.theregister.com/">&lt;h4&gt;Yet another pathetic 'stunt' from pro-Kremlin criminals&lt;/h4&gt; &lt;p&gt;The US Treasury Department has thwarted a distributed denial of service (DDoS) attack that officials attributed to Russian hacktivist group Killnet.…&lt;/p&gt;</summary>
  </entry>
  <entry>
    <id>tag:theregister.com,2005:story224505</id>
    <updated>2022-11-02T20:10:33Z</updated>
    <author>
      <name>Tobias Mann</name>
      <uri>https://search.theregister.com/?author=Tobias%20Mann</uri>
    </author>
    <link rel="alternate" type="text/html" href="https://go.theregister.com/feed/www.theregister.com/2022/11/02/google_oracles_cloud_arm/"/>
    <title type="html">Google, Oracle’s Ampere VMs get Arm’s SystemReady seal of approval</title>
    <summary type="html" xml:base="https://www.theregister.com/">&lt;h4&gt;So that means everything just works now, right?&lt;/h4&gt; &lt;p&gt;Arm has added two cloud instances from Google and Oracle Cloud, both powered by Ampere’s Altra datacenter processors, into its SystemReady certification program.…&lt;/p&gt;</summary>
  </entry>
  <entry>
    <id>tag:theregister.com,2005:story224492</id>
    <updated>2022-11-02T20:00:07Z</updated>
    <author>
      <name>Richard Currie</name>
      <uri>https://search.th

DEBUG counter: 30

B: 1536, HF:1
Builded XML size before: 43882
Builded XML size after: 43882

==Response L:1536
eregister.com/?author=Richard%20Currie</uri>
    </author>
    <link rel="alternate" type="text/html" href="https://go.theregister.com/feed/www.theregister.com/2022/11/02/crowds_trapped_disney_shanghai/"/>
    <title type="html">Crowds not allowed to leave Shanghai Disneyland without a negative COVID test</title>
    <summary type="html" xml:base="https://www.theregister.com/">&lt;h4&gt;Let us go, let us gooooooo&lt;/h4&gt; &lt;p&gt;It's a small world (after all) but it got a lot smaller for the heaving masses who were trapped inside Shanghai Disneyland as a result of China's zero-COVID policy.…&lt;/p&gt;</summary>
  </entry>
  <entry>
    <id>tag:theregister.com,2005:story224495</id>
    <updated>2022-11-02T19:15:06Z</updated>
    <author>
      <name>Liam Proven</name>
      <uri>https://search.theregister.com/?author=Liam%20Proven</uri>
    </author>
    <link rel="alternate" type="text/html" href="https://go.theregister.com/feed/www.theregister.com/2022/11/02/plan_9_fork_9front/"/>
    <title type="html">9front releases new version of Plan 9 OS fork: The Golden Age of Ballooning</title>
    <summary type="html" xml:base="https://www.theregister.com/">&lt;h4&gt;Prepare to be confused&lt;/h4&gt; &lt;p&gt;9front is a fork and continuation of Plan 9 from Bell Labs, which is what the minds behind UNIX and the C programming language went on to do next. It is also rather strange.…&lt;/p&gt; &lt;p&gt;&lt;!--#include virtual='/data_centre/_whitepaper_textlinks_top.html' --&gt;&lt;/p&gt;</summary>
  </entry>
</fe
==

==XML builded
7dc0
<?xml version="1.0" encoding="UTF-8"?>
<feed xmlns="http://www.w3.org/2005/Atom" xml:lang="en">
  <id>tag:theregister.com,2005:feed/theregister.com/</id>
  <title>The Register</title>
  <link rel="self" type="application/atom+xml" href="https://www.theregister.com/headlines.atom"/>
  <link rel="alternate" type="text/html" href="https://www.theregister.com/"/>
  <rights>Copyright © 2022, Situation Publishing</rights>
  <author>
    <name>Team Register</name>
    <email>webmaster@theregister.co.uk</email>
    <uri>https://www.theregister.com/odds/about/contact/</uri>
  </author>
  <icon>https://www.theregister.com/Design/graphics/icons/favicon.png</icon>
  <subtitle>Biting the hand that feeds IT — Enterprise Technology News and Analysis</subtitle>
  <logo>https://www.theregister.com/Design/graphics/Reg_default/The_Register_r.png</logo>
  <updated>2022-11-04T19:15:11Z</updated>
  <entry>
    <id>tag,:theregister.com,2005:story224552</id>
    <updated>2022-11-04T19:15:11Z</updated>
    <author>
      <name>Brandon Vigliarolo</name>
      <uri>https://search.theregister.com/?author=Brandon%20Vigliarolo</uri>
    </author>
    <link rel="alternate" type="text/html" href="https://go.theregister.com/feed/www.theregister.com/2022/11/04/twitter_warn_act_lawsuit/"/>
    <title type="html">Twitter employees sue over lack of 60-day layoff notice</title>
    <summary type="html" xml:base="https://www.theregister.com/">&lt;h4&gt;Musk-owned companies have now faced 3 WARN Act lawsuits alleging the same thing&lt;/h4&gt; &lt;p&gt;The great Twitter cull of '22 is expected to begin today, but a group of tweeps have preempted the event by filing a class action lawsuit against Twitter for violating the WARN Act.…&lt;/p&gt;</summary>
  </entry>
  <entry>
    <id>tag:theregister.com,2005:story224550</id>
    <updated>2022-11-04T18:30:08Z</updated>
    <author>
      <name>Jeff Burt</name>
      <uri>https://search.theregister.com/?author=Jeff%20Burt</uri>
    </author>
    <link rel="alternate" type="text/html" href="https://go.theregister.com/feed/www.theregister.com/2022/11/04/crimson_kingsnake_bec_scam/"/>
    <title type="html">Double-check demand payment emails from law firms: Convincing fakes surface</title>
    <summary type="html" xml:base="https://www.theregister.com/">&lt;h4&gt;Crimson Kingsnake impersonates legit attorneys, fakes email threads from your colleagues in far-reaching BEC campaign&lt;/h4&gt; &lt;p&gt;A new threat group called Crimson Kingsnake is impersonating real law companies and debt recovery services to intimidate businessess into paying bogus overdue invoices.…&lt;/p&gt; &lt;p&gt;&lt;!--#include virtual='/data_centre/_whitepaper_textlinks_top.html' --&gt;&lt;/p&gt;</summary>
  </entry>
  <entry>
    <id>tag:theregister.com,2005:story224547</id>
    <updated>2022-11-04T17:30:08Z</updated>
    <author>
      <name>Liam Proven</name>
      <uri>https://search.theregister.com/?author=Liam%20Proven</uri>
    </author>
    <link rel="alternate" type="text/html" href="https://go.theregister.com/feed/www.theregister.com/2022/11/04/mozilla_ventures/"/>
    <title type="html">Mozilla Foundation launches ethical venture capital fund</title>
    <summary type="html" xml:base="https://www.theregister.com/">&lt;h4&gt;An unexpected move, but we suspect that Carl Sagan might have approved&lt;/h4&gt; &lt;p&gt;Mozilla has announced the successor to the Mozilla Builders incubator: Mozilla Ventures.…&lt;/p&gt;</summary>
  </entry>
  <entry>
    <id>tag:theregister.com,2005:story224549</id>
    <updated>2022-11-04T16:15:25Z</updated>
    <author>
      <name>Brandon Vigliarolo</name>
      <uri>https://search.theregister.com/?author=Brandon%20Vigliarolo</uri>
    </author>
    <link rel="alternate" type="text/html" href="https://go.theregister.com/feed/www.theregister.com/2022/11/04/starliner_launch_delay/"/>
    <title type="html">Boeing's Starliner launch pushed back again... to April 2023</title>
    <summary type="html" xml:base="https://www.theregister.com/">&lt;h4&gt;The official word is 'scheduling conflicts,' but NASA's safety panel has expressed concerns too&lt;/h4&gt; &lt;p&gt;The first crewed launch of Boeing's Starliner has been delayed again, this time being pushed back to April 2023 from an earlier planned launch date of February.…&lt;/p&gt;</summary>
  </entry>
  <entry>
    <id>tag:theregister.com,2005:story224545</id>
    <updated>2022-11-04T15:15:12Z</updated>
    <author>
      <name>Lindsay Clark</name>
      <uri>https://search.theregister.com/?author=Lindsay%20Clark</uri>
    </author>
    <link rel="alternate" type="text/html" href="https://go.theregister.com/feed/www.theregister.com/2022/11/04/uk_governement_set_to_extract/"/>
    <title type="html">UK government set to extract hospital data to Palantir system without patient consent</title>
    <summary type="html" xml:base="https://www.theregister.com/">&lt;h4&gt;'You'll be hearing from us,' say privacy campaigners who previously forced the government to back down&lt;/h4&gt; &lt;p&gt;The UK government is set to extract patient-identifiable data from NHS hospital systems and share this with its data platform based on technology from Palantir, a move that seems set to provoke another legal challenge.…&lt;/p&gt;</summary>
  </entry>
  <entry>
    <id>tag:theregister.com,2005:story224548</id>
    <updated>2022-11-04T14:15:35Z</updated>
    <author>
      <name>Dan Robinson</name>
      <uri>https://search.theregister.com/?author=Dan%20Robinson</uri>
    </author>
    <link rel="alternate" type="text/html" href="https://go.theregister.com/feed/www.theregister.com/2022/11/04/us_chip_industry_china_ban/"/>
    <title type="html">US chip industry worried it may lose out to rivals over China ban</title>
    <summary type="html" xml:base="https://www.theregister.com/">&lt;h4&gt;Just hang on while we convince the rest of the world, Commerce Sec tells makers&lt;/h4&gt; &lt;p&gt;US companies that build chipmaking equipment have been told to tough it out as they face a ban on selling to customers in China, while their rivals elsewhere in the world currently have no such restrictions.…&lt;/p&gt; &lt;p&gt;&lt;!--#include virtual='/data_centre/_whitepaper_textlinks_top.html' --&gt;&lt;/p&gt;</summary>
  </entry>
  <entry>
    <id>tag:theregister.com,2005:story224541</id>
    <updated>2022-11-04T13:30:42Z</updated>
    <author>
      <name>Jude Karabus</name>
      <uri>https://search.theregister.com/?author=Jude%20Karabus</uri>
    </author>
    <link rel="alternate" type="text/html" href="https://go.theregister.com/feed/www.theregister.com/2022/11/04/google_nlrb_complaint/"/>
    <title type="html">Google cut contractors off from online 'Share My Salary' spreadsheet, union claims</title>
    <summary type="html" xml:base="https://www.theregister.com/">&lt;h4&gt;Alphabet Workers Union says it's an illegal block of workers' right to discuss pay&lt;/h4&gt; &lt;p&gt;The Alphabet Workers Union (AWU) claims the company blocked access to a shared spreadsheet in which it reckons "hundreds" of subcontracted workers had shared their salary details and "up to 50,000" of those staffers are now prevented from looking them up.…&lt;/p&gt;</summary>
  </entry>
  <entry>
    <id>tag:theregister.com,2005:story224543</id>
    <updated>2022-11-04T12:50:15Z</updated>
    <author>
      <name>Dan Robinson</name>
      <uri>https://search.theregister.com/?author=Dan%20Robinson</uri>
    </author>
    <link rel="alternate" type="text/html" href="https://go.theregister.com/feed/www.theregister.com/2022/11/04/dell_australia_consumer_court/"/>
    <title type="html">Dell hit with Oz court case for misleading prices on monitors</title>
    <summary type="html" xml:base="https://www.theregister.com/">&lt;h4&gt;Watchdog claims add-ons to computer purchases appeared to be discounted but did not reflect the standalone RRP&lt;/h4&gt; &lt;p&gt;Dell's Australian business is in trouble with the country's consumer watchdog for allegedly misleading buyers about the price of displays purchased as an add-on with its computers.…&lt;/p&gt;</summary>
  </entry>
  <entry>
    <id>tag:theregister.com,2005:story224544</id>
    <updated>2022-11-04T12:20:09Z</updated>
    <author>
      <name>Paul Kunert</name>
      <uri>https://search.theregister.com/?author=Paul%20Kunert</uri>
    </author>
    <link rel="alternate" type="text/html" href="https://go.theregister.com/feed/www.theregister.com/2022/11/04/bt_pay_talks_reopened_says_cwu/"/>
    <title type="html">BT re-enters pay talks to prevent further strikes, says union</title>
    <summary type="html" xml:base="https://www.theregister.com/">&lt;h4&gt;What forced the change in attitude? The impact on 40,000 broadband connections possibly&lt;/h4&gt; &lt;p&gt;The Communication Workers Unions (CWU) claims BT Group has agreed to re-enter negotiations to find a solution to the protracted pay dispute that has caused thousands of engineers and call center operators to strike.…&lt;/p&gt;</summary>
  </entry>
  <entry>
    <id>tag:theregister.com,2005:story224542</id>
    <updated>2022-11-04T11:03:13Z</updated>
    <author>
      <name>Richard Currie</name>
      <uri>https://search.theregister.com/?author=Richard%20Currie</uri>
    </author>
    <link rel="alternate" type="text/html" href="https://go.theregister.com/feed/www.theregister.com/2022/11/04/nft_vending_machine/"/>
    <title type="html">NFT vending machine appears in London</title>
    <summary type="html" xml:base="https://www.theregister.com/">&lt;h4&gt;Don't everyone rush at once&lt;/h4&gt; &lt;p&gt;NFTs are dead. And stupid. Don't just take our word for it – Bill Gates, widely considered a pretty smart guy, described them as "100 percent based on greater fool theory" and analyst Forrester recently said "most consumers aren't interested in NFT stunts."…&lt;/p&gt; &lt;p&gt;&lt;!--#include virtual='/data_centre/_whitepaper_textlinks_top.html' --&gt;&lt;/p&gt;</summary>
  </entry>
  <entry>
    <id>tag:theregister.com,2005:story224531</id>
    <updated>2022-11-04T09:34:13Z</updated>
    <author>
      <name>Jeff Burt</name>
      <uri>https://search.theregister.com/?author=Jeff%20Burt</uri>
    </author>
    <link rel="alternate" type="text/html" href="https://go.theregister.com/feed/www.theregister.com/2022/11/04/microsoft_ukraine_tech_support/"/>
    <title type="html">Microsoft gives away '$400m in cloud support' to Ukraine</title>
    <summary type="html" xml:base="https://www.theregister.com/">&lt;h4&gt;Freedom isn't free&lt;/h4&gt; &lt;p&gt;The Ukraine government will continue to be able to run its digital infrastructure through the Microsoft Cloud for free in 2023, the tech giant confirmed today.…&lt;/p&gt;</summary>
  </entry>
  <entry>
    <id>tag:theregister.com,2005:story224518</id>
    <updated>2022-11-04T08:30:14Z</updated>
    <author>
      <name>Richard Currie</name>
      <uri>https://search.theregister.com/?author=Richard%20Currie</uri>
    </author>
    <link rel="alternate" type="text/html" href="https://go.theregister.com/feed/www.theregister.com/2022/11/04/norths_align_britain/"/>
    <title type="html">All of the norths are about to align over Britain</title>
    <summary type="html" xml:base="https://www.theregister.com/">&lt;h4&gt;Magnetic north is on a walkabout, and your OCD will benefit&lt;/h4&gt; &lt;p&gt;UK map lords at the Ordnance Survey have some big news for people with obsessive compulsive personality disorder or otherwise like everything to be neatly lined up.…&lt;/p&gt;</summary>
  </entry>
  <entry>
    <id>tag:theregister.com,2005:story224538</id>
    <updated>2022-11-04T07:32:08Z</updated>
    <author>
      <name>Simon Sharwood</name>
      <uri>https://search.theregister.com/?author=Simon%20Sharwood</uri>
    </author>
    <link rel="alternate" type="text/html" href="https://go.theregister.com/feed/www.theregister.com/2022/11/04/on_call/"/>
    <title type="html">Hot, sweaty builders hosed a server – literally – leaving support with an all-night RAID repair job</title>
    <summary type="html" xml:base="https://www.theregister.com/">&lt;h4&gt;Extension cords are good for power. Extension tubes? Not so good for air&lt;/h4&gt; &lt;p&gt;&lt;strong&gt;On Call&lt;/strong&gt;  As two precious days of free time loom, &lt;i&gt;The Register&lt;/i&gt; offers a two-minute taste of the energy-draining drama that makes weekends so important in another instalment of On-Call, our weekly reader-contributed tale of the messes IT people are asked to address.…&lt;/p&gt;</summary>
  </entry>
  <entry>
    <id>tag:theregister.com,2005:story224540</id>
    <updated>2022-11-04T06:58:13Z</updated>
    <author>
      <name>Simon Sharwood</name>
      <uri>https://search.theregister.com/?author=Simon%20Sharwood</uri>
    </author>
    <link rel="alternate" type="text/html" href="https://go.theregister.com/feed/www.theregister.com/2022/11/04/atlassian_q1_23/"/>
    <title type="html">You fire 'em, we'll hire 'em: Atlassian sees tech layoffs as HR heaven</title>
    <summary type="html" xml:base="https://www.theregister.com/">&lt;h4&gt;But investors aren't impressed by losses and unpleasant outlook&lt;/h4&gt; &lt;p&gt;Atlassian sees the current round of layoffs and hiring freezes across the tech industry as an opportunity on which it hopes to capitalise – even as its own share price slumps.…&lt;/p&gt;</summary>
  </entry>
  <entry>
    <id>tag:theregister.com,2005:story224529</id>
    <updated>2022-11-04T06:22:06Z</updated>
    <author>
      <name>Jessica Lyons Hardcastle</name>
      <uri>https://search.theregister.com/?author=Jessica%20Lyons%20Hardcastle</uri>
    </author>
    <link rel="alternate" type="text/html" href="https://go.theregister.com/feed/www.theregister.com/2022/11/04/french_opera1er_group_ib/"/>
    <title type="html">French-speaking voleurs stole $30m in 15-country bank, telecoms cyber-heist spree</title>
    <summary type="html" xml:base="https://www.theregister.com/">&lt;h4&gt;Smooth 'OPERA1ER' hit orgs around the world over four or more years&lt;/h4&gt; &lt;p&gt;A French-speaking criminal group codenamed OPERA1ER has pulled off more than 30 cyber-heists against telecom organizations and banks across Africa, Asia, and Latin America, stealing upwards of $30 million over four years, according to security researchers.…&lt;/p&gt; &lt;p&gt;&lt;!--#include virtual='/data_centre/_whitepaper_textlinks_top.html' --&gt;&lt;/p&gt;</summary>
  </entry>
  <entry>
    <id>tag:theregister.com,2005:story224539</id>
    <updated>2022-11-04T05:59:11Z</updated>
    <author>
      <name>Laura Dobberstein</name>
      <uri>https://search.theregister.com/?author=Laura%20Dobberstein</uri>
    </author>
    <link rel="alternate" type="text/html" href="https://go.theregister.com/feed/www.theregister.com/2022/11/04/xiaomi_concept_phone_with_mounted/"/>
    <title type="html">Xiaomi reveals bonkers phone with bolted-on Leica lens that will make you look like a dork</title>
    <summary type="html" xml:base="https://www.theregister.com/">&lt;h4&gt;A weighty lens, placed off-centre on a lightweight smartphone – what could possibly go wrong?&lt;/h4&gt; &lt;p&gt;Chinese smartphone darling has shown off a phone with a full camera lens bolted to its back – which looks very dorky, but thankfully is only a concept device.…&lt;/p&gt;</summary>
  </entry>
  <entry>
    <id>tag:theregister.com,2005:story224537</id>
    <updated>2022-11-04T04:58:05Z</updated>
    <author>
      <name>Simon Sharwood</name>
      <uri>https://search.theregister.com/?author=Simon%20Sharwood</uri>
    </author>
    <link rel="alternate" type="text/html" href="https://go.theregister.com/feed/www.theregister.com/2022/11/04/lenovo_isg_profitable_four_quarters/"/>
    <title type="html">After years of losses, Lenovo's infrastructure group posts 12 months of profits</title>
    <summary type="html" xml:base="https://www.theregister.com/">&lt;h4&gt;Execs say enterprise hardware biz is flying – don't mention the sub-one-percent profit&lt;/h4&gt; &lt;p&gt;In February 2022 Lenovo &lt;a target="_blank" href="https://www.theregister.com/2022/02/23/lenovo_q3_2022/"&gt;shared&lt;/a&gt; a slightly special number: $17 million. That's the first profit made by its Infrastructure Solutions Group (ISG) since its predecessor was formed by the &lt;a target="_blank" href="https://www.theregister.com/2014/09/29/lenovo_ibm_server_deal_to_close_october/"&gt;2014 acquisition of IBM's x86 server business&lt;/a&gt;.…&lt;/p&gt;</summary>
  </entry>
  <entry>
    <id>tag:theregister.com,2005:story224536</id>
    <updated>2022-11-04T03:44:59Z</updated>
    <author>
      <name>Simon Sharwood</name>
      <uri>https://search.theregister.com/?author=Simon%20Sharwood</uri>
    </author>
    <link rel="alternate" type="text/html" href="https://go.theregister.com/feed/www.theregister.com/2022/11/04/twitter_layoffs_email/"/>
    <title type="html">Elon Musk reportedly outlines horrible Twitter layoff process</title>
    <summary type="html" xml:base="https://www.theregister.com/">&lt;h4&gt;Email to your personal account is bad news, email to your work account means you still work at Twitter&lt;/h4&gt; &lt;p&gt;Twitter owner, sole director and – according to his Twitter profile, now also "Twitter Complaint Hotline Operator" – has reportedly informed company staff that layoffs begin tomorrow.…&lt;/p&gt;</summary>
  </entry>
  <entry>
    <id>tag:theregister.com,2005:story224535</id>
    <updated>2022-11-04T02:59:06Z</updated>
    <author>
      <name>Simon Sharwood</name>
      <uri>https://search.theregister.com/?author=Simon%20Sharwood</uri>
    </author>
    <link rel="alternate" type="text/html" href="https://go.theregister.com/feed/www.theregister.com/2022/11/04/alibaba_cloud_20_percent_arm/"/>
    <title type="html">Alibaba Cloud plans for a fifth of its servers to use homebrew Arm CPUs by 2025</title>
    <summary type="html" xml:base="https://www.theregister.com/">&lt;h4&gt;Sanctions? What sanctions? Just look at the low, low, power consumption figures&lt;/h4&gt; &lt;p&gt;Alibaba Cloud has revealed that it plans to power 20 percent of its operations with its own homebrew CPUs by 2025.…&lt;/p&gt;</summary>
  </entry>
  <entry>
    <id>tag:theregister.com,2005:story224522</id>
    <updated>2022-11-04T01:01:13Z</updated>
    <author>
      <name>Laura Dobberstein</name>
      <uri>https://search.theregister.com/?author=Laura%20Dobberstein</uri>
    </author>
    <link rel="alternate" type="text/html" href="https://go.theregister.com/feed/www.theregister.com/2022/11/04/mas_stablecoin_cbdc/"/>
    <title type="html">Singapore's fintech boss says stablecoins might win before CBDCs even get started</title>
    <summary type="html" xml:base="https://www.theregister.com/">&lt;h4&gt;Monetary authority presses ahead with Ubin+ cross-border CBDC trial anyway&lt;/h4&gt; &lt;p&gt;While central bank digital currencies (CBDCs) are often advanced as a way to improve the world's creaking cross-border payments infrastructure, some financial experts believe the government-issued tokens may be usurped by stablecoins and other products.…&lt;/p&gt; &lt;p&gt;&lt;!--#include virtual='/data_centre/_whitepaper_textlinks_top.html' --&gt;&lt;/p&gt;</summary>
  </entry>
  <entry>
    <id>tag:theregister.com,2005:story224530</id>
    <updated>2022-11-03T23:58:12Z</updated>
    <author>
      <name>Katyanna Quach</name>
      <uri>https://search.theregister.com/?author=Katyanna%20Quach</uri>
    </author>
    <link rel="alternate" type="text/html" href="https://go.theregister.com/feed/www.theregister.com/2022/11/03/nasa_artemis_launch/"/>
    <title type="html">NASA wheels SLS rocket out to the launchpad for another attempt to get off the ground</title>
    <summary type="html" xml:base="https://www.theregister.com/">&lt;h4&gt;After two previous failures, will third time be the charm?&lt;/h4&gt; &lt;p&gt;NASA will roll its Space Launch System back out to the launchpad at the Kennedy Space Center on Friday to prepare for a third attempt to put its most powerful rocket yet into the sky on November 14.…&lt;/p&gt;</summary>
  </entry>
  <entry>
    <id>tag:theregister.com,2005:story224533</id>
    <updated>2022-11-03T21:55:56Z</updated>
    <author>
      <name>Dylan Martin</name>
      <uri>https://search.theregister.com/?author=Dylan%20Martin</uri>
    </author>
    <link rel="alternate" type="text/html" href="https://go.theregister.com/feed/www.theregister.com/2022/11/03/amd_radeon_rx_7900_launched/"/>
    <title type="html">AMD’s latest, greatest Radeon graphics card $600 cheaper than Nvidia’s top RTX 4090</title>
    <summary type="html" xml:base="https://www.theregister.com/">&lt;h4&gt;Chiplet-based RNDA 3 GPU fans have been waiting for&lt;/h4&gt; &lt;p&gt;AMD has come out swinging at Nvidia with new flagship Radeon graphics cards that are cheaper than its rival's fresh GeForce RTX products.…&lt;/p&gt;</summary>
  </entry>
  <entry>
    <id>tag:theregister.com,2005:story224524</id>
    <updated>2022-11-03T20:45:15Z</updated>
    <author>
      <name>Jeff Burt</name>
      <uri>https://search.theregister.com/?author=Jeff%20Burt</uri>
    </author>
    <link rel="alternate" type="text/html" href="https://go.theregister.com/feed/www.theregister.com/2022/11/03/mfa_fatigue_enterprise_threat/"/>
    <title type="html">Multi-factor auth fatigue is real – and it's why you may be in the headlines next</title>
    <summary type="html" xml:base="https://www.theregister.com/">&lt;h4&gt;Overwhelmed by waves of push notifications, worn-down users inadvertently let the bad guys in&lt;/h4&gt; &lt;p&gt;&lt;strong&gt;Analysis&lt;/strong&gt;  The September cyberattack on ride-hailing service Uber began when a criminal bought the stolen credentials of a company contractor on the dark web.…&lt;/p&gt;</summary>
  </entry>
  <entry>
    <id>tag:theregister.com,2005:story224528</id>
    <updated>2022-11-03T19:46:07Z</updated>
    <author>
      <name>Brandon Vigliarolo</name>
      <uri>https://search.theregister.com/?author=Brandon%20Vigliarolo</uri>
    </author>
    <link rel="alternate" type="text/html" href="https://go.theregister.com/feed/www.theregister.com/2022/11/03/lyft_stripe_twitter_layoffs/"/>
    <title type="html">Latest layoffs: Lyft, Stripe more than decimate staff</title>
    <summary type="html" xml:base="https://www.theregister.com/">&lt;h4&gt;While Elon may just dump half of Twitter and scrap work-from-home&lt;/h4&gt; &lt;p&gt;Citing the likelihood of recession and increases in rideshare insurance costs, Lyft is laying off 13 percent of its workforce, with no team left unaffected.…&lt;/p&gt;</summary>
  </entry>
  <entry>
    <id>tag:theregister.com,2005:story224527</id>
    <updated>2022-11-03T19:15:13Z</updated>
    <author>
      <name>Liam Proven</name>
      <uri>https://search.theregister.com/?author=Liam%20Proven</uri>
    </author>
    <link rel="alternate" type="text/html" href="https://go.theregister.com/feed/www.theregister.com/2022/11/03/nitrux_25/"/>
    <title type="html">Nitrux 2.5: The latest update to a radical Linux</title>
    <summary type="html" xml:base="https://www.theregister.com/">&lt;h4&gt;Also one of the first distros we've seen with Kernel 6.0&lt;/h4&gt; &lt;p&gt;Nitrux OS is one of the most stylish and innovative distros we've seen so far: systemd-free, based on AppImages, and with a very unusual desktop.…&lt;/p&gt; &lt;p&gt;&lt;!--#include virtual='/data_centre/_whitepaper_textlinks_top.html' --&gt;&lt;/p&gt;</summary>
  </entry>
  <entry>
    <id>tag:theregister.com,2005:story224526</id>
    <updated>2022-11-03T18:45:10Z</updated>
    <author>
      <name>Tobias Mann</name>
      <uri>https://search.theregister.com/?author=Tobias%20Mann</uri>
    </author>
    <link rel="alternate" type="text/html" href="https://go.theregister.com/feed/www.theregister.com/2022/11/03/aws_freeze_hiring/"/>
    <title type="html">Amazon freezes corporate hiring amid worsening economic outlook</title>
    <summary type="html" xml:base="https://www.theregister.com/">&lt;h4&gt;The decision comes as the e-commerce giant stuggles with soaring energy prices and cash-strapped customers&lt;/h4&gt; &lt;p&gt;Amazon is freezing hiring of new corporate positions across the company for the rest of 2022 amid worsening economic conditions.…&lt;/p&gt;</summary>
  </entry>
  <entry>
    <id>tag:theregister.com,2005:story224525</id>
    <updated>2022-11-03T18:00:08Z</updated>
    <author>
      <name>Paul Kunert</name>
      <uri>https://search.theregister.com/?author=Paul%20Kunert</uri>
    </author>
    <link rel="alternate" type="text/html" href="https://go.theregister.com/feed/www.theregister.com/2022/11/03/kyndryl_q2_fiscal_2023/"/>
    <title type="html">Kyndryl loses $281m in the quarter as modernization agenda continues</title>
    <summary type="html" xml:base="https://www.theregister.com/">&lt;h4&gt;How to turn a classic infrastructure biz into something fit for the cloud era&lt;/h4&gt; &lt;p&gt;Shapeshifting infrastructure services biz Kyndryl can't plug its revenue leak but cutting costs did cut losses in half.…&lt;/p&gt;</summary>
  </entry>
  <entry>
    <id>tag:theregister.com,2005:story224520</id>
    <updated>2022-11-03T17:30:13Z</updated>
    <author>
      <name>Brandon Vigliarolo</name>
      <uri>https://search.theregister.com/?author=Brandon%20Vigliarolo</uri>
    </author>
    <link rel="alternate" type="text/html" href="https://go.theregister.com/feed/www.theregister.com/2022/11/03/tumblr_says_nudes_are_back/"/>
    <title type="html">Tumblr says nudes are back on the menu – within reason</title>
    <summary type="html" xml:base="https://www.theregister.com/">&lt;h4&gt;But old 'go nuts, show nuts' attitude is dead for good&lt;/h4&gt; &lt;p&gt;Tumblr has reversed course on its 2018 nudity ban, welcoming some – but not all – adult content creators back to the platform after a four-year hiatus.…&lt;/p&gt;</summary>
  </entry>
  <entry>
    <id>tag:theregister.com,2005:story224523</id>
    <updated>2022-11-03T16:45:13Z</updated>
    <author>
      <name>Brandon Vigliarolo</name>
      <uri>https://search.theregister.com/?author=Brandon%20Vigliarolo</uri>
    </author>
    <link rel="alternate" type="text/html" href="https://go.theregister.com/feed/www.theregister.com/2022/11/03/ransomware_summit_cryptocurrency/"/>
    <title type="html">International summit agrees crack down on crypto to combat ransomware</title>
    <summary type="html" xml:base="https://www.theregister.com/">&lt;h4&gt;Commitments include international wallet info sharing, KYC requirements, and an AML crackdown&lt;/h4&gt; &lt;p&gt;The White House's second International Counter Ransomware Initiative summit has concluded, and this year the 36-nation group has made clear it intends to crack down on how cryptocurrencies are used to finance ransomware operations.…&lt;/p&gt;</summary>
  </entry>
  <entry>
    <id>tag:theregister.com,2005:story224521</id>
    <updated>2022-11-03T15:50:10Z</updated>
    <author>
      <name>Dan Robinson</name>
      <uri>https://search.theregister.com/?author=Dan%20Robinson</uri>
    </author>
    <link rel="alternate" type="text/html" href="https://go.theregister.com/feed/www.theregister.com/2022/11/03/fcc_afc_providers_wifi/"/>
    <title type="html">FCC taps 13 providers to manage 6GHz band access for new Wi-Fi standards</title>
    <summary type="html" xml:base="https://www.theregister.com/">&lt;h4&gt;Public will be able to test each system as part of development process&lt;/h4&gt; &lt;p&gt;The US Federal Communications Commission (FCC) has conditionally approved 13 proposed automated frequency coordination (AFC) systems to manage spectrum access for unlicensed devices in the 6GHz band.…&lt;/p&gt; &lt;p&gt;&lt;!--#include virtual='/data_centre/_whitepaper_textlinks_top.html' --&gt;&lt;/p&gt;</summary>
  </entry>
  <entry>
    <id>tag:theregister.com,2005:story224519</id>
    <updated>2022-11-03T15:15:06Z</updated>
    <author>
      <name>Lindsay Clark</name>
      <uri>https://search.theregister.com/?author=Lindsay%20Clark</uri>
    </author>
    <link rel="alternate" type="text/html" href="https://go.theregister.com/feed/www.theregister.com/2022/11/03/redis_resp_app/"/>
    <title type="html">Redis swallows RESP.app biz that made its database easier on developers</title>
    <summary type="html" xml:base="https://www.theregister.com/">&lt;h4&gt;Acquisition of Ukrainian startup to help broaden appeal beyond popular cache&lt;/h4&gt; &lt;p&gt;Database provider Redis has acquired RESP.app, a popular developer tool used to ease developer experience on the popular key-value database.…&lt;/p&gt;</summary>
  </entry>
  <entry>
    <id>tag:theregister.com,2005:story224517</id>
    <updated>2022-11-03T13:35:04Z</updated>
    <author>
      <name>Dan Robinson</name>
      <uri>https://search.theregister.com/?author=Dan%20Robinson</uri>
    </author>
    <link rel="alternate" type="text/html" href="https://go.theregister.com/feed/www.theregister.com/2022/11/03/lenovo_q2_2023/"/>
    <title type="html">Lenovo revenues drop due to falling demand for PCs</title>
    <summary type="html" xml:base="https://www.theregister.com/">&lt;h4&gt;But overall profits are up thanks to cost cutting and success in other divisions&lt;/h4&gt; &lt;p&gt;Lenovo revenues declined for the first time in 10 quarters due to a steep fall in demand for PCs and tablets. Still, profits rose due to cost-cutting measures and growth in other areas such as its services division.…&lt;/p&gt;</summary>
  </entry>
  <entry>
    <id>tag:theregister.com,2005:story224516</id>
    <updated>2022-11-03T12:42:40Z</updated>
    <author>
      <name>Paul Kunert</name>
      <uri>https://search.theregister.com/?author=Paul%20Kunert</uri>
    </author>
    <link rel="alternate" type="text/html" href="https://go.theregister.com/feed/www.theregister.com/2022/11/03/bt_cost_cutting/"/>
    <title type="html">BT CEO ups cost-cutting plan amid rising inflation and soaring energy costs</title>
    <summary type="html" xml:base="https://www.theregister.com/">&lt;h4&gt;National telecom giant admits strike action is impacting customer broadband connections&lt;/h4&gt; &lt;p&gt;BT Group is looking to wrench out higher savings amid rising inflation in the relentless pursuit of improved profits.…&lt;/p&gt;</summary>
  </entry>
  <entry>
    <id>tag:theregister.com,2005:story224501</id>
    <updated>2022-11-03T11:35:07Z</updated>
    <author>
      <name>Liam Proven</name>
      <uri>https://search.theregister.com/?author=Liam%20Proven</uri>
    </author>
    <link rel="alternate" type="text/html" href="https://go.theregister.com/feed/www.theregister.com/2022/11/03/version_252_systemd/"/>
    <title type="html">Version 252 of systemd, as expected, locks down the Linux boot process</title>
    <summary type="html" xml:base="https://www.theregister.com/">&lt;h4&gt;The init system that everybody loves to hate&lt;/h4&gt; &lt;p&gt;The fall version of systemd is here, with support for increased boot security, including tightened full-disk encryption.…&lt;/p&gt;</summary>
  </entry>
  <entry>
    <id>tag:theregister.com,2005:story224515</id>
    <updated>2022-11-03T10:37:12Z</updated>
    <author>
      <name>Lindsay Clark</name>
      <uri>https://search.theregister.com/?author=Lindsay%20Clark</uri>
    </author>
    <link rel="alternate" type="text/html" href="https://go.theregister.com/feed/www.theregister.com/2022/11/03/oracle_erp_edinburgh_university/"/>
    <title type="html">University of Edinburgh staff paid late due to Oracle ERP troubles</title>
    <summary type="html" xml:base="https://www.theregister.com/">&lt;h4&gt;Project beginning in 2019 has left employees and suppliers waiting on payments&lt;/h4&gt; &lt;p&gt;Scotland's University of Edinburgh has paid staff and suppliers late owing to the troubled implementation of a new Oracle-based HR and finance system.…&lt;/p&gt; &lt;p&gt;&lt;!--#include virtual='/data_centre/_whitepaper_textlinks_top.html' --&gt;&lt;/p&gt;</summary>
  </entry>
  <entry>
    <id>t
339e
ag:theregister.com,2005:story224489</id>
    <updated>2022-11-03T09:30:06Z</updated>
    <author>
      <name>Dan Robinson</name>
      <uri>https://search.theregister.com/?author=Dan%20Robinson</uri>
    </author>
    <link rel="alternate" type="text/html" href="https://go.theregister.com/feed/www.theregister.com/2022/11/03/aviatrix_cloudiq/"/>
    <title type="html">Aviatrix releases tool to help enterprises prevent cloud network costs spiraling</title>
    <summary type="html" xml:base="https://www.theregister.com/">&lt;h4&gt;Just as providers prepare to crank up their fees&lt;/h4&gt; &lt;p&gt;Cloud networking outfit Aviatrix has extended its platform with a new capability that monitors network usage to help enterprises more accurately track costs and enable chargeback to individual departments.…&lt;/p&gt;</summary>
  </entry>
  <entry>
    <id>tag:theregister.com,2005:story224508</id>
    <updated>2022-11-03T08:29:13Z</updated>
    <author>
      <name>Jessica Lyons Hardcastle</name>
      <uri>https://search.theregister.com/?author=Jessica%20Lyons%20Hardcastle</uri>
    </author>
    <link rel="alternate" type="text/html" href="https://go.theregister.com/feed/www.theregister.com/2022/11/03/royal_mail_customer_data_leak/"/>
    <title type="html">Royal Mail customer data leak shutters online Click and Drop</title>
    <summary type="html" xml:base="https://www.theregister.com/">&lt;h4&gt;Customers complain of exposed order info, multiple charges — but still no postage&lt;/h4&gt; &lt;p&gt;A technical SNAFU shut down the UK's Royal Mail Click and Drop website on Tuesday after a security "issue" allowed some customers to see others' order information. …&lt;/p&gt;</summary>
  </entry>
  <entry>
    <id>tag:theregister.com,2005:story224506</id>
    <updated>2022-11-03T07:32:09Z</updated>
    <author>
      <name>Katyanna Quach</name>
      <uri>https://search.theregister.com/?author=Katyanna%20Quach</uri>
    </author>
    <link rel="alternate" type="text/html" href="https://go.theregister.com/feed/www.theregister.com/2022/11/03/nasas_capstone_moon_orbit/"/>
    <title type="html">NASA's CAPSTONE satellite is out of safe mode and on track for Moon orbit this month</title>
    <summary type="html" xml:base="https://www.theregister.com/">&lt;h4&gt;Artemis orbit tester back in the pipe, five by five&lt;/h4&gt; &lt;p&gt;NASA has corrected the trajectory of the CAPSTONE cubesat, which is now set to reach lunar orbit on November 13.…&lt;/p&gt;</summary>
  </entry>
  <entry>
    <id>tag:theregister.com,2005:story224514</id>
    <updated>2022-11-03T06:57:10Z</updated>
    <author>
      <name>Laura Dobberstein</name>
      <uri>https://search.theregister.com/?author=Laura%20Dobberstein</uri>
    </author>
    <link rel="alternate" type="text/html" href="https://go.theregister.com/feed/www.theregister.com/2022/11/03/vitalik_buterin_elom_musk_twitter/"/>
    <title type="html">Ethereum co-founder Vitalik Buterin: If Musk's Twitter flops, it's not such a bad thing</title>
    <summary type="html" xml:base="https://www.theregister.com/">&lt;h4&gt;Predicts replacement, without Elon's problems, is waiting to fly&lt;/h4&gt; &lt;p&gt;Ethereum co-founder Vitalik Buterin told an audience at Singapore's FinTech Festival on Thursday he believes a social media platform to replace Twitter – one that avoids many of the bird-brand's existing problems – is already on the way somewhere.…&lt;/p&gt;</summary>
  </entry>
  <entry>
    <id>tag:theregister.com,2005:story224513</id>
    <updated>2022-11-03T06:15:07Z</updated>
    <author>
      <name>Simon Sharwood</name>
      <uri>https://search.theregister.com/?author=Simon%20Sharwood</uri>
    </author>
    <link rel="alternate" type="text/html" href="https://go.theregister.com/feed/www.theregister.com/2022/11/03/qualcomm_q4_2022/"/>
    <title type="html">Qualcomm predicts 2024 is the year Windows on Arm goes large</title>
    <summary type="html" xml:base="https://www.theregister.com/">&lt;h4&gt;For now, have a hiring freeze to preserve fat profits&lt;/h4&gt; &lt;p&gt;Qualcomm CEO and president Cristiano Amon has tipped 2024 as the year in which PCs using his company’s Snapdragon silicon make a mark.…&lt;/p&gt; &lt;p&gt;&lt;!--#include virtual='/data_centre/_whitepaper_textlinks_top.html' --&gt;&lt;/p&gt;</summary>
  </entry>
  <entry>
    <id>tag:theregister.com,2005:story224512</id>
    <updated>2022-11-03T04:31:12Z</updated>
    <author>
      <name>Simon Sharwood</name>
      <uri>https://search.theregister.com/?author=Simon%20Sharwood</uri>
    </author>
    <link rel="alternate" type="text/html" href="https://go.theregister.com/feed/www.theregister.com/2022/11/03/alibaba_cloud_utility_wuying_laptop/"/>
    <title type="html">Alibaba Cloud goes even more serverless as it tries to become a utility</title>
    <summary type="html" xml:base="https://www.theregister.com/">&lt;h4&gt;Laptop-shaped thin client tied to DaaS also illustrates the concept, and its downsides&lt;/h4&gt; &lt;p&gt;Alibaba Cloud has kicked off its annual Apsara conference by declaring an ambition to become a "computility" – a service that provides an endless stream of computational resource that users can consume as if it were electricity.…&lt;/p&gt;</summary>
  </entry>
  <entry>
    <id>tag:theregister.com,2005:story224511</id>
    <updated>2022-11-03T02:01:12Z</updated>
    <author>
      <name>Simon Sharwood</name>
      <uri>https://search.theregister.com/?author=Simon%20Sharwood</uri>
    </author>
    <link rel="alternate" type="text/html" href="https://go.theregister.com/feed/www.theregister.com/2022/11/03/china_rare_earth_supply_chain/"/>
    <title type="html">China reminds world shock and ore can hurt tech supply chains</title>
    <summary type="html" xml:base="https://www.theregister.com/">&lt;h4&gt;Nice chip and EV factories you're building there. Would be a shame if they couldn't get any rare earths to work with&lt;/h4&gt; &lt;p&gt;China has immense leverage over technology supply chains due to the happy accident that its territories contain most of the rare earths needed to manufacture electronics and batteries, and that it dominates industries that ready them for use.…&lt;/p&gt;</summary>
  </entry>
  <entry>
    <id>tag:theregister.com,2005:story224509</id>
    <updated>2022-11-03T00:54:12Z</updated>
    <author>
      <name>Dylan Martin</name>
      <uri>https://search.theregister.com/?author=Dylan%20Martin</uri>
    </author>
    <link rel="alternate" type="text/html" href="https://go.theregister.com/feed/www.theregister.com/2022/11/03/us_chip_workers_china/"/>
    <title type="html">Some American techies can still work for Chinese chipmakers, turns out</title>
    <summary type="html" xml:base="https://www.theregister.com/">&lt;h4&gt;But if you authorize or handle delivery of factory kit – or service it – you're out&lt;/h4&gt; &lt;p&gt;Remember that warning that the USA's new restrictions on semiconductor technology transfer to China would prevent any American from working in the Middle Kingdom's chip-making industry?…&lt;/p&gt;</summary>
  </entry>
  <entry>
    <id>tag:theregister.com,2005:story224510</id>
    <updated>2022-11-02T23:58:46Z</updated>
    <author>
      <name>Katyanna Quach</name>
      <uri>https://search.theregister.com/?author=Katyanna%20Quach</uri>
    </author>
    <link rel="alternate" type="text/html" href="https://go.theregister.com/feed/www.theregister.com/2022/11/02/us_senator_ftc_realpage/"/>
    <title type="html">Watchdog urged to sniff out any collusion, deception in rent-setting algorithms</title>
    <summary type="html" xml:base="https://www.theregister.com/">&lt;h4&gt;Things could get real for RealPage real fast&lt;/h4&gt; &lt;p&gt;A US Senator has urged the FTC to scrutinize algorithms used to calculate the optimum rent for properties over fears the software could potentially allow landlords to illegally collude in cities with a housing shortage.…&lt;/p&gt;</summary>
  </entry>
  <entry>
    <id>tag:theregister.com,2005:story224507</id>
    <updated>2022-11-02T23:02:23Z</updated>
    <author>
      <name>Brandon Vigliarolo</name>
      <uri>https://search.theregister.com/?author=Brandon%20Vigliarolo</uri>
    </author>
    <link rel="alternate" type="text/html" href="https://go.theregister.com/feed/www.theregister.com/2022/11/02/google_solar_power_texas/"/>
    <title type="html">Google taps up Softbank solar plants for Dallas datacenter</title>
    <summary type="html" xml:base="https://www.theregister.com/">&lt;h4&gt;900MW coming web giant's way ... in 2024&lt;/h4&gt; &lt;p&gt;Google has just inked a deal with a Softbank subsidiary to buy 75 percent of the power from four solar power installations the Japanese firm is building in Texas, the largest combined clean energy purchase Google has made in the Lone Star state. …&lt;/p&gt; &lt;p&gt;&lt;!--#include virtual='/data_centre/_whitepaper_textlinks_top.html' --&gt;&lt;/p&gt;</summary>
  </entry>
  <entry>
    <id>tag:theregister.com,2005:story224496</id>
    <updated>2022-11-02T22:00:09Z</updated>
    <author>
      <name>Lindsay Clark</name>
      <uri>https://search.theregister.com/?author=Lindsay%20Clark</uri>
    </author>
    <link rel="alternate" type="text/html" href="https://go.theregister.com/feed/www.theregister.com/2022/11/02/us_partisan_democracy_research/"/>
    <title type="html">Reducing partisan divide alone does not boost support for democracy, study finds</title>
    <summary type="html" xml:base="https://www.theregister.com/">&lt;h4&gt;Ending anti-democratic attitudes not so easy stateside, researchers claim&lt;/h4&gt; &lt;p&gt;Researchers have found that working to reduce emotional partisan attitudes across the US political divide does not reduce anti-democratic tendencies.…&lt;/p&gt;</summary>
  </entry>
  <entry>
    <id>tag:theregister.com,2005:story224504</id>
    <updated>2022-11-02T20:45:13Z</updated>
    <author>
      <name>Jessica Lyons Hardcastle</name>
      <uri>https://search.theregister.com/?author=Jessica%20Lyons%20Hardcastle</uri>
    </author>
    <link rel="alternate" type="text/html" href="https://go.theregister.com/feed/www.theregister.com/2022/11/02/killnet_us_treasury_ddos/"/>
    <title type="html">US Treasury thwarts DDoS attack from Russian Killnet group</title>
    <summary type="html" xml:base="https://www.theregister.com/">&lt;h4&gt;Yet another pathetic 'stunt' from pro-Kremlin criminals&lt;/h4&gt; &lt;p&gt;The US Treasury Department has thwarted a distributed denial of service (DDoS) attack that officials attributed to Russian hacktivist group Killnet.…&lt;/p&gt;</summary>
  </entry>
  <entry>
    <id>tag:theregister.com,2005:story224505</id>
    <updated>2022-11-02T20:10:33Z</updated>
    <author>
      <name>Tobias Mann</name>
      <uri>https://search.theregister.com/?author=Tobias%20Mann</uri>
    </author>
    <link rel="alternate" type="text/html" href="https://go.theregister.com/feed/www.theregister.com/2022/11/02/google_oracles_cloud_arm/"/>
    <title type="html">Google, Oracle’s Ampere VMs get Arm’s SystemReady seal of approval</title>
    <summary type="html" xml:base="https://www.theregister.com/">&lt;h4&gt;So that means everything just works now, right?&lt;/h4&gt; &lt;p&gt;Arm has added two cloud instances from Google and Oracle Cloud, both powered by Ampere’s Altra datacenter processors, into its SystemReady certification program.…&lt;/p&gt;</summary>
  </entry>
  <entry>
    <id>tag:theregister.com,2005:story224492</id>
    <updated>2022-11-02T20:00:07Z</updated>
    <author>
      <name>Richard Currie</name>
      <uri>https://search.theregister.com/?author=Richard%20Currie</uri>
    </author>
    <link rel="alternate" type="text/html" href="https://go.theregister.com/feed/www.theregister.com/2022/11/02/crowds_trapped_disney_shanghai/"/>
    <title type="html">Crowds not allowed to leave Shanghai Disneyland without a negative COVID test</title>
    <summary type="html" xml:base="https://www.theregister.com/">&lt;h4&gt;Let us go, let us gooooooo&lt;/h4&gt; &lt;p&gt;It's a small world (after all) but it got a lot smaller for the heaving masses who were trapped inside Shanghai Disneyland as a result of China's zero-COVID policy.…&lt;/p&gt;</summary>
  </entry>
  <entry>
    <id>tag:theregister.com,2005:story224495</id>
    <updated>2022-11-02T19:15:06Z</updated>
    <author>
      <name>Liam Proven</name>
      <uri>https://search.theregister.com/?author=Liam%20Proven</uri>
    </author>
    <link rel="alternate" type="text/html" href="https://go.theregister.com/feed/www.theregister.com/2022/11/02/plan_9_fork_9front/"/>
    <title type="html">9front releases new version of Plan 9 OS fork: The Golden Age of Ballooning</title>
    <summary type="html" xml:base="https://www.theregister.com/">&lt;h4&gt;Prepare to be confused&lt;/h4&gt; &lt;p&gt;9front is a fork and continuation of Plan 9 from Bell Labs, which is what the minds behind UNIX and the C programming language went on to do next. It is also rather strange.…&lt;/p&gt; &lt;p&gt;&lt;!--#include virtual='/data_centre/_whitepaper_textlinks_top.html' --&gt;&lt;/p&gt;</summary>
  </entry>
</fe

DEBUG counter: 31

B: 11, HF:1
TMP poiner is ==NOT== null

==
ed>

0


==

==XML builded
7dc0
<?xml version="1.0" encoding="UTF-8"?>
<feed xmlns="http://www.w3.org/2005/Atom" xml:lang="en">
  <id>tag:theregister.com,2005:feed/theregister.com/</id>
  <title>The Register</title>
  <link rel="self" type="application/atom+xml" href="https://www.theregister.com/headlines.atom"/>
  <link rel="alternate" type="text/html" href="https://www.theregister.com/"/>
  <rights>Copyright © 2022, Situation Publishing</rights>
  <author>
    <name>Team Register</name>
    <email>webmaster@theregister.co.uk</email>
    <uri>https://www.theregister.com/odds/about/contact/</uri>
  </author>
  <icon>https://www.theregister.com/Design/graphics/icons/favicon.png</icon>
  <subtitle>Biting the hand that feeds IT — Enterprise Technology News and Analysis</subtitle>
  <logo>https://www.theregister.com/Design/graphics/Reg_default/The_Register_r.png</logo>
  <updated>2022-11-04T19:15:11Z</updated>
  <entry>
    <id>tag,:theregister.com,2005:story224552</id>
    <updated>2022-11-04T19:15:11Z</updated>
    <author>
      <name>Brandon Vigliarolo</name>
      <uri>https://search.theregister.com/?author=Brandon%20Vigliarolo</uri>
    </author>
    <link rel="alternate" type="text/html" href="https://go.theregister.com/feed/www.theregister.com/2022/11/04/twitter_warn_act_lawsuit/"/>
    <title type="html">Twitter employees sue over lack of 60-day layoff notice</title>
    <summary type="html" xml:base="https://www.theregister.com/">&lt;h4&gt;Musk-owned companies have now faced 3 WARN Act lawsuits alleging the same thing&lt;/h4&gt; &lt;p&gt;The great Twitter cull of '22 is expected to begin today, but a group of tweeps have preempted the event by filing a class action lawsuit against Twitter for violating the WARN Act.…&lt;/p&gt;</summary>
  </entry>
  <entry>
    <id>tag:theregister.com,2005:story224550</id>
    <updated>2022-11-04T18:30:08Z</updated>
    <author>
      <name>Jeff Burt</name>
      <uri>https://search.theregister.com/?author=Jeff%20Burt</uri>
    </author>
    <link rel="alternate" type="text/html" href="https://go.theregister.com/feed/www.theregister.com/2022/11/04/crimson_kingsnake_bec_scam/"/>
    <title type="html">Double-check demand payment emails from law firms: Convincing fakes surface</title>
    <summary type="html" xml:base="https://www.theregister.com/">&lt;h4&gt;Crimson Kingsnake impersonates legit attorneys, fakes email threads from your colleagues in far-reaching BEC campaign&lt;/h4&gt; &lt;p&gt;A new threat group called Crimson Kingsnake is impersonating real law companies and debt recovery services to intimidate businessess into paying bogus overdue invoices.…&lt;/p&gt; &lt;p&gt;&lt;!--#include virtual='/data_centre/_whitepaper_textlinks_top.html' --&gt;&lt;/p&gt;</summary>
  </entry>
  <entry>
    <id>tag:theregister.com,2005:story224547</id>
    <updated>2022-11-04T17:30:08Z</updated>
    <author>
      <name>Liam Proven</name>
      <uri>https://search.theregister.com/?author=Liam%20Proven</uri>
    </author>
    <link rel="alternate" type="text/html" href="https://go.theregister.com/feed/www.theregister.com/2022/11/04/mozilla_ventures/"/>
    <title type="html">Mozilla Foundation launches ethical venture capital fund</title>
    <summary type="html" xml:base="https://www.theregister.com/">&lt;h4&gt;An unexpected move, but we suspect that Carl Sagan might have approved&lt;/h4&gt; &lt;p&gt;Mozilla has announced the successor to the Mozilla Builders incubator: Mozilla Ventures.…&lt;/p&gt;</summary>
  </entry>
  <entry>
    <id>tag:theregister.com,2005:story224549</id>
    <updated>2022-11-04T16:15:25Z</updated>
    <author>
      <name>Brandon Vigliarolo</name>
      <uri>https://search.theregister.com/?author=Brandon%20Vigliarolo</uri>
    </author>
    <link rel="alternate" type="text/html" href="https://go.theregister.com/feed/www.theregister.com/2022/11/04/starliner_launch_delay/"/>
    <title type="html">Boeing's Starliner launch pushed back again... to April 2023</title>
    <summary type="html" xml:base="https://www.theregister.com/">&lt;h4&gt;The official word is 'scheduling conflicts,' but NASA's safety panel has expressed concerns too&lt;/h4&gt; &lt;p&gt;The first crewed launch of Boeing's Starliner has been delayed again, this time being pushed back to April 2023 from an earlier planned launch date of February.…&lt;/p&gt;</summary>
  </entry>
  <entry>
    <id>tag:theregister.com,2005:story224545</id>
    <updated>2022-11-04T15:15:12Z</updated>
    <author>
      <name>Lindsay Clark</name>
      <uri>https://search.theregister.com/?author=Lindsay%20Clark</uri>
    </author>
    <link rel="alternate" type="text/html" href="https://go.theregister.com/feed/www.theregister.com/2022/11/04/uk_governement_set_to_extract/"/>
    <title type="html">UK government set to extract hospital data to Palantir system without patient consent</title>
    <summary type="html" xml:base="https://www.theregister.com/">&lt;h4&gt;'You'll be hearing from us,' say privacy campaigners who previously forced the government to back down&lt;/h4&gt; &lt;p&gt;The UK government is set to extract patient-identifiable data from NHS hospital systems and share this with its data platform based on technology from Palantir, a move that seems set to provoke another legal challenge.…&lt;/p&gt;</summary>
  </entry>
  <entry>
    <id>tag:theregister.com,2005:story224548</id>
    <updated>2022-11-04T14:15:35Z</updated>
    <author>
      <name>Dan Robinson</name>
      <uri>https://search.theregister.com/?author=Dan%20Robinson</uri>
    </author>
    <link rel="alternate" type="text/html" href="https://go.theregister.com/feed/www.theregister.com/2022/11/04/us_chip_industry_china_ban/"/>
    <title type="html">US chip industry worried it may lose out to rivals over China ban</title>
    <summary type="html" xml:base="https://www.theregister.com/">&lt;h4&gt;Just hang on while we convince the rest of the world, Commerce Sec tells makers&lt;/h4&gt; &lt;p&gt;US companies that build chipmaking equipment have been told to tough it out as they face a ban on selling to customers in China, while their rivals elsewhere in the world currently have no such restrictions.…&lt;/p&gt; &lt;p&gt;&lt;!--#include virtual='/data_centre/_whitepaper_textlinks_top.html' --&gt;&lt;/p&gt;</summary>
  </entry>
  <entry>
    <id>tag:theregister.com,2005:story224541</id>
    <updated>2022-11-04T13:30:42Z</updated>
    <author>
      <name>Jude Karabus</name>
      <uri>https://search.theregister.com/?author=Jude%20Karabus</uri>
    </author>
    <link rel="alternate" type="text/html" href="https://go.theregister.com/feed/www.theregister.com/2022/11/04/google_nlrb_complaint/"/>
    <title type="html">Google cut contractors off from online 'Share My Salary' spreadsheet, union claims</title>
    <summary type="html" xml:base="https://www.theregister.com/">&lt;h4&gt;Alphabet Workers Union says it's an illegal block of workers' right to discuss pay&lt;/h4&gt; &lt;p&gt;The Alphabet Workers Union (AWU) claims the company blocked access to a shared spreadsheet in which it reckons "hundreds" of subcontracted workers had shared their salary details and "up to 50,000" of those staffers are now prevented from looking them up.…&lt;/p&gt;</summary>
  </entry>
  <entry>
    <id>tag:theregister.com,2005:story224543</id>
    <updated>2022-11-04T12:50:15Z</updated>
    <author>
      <name>Dan Robinson</name>
      <uri>https://search.theregister.com/?author=Dan%20Robinson</uri>
    </author>
    <link rel="alternate" type="text/html" href="https://go.theregister.com/feed/www.theregister.com/2022/11/04/dell_australia_consumer_court/"/>
    <title type="html">Dell hit with Oz court case for misleading prices on monitors</title>
    <summary type="html" xml:base="https://www.theregister.com/">&lt;h4&gt;Watchdog claims add-ons to computer purchases appeared to be discounted but did not reflect the standalone RRP&lt;/h4&gt; &lt;p&gt;Dell's Australian business is in trouble with the country's consumer watchdog for allegedly misleading buyers about the price of displays purchased as an add-on with its computers.…&lt;/p&gt;</summary>
  </entry>
  <entry>
    <id>tag:theregister.com,2005:story224544</id>
    <updated>2022-11-04T12:20:09Z</updated>
    <author>
      <name>Paul Kunert</name>
      <uri>https://search.theregister.com/?author=Paul%20Kunert</uri>
    </author>
    <link rel="alternate" type="text/html" href="https://go.theregister.com/feed/www.theregister.com/2022/11/04/bt_pay_talks_reopened_says_cwu/"/>
    <title type="html">BT re-enters pay talks to prevent further strikes, says union</title>
    <summary type="html" xml:base="https://www.theregister.com/">&lt;h4&gt;What forced the change in attitude? The impact on 40,000 broadband connections possibly&lt;/h4&gt; &lt;p&gt;The Communication Workers Unions (CWU) claims BT Group has agreed to re-enter negotiations to find a solution to the protracted pay dispute that has caused thousands of engineers and call center operators to strike.…&lt;/p&gt;</summary>
  </entry>
  <entry>
    <id>tag:theregister.com,2005:story224542</id>
    <updated>2022-11-04T11:03:13Z</updated>
    <author>
      <name>Richard Currie</name>
      <uri>https://search.theregister.com/?author=Richard%20Currie</uri>
    </author>
    <link rel="alternate" type="text/html" href="https://go.theregister.com/feed/www.theregister.com/2022/11/04/nft_vending_machine/"/>
    <title type="html">NFT vending machine appears in London</title>
    <summary type="html" xml:base="https://www.theregister.com/">&lt;h4&gt;Don't everyone rush at once&lt;/h4&gt; &lt;p&gt;NFTs are dead. And stupid. Don't just take our word for it – Bill Gates, widely considered a pretty smart guy, described them as "100 percent based on greater fool theory" and analyst Forrester recently said "most consumers aren't interested in NFT stunts."…&lt;/p&gt; &lt;p&gt;&lt;!--#include virtual='/data_centre/_whitepaper_textlinks_top.html' --&gt;&lt;/p&gt;</summary>
  </entry>
  <entry>
    <id>tag:theregister.com,2005:story224531</id>
    <updated>2022-11-04T09:34:13Z</updated>
    <author>
      <name>Jeff Burt</name>
      <uri>https://search.theregister.com/?author=Jeff%20Burt</uri>
    </author>
    <link rel="alternate" type="text/html" href="https://go.theregister.com/feed/www.theregister.com/2022/11/04/microsoft_ukraine_tech_support/"/>
    <title type="html">Microsoft gives away '$400m in cloud support' to Ukraine</title>
    <summary type="html" xml:base="https://www.theregister.com/">&lt;h4&gt;Freedom isn't free&lt;/h4&gt; &lt;p&gt;The Ukraine government will continue to be able to run its digital infrastructure through the Microsoft Cloud for free in 2023, the tech giant confirmed today.…&lt;/p&gt;</summary>
  </entry>
  <entry>
    <id>tag:theregister.com,2005:story224518</id>
    <updated>2022-11-04T08:30:14Z</updated>
    <author>
      <name>Richard Currie</name>
      <uri>https://search.theregister.com/?author=Richard%20Currie</uri>
    </author>
    <link rel="alternate" type="text/html" href="https://go.theregister.com/feed/www.theregister.com/2022/11/04/norths_align_britain/"/>
    <title type="html">All of the norths are about to align over Britain</title>
    <summary type="html" xml:base="https://www.theregister.com/">&lt;h4&gt;Magnetic north is on a walkabout, and your OCD will benefit&lt;/h4&gt; &lt;p&gt;UK map lords at the Ordnance Survey have some big news for people with obsessive compulsive personality disorder or otherwise like everything to be neatly lined up.…&lt;/p&gt;</summary>
  </entry>
  <entry>
    <id>tag:theregister.com,2005:story224538</id>
    <updated>2022-11-04T07:32:08Z</updated>
    <author>
      <name>Simon Sharwood</name>
      <uri>https://search.theregister.com/?author=Simon%20Sharwood</uri>
    </author>
    <link rel="alternate" type="text/html" href="https://go.theregister.com/feed/www.theregister.com/2022/11/04/on_call/"/>
    <title type="html">Hot, sweaty builders hosed a server – literally – leaving support with an all-night RAID repair job</title>
    <summary type="html" xml:base="https://www.theregister.com/">&lt;h4&gt;Extension cords are good for power. Extension tubes? Not so good for air&lt;/h4&gt; &lt;p&gt;&lt;strong&gt;On Call&lt;/strong&gt;  As two precious days of free time loom, &lt;i&gt;The Register&lt;/i&gt; offers a two-minute taste of the energy-draining drama that makes weekends so important in another instalment of On-Call, our weekly reader-contributed tale of the messes IT people are asked to address.…&lt;/p&gt;</summary>
  </entry>
  <entry>
    <id>tag:theregister.com,2005:story224540</id>
    <updated>2022-11-04T06:58:13Z</updated>
    <author>
      <name>Simon Sharwood</name>
      <uri>https://search.theregister.com/?author=Simon%20Sharwood</uri>
    </author>
    <link rel="alternate" type="text/html" href="https://go.theregister.com/feed/www.theregister.com/2022/11/04/atlassian_q1_23/"/>
    <title type="html">You fire 'em, we'll hire 'em: Atlassian sees tech layoffs as HR heaven</title>
    <summary type="html" xml:base="https://www.theregister.com/">&lt;h4&gt;But investors aren't impressed by losses and unpleasant outlook&lt;/h4&gt; &lt;p&gt;Atlassian sees the current round of layoffs and hiring freezes across the tech industry as an opportunity on which it hopes to capitalise – even as its own share price slumps.…&lt;/p&gt;</summary>
  </entry>
  <entry>
    <id>tag:theregister.com,2005:story224529</id>
    <updated>2022-11-04T06:22:06Z</updated>
    <author>
      <name>Jessica Lyons Hardcastle</name>
      <uri>https://search.theregister.com/?author=Jessica%20Lyons%20Hardcastle</uri>
    </author>
    <link rel="alternate" type="text/html" href="https://go.theregister.com/feed/www.theregister.com/2022/11/04/french_opera1er_group_ib/"/>
    <title type="html">French-speaking voleurs stole $30m in 15-country bank, telecoms cyber-heist spree</title>
    <summary type="html" xml:base="https://www.theregister.com/">&lt;h4&gt;Smooth 'OPERA1ER' hit orgs around the world over four or more years&lt;/h4&gt; &lt;p&gt;A French-speaking criminal group codenamed OPERA1ER has pulled off more than 30 cyber-heists against telecom organizations and banks across Africa, Asia, and Latin America, stealing upwards of $30 million over four years, according to security researchers.…&lt;/p&gt; &lt;p&gt;&lt;!--#include virtual='/data_centre/_whitepaper_textlinks_top.html' --&gt;&lt;/p&gt;</summary>
  </entry>
  <entry>
    <id>tag:theregister.com,2005:story224539</id>
    <updated>2022-11-04T05:59:11Z</updated>
    <author>
      <name>Laura Dobberstein</name>
      <uri>https://search.theregister.com/?author=Laura%20Dobberstein</uri>
    </author>
    <link rel="alternate" type="text/html" href="https://go.theregister.com/feed/www.theregister.com/2022/11/04/xiaomi_concept_phone_with_mounted/"/>
    <title type="html">Xiaomi reveals bonkers phone with bolted-on Leica lens that will make you look like a dork</title>
    <summary type="html" xml:base="https://www.theregister.com/">&lt;h4&gt;A weighty lens, placed off-centre on a lightweight smartphone – what could possibly go wrong?&lt;/h4&gt; &lt;p&gt;Chinese smartphone darling has shown off a phone with a full camera lens bolted to its back – which looks very dorky, but thankfully is only a concept device.…&lt;/p&gt;</summary>
  </entry>
  <entry>
    <id>tag:theregister.com,2005:story224537</id>
    <updated>2022-11-04T04:58:05Z</updated>
    <author>
      <name>Simon Sharwood</name>
      <uri>https://search.theregister.com/?author=Simon%20Sharwood</uri>
    </author>
    <link rel="alternate" type="text/html" href="https://go.theregister.com/feed/www.theregister.com/2022/11/04/lenovo_isg_profitable_four_quarters/"/>
    <title type="html">After years of losses, Lenovo's infrastructure group posts 12 months of profits</title>
    <summary type="html" xml:base="https://www.theregister.com/">&lt;h4&gt;Execs say enterprise hardware biz is flying – don't mention the sub-one-percent profit&lt;/h4&gt; &lt;p&gt;In February 2022 Lenovo &lt;a target="_blank" href="https://www.theregister.com/2022/02/23/lenovo_q3_2022/"&gt;shared&lt;/a&gt; a slightly special number: $17 million. That's the first profit made by its Infrastructure Solutions Group (ISG) since its predecessor was formed by the &lt;a target="_blank" href="https://www.theregister.com/2014/09/29/lenovo_ibm_server_deal_to_close_october/"&gt;2014 acquisition of IBM's x86 server business&lt;/a&gt;.…&lt;/p&gt;</summary>
  </entry>
  <entry>
    <id>tag:theregister.com,2005:story224536</id>
    <updated>2022-11-04T03:44:59Z</updated>
    <author>
      <name>Simon Sharwood</name>
      <uri>https://search.theregister.com/?author=Simon%20Sharwood</uri>
    </author>
    <link rel="alternate" type="text/html" href="https://go.theregister.com/feed/www.theregister.com/2022/11/04/twitter_layoffs_email/"/>
    <title type="html">Elon Musk reportedly outlines horrible Twitter layoff process</title>
    <summary type="html" xml:base="https://www.theregister.com/">&lt;h4&gt;Email to your personal account is bad news, email to your work account means you still work at Twitter&lt;/h4&gt; &lt;p&gt;Twitter owner, sole director and – according to his Twitter profile, now also "Twitter Complaint Hotline Operator" – has reportedly informed company staff that layoffs begin tomorrow.…&lt;/p&gt;</summary>
  </entry>
  <entry>
    <id>tag:theregister.com,2005:story224535</id>
    <updated>2022-11-04T02:59:06Z</updated>
    <author>
      <name>Simon Sharwood</name>
      <uri>https://search.theregister.com/?author=Simon%20Sharwood</uri>
    </author>
    <link rel="alternate" type="text/html" href="https://go.theregister.com/feed/www.theregister.com/2022/11/04/alibaba_cloud_20_percent_arm/"/>
    <title type="html">Alibaba Cloud plans for a fifth of its servers to use homebrew Arm CPUs by 2025</title>
    <summary type="html" xml:base="https://www.theregister.com/">&lt;h4&gt;Sanctions? What sanctions? Just look at the low, low, power consumption figures&lt;/h4&gt; &lt;p&gt;Alibaba Cloud has revealed that it plans to power 20 percent of its operations with its own homebrew CPUs by 2025.…&lt;/p&gt;</summary>
  </entry>
  <entry>
    <id>tag:theregister.com,2005:story224522</id>
    <updated>2022-11-04T01:01:13Z</updated>
    <author>
      <name>Laura Dobberstein</name>
      <uri>https://search.theregister.com/?author=Laura%20Dobberstein</uri>
    </author>
    <link rel="alternate" type="text/html" href="https://go.theregister.com/feed/www.theregister.com/2022/11/04/mas_stablecoin_cbdc/"/>
    <title type="html">Singapore's fintech boss says stablecoins might win before CBDCs even get started</title>
    <summary type="html" xml:base="https://www.theregister.com/">&lt;h4&gt;Monetary authority presses ahead with Ubin+ cross-border CBDC trial anyway&lt;/h4&gt; &lt;p&gt;While central bank digital currencies (CBDCs) are often advanced as a way to improve the world's creaking cross-border payments infrastructure, some financial experts believe the government-issued tokens may be usurped by stablecoins and other products.…&lt;/p&gt; &lt;p&gt;&lt;!--#include virtual='/data_centre/_whitepaper_textlinks_top.html' --&gt;&lt;/p&gt;</summary>
  </entry>
  <entry>
    <id>tag:theregister.com,2005:story224530</id>
    <updated>2022-11-03T23:58:12Z</updated>
    <author>
      <name>Katyanna Quach</name>
      <uri>https://search.theregister.com/?author=Katyanna%20Quach</uri>
    </author>
    <link rel="alternate" type="text/html" href="https://go.theregister.com/feed/www.theregister.com/2022/11/03/nasa_artemis_launch/"/>
    <title type="html">NASA wheels SLS rocket out to the launchpad for another attempt to get off the ground</title>
    <summary type="html" xml:base="https://www.theregister.com/">&lt;h4&gt;After two previous failures, will third time be the charm?&lt;/h4&gt; &lt;p&gt;NASA will roll its Space Launch System back out to the launchpad at the Kennedy Space Center on Friday to prepare for a third attempt to put its most powerful rocket yet into the sky on November 14.…&lt;/p&gt;</summary>
  </entry>
  <entry>
    <id>tag:theregister.com,2005:story224533</id>
    <updated>2022-11-03T21:55:56Z</updated>
    <author>
      <name>Dylan Martin</name>
      <uri>https://search.theregister.com/?author=Dylan%20Martin</uri>
    </author>
    <link rel="alternate" type="text/html" href="https://go.theregister.com/feed/www.theregister.com/2022/11/03/amd_radeon_rx_7900_launched/"/>
    <title type="html">AMD’s latest, greatest Radeon graphics card $600 cheaper than Nvidia’s top RTX 4090</title>
    <summary type="html" xml:base="https://www.theregister.com/">&lt;h4&gt;Chiplet-based RNDA 3 GPU fans have been waiting for&lt;/h4&gt; &lt;p&gt;AMD has come out swinging at Nvidia with new flagship Radeon graphics cards that are cheaper than its rival's fresh GeForce RTX products.…&lt;/p&gt;</summary>
  </entry>
  <entry>
    <id>tag:theregister.com,2005:story224524</id>
    <updated>2022-11-03T20:45:15Z</updated>
    <author>
      <name>Jeff Burt</name>
      <uri>https://search.theregister.com/?author=Jeff%20Burt</uri>
    </author>
    <link rel="alternate" type="text/html" href="https://go.theregister.com/feed/www.theregister.com/2022/11/03/mfa_fatigue_enterprise_threat/"/>
    <title type="html">Multi-factor auth fatigue is real – and it's why you may be in the headlines next</title>
    <summary type="html" xml:base="https://www.theregister.com/">&lt;h4&gt;Overwhelmed by waves of push notifications, worn-down users inadvertently let the bad guys in&lt;/h4&gt; &lt;p&gt;&lt;strong&gt;Analysis&lt;/strong&gt;  The September cyberattack on ride-hailing service Uber began when a criminal bought the stolen credentials of a company contractor on the dark web.…&lt;/p&gt;</summary>
  </entry>
  <entry>
    <id>tag:theregister.com,2005:story224528</id>
    <updated>2022-11-03T19:46:07Z</updated>
    <author>
      <name>Brandon Vigliarolo</name>
      <uri>https://search.theregister.com/?author=Brandon%20Vigliarolo</uri>
    </author>
    <link rel="alternate" type="text/html" href="https://go.theregister.com/feed/www.theregister.com/2022/11/03/lyft_stripe_twitter_layoffs/"/>
    <title type="html">Latest layoffs: Lyft, Stripe more than decimate staff</title>
    <summary type="html" xml:base="https://www.theregister.com/">&lt;h4&gt;While Elon may just dump half of Twitter and scrap work-from-home&lt;/h4&gt; &lt;p&gt;Citing the likelihood of recession and increases in rideshare insurance costs, Lyft is laying off 13 percent of its workforce, with no team left unaffected.…&lt;/p&gt;</summary>
  </entry>
  <entry>
    <id>tag:theregister.com,2005:story224527</id>
    <updated>2022-11-03T19:15:13Z</updated>
    <author>
      <name>Liam Proven</name>
      <uri>https://search.theregister.com/?author=Liam%20Proven</uri>
    </author>
    <link rel="alternate" type="text/html" href="https://go.theregister.com/feed/www.theregister.com/2022/11/03/nitrux_25/"/>
    <title type="html">Nitrux 2.5: The latest update to a radical Linux</title>
    <summary type="html" xml:base="https://www.theregister.com/">&lt;h4&gt;Also one of the first distros we've seen with Kernel 6.0&lt;/h4&gt; &lt;p&gt;Nitrux OS is one of the most stylish and innovative distros we've seen so far: systemd-free, based on AppImages, and with a very unusual desktop.…&lt;/p&gt; &lt;p&gt;&lt;!--#include virtual='/data_centre/_whitepaper_textlinks_top.html' --&gt;&lt;/p&gt;</summary>
  </entry>
  <entry>
    <id>tag:theregister.com,2005:story224526</id>
    <updated>2022-11-03T18:45:10Z</updated>
    <author>
      <name>Tobias Mann</name>
      <uri>https://search.theregister.com/?author=Tobias%20Mann</uri>
    </author>
    <link rel="alternate" type="text/html" href="https://go.theregister.com/feed/www.theregister.com/2022/11/03/aws_freeze_hiring/"/>
    <title type="html">Amazon freezes corporate hiring amid worsening economic outlook</title>
    <summary type="html" xml:base="https://www.theregister.com/">&lt;h4&gt;The decision comes as the e-commerce giant stuggles with soaring energy prices and cash-strapped customers&lt;/h4&gt; &lt;p&gt;Amazon is freezing hiring of new corporate positions across the company for the rest of 2022 amid worsening economic conditions.…&lt;/p&gt;</summary>
  </entry>
  <entry>
    <id>tag:theregister.com,2005:story224525</id>
    <updated>2022-11-03T18:00:08Z</updated>
    <author>
      <name>Paul Kunert</name>
      <uri>https://search.theregister.com/?author=Paul%20Kunert</uri>
    </author>
    <link rel="alternate" type="text/html" href="https://go.theregister.com/feed/www.theregister.com/2022/11/03/kyndryl_q2_fiscal_2023/"/>
    <title type="html">Kyndryl loses $281m in the quarter as modernization agenda continues</title>
    <summary type="html" xml:base="https://www.theregister.com/">&lt;h4&gt;How to turn a classic infrastructure biz into something fit for the cloud era&lt;/h4&gt; &lt;p&gt;Shapeshifting infrastructure services biz Kyndryl can't plug its revenue leak but cutting costs did cut losses in half.…&lt;/p&gt;</summary>
  </entry>
  <entry>
    <id>tag:theregister.com,2005:story224520</id>
    <updated>2022-11-03T17:30:13Z</updated>
    <author>
      <name>Brandon Vigliarolo</name>
      <uri>https://search.theregister.com/?author=Brandon%20Vigliarolo</uri>
    </author>
    <link rel="alternate" type="text/html" href="https://go.theregister.com/feed/www.theregister.com/2022/11/03/tumblr_says_nudes_are_back/"/>
    <title type="html">Tumblr says nudes are back on the menu – within reason</title>
    <summary type="html" xml:base="https://www.theregister.com/">&lt;h4&gt;But old 'go nuts, show nuts' attitude is dead for good&lt;/h4&gt; &lt;p&gt;Tumblr has reversed course on its 2018 nudity ban, welcoming some – but not all – adult content creators back to the platform after a four-year hiatus.…&lt;/p&gt;</summary>
  </entry>
  <entry>
    <id>tag:theregister.com,2005:story224523</id>
    <updated>2022-11-03T16:45:13Z</updated>
    <author>
      <name>Brandon Vigliarolo</name>
      <uri>https://search.theregister.com/?author=Brandon%20Vigliarolo</uri>
    </author>
    <link rel="alternate" type="text/html" href="https://go.theregister.com/feed/www.theregister.com/2022/11/03/ransomware_summit_cryptocurrency/"/>
    <title type="html">International summit agrees crack down on crypto to combat ransomware</title>
    <summary type="html" xml:base="https://www.theregister.com/">&lt;h4&gt;Commitments include international wallet info sharing, KYC requirements, and an AML crackdown&lt;/h4&gt; &lt;p&gt;The White House's second International Counter Ransomware Initiative summit has concluded, and this year the 36-nation group has made clear it intends to crack down on how cryptocurrencies are used to finance ransomware operations.…&lt;/p&gt;</summary>
  </entry>
  <entry>
    <id>tag:theregister.com,2005:story224521</id>
    <updated>2022-11-03T15:50:10Z</updated>
    <author>
      <name>Dan Robinson</name>
      <uri>https://search.theregister.com/?author=Dan%20Robinson</uri>
    </author>
    <link rel="alternate" type="text/html" href="https://go.theregister.com/feed/www.theregister.com/2022/11/03/fcc_afc_providers_wifi/"/>
    <title type="html">FCC taps 13 providers to manage 6GHz band access for new Wi-Fi standards</title>
    <summary type="html" xml:base="https://www.theregister.com/">&lt;h4&gt;Public will be able to test each system as part of development process&lt;/h4&gt; &lt;p&gt;The US Federal Communications Commission (FCC) has conditionally approved 13 proposed automated frequency coordination (AFC) systems to manage spectrum access for unlicensed devices in the 6GHz band.…&lt;/p&gt; &lt;p&gt;&lt;!--#include virtual='/data_centre/_whitepaper_textlinks_top.html' --&gt;&lt;/p&gt;</summary>
  </entry>
  <entry>
    <id>tag:theregister.com,2005:story224519</id>
    <updated>2022-11-03T15:15:06Z</updated>
    <author>
      <name>Lindsay Clark</name>
      <uri>https://search.theregister.com/?author=Lindsay%20Clark</uri>
    </author>
    <link rel="alternate" type="text/html" href="https://go.theregister.com/feed/www.theregister.com/2022/11/03/redis_resp_app/"/>
    <title type="html">Redis swallows RESP.app biz that made its database easier on developers</title>
    <summary type="html" xml:base="https://www.theregister.com/">&lt;h4&gt;Acquisition of Ukrainian startup to help broaden appeal beyond popular cache&lt;/h4&gt; &lt;p&gt;Database provider Redis has acquired RESP.app, a popular developer tool used to ease developer experience on the popular key-value database.…&lt;/p&gt;</summary>
  </entry>
  <entry>
    <id>tag:theregister.com,2005:story224517</id>
    <updated>2022-11-03T13:35:04Z</updated>
    <author>
      <name>Dan Robinson</name>
      <uri>https://search.theregister.com/?author=Dan%20Robinson</uri>
    </author>
    <link rel="alternate" type="text/html" href="https://go.theregister.com/feed/www.theregister.com/2022/11/03/lenovo_q2_2023/"/>
    <title type="html">Lenovo revenues drop due to falling demand for PCs</title>
    <summary type="html" xml:base="https://www.theregister.com/">&lt;h4&gt;But overall profits are up thanks to cost cutting and success in other divisions&lt;/h4&gt; &lt;p&gt;Lenovo revenues declined for the first time in 10 quarters due to a steep fall in demand for PCs and tablets. Still, profits rose due to cost-cutting measures and growth in other areas such as its services division.…&lt;/p&gt;</summary>
  </entry>
  <entry>
    <id>tag:theregister.com,2005:story224516</id>
    <updated>2022-11-03T12:42:40Z</updated>
    <author>
      <name>Paul Kunert</name>
      <uri>https://search.theregister.com/?author=Paul%20Kunert</uri>
    </author>
    <link rel="alternate" type="text/html" href="https://go.theregister.com/feed/www.theregister.com/2022/11/03/bt_cost_cutting/"/>
    <title type="html">BT CEO ups cost-cutting plan amid rising inflation and soaring energy costs</title>
    <summary type="html" xml:base="https://www.theregister.com/">&lt;h4&gt;National telecom giant admits strike action is impacting customer broadband connections&lt;/h4&gt; &lt;p&gt;BT Group is looking to wrench out higher savings amid rising inflation in the relentless pursuit of improved profits.…&lt;/p&gt;</summary>
  </entry>
  <entry>
    <id>tag:theregister.com,2005:story224501</id>
    <updated>2022-11-03T11:35:07Z</updated>
    <author>
      <name>Liam Proven</name>
      <uri>https://search.theregister.com/?author=Liam%20Proven</uri>
    </author>
    <link rel="alternate" type="text/html" href="https://go.theregister.com/feed/www.theregister.com/2022/11/03/version_252_systemd/"/>
    <title type="html">Version 252 of systemd, as expected, locks down the Linux boot process</title>
    <summary type="html" xml:base="https://www.theregister.com/">&lt;h4&gt;The init system that everybody loves to hate&lt;/h4&gt; &lt;p&gt;The fall version of systemd is here, with support for increased boot security, including tightened full-disk encryption.…&lt;/p&gt;</summary>
  </entry>
  <entry>
    <id>tag:theregister.com,2005:story224515</id>
    <updated>2022-11-03T10:37:12Z</updated>
    <author>
      <name>Lindsay Clark</name>
      <uri>https://search.theregister.com/?author=Lindsay%20Clark</uri>
    </author>
    <link rel="alternate" type="text/html" href="https://go.theregister.com/feed/www.theregister.com/2022/11/03/oracle_erp_edinburgh_university/"/>
    <title type="html">University of Edinburgh staff paid late due to Oracle ERP troubles</title>
    <summary type="html" xml:base="https://www.theregister.com/">&lt;h4&gt;Project beginning in 2019 has left employees and suppliers waiting on payments&lt;/h4&gt; &lt;p&gt;Scotland's University of Edinburgh has paid staff and suppliers late owing to the troubled implementation of a new Oracle-based HR and finance system.…&lt;/p&gt; &lt;p&gt;&lt;!--#include virtual='/data_centre/_whitepaper_textlinks_top.html' --&gt;&lt;/p&gt;</summary>
  </entry>
  <entry>
    <id>t
339e
ag:theregister.com,2005:story224489</id>
    <updated>2022-11-03T09:30:06Z</updated>
    <author>
      <name>Dan Robinson</name>
      <uri>https://search.theregister.com/?author=Dan%20Robinson</uri>
    </author>
    <link rel="alternate" type="text/html" href="https://go.theregister.com/feed/www.theregister.com/2022/11/03/aviatrix_cloudiq/"/>
    <title type="html">Aviatrix releases tool to help enterprises prevent cloud network costs spiraling</title>
    <summary type="html" xml:base="https://www.theregister.com/">&lt;h4&gt;Just as providers prepare to crank up their fees&lt;/h4&gt; &lt;p&gt;Cloud networking outfit Aviatrix has extended its platform with a new capability that monitors network usage to help enterprises more accurately track costs and enable chargeback to individual departments.…&lt;/p&gt;</summary>
  </entry>
  <entry>
    <id>tag:theregister.com,2005:story224508</id>
    <updated>2022-11-03T08:29:13Z</updated>
    <author>
      <name>Jessica Lyons Hardcastle</name>
      <uri>https://search.theregister.com/?author=Jessica%20Lyons%20Hardcastle</uri>
    </author>
    <link rel="alternate" type="text/html" href="https://go.theregister.com/feed/www.theregister.com/2022/11/03/royal_mail_customer_data_leak/"/>
    <title type="html">Royal Mail customer data leak shutters online Click and Drop</title>
    <summary type="html" xml:base="https://www.theregister.com/">&lt;h4&gt;Customers complain of exposed order info, multiple charges — but still no postage&lt;/h4&gt; &lt;p&gt;A technical SNAFU shut down the UK's Royal Mail Click and Drop website on Tuesday after a security "issue" allowed some customers to see others' order information. …&lt;/p&gt;</summary>
  </entry>
  <entry>
    <id>tag:theregister.com,2005:story224506</id>
    <updated>2022-11-03T07:32:09Z</updated>
    <author>
      <name>Katyanna Quach</name>
      <uri>https://search.theregister.com/?author=Katyanna%20Quach</uri>
    </author>
    <link rel="alternate" type="text/html" href="https://go.theregister.com/feed/www.theregister.com/2022/11/03/nasas_capstone_moon_orbit/"/>
    <title type="html">NASA's CAPSTONE satellite is out of safe mode and on track for Moon orbit this month</title>
    <summary type="html" xml:base="https://www.theregister.com/">&lt;h4&gt;Artemis orbit tester back in the pipe, five by five&lt;/h4&gt; &lt;p&gt;NASA has corrected the trajectory of the CAPSTONE cubesat, which is now set to reach lunar orbit on November 13.…&lt;/p&gt;</summary>
  </entry>
  <entry>
    <id>tag:theregister.com,2005:story224514</id>
    <updated>2022-11-03T06:57:10Z</updated>
    <author>
      <name>Laura Dobberstein</name>
      <uri>https://search.theregister.com/?author=Laura%20Dobberstein</uri>
    </author>
    <link rel="alternate" type="text/html" href="https://go.theregister.com/feed/www.theregister.com/2022/11/03/vitalik_buterin_elom_musk_twitter/"/>
    <title type="html">Ethereum co-founder Vitalik Buterin: If Musk's Twitter flops, it's not such a bad thing</title>
    <summary type="html" xml:base="https://www.theregister.com/">&lt;h4&gt;Predicts replacement, without Elon's problems, is waiting to fly&lt;/h4&gt; &lt;p&gt;Ethereum co-founder Vitalik Buterin told an audience at Singapore's FinTech Festival on Thursday he believes a social media platform to replace Twitter – one that avoids many of the bird-brand's existing problems – is already on the way somewhere.…&lt;/p&gt;</summary>
  </entry>
  <entry>
    <id>tag:theregister.com,2005:story224513</id>
    <updated>2022-11-03T06:15:07Z</updated>
    <author>
      <name>Simon Sharwood</name>
      <uri>https://search.theregister.com/?author=Simon%20Sharwood</uri>
    </author>
    <link rel="alternate" type="text/html" href="https://go.theregister.com/feed/www.theregister.com/2022/11/03/qualcomm_q4_2022/"/>
    <title type="html">Qualcomm predicts 2024 is the year Windows on Arm goes large</title>
    <summary type="html" xml:base="https://www.theregister.com/">&lt;h4&gt;For now, have a hiring freeze to preserve fat profits&lt;/h4&gt; &lt;p&gt;Qualcomm CEO and president Cristiano Amon has tipped 2024 as the year in which PCs using his company’s Snapdragon silicon make a mark.…&lt;/p&gt; &lt;p&gt;&lt;!--#include virtual='/data_centre/_whitepaper_textlinks_top.html' --&gt;&lt;/p&gt;</summary>
  </entry>
  <entry>
    <id>tag:theregister.com,2005:story224512</id>
    <updated>2022-11-03T04:31:12Z</updated>
    <author>
      <name>Simon Sharwood</name>
      <uri>https://search.theregister.com/?author=Simon%20Sharwood</uri>
    </author>
    <link rel="alternate" type="text/html" href="https://go.theregister.com/feed/www.theregister.com/2022/11/03/alibaba_cloud_utility_wuying_laptop/"/>
    <title type="html">Alibaba Cloud goes even more serverless as it tries to become a utility</title>
    <summary type="html" xml:base="https://www.theregister.com/">&lt;h4&gt;Laptop-shaped thin client tied to DaaS also illustrates the concept, and its downsides&lt;/h4&gt; &lt;p&gt;Alibaba Cloud has kicked off its annual Apsara conference by declaring an ambition to become a "computility" – a service that provides an endless stream of computational resource that users can consume as if it were electricity.…&lt;/p&gt;</summary>
  </entry>
  <entry>
    <id>tag:theregister.com,2005:story224511</id>
    <updated>2022-11-03T02:01:12Z</updated>
    <author>
      <name>Simon Sharwood</name>
      <uri>https://search.theregister.com/?author=Simon%20Sharwood</uri>
    </author>
    <link rel="alternate" type="text/html" href="https://go.theregister.com/feed/www.theregister.com/2022/11/03/china_rare_earth_supply_chain/"/>
    <title type="html">China reminds world shock and ore can hurt tech supply chains</title>
    <summary type="html" xml:base="https://www.theregister.com/">&lt;h4&gt;Nice chip and EV factories you're building there. Would be a shame if they couldn't get any rare earths to work with&lt;/h4&gt; &lt;p&gt;China has immense leverage over technology supply chains due to the happy accident that its territories contain most of the rare earths needed to manufacture electronics and batteries, and that it dominates industries that ready them for use.…&lt;/p&gt;</summary>
  </entry>
  <entry>
    <id>tag:theregister.com,2005:story224509</id>
    <updated>2022-11-03T00:54:12Z</updated>
    <author>
      <name>Dylan Martin</name>
      <uri>https://search.theregister.com/?author=Dylan%20Martin</uri>
    </author>
    <link rel="alternate" type="text/html" href="https://go.theregister.com/feed/www.theregister.com/2022/11/03/us_chip_workers_china/"/>
    <title type="html">Some American techies can still work for Chinese chipmakers, turns out</title>
    <summary type="html" xml:base="https://www.theregister.com/">&lt;h4&gt;But if you authorize or handle delivery of factory kit – or service it – you're out&lt;/h4&gt; &lt;p&gt;Remember that warning that the USA's new restrictions on semiconductor technology transfer to China would prevent any American from working in the Middle Kingdom's chip-making industry?…&lt;/p&gt;</summary>
  </entry>
  <entry>
    <id>tag:theregister.com,2005:story224510</id>
    <updated>2022-11-02T23:58:46Z</updated>
    <author>
      <name>Katyanna Quach</name>
      <uri>https://search.theregister.com/?author=Katyanna%20Quach</uri>
    </author>
    <link rel="alternate" type="text/html" href="https://go.theregister.com/feed/www.theregister.com/2022/11/02/us_senator_ftc_realpage/"/>
    <title type="html">Watchdog urged to sniff out any collusion, deception in rent-setting algorithms</title>
    <summary type="html" xml:base="https://www.theregister.com/">&lt;h4&gt;Things could get real for RealPage real fast&lt;/h4&gt; &lt;p&gt;A US Senator has urged the FTC to scrutinize algorithms used to calculate the optimum rent for properties over fears the software could potentially allow landlords to illegally collude in cities with a housing shortage.…&lt;/p&gt;</summary>
  </entry>
  <entry>
    <id>tag:theregister.com,2005:story224507</id>
    <updated>2022-11-02T23:02:23Z</updated>
    <author>
      <name>Brandon Vigliarolo</name>
      <uri>https://search.theregister.com/?author=Brandon%20Vigliarolo</uri>
    </author>
    <link rel="alternate" type="text/html" href="https://go.theregister.com/feed/www.theregister.com/2022/11/02/google_solar_power_texas/"/>
    <title type="html">Google taps up Softbank solar plants for Dallas datacenter</title>
    <summary type="html" xml:base="https://www.theregister.com/">&lt;h4&gt;900MW coming web giant's way ... in 2024&lt;/h4&gt; &lt;p&gt;Google has just inked a deal with a Softbank subsidiary to buy 75 percent of the power from four solar power installations the Japanese firm is building in Texas, the largest combined clean energy purchase Google has made in the Lone Star state. …&lt;/p&gt; &lt;p&gt;&lt;!--#include virtual='/data_centre/_whitepaper_textlinks_top.html' --&gt;&lt;/p&gt;</summary>
  </entry>
  <entry>
    <id>tag:theregister.com,2005:story224496</id>
    <updated>2022-11-02T22:00:09Z</updated>
    <author>
      <name>Lindsay Clark</name>
      <uri>https://search.theregister.com/?author=Lindsay%20Clark</uri>
    </author>
    <link rel="alternate" type="text/html" href="https://go.theregister.com/feed/www.theregister.com/2022/11/02/us_partisan_democracy_research/"/>
    <title type="html">Reducing partisan divide alone does not boost support for democracy, study finds</title>
    <summary type="html" xml:base="https://www.theregister.com/">&lt;h4&gt;Ending anti-democratic attitudes not so easy stateside, researchers claim&lt;/h4&gt; &lt;p&gt;Researchers have found that working to reduce emotional partisan attitudes across the US political divide does not reduce anti-democratic tendencies.…&lt;/p&gt;</summary>
  </entry>
  <entry>
    <id>tag:theregister.com,2005:story224504</id>
    <updated>2022-11-02T20:45:13Z</updated>
    <author>
      <name>Jessica Lyons Hardcastle</name>
      <uri>https://search.theregister.com/?author=Jessica%20Lyons%20Hardcastle</uri>
    </author>
    <link rel="alternate" type="text/html" href="https://go.theregister.com/feed/www.theregister.com/2022/11/02/killnet_us_treasury_ddos/"/>
    <title type="html">US Treasury thwarts DDoS attack from Russian Killnet group</title>
    <summary type="html" xml:base="https://www.theregister.com/">&lt;h4&gt;Yet another pathetic 'stunt' from pro-Kremlin criminals&lt;/h4&gt; &lt;p&gt;The US Treasury Department has thwarted a distributed denial of service (DDoS) attack that officials attributed to Russian hacktivist group Killnet.…&lt;/p&gt;</summary>
  </entry>
  <entry>
    <id>tag:theregister.com,2005:story224505</id>
    <updated>2022-11-02T20:10:33Z</updated>
    <author>
      <name>Tobias Mann</name>
      <uri>https://search.theregister.com/?author=Tobias%20Mann</uri>
    </author>
    <link rel="alternate" type="text/html" href="https://go.theregister.com/feed/www.theregister.com/2022/11/02/google_oracles_cloud_arm/"/>
    <title type="html">Google, Oracle’s Ampere VMs get Arm’s SystemReady seal of approval</title>
    <summary type="html" xml:base="https://www.theregister.com/">&lt;h4&gt;So that means everything just works now, right?&lt;/h4&gt; &lt;p&gt;Arm has added two cloud instances from Google and Oracle Cloud, both powered by Ampere’s Altra datacenter processors, into its SystemReady certification program.…&lt;/p&gt;</summary>
  </entry>
  <entry>
    <id>tag:theregister.com,2005:story224492</id>
    <updated>2022-11-02T20:00:07Z</updated>
    <author>
      <name>Richard Currie</name>
      <uri>https://search.theregister.com/?author=Richard%20Currie</uri>
    </author>
    <link rel="alternate" type="text/html" href="https://go.theregister.com/feed/www.theregister.com/2022/11/02/crowds_trapped_disney_shanghai/"/>
    <title type="html">Crowds not allowed to leave Shanghai Disneyland without a negative COVID test</title>
    <summary type="html" xml:base="https://www.theregister.com/">&lt;h4&gt;Let us go, let us gooooooo&lt;/h4&gt; &lt;p&gt;It's a small world (after all) but it got a lot smaller for the heaving masses who were trapped inside Shanghai Disneyland as a result of China's zero-COVID policy.…&lt;/p&gt;</summary>
  </entry>
  <entry>
    <id>tag:theregister.com,2005:story224495</id>
    <updated>2022-11-02T19:15:06Z</updated>
    <author>
      <name>Liam Proven</name>
      <uri>https://search.theregister.com/?author=Liam%20Proven</uri>
    </author>
    <link rel="alternate" type="text/html" href="https://go.theregister.com/feed/www.theregister.com/2022/11/02/plan_9_fork_9front/"/>
    <title type="html">9front releases new version of Plan 9 OS fork: The Golden Age of Ballooning</title>
    <summary type="html" xml:base="https://www.theregister.com/">&lt;h4&gt;Prepare to be confused&lt;/h4&gt; &lt;p&gt;9front is a fork and continuation of Plan 9 from Bell Labs, which is what the minds behind UNIX and the C programming language went on to do next. It is also rather strange.…&lt;/p&gt; &lt;p&gt;&lt;!--#include virtual='/data_centre/_whitepaper_textlinks_top.html' --&gt;&lt;/p&gt;</summary>
  </entry>
</feed>


DEBUG counter: 32

B: 0, HF:1



==FINAL L:45422
7dc0
<?xml version="1.0" encoding="UTF-8"?>
<feed xmlns="http://www.w3.org/2005/Atom" xml:lang="en">
  <id>tag:theregister.com,2005:feed/theregister.com/</id>
  <title>The Register</title>
  <link rel="self" type="application/atom+xml" href="https://www.theregister.com/headlines.atom"/>
  <link rel="alternate" type="text/html" href="https://www.theregister.com/"/>
  <rights>Copyright © 2022, Situation Publishing</rights>
  <author>
    <name>Team Register</name>
    <email>webmaster@theregister.co.uk</email>
    <uri>https://www.theregister.com/odds/about/contact/</uri>
  </author>
  <icon>https://www.theregister.com/Design/graphics/icons/favicon.png</icon>
  <subtitle>Biting the hand that feeds IT — Enterprise Technology News and Analysis</subtitle>
  <logo>https://www.theregister.com/Design/graphics/Reg_default/The_Register_r.png</logo>
  <updated>2022-11-04T19:15:11Z</updated>
  <entry>
    <id>tag,:theregister.com,2005:story224552</id>
    <updated>2022-11-04T19:15:11Z</updated>
    <author>
      <name>Brandon Vigliarolo</name>
      <uri>https://search.theregister.com/?author=Brandon%20Vigliarolo</uri>
    </author>
    <link rel="alternate" type="text/html" href="https://go.theregister.com/feed/www.theregister.com/2022/11/04/twitter_warn_act_lawsuit/"/>
    <title type="html">Twitter employees sue over lack of 60-day layoff notice</title>
    <summary type="html" xml:base="https://www.theregister.com/">&lt;h4&gt;Musk-owned companies have now faced 3 WARN Act lawsuits alleging the same thing&lt;/h4&gt; &lt;p&gt;The great Twitter cull of '22 is expected to begin today, but a group of tweeps have preempted the event by filing a class action lawsuit against Twitter for violating the WARN Act.…&lt;/p&gt;</summary>
  </entry>
  <entry>
    <id>tag:theregister.com,2005:story224550</id>
    <updated>2022-11-04T18:30:08Z</updated>
    <author>
      <name>Jeff Burt</name>
      <uri>https://search.theregister.com/?author=Jeff%20Burt</uri>
    </author>
    <link rel="alternate" type="text/html" href="https://go.theregister.com/feed/www.theregister.com/2022/11/04/crimson_kingsnake_bec_scam/"/>
    <title type="html">Double-check demand payment emails from law firms: Convincing fakes surface</title>
    <summary type="html" xml:base="https://www.theregister.com/">&lt;h4&gt;Crimson Kingsnake impersonates legit attorneys, fakes email threads from your colleagues in far-reaching BEC campaign&lt;/h4&gt; &lt;p&gt;A new threat group called Crimson Kingsnake is impersonating real law companies and debt recovery services to intimidate businessess into paying bogus overdue invoices.…&lt;/p&gt; &lt;p&gt;&lt;!--#include virtual='/data_centre/_whitepaper_textlinks_top.html' --&gt;&lt;/p&gt;</summary>
  </entry>
  <entry>
    <id>tag:theregister.com,2005:story224547</id>
    <updated>2022-11-04T17:30:08Z</updated>
    <author>
      <name>Liam Proven</name>
      <uri>https://search.theregister.com/?author=Liam%20Proven</uri>
    </author>
    <link rel="alternate" type="text/html" href="https://go.theregister.com/feed/www.theregister.com/2022/11/04/mozilla_ventures/"/>
    <title type="html">Mozilla Foundation launches ethical venture capital fund</title>
    <summary type="html" xml:base="https://www.theregister.com/">&lt;h4&gt;An unexpected move, but we suspect that Carl Sagan might have approved&lt;/h4&gt; &lt;p&gt;Mozilla has announced the successor to the Mozilla Builders incubator: Mozilla Ventures.…&lt;/p&gt;</summary>
  </entry>
  <entry>
    <id>tag:theregister.com,2005:story224549</id>
    <updated>2022-11-04T16:15:25Z</updated>
    <author>
      <name>Brandon Vigliarolo</name>
      <uri>https://search.theregister.com/?author=Brandon%20Vigliarolo</uri>
    </author>
    <link rel="alternate" type="text/html" href="https://go.theregister.com/feed/www.theregister.com/2022/11/04/starliner_launch_delay/"/>
    <title type="html">Boeing's Starliner launch pushed back again... to April 2023</title>
    <summary type="html" xml:base="https://www.theregister.com/">&lt;h4&gt;The official word is 'scheduling conflicts,' but NASA's safety panel has expressed concerns too&lt;/h4&gt; &lt;p&gt;The first crewed launch of Boeing's Starliner has been delayed again, this time being pushed back to April 2023 from an earlier planned launch date of February.…&lt;/p&gt;</summary>
  </entry>
  <entry>
    <id>tag:theregister.com,2005:story224545</id>
    <updated>2022-11-04T15:15:12Z</updated>
    <author>
      <name>Lindsay Clark</name>
      <uri>https://search.theregister.com/?author=Lindsay%20Clark</uri>
    </author>
    <link rel="alternate" type="text/html" href="https://go.theregister.com/feed/www.theregister.com/2022/11/04/uk_governement_set_to_extract/"/>
    <title type="html">UK government set to extract hospital data to Palantir system without patient consent</title>
    <summary type="html" xml:base="https://www.theregister.com/">&lt;h4&gt;'You'll be hearing from us,' say privacy campaigners who previously forced the government to back down&lt;/h4&gt; &lt;p&gt;The UK government is set to extract patient-identifiable data from NHS hospital systems and share this with its data platform based on technology from Palantir, a move that seems set to provoke another legal challenge.…&lt;/p&gt;</summary>
  </entry>
  <entry>
    <id>tag:theregister.com,2005:story224548</id>
    <updated>2022-11-04T14:15:35Z</updated>
    <author>
      <name>Dan Robinson</name>
      <uri>https://search.theregister.com/?author=Dan%20Robinson</uri>
    </author>
    <link rel="alternate" type="text/html" href="https://go.theregister.com/feed/www.theregister.com/2022/11/04/us_chip_industry_china_ban/"/>
    <title type="html">US chip industry worried it may lose out to rivals over China ban</title>
    <summary type="html" xml:base="https://www.theregister.com/">&lt;h4&gt;Just hang on while we convince the rest of the world, Commerce Sec tells makers&lt;/h4&gt; &lt;p&gt;US companies that build chipmaking equipment have been told to tough it out as they face a ban on selling to customers in China, while their rivals elsewhere in the world currently have no such restrictions.…&lt;/p&gt; &lt;p&gt;&lt;!--#include virtual='/data_centre/_whitepaper_textlinks_top.html' --&gt;&lt;/p&gt;</summary>
  </entry>
  <entry>
    <id>tag:theregister.com,2005:story224541</id>
    <updated>2022-11-04T13:30:42Z</updated>
    <author>
      <name>Jude Karabus</name>
      <uri>https://search.theregister.com/?author=Jude%20Karabus</uri>
    </author>
    <link rel="alternate" type="text/html" href="https://go.theregister.com/feed/www.theregister.com/2022/11/04/google_nlrb_complaint/"/>
    <title type="html">Google cut contractors off from online 'Share My Salary' spreadsheet, union claims</title>
    <summary type="html" xml:base="https://www.theregister.com/">&lt;h4&gt;Alphabet Workers Union says it's an illegal block of workers' right to discuss pay&lt;/h4&gt; &lt;p&gt;The Alphabet Workers Union (AWU) claims the company blocked access to a shared spreadsheet in which it reckons "hundreds" of subcontracted workers had shared their salary details and "up to 50,000" of those staffers are now prevented from looking them up.…&lt;/p&gt;</summary>
  </entry>
  <entry>
    <id>tag:theregister.com,2005:story224543</id>
    <updated>2022-11-04T12:50:15Z</updated>
    <author>
      <name>Dan Robinson</name>
      <uri>https://search.theregister.com/?author=Dan%20Robinson</uri>
    </author>
    <link rel="alternate" type="text/html" href="https://go.theregister.com/feed/www.theregister.com/2022/11/04/dell_australia_consumer_court/"/>
    <title type="html">Dell hit with Oz court case for misleading prices on monitors</title>
    <summary type="html" xml:base="https://www.theregister.com/">&lt;h4&gt;Watchdog claims add-ons to computer purchases appeared to be discounted but did not reflect the standalone RRP&lt;/h4&gt; &lt;p&gt;Dell's Australian business is in trouble with the country's consumer watchdog for allegedly misleading buyers about the price of displays purchased as an add-on with its computers.…&lt;/p&gt;</summary>
  </entry>
  <entry>
    <id>tag:theregister.com,2005:story224544</id>
    <updated>2022-11-04T12:20:09Z</updated>
    <author>
      <name>Paul Kunert</name>
      <uri>https://search.theregister.com/?author=Paul%20Kunert</uri>
    </author>
    <link rel="alternate" type="text/html" href="https://go.theregister.com/feed/www.theregister.com/2022/11/04/bt_pay_talks_reopened_says_cwu/"/>
    <title type="html">BT re-enters pay talks to prevent further strikes, says union</title>
    <summary type="html" xml:base="https://www.theregister.com/">&lt;h4&gt;What forced the change in attitude? The impact on 40,000 broadband connections possibly&lt;/h4&gt; &lt;p&gt;The Communication Workers Unions (CWU) claims BT Group has agreed to re-enter negotiations to find a solution to the protracted pay dispute that has caused thousands of engineers and call center operators to strike.…&lt;/p&gt;</summary>
  </entry>
  <entry>
    <id>tag:theregister.com,2005:story224542</id>
    <updated>2022-11-04T11:03:13Z</updated>
    <author>
      <name>Richard Currie</name>
      <uri>https://search.theregister.com/?author=Richard%20Currie</uri>
    </author>
    <link rel="alternate" type="text/html" href="https://go.theregister.com/feed/www.theregister.com/2022/11/04/nft_vending_machine/"/>
    <title type="html">NFT vending machine appears in London</title>
    <summary type="html" xml:base="https://www.theregister.com/">&lt;h4&gt;Don't everyone rush at once&lt;/h4&gt; &lt;p&gt;NFTs are dead. And stupid. Don't just take our word for it – Bill Gates, widely considered a pretty smart guy, described them as "100 percent based on greater fool theory" and analyst Forrester recently said "most consumers aren't interested in NFT stunts."…&lt;/p&gt; &lt;p&gt;&lt;!--#include virtual='/data_centre/_whitepaper_textlinks_top.html' --&gt;&lt;/p&gt;</summary>
  </entry>
  <entry>
    <id>tag:theregister.com,2005:story224531</id>
    <updated>2022-11-04T09:34:13Z</updated>
    <author>
      <name>Jeff Burt</name>
      <uri>https://search.theregister.com/?author=Jeff%20Burt</uri>
    </author>
    <link rel="alternate" type="text/html" href="https://go.theregister.com/feed/www.theregister.com/2022/11/04/microsoft_ukraine_tech_support/"/>
    <title type="html">Microsoft gives away '$400m in cloud support' to Ukraine</title>
    <summary type="html" xml:base="https://www.theregister.com/">&lt;h4&gt;Freedom isn't free&lt;/h4&gt; &lt;p&gt;The Ukraine government will continue to be able to run its digital infrastructure through the Microsoft Cloud for free in 2023, the tech giant confirmed today.…&lt;/p&gt;</summary>
  </entry>
  <entry>
    <id>tag:theregister.com,2005:story224518</id>
    <updated>2022-11-04T08:30:14Z</updated>
    <author>
      <name>Richard Currie</name>
      <uri>https://search.theregister.com/?author=Richard%20Currie</uri>
    </author>
    <link rel="alternate" type="text/html" href="https://go.theregister.com/feed/www.theregister.com/2022/11/04/norths_align_britain/"/>
    <title type="html">All of the norths are about to align over Britain</title>
    <summary type="html" xml:base="https://www.theregister.com/">&lt;h4&gt;Magnetic north is on a walkabout, and your OCD will benefit&lt;/h4&gt; &lt;p&gt;UK map lords at the Ordnance Survey have some big news for people with obsessive compulsive personality disorder or otherwise like everything to be neatly lined up.…&lt;/p&gt;</summary>
  </entry>
  <entry>
    <id>tag:theregister.com,2005:story224538</id>
    <updated>2022-11-04T07:32:08Z</updated>
    <author>
      <name>Simon Sharwood</name>
      <uri>https://search.theregister.com/?author=Simon%20Sharwood</uri>
    </author>
    <link rel="alternate" type="text/html" href="https://go.theregister.com/feed/www.theregister.com/2022/11/04/on_call/"/>
    <title type="html">Hot, sweaty builders hosed a server – literally – leaving support with an all-night RAID repair job</title>
    <summary type="html" xml:base="https://www.theregister.com/">&lt;h4&gt;Extension cords are good for power. Extension tubes? Not so good for air&lt;/h4&gt; &lt;p&gt;&lt;strong&gt;On Call&lt;/strong&gt;  As two precious days of free time loom, &lt;i&gt;The Register&lt;/i&gt; offers a two-minute taste of the energy-draining drama that makes weekends so important in another instalment of On-Call, our weekly reader-contributed tale of the messes IT people are asked to address.…&lt;/p&gt;</summary>
  </entry>
  <entry>
    <id>tag:theregister.com,2005:story224540</id>
    <updated>2022-11-04T06:58:13Z</updated>
    <author>
      <name>Simon Sharwood</name>
      <uri>https://search.theregister.com/?author=Simon%20Sharwood</uri>
    </author>
    <link rel="alternate" type="text/html" href="https://go.theregister.com/feed/www.theregister.com/2022/11/04/atlassian_q1_23/"/>
    <title type="html">You fire 'em, we'll hire 'em: Atlassian sees tech layoffs as HR heaven</title>
    <summary type="html" xml:base="https://www.theregister.com/">&lt;h4&gt;But investors aren't impressed by losses and unpleasant outlook&lt;/h4&gt; &lt;p&gt;Atlassian sees the current round of layoffs and hiring freezes across the tech industry as an opportunity on which it hopes to capitalise – even as its own share price slumps.…&lt;/p&gt;</summary>
  </entry>
  <entry>
    <id>tag:theregister.com,2005:story224529</id>
    <updated>2022-11-04T06:22:06Z</updated>
    <author>
      <name>Jessica Lyons Hardcastle</name>
      <uri>https://search.theregister.com/?author=Jessica%20Lyons%20Hardcastle</uri>
    </author>
    <link rel="alternate" type="text/html" href="https://go.theregister.com/feed/www.theregister.com/2022/11/04/french_opera1er_group_ib/"/>
    <title type="html">French-speaking voleurs stole $30m in 15-country bank, telecoms cyber-heist spree</title>
    <summary type="html" xml:base="https://www.theregister.com/">&lt;h4&gt;Smooth 'OPERA1ER' hit orgs around the world over four or more years&lt;/h4&gt; &lt;p&gt;A French-speaking criminal group codenamed OPERA1ER has pulled off more than 30 cyber-heists against telecom organizations and banks across Africa, Asia, and Latin America, stealing upwards of $30 million over four years, according to security researchers.…&lt;/p&gt; &lt;p&gt;&lt;!--#include virtual='/data_centre/_whitepaper_textlinks_top.html' --&gt;&lt;/p&gt;</summary>
  </entry>
  <entry>
    <id>tag:theregister.com,2005:story224539</id>
    <updated>2022-11-04T05:59:11Z</updated>
    <author>
      <name>Laura Dobberstein</name>
      <uri>https://search.theregister.com/?author=Laura%20Dobberstein</uri>
    </author>
    <link rel="alternate" type="text/html" href="https://go.theregister.com/feed/www.theregister.com/2022/11/04/xiaomi_concept_phone_with_mounted/"/>
    <title type="html">Xiaomi reveals bonkers phone with bolted-on Leica lens that will make you look like a dork</title>
    <summary type="html" xml:base="https://www.theregister.com/">&lt;h4&gt;A weighty lens, placed off-centre on a lightweight smartphone – what could possibly go wrong?&lt;/h4&gt; &lt;p&gt;Chinese smartphone darling has shown off a phone with a full camera lens bolted to its back – which looks very dorky, but thankfully is only a concept device.…&lt;/p&gt;</summary>
  </entry>
  <entry>
    <id>tag:theregister.com,2005:story224537</id>
    <updated>2022-11-04T04:58:05Z</updated>
    <author>
      <name>Simon Sharwood</name>
      <uri>https://search.theregister.com/?author=Simon%20Sharwood</uri>
    </author>
    <link rel="alternate" type="text/html" href="https://go.theregister.com/feed/www.theregister.com/2022/11/04/lenovo_isg_profitable_four_quarters/"/>
    <title type="html">After years of losses, Lenovo's infrastructure group posts 12 months of profits</title>
    <summary type="html" xml:base="https://www.theregister.com/">&lt;h4&gt;Execs say enterprise hardware biz is flying – don't mention the sub-one-percent profit&lt;/h4&gt; &lt;p&gt;In February 2022 Lenovo &lt;a target="_blank" href="https://www.theregister.com/2022/02/23/lenovo_q3_2022/"&gt;shared&lt;/a&gt; a slightly special number: $17 million. That's the first profit made by its Infrastructure Solutions Group (ISG) since its predecessor was formed by the &lt;a target="_blank" href="https://www.theregister.com/2014/09/29/lenovo_ibm_server_deal_to_close_october/"&gt;2014 acquisition of IBM's x86 server business&lt;/a&gt;.…&lt;/p&gt;</summary>
  </entry>
  <entry>
    <id>tag:theregister.com,2005:story224536</id>
    <updated>2022-11-04T03:44:59Z</updated>
    <author>
      <name>Simon Sharwood</name>
      <uri>https://search.theregister.com/?author=Simon%20Sharwood</uri>
    </author>
    <link rel="alternate" type="text/html" href="https://go.theregister.com/feed/www.theregister.com/2022/11/04/twitter_layoffs_email/"/>
    <title type="html">Elon Musk reportedly outlines horrible Twitter layoff process</title>
    <summary type="html" xml:base="https://www.theregister.com/">&lt;h4&gt;Email to your personal account is bad news, email to your work account means you still work at Twitter&lt;/h4&gt; &lt;p&gt;Twitter owner, sole director and – according to his Twitter profile, now also "Twitter Complaint Hotline Operator" – has reportedly informed company staff that layoffs begin tomorrow.…&lt;/p&gt;</summary>
  </entry>
  <entry>
    <id>tag:theregister.com,2005:story224535</id>
    <updated>2022-11-04T02:59:06Z</updated>
    <author>
      <name>Simon Sharwood</name>
      <uri>https://search.theregister.com/?author=Simon%20Sharwood</uri>
    </author>
    <link rel="alternate" type="text/html" href="https://go.theregister.com/feed/www.theregister.com/2022/11/04/alibaba_cloud_20_percent_arm/"/>
    <title type="html">Alibaba Cloud plans for a fifth of its servers to use homebrew Arm CPUs by 2025</title>
    <summary type="html" xml:base="https://www.theregister.com/">&lt;h4&gt;Sanctions? What sanctions? Just look at the low, low, power consumption figures&lt;/h4&gt; &lt;p&gt;Alibaba Cloud has revealed that it plans to power 20 percent of its operations with its own homebrew CPUs by 2025.…&lt;/p&gt;</summary>
  </entry>
  <entry>
    <id>tag:theregister.com,2005:story224522</id>
    <updated>2022-11-04T01:01:13Z</updated>
    <author>
      <name>Laura Dobberstein</name>
      <uri>https://search.theregister.com/?author=Laura%20Dobberstein</uri>
    </author>
    <link rel="alternate" type="text/html" href="https://go.theregister.com/feed/www.theregister.com/2022/11/04/mas_stablecoin_cbdc/"/>
    <title type="html">Singapore's fintech boss says stablecoins might win before CBDCs even get started</title>
    <summary type="html" xml:base="https://www.theregister.com/">&lt;h4&gt;Monetary authority presses ahead with Ubin+ cross-border CBDC trial anyway&lt;/h4&gt; &lt;p&gt;While central bank digital currencies (CBDCs) are often advanced as a way to improve the world's creaking cross-border payments infrastructure, some financial experts believe the government-issued tokens may be usurped by stablecoins and other products.…&lt;/p&gt; &lt;p&gt;&lt;!--#include virtual='/data_centre/_whitepaper_textlinks_top.html' --&gt;&lt;/p&gt;</summary>
  </entry>
  <entry>
    <id>tag:theregister.com,2005:story224530</id>
    <updated>2022-11-03T23:58:12Z</updated>
    <author>
      <name>Katyanna Quach</name>
      <uri>https://search.theregister.com/?author=Katyanna%20Quach</uri>
    </author>
    <link rel="alternate" type="text/html" href="https://go.theregister.com/feed/www.theregister.com/2022/11/03/nasa_artemis_launch/"/>
    <title type="html">NASA wheels SLS rocket out to the launchpad for another attempt to get off the ground</title>
    <summary type="html" xml:base="https://www.theregister.com/">&lt;h4&gt;After two previous failures, will third time be the charm?&lt;/h4&gt; &lt;p&gt;NASA will roll its Space Launch System back out to the launchpad at the Kennedy Space Center on Friday to prepare for a third attempt to put its most powerful rocket yet into the sky on November 14.…&lt;/p&gt;</summary>
  </entry>
  <entry>
    <id>tag:theregister.com,2005:story224533</id>
    <updated>2022-11-03T21:55:56Z</updated>
    <author>
      <name>Dylan Martin</name>
      <uri>https://search.theregister.com/?author=Dylan%20Martin</uri>
    </author>
    <link rel="alternate" type="text/html" href="https://go.theregister.com/feed/www.theregister.com/2022/11/03/amd_radeon_rx_7900_launched/"/>
    <title type="html">AMD’s latest, greatest Radeon graphics card $600 cheaper than Nvidia’s top RTX 4090</title>
    <summary type="html" xml:base="https://www.theregister.com/">&lt;h4&gt;Chiplet-based RNDA 3 GPU fans have been waiting for&lt;/h4&gt; &lt;p&gt;AMD has come out swinging at Nvidia with new flagship Radeon graphics cards that are cheaper than its rival's fresh GeForce RTX products.…&lt;/p&gt;</summary>
  </entry>
  <entry>
    <id>tag:theregister.com,2005:story224524</id>
    <updated>2022-11-03T20:45:15Z</updated>
    <author>
      <name>Jeff Burt</name>
      <uri>https://search.theregister.com/?author=Jeff%20Burt</uri>
    </author>
    <link rel="alternate" type="text/html" href="https://go.theregister.com/feed/www.theregister.com/2022/11/03/mfa_fatigue_enterprise_threat/"/>
    <title type="html">Multi-factor auth fatigue is real – and it's why you may be in the headlines next</title>
    <summary type="html" xml:base="https://www.theregister.com/">&lt;h4&gt;Overwhelmed by waves of push notifications, worn-down users inadvertently let the bad guys in&lt;/h4&gt; &lt;p&gt;&lt;strong&gt;Analysis&lt;/strong&gt;  The September cyberattack on ride-hailing service Uber began when a criminal bought the stolen credentials of a company contractor on the dark web.…&lt;/p&gt;</summary>
  </entry>
  <entry>
    <id>tag:theregister.com,2005:story224528</id>
    <updated>2022-11-03T19:46:07Z</updated>
    <author>
      <name>Brandon Vigliarolo</name>
      <uri>https://search.theregister.com/?author=Brandon%20Vigliarolo</uri>
    </author>
    <link rel="alternate" type="text/html" href="https://go.theregister.com/feed/www.theregister.com/2022/11/03/lyft_stripe_twitter_layoffs/"/>
    <title type="html">Latest layoffs: Lyft, Stripe more than decimate staff</title>
    <summary type="html" xml:base="https://www.theregister.com/">&lt;h4&gt;While Elon may just dump half of Twitter and scrap work-from-home&lt;/h4&gt; &lt;p&gt;Citing the likelihood of recession and increases in rideshare insurance costs, Lyft is laying off 13 percent of its workforce, with no team left unaffected.…&lt;/p&gt;</summary>
  </entry>
  <entry>
    <id>tag:theregister.com,2005:story224527</id>
    <updated>2022-11-03T19:15:13Z</updated>
    <author>
      <name>Liam Proven</name>
      <uri>https://search.theregister.com/?author=Liam%20Proven</uri>
    </author>
    <link rel="alternate" type="text/html" href="https://go.theregister.com/feed/www.theregister.com/2022/11/03/nitrux_25/"/>
    <title type="html">Nitrux 2.5: The latest update to a radical Linux</title>
    <summary type="html" xml:base="https://www.theregister.com/">&lt;h4&gt;Also one of the first distros we've seen with Kernel 6.0&lt;/h4&gt; &lt;p&gt;Nitrux OS is one of the most stylish and innovative distros we've seen so far: systemd-free, based on AppImages, and with a very unusual desktop.…&lt;/p&gt; &lt;p&gt;&lt;!--#include virtual='/data_centre/_whitepaper_textlinks_top.html' --&gt;&lt;/p&gt;</summary>
  </entry>
  <entry>
    <id>tag:theregister.com,2005:story224526</id>
    <updated>2022-11-03T18:45:10Z</updated>
    <author>
      <name>Tobias Mann</name>
      <uri>https://search.theregister.com/?author=Tobias%20Mann</uri>
    </author>
    <link rel="alternate" type="text/html" href="https://go.theregister.com/feed/www.theregister.com/2022/11/03/aws_freeze_hiring/"/>
    <title type="html">Amazon freezes corporate hiring amid worsening economic outlook</title>
    <summary type="html" xml:base="https://www.theregister.com/">&lt;h4&gt;The decision comes as the e-commerce giant stuggles with soaring energy prices and cash-strapped customers&lt;/h4&gt; &lt;p&gt;Amazon is freezing hiring of new corporate positions across the company for the rest of 2022 amid worsening economic conditions.…&lt;/p&gt;</summary>
  </entry>
  <entry>
    <id>tag:theregister.com,2005:story224525</id>
    <updated>2022-11-03T18:00:08Z</updated>
    <author>
      <name>Paul Kunert</name>
      <uri>https://search.theregister.com/?author=Paul%20Kunert</uri>
    </author>
    <link rel="alternate" type="text/html" href="https://go.theregister.com/feed/www.theregister.com/2022/11/03/kyndryl_q2_fiscal_2023/"/>
    <title type="html">Kyndryl loses $281m in the quarter as modernization agenda continues</title>
    <summary type="html" xml:base="https://www.theregister.com/">&lt;h4&gt;How to turn a classic infrastructure biz into something fit for the cloud era&lt;/h4&gt; &lt;p&gt;Shapeshifting infrastructure services biz Kyndryl can't plug its revenue leak but cutting costs did cut losses in half.…&lt;/p&gt;</summary>
  </entry>
  <entry>
    <id>tag:theregister.com,2005:story224520</id>
    <updated>2022-11-03T17:30:13Z</updated>
    <author>
      <name>Brandon Vigliarolo</name>
      <uri>https://search.theregister.com/?author=Brandon%20Vigliarolo</uri>
    </author>
    <link rel="alternate" type="text/html" href="https://go.theregister.com/feed/www.theregister.com/2022/11/03/tumblr_says_nudes_are_back/"/>
    <title type="html">Tumblr says nudes are back on the menu – within reason</title>
    <summary type="html" xml:base="https://www.theregister.com/">&lt;h4&gt;But old 'go nuts, show nuts' attitude is dead for good&lt;/h4&gt; &lt;p&gt;Tumblr has reversed course on its 2018 nudity ban, welcoming some – but not all – adult content creators back to the platform after a four-year hiatus.…&lt;/p&gt;</summary>
  </entry>
  <entry>
    <id>tag:theregister.com,2005:story224523</id>
    <updated>2022-11-03T16:45:13Z</updated>
    <author>
      <name>Brandon Vigliarolo</name>
      <uri>https://search.theregister.com/?author=Brandon%20Vigliarolo</uri>
    </author>
    <link rel="alternate" type="text/html" href="https://go.theregister.com/feed/www.theregister.com/2022/11/03/ransomware_summit_cryptocurrency/"/>
    <title type="html">International summit agrees crack down on crypto to combat ransomware</title>
    <summary type="html" xml:base="https://www.theregister.com/">&lt;h4&gt;Commitments include international wallet info sharing, KYC requirements, and an AML crackdown&lt;/h4&gt; &lt;p&gt;The White House's second International Counter Ransomware Initiative summit has concluded, and this year the 36-nation group has made clear it intends to crack down on how cryptocurrencies are used to finance ransomware operations.…&lt;/p&gt;</summary>
  </entry>
  <entry>
    <id>tag:theregister.com,2005:story224521</id>
    <updated>2022-11-03T15:50:10Z</updated>
    <author>
      <name>Dan Robinson</name>
      <uri>https://search.theregister.com/?author=Dan%20Robinson</uri>
    </author>
    <link rel="alternate" type="text/html" href="https://go.theregister.com/feed/www.theregister.com/2022/11/03/fcc_afc_providers_wifi/"/>
    <title type="html">FCC taps 13 providers to manage 6GHz band access for new Wi-Fi standards</title>
    <summary type="html" xml:base="https://www.theregister.com/">&lt;h4&gt;Public will be able to test each system as part of development process&lt;/h4&gt; &lt;p&gt;The US Federal Communications Commission (FCC) has conditionally approved 13 proposed automated frequency coordination (AFC) systems to manage spectrum access for unlicensed devices in the 6GHz band.…&lt;/p&gt; &lt;p&gt;&lt;!--#include virtual='/data_centre/_whitepaper_textlinks_top.html' --&gt;&lt;/p&gt;</summary>
  </entry>
  <entry>
    <id>tag:theregister.com,2005:story224519</id>
    <updated>2022-11-03T15:15:06Z</updated>
    <author>
      <name>Lindsay Clark</name>
      <uri>https://search.theregister.com/?author=Lindsay%20Clark</uri>
    </author>
    <link rel="alternate" type="text/html" href="https://go.theregister.com/feed/www.theregister.com/2022/11/03/redis_resp_app/"/>
    <title type="html">Redis swallows RESP.app biz that made its database easier on developers</title>
    <summary type="html" xml:base="https://www.theregister.com/">&lt;h4&gt;Acquisition of Ukrainian startup to help broaden appeal beyond popular cache&lt;/h4&gt; &lt;p&gt;Database provider Redis has acquired RESP.app, a popular developer tool used to ease developer experience on the popular key-value database.…&lt;/p&gt;</summary>
  </entry>
  <entry>
    <id>tag:theregister.com,2005:story224517</id>
    <updated>2022-11-03T13:35:04Z</updated>
    <author>
      <name>Dan Robinson</name>
      <uri>https://search.theregister.com/?author=Dan%20Robinson</uri>
    </author>
    <link rel="alternate" type="text/html" href="https://go.theregister.com/feed/www.theregister.com/2022/11/03/lenovo_q2_2023/"/>
    <title type="html">Lenovo revenues drop due to falling demand for PCs</title>
    <summary type="html" xml:base="https://www.theregister.com/">&lt;h4&gt;But overall profits are up thanks to cost cutting and success in other divisions&lt;/h4&gt; &lt;p&gt;Lenovo revenues declined for the first time in 10 quarters due to a steep fall in demand for PCs and tablets. Still, profits rose due to cost-cutting measures and growth in other areas such as its services division.…&lt;/p&gt;</summary>
  </entry>
  <entry>
    <id>tag:theregister.com,2005:story224516</id>
    <updated>2022-11-03T12:42:40Z</updated>
    <author>
      <name>Paul Kunert</name>
      <uri>https://search.theregister.com/?author=Paul%20Kunert</uri>
    </author>
    <link rel="alternate" type="text/html" href="https://go.theregister.com/feed/www.theregister.com/2022/11/03/bt_cost_cutting/"/>
    <title type="html">BT CEO ups cost-cutting plan amid rising inflation and soaring energy costs</title>
    <summary type="html" xml:base="https://www.theregister.com/">&lt;h4&gt;National telecom giant admits strike action is impacting customer broadband connections&lt;/h4&gt; &lt;p&gt;BT Group is looking to wrench out higher savings amid rising inflation in the relentless pursuit of improved profits.…&lt;/p&gt;</summary>
  </entry>
  <entry>
    <id>tag:theregister.com,2005:story224501</id>
    <updated>2022-11-03T11:35:07Z</updated>
    <author>
      <name>Liam Proven</name>
      <uri>https://search.theregister.com/?author=Liam%20Proven</uri>
    </author>
    <link rel="alternate" type="text/html" href="https://go.theregister.com/feed/www.theregister.com/2022/11/03/version_252_systemd/"/>
    <title type="html">Version 252 of systemd, as expected, locks down the Linux boot process</title>
    <summary type="html" xml:base="https://www.theregister.com/">&lt;h4&gt;The init system that everybody loves to hate&lt;/h4&gt; &lt;p&gt;The fall version of systemd is here, with support for increased boot security, including tightened full-disk encryption.…&lt;/p&gt;</summary>
  </entry>
  <entry>
    <id>tag:theregister.com,2005:story224515</id>
    <updated>2022-11-03T10:37:12Z</updated>
    <author>
      <name>Lindsay Clark</name>
      <uri>https://search.theregister.com/?author=Lindsay%20Clark</uri>
    </author>
    <link rel="alternate" type="text/html" href="https://go.theregister.com/feed/www.theregister.com/2022/11/03/oracle_erp_edinburgh_university/"/>
    <title type="html">University of Edinburgh staff paid late due to Oracle ERP troubles</title>
    <summary type="html" xml:base="https://www.theregister.com/">&lt;h4&gt;Project beginning in 2019 has left employees and suppliers waiting on payments&lt;/h4&gt; &lt;p&gt;Scotland's University of Edinburgh has paid staff and suppliers late owing to the troubled implementation of a new Oracle-based HR and finance system.…&lt;/p&gt; &lt;p&gt;&lt;!--#include virtual='/data_centre/_whitepaper_textlinks_top.html' --&gt;&lt;/p&gt;</summary>
  </entry>
  <entry>
    <id>t
339e
ag:theregister.com,2005:story224489</id>
    <updated>2022-11-03T09:30:06Z</updated>
    <author>
      <name>Dan Robinson</name>
      <uri>https://search.theregister.com/?author=Dan%20Robinson</uri>
    </author>
    <link rel="alternate" type="text/html" href="https://go.theregister.com/feed/www.theregister.com/2022/11/03/aviatrix_cloudiq/"/>
    <title type="html">Aviatrix releases tool to help enterprises prevent cloud network costs spiraling</title>
    <summary type="html" xml:base="https://www.theregister.com/">&lt;h4&gt;Just as providers prepare to crank up their fees&lt;/h4&gt; &lt;p&gt;Cloud networking outfit Aviatrix has extended its platform with a new capability that monitors network usage to help enterprises more accurately track costs and enable chargeback to individual departments.…&lt;/p&gt;</summary>
  </entry>
  <entry>
    <id>tag:theregister.com,2005:story224508</id>
    <updated>2022-11-03T08:29:13Z</updated>
    <author>
      <name>Jessica Lyons Hardcastle</name>
      <uri>https://search.theregister.com/?author=Jessica%20Lyons%20Hardcastle</uri>
    </author>
    <link rel="alternate" type="text/html" href="https://go.theregister.com/feed/www.theregister.com/2022/11/03/royal_mail_customer_data_leak/"/>
    <title type="html">Royal Mail customer data leak shutters online Click and Drop</title>
    <summary type="html" xml:base="https://www.theregister.com/">&lt;h4&gt;Customers complain of exposed order info, multiple charges — but still no postage&lt;/h4&gt; &lt;p&gt;A technical SNAFU shut down the UK's Royal Mail Click and Drop website on Tuesday after a security "issue" allowed some customers to see others' order information. …&lt;/p&gt;</summary>
  </entry>
  <entry>
    <id>tag:theregister.com,2005:story224506</id>
    <updated>2022-11-03T07:32:09Z</updated>
    <author>
      <name>Katyanna Quach</name>
      <uri>https://search.theregister.com/?author=Katyanna%20Quach</uri>
    </author>
    <link rel="alternate" type="text/html" href="https://go.theregister.com/feed/www.theregister.com/2022/11/03/nasas_capstone_moon_orbit/"/>
    <title type="html">NASA's CAPSTONE satellite is out of safe mode and on track for Moon orbit this month</title>
    <summary type="html" xml:base="https://www.theregister.com/">&lt;h4&gt;Artemis orbit tester back in the pipe, five by five&lt;/h4&gt; &lt;p&gt;NASA has corrected the trajectory of the CAPSTONE cubesat, which is now set to reach lunar orbit on November 13.…&lt;/p&gt;</summary>
  </entry>
  <entry>
    <id>tag:theregister.com,2005:story224514</id>
    <updated>2022-11-03T06:57:10Z</updated>
    <author>
      <name>Laura Dobberstein</name>
      <uri>https://search.theregister.com/?author=Laura%20Dobberstein</uri>
    </author>
    <link rel="alternate" type="text/html" href="https://go.theregister.com/feed/www.theregister.com/2022/11/03/vitalik_buterin_elom_musk_twitter/"/>
    <title type="html">Ethereum co-founder Vitalik Buterin: If Musk's Twitter flops, it's not such a bad thing</title>
    <summary type="html" xml:base="https://www.theregister.com/">&lt;h4&gt;Predicts replacement, without Elon's problems, is waiting to fly&lt;/h4&gt; &lt;p&gt;Ethereum co-founder Vitalik Buterin told an audience at Singapore's FinTech Festival on Thursday he believes a social media platform to replace Twitter – one that avoids many of the bird-brand's existing problems – is already on the way somewhere.…&lt;/p&gt;</summary>
  </entry>
  <entry>
    <id>tag:theregister.com,2005:story224513</id>
    <updated>2022-11-03T06:15:07Z</updated>
    <author>
      <name>Simon Sharwood</name>
      <uri>https://search.theregister.com/?author=Simon%20Sharwood</uri>
    </author>
    <link rel="alternate" type="text/html" href="https://go.theregister.com/feed/www.theregister.com/2022/11/03/qualcomm_q4_2022/"/>
    <title type="html">Qualcomm predicts 2024 is the year Windows on Arm goes large</title>
    <summary type="html" xml:base="https://www.theregister.com/">&lt;h4&gt;For now, have a hiring freeze to preserve fat profits&lt;/h4&gt; &lt;p&gt;Qualcomm CEO and president Cristiano Amon has tipped 2024 as the year in which PCs using his company’s Snapdragon silicon make a mark.…&lt;/p&gt; &lt;p&gt;&lt;!--#include virtual='/data_centre/_whitepaper_textlinks_top.html' --&gt;&lt;/p&gt;</summary>
  </entry>
  <entry>
    <id>tag:theregister.com,2005:story224512</id>
    <updated>2022-11-03T04:31:12Z</updated>
    <author>
      <name>Simon Sharwood</name>
      <uri>https://search.theregister.com/?author=Simon%20Sharwood</uri>
    </author>
    <link rel="alternate" type="text/html" href="https://go.theregister.com/feed/www.theregister.com/2022/11/03/alibaba_cloud_utility_wuying_laptop/"/>
    <title type="html">Alibaba Cloud goes even more serverless as it tries to become a utility</title>
    <summary type="html" xml:base="https://www.theregister.com/">&lt;h4&gt;Laptop-shaped thin client tied to DaaS also illustrates the concept, and its downsides&lt;/h4&gt; &lt;p&gt;Alibaba Cloud has kicked off its annual Apsara conference by declaring an ambition to become a "computility" – a service that provides an endless stream of computational resource that users can consume as if it were electricity.…&lt;/p&gt;</summary>
  </entry>
  <entry>
    <id>tag:theregister.com,2005:story224511</id>
    <updated>2022-11-03T02:01:12Z</updated>
    <author>
      <name>Simon Sharwood</name>
      <uri>https://search.theregister.com/?author=Simon%20Sharwood</uri>
    </author>
    <link rel="alternate" type="text/html" href="https://go.theregister.com/feed/www.theregister.com/2022/11/03/china_rare_earth_supply_chain/"/>
    <title type="html">China reminds world shock and ore can hurt tech supply chains</title>
    <summary type="html" xml:base="https://www.theregister.com/">&lt;h4&gt;Nice chip and EV factories you're building there. Would be a shame if they couldn't get any rare earths to work with&lt;/h4&gt; &lt;p&gt;China has immense leverage over technology supply chains due to the happy accident that its territories contain most of the rare earths needed to manufacture electronics and batteries, and that it dominates industries that ready them for use.…&lt;/p&gt;</summary>
  </entry>
  <entry>
    <id>tag:theregister.com,2005:story224509</id>
    <updated>2022-11-03T00:54:12Z</updated>
    <author>
      <name>Dylan Martin</name>
      <uri>https://search.theregister.com/?author=Dylan%20Martin</uri>
    </author>
    <link rel="alternate" type="text/html" href="https://go.theregister.com/feed/www.theregister.com/2022/11/03/us_chip_workers_china/"/>
    <title type="html">Some American techies can still work for Chinese chipmakers, turns out</title>
    <summary type="html" xml:base="https://www.theregister.com/">&lt;h4&gt;But if you authorize or handle delivery of factory kit – or service it – you're out&lt;/h4&gt; &lt;p&gt;Remember that warning that the USA's new restrictions on semiconductor technology transfer to China would prevent any American from working in the Middle Kingdom's chip-making industry?…&lt;/p&gt;</summary>
  </entry>
  <entry>
    <id>tag:theregister.com,2005:story224510</id>
    <updated>2022-11-02T23:58:46Z</updated>
    <author>
      <name>Katyanna Quach</name>
      <uri>https://search.theregister.com/?author=Katyanna%20Quach</uri>
    </author>
    <link rel="alternate" type="text/html" href="https://go.theregister.com/feed/www.theregister.com/2022/11/02/us_senator_ftc_realpage/"/>
    <title type="html">Watchdog urged to sniff out any collusion, deception in rent-setting algorithms</title>
    <summary type="html" xml:base="https://www.theregister.com/">&lt;h4&gt;Things could get real for RealPage real fast&lt;/h4&gt; &lt;p&gt;A US Senator has urged the FTC to scrutinize algorithms used to calculate the optimum rent for properties over fears the software could potentially allow landlords to illegally collude in cities with a housing shortage.…&lt;/p&gt;</summary>
  </entry>
  <entry>
    <id>tag:theregister.com,2005:story224507</id>
    <updated>2022-11-02T23:02:23Z</updated>
    <author>
      <name>Brandon Vigliarolo</name>
      <uri>https://search.theregister.com/?author=Brandon%20Vigliarolo</uri>
    </author>
    <link rel="alternate" type="text/html" href="https://go.theregister.com/feed/www.theregister.com/2022/11/02/google_solar_power_texas/"/>
    <title type="html">Google taps up Softbank solar plants for Dallas datacenter</title>
    <summary type="html" xml:base="https://www.theregister.com/">&lt;h4&gt;900MW coming web giant's way ... in 2024&lt;/h4&gt; &lt;p&gt;Google has just inked a deal with a Softbank subsidiary to buy 75 percent of the power from four solar power installations the Japanese firm is building in Texas, the largest combined clean energy purchase Google has made in the Lone Star state. …&lt;/p&gt; &lt;p&gt;&lt;!--#include virtual='/data_centre/_whitepaper_textlinks_top.html' --&gt;&lt;/p&gt;</summary>
  </entry>
  <entry>
    <id>tag:theregister.com,2005:story224496</id>
    <updated>2022-11-02T22:00:09Z</updated>
    <author>
      <name>Lindsay Clark</name>
      <uri>https://search.theregister.com/?author=Lindsay%20Clark</uri>
    </author>
    <link rel="alternate" type="text/html" href="https://go.theregister.com/feed/www.theregister.com/2022/11/02/us_partisan_democracy_research/"/>
    <title type="html">Reducing partisan divide alone does not boost support for democracy, study finds</title>
    <summary type="html" xml:base="https://www.theregister.com/">&lt;h4&gt;Ending anti-democratic attitudes not so easy stateside, researchers claim&lt;/h4&gt; &lt;p&gt;Researchers have found that working to reduce emotional partisan attitudes across the US political divide does not reduce anti-democratic tendencies.…&lt;/p&gt;</summary>
  </entry>
  <entry>
    <id>tag:theregister.com,2005:story224504</id>
    <updated>2022-11-02T20:45:13Z</updated>
    <author>
      <name>Jessica Lyons Hardcastle</name>
      <uri>https://search.theregister.com/?author=Jessica%20Lyons%20Hardcastle</uri>
    </author>
    <link rel="alternate" type="text/html" href="https://go.theregister.com/feed/www.theregister.com/2022/11/02/killnet_us_treasury_ddos/"/>
    <title type="html">US Treasury thwarts DDoS attack from Russian Killnet group</title>
    <summary type="html" xml:base="https://www.theregister.com/">&lt;h4&gt;Yet another pathetic 'stunt' from pro-Kremlin criminals&lt;/h4&gt; &lt;p&gt;The US Treasury Department has thwarted a distributed denial of service (DDoS) attack that officials attributed to Russian hacktivist group Killnet.…&lt;/p&gt;</summary>
  </entry>
  <entry>
    <id>tag:theregister.com,2005:story224505</id>
    <updated>2022-11-02T20:10:33Z</updated>
    <author>
      <name>Tobias Mann</name>
      <uri>https://search.theregister.com/?author=Tobias%20Mann</uri>
    </author>
    <link rel="alternate" type="text/html" href="https://go.theregister.com/feed/www.theregister.com/2022/11/02/google_oracles_cloud_arm/"/>
    <title type="html">Google, Oracle’s Ampere VMs get Arm’s SystemReady seal of approval</title>
    <summary type="html" xml:base="https://www.theregister.com/">&lt;h4&gt;So that means everything just works now, right?&lt;/h4&gt; &lt;p&gt;Arm has added two cloud instances from Google and Oracle Cloud, both powered by Ampere’s Altra datacenter processors, into its SystemReady certification program.…&lt;/p&gt;</summary>
  </entry>
  <entry>
    <id>tag:theregister.com,2005:story224492</id>
    <updated>2022-11-02T20:00:07Z</updated>
    <author>
      <name>Richard Currie</name>
      <uri>https://search.theregister.com/?author=Richard%20Currie</uri>
    </author>
    <link rel="alternate" type="text/html" href="https://go.theregister.com/feed/www.theregister.com/2022/11/02/crowds_trapped_disney_shanghai/"/>
    <title type="html">Crowds not allowed to leave Shanghai Disneyland without a negative COVID test</title>
    <summary type="html" xml:base="https://www.theregister.com/">&lt;h4&gt;Let us go, let us gooooooo&lt;/h4&gt; &lt;p&gt;It's a small world (after all) but it got a lot smaller for the heaving masses who were trapped inside Shanghai Disneyland as a result of China's zero-COVID policy.…&lt;/p&gt;</summary>
  </entry>
  <entry>
    <id>tag:theregister.com,2005:story224495</id>
    <updated>2022-11-02T19:15:06Z</updated>
    <author>
      <name>Liam Proven</name>
      <uri>https://search.theregister.com/?author=Liam%20Proven</uri>
    </author>
    <link rel="alternate" type="text/html" href="https://go.theregister.com/feed/www.theregister.com/2022/11/02/plan_9_fork_9front/"/>
    <title type="html">9front releases new version of Plan 9 OS fork: The Golden Age of Ballooning</title>
    <summary type="html" xml:base="https://www.theregister.com/">&lt;h4&gt;Prepare to be confused&lt;/h4&gt; &lt;p&gt;9front is a fork and continuation of Plan 9 from Bell Labs, which is what the minds behind UNIX and the C programming language went on to do next. It is also rather strange.…&lt;/p&gt; &lt;p&gt;&lt;!--#include virtual='/data_centre/_whitepaper_textlinks_top.html' --&gt;&lt;/p&gt;</summary>
  </entry>
</feed>
